LogName=Microsoft-Windows-Sysmon/Operational
EventCode=10
EventType=4
ComputerName=DESKTOP-ACUIGRD
User=NOT_TRANSLATED
Sid=S-1-5-18
SidType=0
SourceName=Microsoft-Windows-Sysmon
Type=Information
RecordNumber=134758
Keywords=None
TaskCategory=Process accessed (rule: ProcessAccess)
OpCode=Info
Message=Process accessed:
RuleName: technique_id=T1055.001,technique_name=Dynamic-link Library Injection
UtcTime: 2024-01-13 23:30:15.671
SourceProcessGUID: {00efea9f-0e27-65a3-2e13-000000000900}
SourceProcessId: 6928
SourceThreadId: 9112
SourceImage: C:\Windows\System32\WindowsPowerShell\v1.0\powershell_ise.exe
TargetProcessGUID: {00efea9f-1d07-65a3-1f3f-000000000900}
TargetProcessId: 10284
TargetImage: C:\Windows\system32\systeminfo.exe
GrantedAccess: 0x1FFFFF
CallTrace: C:\Windows\SYSTEM32\ntdll.dll+9e8f4|C:\Windows\System32\KERNELBASE.dll+5c5f2|C:\Windows\System32\KERNELBASE.dll+59666|C:\Windows\System32\KERNEL32.dll+1cec4|C:\Windows\assembly\NativeImages_v4.0.30319_64\System\266fb3707f773f9db1827aeee9e5e08e\System.ni.dll+3850b6|C:\Windows\assembly\NativeImages_v4.0.30319_64\System\266fb3707f773f9db1827aeee9e5e08e\System.ni.dll+2c5889|C:\Windows\assembly\NativeImages_v4.0.30319_64\System\266fb3707f773f9db1827aeee9e5e08e\System.ni.dll+2c51f9|C:\Windows\assembly\NativeImages_v4.0.30319_64\System.Manaa57fc8cc#\b60fb4987078897b8ef964bc08084c1a\System.Management.Automation.ni.dll+117c8d9|C:\Windows\assembly\NativeImages_v4.0.30319_64\System.Manaa57fc8cc#\b60fb4987078897b8ef964bc08084c1a\System.Management.Automation.ni.dll+10d39aa|C:\Windows\assembly\NativeImages_v4.0.30319_64\System.Manaa57fc8cc#\b60fb4987078897b8ef964bc08084c1a\System.Management.Automation.ni.dll+115e06d|C:\Windows\assembly\NativeImages_v4.0.30319_64\System.Manaa57fc8cc#\b60fb4987078897b8ef964bc08084c1a\System.Management.Automation.ni.dll+115dd2b|C:\Windows\assembly\NativeImages_v4.0.30319_64\System.Manaa57fc8cc#\b60fb4987078897b8ef964bc08084c1a\System.Management.Automation.ni.dll+12612cf|UNKNOWN(00007FF84E6B9E51)
SourceUser: DESKTOP-ACUIGRD\MS2
TargetUser: DESKTOP-ACUIGRD\MS2","2024-01-13T21:30:15.000-05:00",18,13,30,january,15,saturday,2024,local,,,,,,,,,,"2024-01-13 23:30:15.671","Process Access",10,,4,,,,,,,,,,,,,,,"DESKTOP-ACUIGRD","DESKTOP-ACUIGRD",main,,28,,,,,,"C:\Windows\SYSTEM32\ntdll.dll+9e8f4|C:\Windows\System32\KERNELBASE.dll+5c5f2|C:\Windows\System32\KERNELBASE.dll+59666|C:\Windows\System32\KERNEL32.dll+1cec4|C:\Windows\assembly\NativeImages_v4.0.30319_64\System\266fb3707f773f9db1827aeee9e5e08e\System.ni.dll+3850b6|C:\Windows\assembly\NativeImages_v4.0.30319_64\System\266fb3707f773f9db1827aeee9e5e08e\System.ni.dll+2c5889|C:\Windows\assembly\NativeImages_v4.0.30319_64\System\266fb3707f773f9db1827aeee9e5e08e\System.ni.dll+2c51f9|C:\Windows\assembly\NativeImages_v4.0.30319_64\System.Manaa57fc8cc#\b60fb4987078897b8ef964bc08084c1a\System.Management.Automation.ni.dll+117c8d9|C:\Windows\assembly\NativeImages_v4.0.30319_64\System.Manaa57fc8cc#\b60fb4987078897b8ef964bc08084c1a\System.Management.Automation.ni.dll+10d39aa|C:\Windows\assembly\NativeImages_v4.0.30319_64\System.Manaa57fc8cc#\b60fb4987078897b8ef964bc08084c1a\System.Management.Automation.ni.dll+115e06d|C:\Windows\assembly\NativeImages_v4.0.30319_64\System.Manaa57fc8cc#\b60fb4987078897b8ef964bc08084c1a\System.Management.Automation.ni.dll+115dd2b|C:\Windows\assembly\NativeImages_v4.0.30319_64\System.Manaa57fc8cc#\b60fb4987078897b8ef964bc08084c1a\System.Management.Automation.ni.dll+12612cf|UNKNOWN(00007FF84E6B9E51)",,0x1FFFFF,,6928,,"powershell_ise.exe",,,,,,"C:\Windows\System32\WindowsPowerShell\v1.0\powershell_ise.exe","//_::_=--/===-==---==--====__(:_)==_:\r:_=.,=-__\r:_",,,,,,,,"WinEventLog:Microsoft-Windows-Sysmon/Operational","WinEventLog:Microsoft-Windows-Sysmon/Operational","DESKTOP-ACUIGRD",,,,,,,,,,,,10284,"systeminfo.exe","C:\Windows\system32\systeminfo.exe","DESKTOP-ACUIGRD\MS2",9112,,,,,23,0,,,"DESKTOP-ACUIGRD\MS2",,,,,,,,,,,
,,"""C:\Windows\system32\systeminfo.exe""","Microsoft Corporation","DESKTOP-ACUIGRD",,"C:\Users\MS2\Desktop\","Displays system information",,1,4,"10.0.19041.1 (WinBuild.160101.0800)",,"SHA1=711D6F6394333AE55A06076DEB9189C04846F939,MD5=EE309A9C61511E907D87B10EF226FDCD,SHA256=6F87CAA51BDEA802045BB281FC2686A3C76364C26A3FFE6C2CCAC4AF5F9DB37B,IMPHASH=C7C3DF13F22D7A13802E6509367A5830","C:\Windows\System32\systeminfo.exe",,Medium,,None,"Microsoft-Windows-Sysmon/Operational","{00efea9f-0054-65a3-55fe-010000000000}",0x1FE55,"Process Create:
RuleName: technique_id=T1033,technique_name=System Owner/User Discovery
UtcTime: 2024-01-13 23:30:15.669
ProcessGuid: {00efea9f-1d07-65a3-1f3f-000000000900}
ProcessId: 10284
Image: C:\Windows\System32\systeminfo.exe
FileVersion: 10.0.19041.1 (WinBuild.160101.0800)
Description: Displays system information
Product: Microsoft® Windows® Operating System
Company: Microsoft Corporation
OriginalFileName: sysinfo.exe
CommandLine: ""C:\Windows\system32\systeminfo.exe""
CurrentDirectory: C:\Users\MS2\Desktop\
User: DESKTOP-ACUIGRD\MS2
LogonGuid: {00efea9f-0054-65a3-55fe-010000000000}
LogonId: 0x1FE55
TerminalSessionId: 1
IntegrityLevel: Medium
Hashes: SHA1=711D6F6394333AE55A06076DEB9189C04846F939,MD5=EE309A9C61511E907D87B10EF226FDCD,SHA256=6F87CAA51BDEA802045BB281FC2686A3C76364C26A3FFE6C2CCAC4AF5F9DB37B,IMPHASH=C7C3DF13F22D7A13802E6509367A5830
ParentProcessGuid: {00efea9f-0e27-65a3-2e13-000000000900}
ParentProcessId: 6928
ParentImage: C:\Windows\System32\WindowsPowerShell\v1.0\powershell_ise.exe
ParentCommandLine: ""C:\Windows\System32\WindowsPowerShell\v1.0\powershell_ise.exe"" ""C:\Users\MS2\Desktop\Coupon.ps1""
ParentUser: DESKTOP-ACUIGRD\MS2",Info,"sysinfo.exe","""C:\Windows\System32\WindowsPowerShell\v1.0\powershell_ise.exe"" ""C:\Users\MS2\Desktop\Coupon.ps1""","C:\Windows\System32\WindowsPowerShell\v1.0\powershell_ise.exe","{00efea9f-0e27-65a3-2e13-000000000900}",6928,"DESKTOP-ACUIGRD\MS2","{00efea9f-1d07-65a3-1f3f-000000000900}",10284,"Microsoft® Windows® Operating System",,,,134757,"technique_id=T1033,technique_name=System Owner/User Discovery","S-1-5-18",0,,,,,"Microsoft-Windows-Sysmon",,,,,,,,,,,"Process Create (rule: ProcessCreate)",1,Information,"NOT_TRANSLATED
DESKTOP-ACUIGRD\MS2","2024-01-13 23:30:15.669","01/13/2024 06:30:15 PM
LogName=Microsoft-Windows-Sysmon/Operational
EventCode=1
EventType=4
ComputerName=DESKTOP-ACUIGRD
User=NOT_TRANSLATED
Sid=S-1-5-18
SidType=0
SourceName=Microsoft-Windows-Sysmon
Type=Information
RecordNumber=134757
Keywords=None
TaskCategory=Process Create (rule: ProcessCreate)
OpCode=Info
Message=Process Create:
RuleName: technique_id=T1033,technique_name=System Owner/User Discovery
UtcTime: 2024-01-13 23:30:15.669
ProcessGuid: {00efea9f-1d07-65a3-1f3f-000000000900}
ProcessId: 10284
Image: C:\Windows\System32\systeminfo.exe
FileVersion: 10.0.19041.1 (WinBuild.160101.0800)
Description: Displays system information
Product: Microsoft® Windows® Operating System
Company: Microsoft Corporation
OriginalFileName: sysinfo.exe
CommandLine: ""C:\Windows\system32\systeminfo.exe""
CurrentDirectory: C:\Users\MS2\Desktop\
User: DESKTOP-ACUIGRD\MS2
LogonGuid: {00efea9f-0054-65a3-55fe-010000000000}
LogonId: 0x1FE55
TerminalSessionId: 1
IntegrityLevel: Medium
Hashes: SHA1=711D6F6394333AE55A06076DEB9189C04846F939,MD5=EE309A9C61511E907D87B10EF226FDCD,SHA256=6F87CAA51BDEA802045BB281FC2686A3C76364C26A3FFE6C2CCAC4AF5F9DB37B,IMPHASH=C7C3DF13F22D7A13802E6509367A5830
ParentProcessGuid: {00efea9f-0e27-65a3-2e13-000000000900}
ParentProcessId: 6928
ParentImage: C:\Windows\System32\WindowsPowerShell\v1.0\powershell_ise.exe
ParentCommandLine: ""C:\Windows\System32\WindowsPowerShell\v1.0\powershell_ise.exe"" ""C:\Users\MS2\Desktop\Coupon.ps1""
ParentUser: DESKTOP-ACUIGRD\MS2","2024-01-13T21:30:15.000-05:00",18,13,30,january,15,saturday,2024,local,,,,,,,,,,"2024-01-13 23:30:15.669","Process Create",1,,4,,"Microsoft Corporation",,"Displays system information","C:\Users\MS2\Desktop\","sysinfo.exe",,,"Microsoft® Windows® Operating System","10.0.19041.1 (WinBuild.160101.0800)",,,,,"DESKTOP-ACUIGRD","DESKTOP-ACUIGRD",main,,38,,,"sysinfo.exe","DESKTOP-ACUIGRD\MS2",,,"""C:\Windows\system32\systeminfo.exe""",,"{00efea9f-1d07-65a3-1f3f-000000000900}",10284,Medium,"systeminfo.exe","""C:\Windows\System32\WindowsPowerShell\v1.0\powershell_ise.exe"" ""C:\Users\MS2\Desktop\Coupon.ps1""","{00efea9f-0e27-65a3-2e13-000000000900}",6928,"powershell_ise.exe","C:\Windows\System32\WindowsPowerShell\v1.0\powershell_ise.exe","C:\Windows\System32\systeminfo.exe","//_::_=--/===-==---==--====__(:_)==_:\r:_=,=_/_\r:_-",,,,,,,,"WinEventLog:Microsoft-Windows-Sysmon/Operational","WinEventLog:Microsoft-Windows-Sysmon/Operational","DESKTOP-ACUIGRD",,,,,,,,,,,,,"",,,,,,,,23,0,"{00efea9f-0054-65a3-55fe-010000000000}",0x1FE55,"NOT_TRANSLATED
DESKTOP-ACUIGRD\MS2",1,,,,,,,,,,
,,,,"DESKTOP-ACUIGRD","2024-01-13 23:30:15.663",,,,11,4,,,,"C:\Windows\System32\WindowsPowerShell\v1.0\powershell_ise.exe",,,,None,"Microsoft-Windows-Sysmon/Operational",,,"File created:
RuleName: technique_id=T1574.010,technique_name=Services File Permissions Weakness
UtcTime: 2024-01-13 23:30:15.663
ProcessGuid: {00efea9f-0e27-65a3-2e13-000000000900}
ProcessId: 6928
Image: C:\Windows\System32\WindowsPowerShell\v1.0\powershell_ise.exe
TargetFilename: C:\Windows\Temp\gamedata\systeminfo.txt
CreationUtcTime: 2024-01-13 23:30:15.663
User: DESKTOP-ACUIGRD\MS2",Info,,,,,,,"{00efea9f-0e27-65a3-2e13-000000000900}",6928,,,,,134756,"technique_id=T1574.010,technique_name=Services File Permissions Weakness","S-1-5-18",0,,,,,"Microsoft-Windows-Sysmon",,,,,"C:\Windows\Temp\gamedata\systeminfo.txt",,,,,,"File created (rule: FileCreate)",,Information,"NOT_TRANSLATED
DESKTOP-ACUIGRD\MS2","2024-01-13 23:30:15.663","01/13/2024 06:30:15 PM
LogName=Microsoft-Windows-Sysmon/Operational
EventCode=11
EventType=4
ComputerName=DESKTOP-ACUIGRD
User=NOT_TRANSLATED
Sid=S-1-5-18
SidType=0
SourceName=Microsoft-Windows-Sysmon
Type=Information
RecordNumber=134756
Keywords=None
TaskCategory=File created (rule: FileCreate)
OpCode=Info
Message=File created:
RuleName: technique_id=T1574.010,technique_name=Services File Permissions Weakness
UtcTime: 2024-01-13 23:30:15.663
ProcessGuid: {00efea9f-0e27-65a3-2e13-000000000900}
ProcessId: 6928
Image: C:\Windows\System32\WindowsPowerShell\v1.0\powershell_ise.exe
TargetFilename: C:\Windows\Temp\gamedata\systeminfo.txt
CreationUtcTime: 2024-01-13 23:30:15.663
User: DESKTOP-ACUIGRD\MS2","2024-01-13T21:30:15.000-05:00",18,13,30,january,15,saturday,2024,local,,,,,,,,,,"2024-01-13 23:30:15.663","File Created",11,,4,,,"2024-01-13 23:30:15.663",,,,"C:\Windows\Temp\gamedata\systeminfo.txt",,,,,,,,"DESKTOP-ACUIGRD","DESKTOP-ACUIGRD",main,,23,,,,,,,,,"{00efea9f-0e27-65a3-2e13-000000000900}",6928,,"powershell_ise.exe",,,,,,"C:\Windows\System32\WindowsPowerShell\v1.0\powershell_ise.exe","//_::_=--/===-==---==--====__(:_)==_:\r:_=.,=___\r:_",,,,,,,,"WinEventLog:Microsoft-Windows-Sysmon/Operational","WinEventLog:Microsoft-Windows-Sysmon/Operational","DESKTOP-ACUIGRD",,,,,,,,,,,,,"",,,,,,,,23,0,,,"NOT_TRANSLATED
DESKTOP-ACUIGRD\MS2",,,,,,,,,,,
,,,,"DESKTOP-ACUIGRD","2024-01-13 23:30:05.650",,,,11,4,,,,"C:\Windows\System32\WindowsPowerShell\v1.0\powershell_ise.exe",,,,None,"Microsoft-Windows-Sysmon/Operational",,,"File created:
RuleName: technique_id=T1059.001,technique_name=PowerShell
UtcTime: 2024-01-13 23:30:05.650
ProcessGuid: {00efea9f-0e27-65a3-2e13-000000000900}
ProcessId: 6928
Image: C:\Windows\System32\WindowsPowerShell\v1.0\powershell_ise.exe
TargetFilename: C:\Windows\Temp\itunes.ps1
CreationUtcTime: 2024-01-13 23:30:05.650
User: DESKTOP-ACUIGRD\MS2",Info,,,,,,,"{00efea9f-0e27-65a3-2e13-000000000900}",6928,,,,,134755,"technique_id=T1059.001,technique_name=PowerShell","S-1-5-18",0,,,,,"Microsoft-Windows-Sysmon",,,,,"C:\Windows\Temp\itunes.ps1",,,,,,"File created (rule: FileCreate)",,Information,"NOT_TRANSLATED
DESKTOP-ACUIGRD\MS2","2024-01-13 23:30:05.650","01/13/2024 06:30:05 PM
LogName=Microsoft-Windows-Sysmon/Operational
EventCode=11
EventType=4
ComputerName=DESKTOP-ACUIGRD
User=NOT_TRANSLATED
Sid=S-1-5-18
SidType=0
SourceName=Microsoft-Windows-Sysmon
Type=Information
RecordNumber=134755
Keywords=None
TaskCategory=File created (rule: FileCreate)
OpCode=Info
Message=File created:
RuleName: technique_id=T1059.001,technique_name=PowerShell
UtcTime: 2024-01-13 23:30:05.650
ProcessGuid: {00efea9f-0e27-65a3-2e13-000000000900}
ProcessId: 6928
Image: C:\Windows\System32\WindowsPowerShell\v1.0\powershell_ise.exe
TargetFilename: C:\Windows\Temp\itunes.ps1
CreationUtcTime: 2024-01-13 23:30:05.650
User: DESKTOP-ACUIGRD\MS2","2024-01-13T21:30:05.000-05:00",18,13,30,january,5,saturday,2024,local,,,,,,,,,,"2024-01-13 23:30:05.650","File Created",11,,4,,,"2024-01-13 23:30:05.650",,,,"C:\Windows\Temp\itunes.ps1",,,,,,,,"DESKTOP-ACUIGRD","DESKTOP-ACUIGRD",main,,23,,,,,,,,,"{00efea9f-0e27-65a3-2e13-000000000900}",6928,,"powershell_ise.exe",,,,,,"C:\Windows\System32\WindowsPowerShell\v1.0\powershell_ise.exe","//_::_=--/===-==---==--====__(:_)==_:\r:_=.,=\r:_--_",,,,,,,,"WinEventLog:Microsoft-Windows-Sysmon/Operational","WinEventLog:Microsoft-Windows-Sysmon/Operational","DESKTOP-ACUIGRD",,,,,,,,,,,,,"",,,,,,,,23,0,,,"NOT_TRANSLATED
DESKTOP-ACUIGRD\MS2",,,,,,,,,,,
,,,,"DESKTOP-ACUIGRD","2024-01-13 23:30:05.481",,,,11,4,,,,"C:\Windows\System32\WindowsPowerShell\v1.0\powershell_ise.exe",,,,None,"Microsoft-Windows-Sysmon/Operational",,,"File created:
RuleName: technique_id=T1574.010,technique_name=Services File Permissions Weakness
UtcTime: 2024-01-13 23:30:05.481
ProcessGuid: {00efea9f-0e27-65a3-2e13-000000000900}
ProcessId: 6928
Image: C:\Windows\System32\WindowsPowerShell\v1.0\powershell_ise.exe
TargetFilename: C:\Windows\Temp\gamedata
CreationUtcTime: 2024-01-13 23:30:05.481
User: DESKTOP-ACUIGRD\MS2",Info,,,,,,,"{00efea9f-0e27-65a3-2e13-000000000900}",6928,,,,,134754,"technique_id=T1574.010,technique_name=Services File Permissions Weakness","S-1-5-18",0,,,,,"Microsoft-Windows-Sysmon",,,,,"C:\Windows\Temp\gamedata",,,,,,"File created (rule: FileCreate)",,Information,"NOT_TRANSLATED
DESKTOP-ACUIGRD\MS2","2024-01-13 23:30:05.481","01/13/2024 06:30:05 PM
LogName=Microsoft-Windows-Sysmon/Operational
EventCode=11
EventType=4
ComputerName=DESKTOP-ACUIGRD
User=NOT_TRANSLATED
Sid=S-1-5-18
SidType=0
SourceName=Microsoft-Windows-Sysmon
Type=Information
RecordNumber=134754
Keywords=None
TaskCategory=File created (rule: FileCreate)
OpCode=Info
Message=File created:
RuleName: technique_id=T1574.010,technique_name=Services File Permissions Weakness
UtcTime: 2024-01-13 23:30:05.481
ProcessGuid: {00efea9f-0e27-65a3-2e13-000000000900}
ProcessId: 6928
Image: C:\Windows\System32\WindowsPowerShell\v1.0\powershell_ise.exe
TargetFilename: C:\Windows\Temp\gamedata
CreationUtcTime: 2024-01-13 23:30:05.481
User: DESKTOP-ACUIGRD\MS2","2024-01-13T21:30:05.000-05:00",18,13,30,january,5,saturday,2024,local,,,,,,,,,,"2024-01-13 23:30:05.481","File Created",11,,4,,,"2024-01-13 23:30:05.481",,,,"C:\Windows\Temp\gamedata",,,,,,,,"DESKTOP-ACUIGRD","DESKTOP-ACUIGRD",main,,23,,,,,,,,,"{00efea9f-0e27-65a3-2e13-000000000900}",6928,,"powershell_ise.exe",,,,,,"C:\Windows\System32\WindowsPowerShell\v1.0\powershell_ise.exe","//_::_=--/===-==---==--====__(:_)==_:\r:_=.,=___\r:_",,,,,,,,"WinEventLog:Microsoft-Windows-Sysmon/Operational","WinEventLog:Microsoft-Windows-Sysmon/Operational","DESKTOP-ACUIGRD",,,,,,,,,,,,,"",,,,,,,,23,0,,,"NOT_TRANSLATED
DESKTOP-ACUIGRD\MS2",,,,,,,,,,,
,,,"Microsoft Corporation","DESKTOP-ACUIGRD",,,"Client Interface",,7,4,"4.18.23110.3 (9ebb3643d539a6fc4659898b1df3124d5da4c0a9)",,"SHA1=8344E05CA5723A6DDBDE98B07C5728F2BE5CA3E1,MD5=F26FB961FA9D4C06770BF069E76664F6,SHA256=25A064F85965968585E56FCD06C62D1FF0DEE4EA6B09EEBC725BA5FE1292C865,IMPHASH=8AB4BEA152A206D4E5D55EAD25047A6D","C:\Windows\System32\wbem\WmiPrvSE.exe","C:\ProgramData\Microsoft\Windows Defender\Platform\4.18.23110.3-0\MpClient.dll",,,None,"Microsoft-Windows-Sysmon/Operational",,,"Image loaded:
RuleName: technique_id=T1574.002,technique_name=DLL Side-Loading
UtcTime: 2024-01-13 23:30:05.360
ProcessGuid: {00efea9f-1cfd-65a3-fc3e-000000000900}
ProcessId: 6820
Image: C:\Windows\System32\wbem\WmiPrvSE.exe
ImageLoaded: C:\ProgramData\Microsoft\Windows Defender\Platform\4.18.23110.3-0\MpClient.dll
FileVersion: 4.18.23110.3 (9ebb3643d539a6fc4659898b1df3124d5da4c0a9)
Description: Client Interface
Product: Microsoft® Windows® Operating System
Company: Microsoft Corporation
OriginalFileName: mpclient.dll
Hashes: SHA1=8344E05CA5723A6DDBDE98B07C5728F2BE5CA3E1,MD5=F26FB961FA9D4C06770BF069E76664F6,SHA256=25A064F85965968585E56FCD06C62D1FF0DEE4EA6B09EEBC725BA5FE1292C865,IMPHASH=8AB4BEA152A206D4E5D55EAD25047A6D
Signed: true
Signature: Microsoft Windows
SignatureStatus: Valid
User: NT AUTHORITY\LOCAL SERVICE",Info,"mpclient.dll",,,,,,"{00efea9f-1cfd-65a3-fc3e-000000000900}",6820,"Microsoft® Windows® Operating System",,,,134753,"technique_id=T1574.002,technique_name=DLL Side-Loading","S-1-5-18",0,"Microsoft Windows",Valid,true,,"Microsoft-Windows-Sysmon",,,,,,,,,,,"Image loaded (rule: ImageLoad)",,Information,"NOT_TRANSLATED
NT AUTHORITY\LOCAL SERVICE","2024-01-13 23:30:05.360","01/13/2024 06:30:05 PM
LogName=Microsoft-Windows-Sysmon/Operational
EventCode=7
EventType=4
ComputerName=DESKTOP-ACUIGRD
User=NOT_TRANSLATED
Sid=S-1-5-18
SidType=0
SourceName=Microsoft-Windows-Sysmon
Type=Information
RecordNumber=134753
Keywords=None
TaskCategory=Image loaded (rule: ImageLoad)
OpCode=Info
Message=Image loaded:
RuleName: technique_id=T1574.002,technique_name=DLL Side-Loading
UtcTime: 2024-01-13 23:30:05.360
ProcessGuid: {00efea9f-1cfd-65a3-fc3e-000000000900}
ProcessId: 6820
Image: C:\Windows\System32\wbem\WmiPrvSE.exe
ImageLoaded: C:\ProgramData\Microsoft\Windows Defender\Platform\4.18.23110.3-0\MpClient.dll
FileVersion: 4.18.23110.3 (9ebb3643d539a6fc4659898b1df3124d5da4c0a9)
Description: Client Interface
Product: Microsoft® Windows® Operating System
Company: Microsoft Corporation
OriginalFileName: mpclient.dll
Hashes: SHA1=8344E05CA5723A6DDBDE98B07C5728F2BE5CA3E1,MD5=F26FB961FA9D4C06770BF069E76664F6,SHA256=25A064F85965968585E56FCD06C62D1FF0DEE4EA6B09EEBC725BA5FE1292C865,IMPHASH=8AB4BEA152A206D4E5D55EAD25047A6D
Signed: true
Signature: Microsoft Windows
SignatureStatus: Valid
User: NT AUTHORITY\LOCAL SERVICE","2024-01-13T21:30:05.000-05:00",18,13,30,january,5,saturday,2024,local,true,"C:\ProgramData\Microsoft\Windows Defender\Platform\4.18.23110.3-0\MpClient.dll","Microsoft Windows",Valid,,,,,,"2024-01-13 23:30:05.360","Image Load",7,,4,,"Microsoft Corporation",,"Client Interface",,"mpclient.dll",,,"Microsoft® Windows® Operating System","4.18.23110.3 (9ebb3643d539a6fc4659898b1df3124d5da4c0a9)",,,,,"DESKTOP-ACUIGRD","DESKTOP-ACUIGRD",main,,31,,,"mpclient.dll",,,,,,"{00efea9f-1cfd-65a3-fc3e-000000000900}",6820,,"WmiPrvSE.exe",,,,,,"C:\Windows\System32\wbem\WmiPrvSE.exe","//_::_=--/===-==---==--====__(:_)==_:\r:_=.,=_-\r:_-",,,,,,,,"WinEventLog:Microsoft-Windows-Sysmon/Operational","WinEventLog:Microsoft-Windows-Sysmon/Operational","DESKTOP-ACUIGRD",,,,,,,,,,,,,"",,,,,,,,23,0,,,"NOT_TRANSLATED
NT AUTHORITY\LOCAL SERVICE",,,,,,,,,,,
,,,"Microsoft Corporation","DESKTOP-ACUIGRD",,,"Protection Management WMIv2 Provider",,7,4,"4.18.23110.3 (9ebb3643d539a6fc4659898b1df3124d5da4c0a9)",,"SHA1=1041269847075B3D526175540CA653D168A25E06,MD5=2A97B2FCF1C4240E1D93F9637097CA31,SHA256=E5848C0B46B856E4AD159ABA152948177D46F5B268E40991BE5915AA06B29752,IMPHASH=6E86D57917746F4B2E1111BD5FC4F8F9","C:\Windows\System32\wbem\WmiPrvSE.exe","C:\ProgramData\Microsoft\Windows Defender\Platform\4.18.23110.3-0\ProtectionManagement.dll",,,None,"Microsoft-Windows-Sysmon/Operational",,,"Image loaded:
RuleName: technique_id=T1574.002,technique_name=DLL Side-Loading
UtcTime: 2024-01-13 23:30:05.344
ProcessGuid: {00efea9f-1cfd-65a3-fc3e-000000000900}
ProcessId: 6820
Image: C:\Windows\System32\wbem\WmiPrvSE.exe
ImageLoaded: C:\ProgramData\Microsoft\Windows Defender\Platform\4.18.23110.3-0\ProtectionManagement.dll
FileVersion: 4.18.23110.3 (9ebb3643d539a6fc4659898b1df3124d5da4c0a9)
Description: Protection Management WMIv2 Provider
Product: Microsoft® Windows® Operating System
Company: Microsoft Corporation
OriginalFileName: ProtectionManagement.dll
Hashes: SHA1=1041269847075B3D526175540CA653D168A25E06,MD5=2A97B2FCF1C4240E1D93F9637097CA31,SHA256=E5848C0B46B856E4AD159ABA152948177D46F5B268E40991BE5915AA06B29752,IMPHASH=6E86D57917746F4B2E1111BD5FC4F8F9
Signed: true
Signature: Microsoft Windows
SignatureStatus: Valid
User: NT AUTHORITY\LOCAL SERVICE",Info,"ProtectionManagement.dll",,,,,,"{00efea9f-1cfd-65a3-fc3e-000000000900}",6820,"Microsoft® Windows® Operating System",,,,134752,"technique_id=T1574.002,technique_name=DLL Side-Loading","S-1-5-18",0,"Microsoft Windows",Valid,true,,"Microsoft-Windows-Sysmon",,,,,,,,,,,"Image loaded (rule: ImageLoad)",,Information,"NOT_TRANSLATED
NT AUTHORITY\LOCAL SERVICE","2024-01-13 23:30:05.344","01/13/2024 06:30:05 PM
LogName=Microsoft-Windows-Sysmon/Operational
EventCode=7
EventType=4
ComputerName=DESKTOP-ACUIGRD
User=NOT_TRANSLATED
Sid=S-1-5-18
SidType=0
SourceName=Microsoft-Windows-Sysmon
Type=Information
RecordNumber=134752
Keywords=None
TaskCategory=Image loaded (rule: ImageLoad)
OpCode=Info
Message=Image loaded:
RuleName: technique_id=T1574.002,technique_name=DLL Side-Loading
UtcTime: 2024-01-13 23:30:05.344
ProcessGuid: {00efea9f-1cfd-65a3-fc3e-000000000900}
ProcessId: 6820
Image: C:\Windows\System32\wbem\WmiPrvSE.exe
ImageLoaded: C:\ProgramData\Microsoft\Windows Defender\Platform\4.18.23110.3-0\ProtectionManagement.dll
FileVersion: 4.18.23110.3 (9ebb3643d539a6fc4659898b1df3124d5da4c0a9)
Description: Protection Management WMIv2 Provider
Product: Microsoft® Windows® Operating System
Company: Microsoft Corporation
OriginalFileName: ProtectionManagement.dll
Hashes: SHA1=1041269847075B3D526175540CA653D168A25E06,MD5=2A97B2FCF1C4240E1D93F9637097CA31,SHA256=E5848C0B46B856E4AD159ABA152948177D46F5B268E40991BE5915AA06B29752,IMPHASH=6E86D57917746F4B2E1111BD5FC4F8F9
Signed: true
Signature: Microsoft Windows
SignatureStatus: Valid
User: NT AUTHORITY\LOCAL SERVICE","2024-01-13T21:30:05.000-05:00",18,13,30,january,5,saturday,2024,local,true,"C:\ProgramData\Microsoft\Windows Defender\Platform\4.18.23110.3-0\ProtectionManagement.dll","Microsoft Windows",Valid,,,,,,"2024-01-13 23:30:05.344","Image Load",7,,4,,"Microsoft Corporation",,"Protection Management WMIv2 Provider",,"ProtectionManagement.dll",,,"Microsoft® Windows® Operating System","4.18.23110.3 (9ebb3643d539a6fc4659898b1df3124d5da4c0a9)",,,,,"DESKTOP-ACUIGRD","DESKTOP-ACUIGRD",main,,31,,,"ProtectionManagement.dll",,,,,,"{00efea9f-1cfd-65a3-fc3e-000000000900}",6820,,"WmiPrvSE.exe",,,,,,"C:\Windows\System32\wbem\WmiPrvSE.exe","//_::_=--/===-==---==--====__(:_)==_:\r:_=.,=_-\r:_-",,,,,,,,"WinEventLog:Microsoft-Windows-Sysmon/Operational","WinEventLog:Microsoft-Windows-Sysmon/Operational","DESKTOP-ACUIGRD",,,,,,,,,,,,,"",,,,,,,,23,0,,,"NOT_TRANSLATED
NT AUTHORITY\LOCAL SERVICE",,,,,,,,,,,
,,,"Microsoft Corporation","DESKTOP-ACUIGRD",,,WMI,,7,4,"10.0.19041.3758 (WinBuild.160101.0800)",,"SHA1=7A5E29E3C47B1910E3020406F6EDE8F1121F7CA8,MD5=A7910B4390BF27ED2F6B4003D2BC0EEC,SHA256=C8D01627A886FBC5695FB62837361997F1D12606A000686DA9A6C97589240918,IMPHASH=0D31E6D27B954AD879CB4DF742982F1A","C:\Windows\System32\wbem\WmiPrvSE.exe","C:\Windows\System32\wbem\wmiutils.dll",,,None,"Microsoft-Windows-Sysmon/Operational",,,"Image loaded:
RuleName: technique_id=T1047,technique_name=Windows Management Instrumentation
UtcTime: 2024-01-13 23:30:05.330
ProcessGuid: {00efea9f-1cfd-65a3-fc3e-000000000900}
ProcessId: 6820
Image: C:\Windows\System32\wbem\WmiPrvSE.exe
ImageLoaded: C:\Windows\System32\wbem\wmiutils.dll
FileVersion: 10.0.19041.3758 (WinBuild.160101.0800)
Description: WMI
Product: Microsoft® Windows® Operating System
Company: Microsoft Corporation
OriginalFileName: wmiutils.dll
Hashes: SHA1=7A5E29E3C47B1910E3020406F6EDE8F1121F7CA8,MD5=A7910B4390BF27ED2F6B4003D2BC0EEC,SHA256=C8D01627A886FBC5695FB62837361997F1D12606A000686DA9A6C97589240918,IMPHASH=0D31E6D27B954AD879CB4DF742982F1A
Signed: true
Signature: Microsoft Windows
SignatureStatus: Valid
User: NT AUTHORITY\LOCAL SERVICE",Info,"wmiutils.dll",,,,,,"{00efea9f-1cfd-65a3-fc3e-000000000900}",6820,"Microsoft® Windows® Operating System",,,,134751,"technique_id=T1047,technique_name=Windows Management Instrumentation","S-1-5-18",0,"Microsoft Windows",Valid,true,,"Microsoft-Windows-Sysmon",,,,,,,,,,,"Image loaded (rule: ImageLoad)",,Information,"NOT_TRANSLATED
NT AUTHORITY\LOCAL SERVICE","2024-01-13 23:30:05.330","01/13/2024 06:30:05 PM
LogName=Microsoft-Windows-Sysmon/Operational
EventCode=7
EventType=4
ComputerName=DESKTOP-ACUIGRD
User=NOT_TRANSLATED
Sid=S-1-5-18
SidType=0
SourceName=Microsoft-Windows-Sysmon
Type=Information
RecordNumber=134751
Keywords=None
TaskCategory=Image loaded (rule: ImageLoad)
OpCode=Info
Message=Image loaded:
RuleName: technique_id=T1047,technique_name=Windows Management Instrumentation
UtcTime: 2024-01-13 23:30:05.330
ProcessGuid: {00efea9f-1cfd-65a3-fc3e-000000000900}
ProcessId: 6820
Image: C:\Windows\System32\wbem\WmiPrvSE.exe
ImageLoaded: C:\Windows\System32\wbem\wmiutils.dll
FileVersion: 10.0.19041.3758 (WinBuild.160101.0800)
Description: WMI
Product: Microsoft® Windows® Operating System
Company: Microsoft Corporation
OriginalFileName: wmiutils.dll
Hashes: SHA1=7A5E29E3C47B1910E3020406F6EDE8F1121F7CA8,MD5=A7910B4390BF27ED2F6B4003D2BC0EEC,SHA256=C8D01627A886FBC5695FB62837361997F1D12606A000686DA9A6C97589240918,IMPHASH=0D31E6D27B954AD879CB4DF742982F1A
Signed: true
Signature: Microsoft Windows
SignatureStatus: Valid
User: NT AUTHORITY\LOCAL SERVICE","2024-01-13T21:30:05.000-05:00",18,13,30,january,5,saturday,2024,local,true,"C:\Windows\System32\wbem\wmiutils.dll","Microsoft Windows",Valid,,,,,,"2024-01-13 23:30:05.330","Image Load",7,,4,,"Microsoft Corporation",,WMI,,"wmiutils.dll",,,"Microsoft® Windows® Operating System","10.0.19041.3758 (WinBuild.160101.0800)",,,,,"DESKTOP-ACUIGRD","DESKTOP-ACUIGRD",main,,31,,,"wmiutils.dll",,,,,,"{00efea9f-1cfd-65a3-fc3e-000000000900}",6820,,"WmiPrvSE.exe",,,,,,"C:\Windows\System32\wbem\WmiPrvSE.exe","//_::_=--/===-==---==--====__(:_)==_:\r:_=,=__\r:_--",,,,,,,,"WinEventLog:Microsoft-Windows-Sysmon/Operational","WinEventLog:Microsoft-Windows-Sysmon/Operational","DESKTOP-ACUIGRD",,,,,,,,,,,,,"",,,,,,,,23,0,,,"NOT_TRANSLATED
NT AUTHORITY\LOCAL SERVICE",,,,,,,,,,,
,,"C:\Windows\system32\wbem\wmiprvse.exe -secured -Embedding","Microsoft Corporation","DESKTOP-ACUIGRD",,"C:\Windows\system32\","WMI Provider Host",,1,4,"10.0.19041.3636 (WinBuild.160101.0800)",,"SHA1=7F530281C5BA86B81AE4230DAB1617CB55260D9E,MD5=8BB61C2B1E34FF3C778CF150BDF08238,SHA256=8BBDEAD7357AF7BF0EFE397F9FD7E0EC578755EB8BDBAA65AE4F28EF00087AD5,IMPHASH=B71CB3AC5C352BEC857C940CBC95F0F3","C:\Windows\System32\wbem\WmiPrvSE.exe",,System,,None,"Microsoft-Windows-Sysmon/Operational","{00efea9f-0053-65a3-e503-000000000000}",0x3E5,"Process Create:
RuleName: technique_id=T1047,technique_name=Windows Management Instrumentation
UtcTime: 2024-01-13 23:30:05.185
ProcessGuid: {00efea9f-1cfd-65a3-fc3e-000000000900}
ProcessId: 6820
Image: C:\Windows\System32\wbem\WmiPrvSE.exe
FileVersion: 10.0.19041.3636 (WinBuild.160101.0800)
Description: WMI Provider Host
Product: Microsoft® Windows® Operating System
Company: Microsoft Corporation
OriginalFileName: Wmiprvse.exe
CommandLine: C:\Windows\system32\wbem\wmiprvse.exe -secured -Embedding
CurrentDirectory: C:\Windows\system32\
User: NT AUTHORITY\LOCAL SERVICE
LogonGuid: {00efea9f-0053-65a3-e503-000000000000}
LogonId: 0x3E5
TerminalSessionId: 0
IntegrityLevel: System
Hashes: SHA1=7F530281C5BA86B81AE4230DAB1617CB55260D9E,MD5=8BB61C2B1E34FF3C778CF150BDF08238,SHA256=8BBDEAD7357AF7BF0EFE397F9FD7E0EC578755EB8BDBAA65AE4F28EF00087AD5,IMPHASH=B71CB3AC5C352BEC857C940CBC95F0F3
ParentProcessGuid: {00efea9f-0052-65a3-0d00-000000000900}
ParentProcessId: 820
ParentImage: C:\Windows\System32\svchost.exe
ParentCommandLine: C:\Windows\system32\svchost.exe -k DcomLaunch -p
ParentUser: NT AUTHORITY\SYSTEM",Info,"Wmiprvse.exe","C:\Windows\system32\svchost.exe -k DcomLaunch -p","C:\Windows\System32\svchost.exe","{00efea9f-0052-65a3-0d00-000000000900}",820,"NT AUTHORITY\SYSTEM","{00efea9f-1cfd-65a3-fc3e-000000000900}",6820,"Microsoft® Windows® Operating System",,,,134750,"technique_id=T1047,technique_name=Windows Management Instrumentation","S-1-5-18",0,,,,,"Microsoft-Windows-Sysmon",,,,,,,,,,,"Process Create (rule: ProcessCreate)",0,Information,"NOT_TRANSLATED
NT AUTHORITY\LOCAL SERVICE","2024-01-13 23:30:05.185","01/13/2024 06:30:05 PM
LogName=Microsoft-Windows-Sysmon/Operational
EventCode=1
EventType=4
ComputerName=DESKTOP-ACUIGRD
User=NOT_TRANSLATED
Sid=S-1-5-18
SidType=0
SourceName=Microsoft-Windows-Sysmon
Type=Information
RecordNumber=134750
Keywords=None
TaskCategory=Process Create (rule: ProcessCreate)
OpCode=Info
Message=Process Create:
RuleName: technique_id=T1047,technique_name=Windows Management Instrumentation
UtcTime: 2024-01-13 23:30:05.185
ProcessGuid: {00efea9f-1cfd-65a3-fc3e-000000000900}
ProcessId: 6820
Image: C:\Windows\System32\wbem\WmiPrvSE.exe
FileVersion: 10.0.19041.3636 (WinBuild.160101.0800)
Description: WMI Provider Host
Product: Microsoft® Windows® Operating System
Company: Microsoft Corporation
OriginalFileName: Wmiprvse.exe
CommandLine: C:\Windows\system32\wbem\wmiprvse.exe -secured -Embedding
CurrentDirectory: C:\Windows\system32\
User: NT AUTHORITY\LOCAL SERVICE
LogonGuid: {00efea9f-0053-65a3-e503-000000000000}
LogonId: 0x3E5
TerminalSessionId: 0
IntegrityLevel: System
Hashes: SHA1=7F530281C5BA86B81AE4230DAB1617CB55260D9E,MD5=8BB61C2B1E34FF3C778CF150BDF08238,SHA256=8BBDEAD7357AF7BF0EFE397F9FD7E0EC578755EB8BDBAA65AE4F28EF00087AD5,IMPHASH=B71CB3AC5C352BEC857C940CBC95F0F3
ParentProcessGuid: {00efea9f-0052-65a3-0d00-000000000900}
ParentProcessId: 820
ParentImage: C:\Windows\System32\svchost.exe
ParentCommandLine: C:\Windows\system32\svchost.exe -k DcomLaunch -p
ParentUser: NT AUTHORITY\SYSTEM","2024-01-13T21:30:05.000-05:00",18,13,30,january,5,saturday,2024,local,,,,,,,,,,"2024-01-13 23:30:05.185","Process Create",1,,4,,"Microsoft Corporation",,"WMI Provider Host","C:\Windows\system32\","Wmiprvse.exe",,,"Microsoft® Windows® Operating System","10.0.19041.3636 (WinBuild.160101.0800)",,,,,"DESKTOP-ACUIGRD","DESKTOP-ACUIGRD",main,,38,,,"Wmiprvse.exe","NT AUTHORITY\SYSTEM",,,"C:\Windows\system32\wbem\wmiprvse.exe -secured -Embedding",,"{00efea9f-1cfd-65a3-fc3e-000000000900}",6820,System,"WmiPrvSE.exe","C:\Windows\system32\svchost.exe -k DcomLaunch -p","{00efea9f-0052-65a3-0d00-000000000900}",820,"svchost.exe","C:\Windows\System32\svchost.exe","C:\Windows\System32\wbem\WmiPrvSE.exe","//_::_=--/===-==---==--====__(:_)==_:\r:_=,=__\r:_--",,,,,,,,"WinEventLog:Microsoft-Windows-Sysmon/Operational","WinEventLog:Microsoft-Windows-Sysmon/Operational","DESKTOP-ACUIGRD",,,,,,,,,,,,,"",,,,,,,,23,0,"{00efea9f-0053-65a3-e503-000000000000}",0x3E5,"NOT_TRANSLATED
NT AUTHORITY\LOCAL SERVICE",0,,,,,,,,,,
,,,,"DESKTOP-ACUIGRD",,,,,22,4,,,,"<unknown process>",,,,None,"Microsoft-Windows-Sysmon/Operational",,,"Dns query:
RuleName: -
UtcTime: 2024-01-13 23:30:41.200
ProcessGuid: {00000000-0000-0000-0000-000000000000}
ProcessId: 10540
QueryName: beam.scs.splunk.com
QueryStatus: 0
QueryResults: ::ffff:13.249.39.37;::ffff:13.249.39.54;::ffff:13.249.39.104;::ffff:13.249.39.118;
Image: <unknown process>
User: NT AUTHORITY\SYSTEM",Info,,,,,,,"{00000000-0000-0000-0000-000000000000}",10540,,"beam.scs.splunk.com","::ffff:13.249.39.37;::ffff:13.249.39.54;::ffff:13.249.39.104;::ffff:13.249.39.118;",0,134749,"-","S-1-5-18",0,,,,,"Microsoft-Windows-Sysmon",,,,,,,,,,,"Dns query (rule: DnsQuery)",,Information,"NOT_TRANSLATED
NT AUTHORITY\SYSTEM","2024-01-13 23:30:41.200","01/13/2024 06:30:02 PM
LogName=Microsoft-Windows-Sysmon/Operational
EventCode=22
EventType=4
ComputerName=DESKTOP-ACUIGRD
User=NOT_TRANSLATED
Sid=S-1-5-18
SidType=0
SourceName=Microsoft-Windows-Sysmon
Type=Information
RecordNumber=134749
Keywords=None
TaskCategory=Dns query (rule: DnsQuery)
OpCode=Info
Message=Dns query:
RuleName: -
UtcTime: 2024-01-13 23:30:41.200
ProcessGuid: {00000000-0000-0000-0000-000000000000}
ProcessId: 10540
QueryName: beam.scs.splunk.com
QueryStatus: 0
QueryResults: ::ffff:13.249.39.37;::ffff:13.249.39.54;::ffff:13.249.39.104;::ffff:13.249.39.118;
Image: <unknown process>
User: NT AUTHORITY\SYSTEM","2024-01-13T21:30:02.000-05:00",18,13,30,january,2,saturday,2024,local,,,,,,,,,,"2024-01-13 23:30:41.200","DNS Query",22,,4,,,,,,,,,,,,,,,"DESKTOP-ACUIGRD","DESKTOP-ACUIGRD",main,,24,,,,,,,,,,,,"<unknown process>",,,,,,"<unknown process>","//_::_=--/===-==---==--====__(:_)==_:\r:_-\r:_--_::.","beam.scs.splunk.com","::ffff:13.249.39.37;::ffff:13.249.39.54;::ffff:13.249.39.104;::ffff:13.249.39.118;",0,,,,,"WinEventLog:Microsoft-Windows-Sysmon/Operational","WinEventLog:Microsoft-Windows-Sysmon/Operational","DESKTOP-ACUIGRD",,,,,,,,,,,,,"",,,,,,,,23,0,,,"NOT_TRANSLATED
NT AUTHORITY\SYSTEM",,,,,,,,,,,
