,None,,,,"DESKTOP-4BQU2RH",,,,"Named Pipe: Named Pipe Metadata","Anonymous Named Pipe Detected</Data><Data Name='EventType'>CreatePipe</Data><Data Name='UtcTime'>2024-01-06 00:48:23.290</Data><Data Name='ProcessGuid'>{609d2670-a356-6598-c759-000000000f00}</Data><Data Name='ProcessId'>8696</Data><Data Name='PipeName'>",,,,,,,,,"Microsoft-Windows-Sysmon/Operational",17,"PipeEvent (Pipe Created)",17,CreatePipe,,,,"'{5770385f-c22a-43e0-bf4c-06f5698ffbd9}'",,,"C:\Program Files\Splunk\bin\Python3.exe",,,,,0x8000000000000000,4,,,,"'Microsoft-Windows-Sysmon'",0,,,,,,,"&lt;Anonymous Pipe&gt;","{609d2670-a356-6598-c759-000000000f00}","'3668'",8696,,,,,,457413,,"Attack=None,Technique=None,Tactic=None,DS=Named Pipe: Named Pipe Metadata,Level=0,Desc=Anonymous Named Pipe Detected",,,"S-1-5-18",,,,,,,,,"'2024-01-06T00:48:23.3249114Z'",None,,,17,None,,"'5444'","2024-01-06T00:48:23.3249114Z","NT AUTHORITY\SYSTEM","'S-1-5-18'","2024-01-06 00:48:23.290",1,"<Event xmlns='http://schemas.microsoft.com/win/2004/08/events/event'><System><Provider Name='Microsoft-Windows-Sysmon' Guid='{5770385f-c22a-43e0-bf4c-06f5698ffbd9}'/><EventID>17</EventID><Version>1</Version><Level>4</Level><Task>17</Task><Opcode>0</Opcode><Keywords>0x8000000000000000</Keywords><TimeCreated SystemTime='2024-01-06T00:48:23.3249114Z'/><EventRecordID>457413</EventRecordID><Correlation/><Execution ProcessID='3668' ThreadID='5444'/><Channel>Microsoft-Windows-Sysmon/Operational</Channel><Computer>DESKTOP-4BQU2RH</Computer><Security UserID='S-1-5-18'/></System><EventData><Data Name='RuleName'>Attack=None,Technique=None,Tactic=None,DS=Named Pipe: Named Pipe Metadata,Level=0,Desc=Anonymous Named Pipe Detected</Data><Data Name='EventType'>CreatePipe</Data><Data Name='UtcTime'>2024-01-06 00:48:23.290</Data><Data Name='ProcessGuid'>{609d2670-a356-6598-c759-000000000f00}</Data><Data Name='ProcessId'>8696</Data><Data Name='PipeName'>&lt;Anonymous Pipe&gt;</Data><Data Name='Image'>C:\Program Files\Splunk\bin\Python3.exe</Data><Data Name='User'>NT AUTHORITY\SYSTEM</Data></EventData></Event>","2024-01-05T19:48:23.290-05:00",allowed,,,,,,0,6,48,january,23,saturday,2024,0,,"DESKTOP-4BQU2RH",,,,,"DESKTOP-4BQU2RH",,"ms-sysmon-process",,,,,,,,"DESKTOP-4BQU2RH",,,main,1,,,,,,,,"Microsoft Windows",,,,,,,"&lt;Anonymous Pipe&gt;",,,"Python3.exe","{609d2670-a356-6598-c759-000000000f00}",,8696,,"Python3.exe","C:\Program Files\Splunk\bin\Python3.exe",,,"<_='://../////'><><_='--'_='{----}'/><></><></><><",,,,,,,,,,,,,,,,,,,"PipeEvent (Pipe Created)",17,"XmlWinEventLog:Microsoft-Windows-Sysmon/Operational",xmlwineventlog,"DESKTOP-4BQU2RH",,,,,,,,,,,"process
report",,"process
report",,816,793,,,,,,,SYSTEM,,"Microsoft Sysmon","'http://schemas.microsoft.com/win/2004/08/events/event'"
,None,,,,"DESKTOP-4BQU2RH",,,,"Process: Process Termination",Process,,,,,,,,,"Microsoft-Windows-Sysmon/Operational",5,"Process terminated",5,,,,,"'{5770385f-c22a-43e0-bf4c-06f5698ffbd9}'",,,"C:\Program Files\Splunk\bin\splunkd.exe",,,,,0x8000000000000000,4,,,,"'Microsoft-Windows-Sysmon'",0,,,,,,,,"{609d2670-a357-6598-ca59-000000000f00}","'3668'",5668,,,,,,457412,,"Attack=None,Technique=None,Tactic=None,DS=Process: Process Termination,Level=0,Desc=Process Termination Events in Program Files Directories",,,"S-1-5-18",,,,,,,,,"'2024-01-06T00:48:23.2432440Z'",None,,,5,None,,"'5444'","2024-01-06T00:48:23.2432440Z","NT AUTHORITY\SYSTEM","'S-1-5-18'","2024-01-06 00:48:23.241",3,"<Event xmlns='http://schemas.microsoft.com/win/2004/08/events/event'><System><Provider Name='Microsoft-Windows-Sysmon' Guid='{5770385f-c22a-43e0-bf4c-06f5698ffbd9}'/><EventID>5</EventID><Version>3</Version><Level>4</Level><Task>5</Task><Opcode>0</Opcode><Keywords>0x8000000000000000</Keywords><TimeCreated SystemTime='2024-01-06T00:48:23.2432440Z'/><EventRecordID>457412</EventRecordID><Correlation/><Execution ProcessID='3668' ThreadID='5444'/><Channel>Microsoft-Windows-Sysmon/Operational</Channel><Computer>DESKTOP-4BQU2RH</Computer><Security UserID='S-1-5-18'/></System><EventData><Data Name='RuleName'>Attack=None,Technique=None,Tactic=None,DS=Process: Process Termination,Level=0,Desc=Process Termination Events in Program Files Directories</Data><Data Name='UtcTime'>2024-01-06 00:48:23.241</Data><Data Name='ProcessGuid'>{609d2670-a357-6598-ca59-000000000f00}</Data><Data Name='ProcessId'>5668</Data><Data Name='Image'>C:\Program Files\Splunk\bin\splunkd.exe</Data><Data Name='User'>NT AUTHORITY\SYSTEM</Data></EventData></Event>","2024-01-05T19:48:23.241-05:00",blocked,,,,,,0,6,48,january,23,saturday,2024,0,,"DESKTOP-4BQU2RH",,,,,"DESKTOP-4BQU2RH",,"ms-sysmon-process",,,,,,,,"DESKTOP-4BQU2RH",,,main,1,,,,,,,,"Microsoft Windows",,,,,,,,"C:\Program Files\Splunk\bin\splunkd.exe",,"splunkd.exe","{609d2670-a357-6598-ca59-000000000f00}",,5668,,"splunkd.exe","C:\Program Files\Splunk\bin\splunkd.exe",,,"<_='://../////'><><_='--'_='{----}'/><></><></><><",,,,,,,,,,,,,,,,,,,"Process terminated",5,"XmlWinEventLog:Microsoft-Windows-Sysmon/Operational",xmlwineventlog,"DESKTOP-4BQU2RH",,,,,,,,,,,"process
report",,"process
report",,797,774,,,,,,,SYSTEM,,"Microsoft Sysmon","'http://schemas.microsoft.com/win/2004/08/events/event'"
,None,,,,"DESKTOP-4BQU2RH",,,,"Process: Process Termination",Process,,,,,,,,,"Microsoft-Windows-Sysmon/Operational",5,"Process terminated",5,,,,,"'{5770385f-c22a-43e0-bf4c-06f5698ffbd9}'",,,"C:\Program Files\Splunk\bin\splunkd.exe",,,,,0x8000000000000000,4,,,,"'Microsoft-Windows-Sysmon'",0,,,,,,,,"{609d2670-a357-6598-cb59-000000000f00}","'3668'",6492,,,,,,457411,,"Attack=None,Technique=None,Tactic=None,DS=Process: Process Termination,Level=0,Desc=Process Termination Events in Program Files Directories",,,"S-1-5-18",,,,,,,,,"'2024-01-06T00:48:23.2427989Z'",None,,,5,None,,"'5444'","2024-01-06T00:48:23.2427989Z","NT AUTHORITY\SYSTEM","'S-1-5-18'","2024-01-06 00:48:23.240",3,"<Event xmlns='http://schemas.microsoft.com/win/2004/08/events/event'><System><Provider Name='Microsoft-Windows-Sysmon' Guid='{5770385f-c22a-43e0-bf4c-06f5698ffbd9}'/><EventID>5</EventID><Version>3</Version><Level>4</Level><Task>5</Task><Opcode>0</Opcode><Keywords>0x8000000000000000</Keywords><TimeCreated SystemTime='2024-01-06T00:48:23.2427989Z'/><EventRecordID>457411</EventRecordID><Correlation/><Execution ProcessID='3668' ThreadID='5444'/><Channel>Microsoft-Windows-Sysmon/Operational</Channel><Computer>DESKTOP-4BQU2RH</Computer><Security UserID='S-1-5-18'/></System><EventData><Data Name='RuleName'>Attack=None,Technique=None,Tactic=None,DS=Process: Process Termination,Level=0,Desc=Process Termination Events in Program Files Directories</Data><Data Name='UtcTime'>2024-01-06 00:48:23.240</Data><Data Name='ProcessGuid'>{609d2670-a357-6598-cb59-000000000f00}</Data><Data Name='ProcessId'>6492</Data><Data Name='Image'>C:\Program Files\Splunk\bin\splunkd.exe</Data><Data Name='User'>NT AUTHORITY\SYSTEM</Data></EventData></Event>","2024-01-05T19:48:23.240-05:00",blocked,,,,,,0,6,48,january,23,saturday,2024,0,,"DESKTOP-4BQU2RH",,,,,"DESKTOP-4BQU2RH",,"ms-sysmon-process",,,,,,,,"DESKTOP-4BQU2RH",,,main,1,,,,,,,,"Microsoft Windows",,,,,,,,"C:\Program Files\Splunk\bin\splunkd.exe",,"splunkd.exe","{609d2670-a357-6598-cb59-000000000f00}",,6492,,"splunkd.exe","C:\Program Files\Splunk\bin\splunkd.exe",,,"<_='://../////'><><_='--'_='{----}'/><></><></><><",,,,,,,,,,,,,,,,,,,"Process terminated",5,"XmlWinEventLog:Microsoft-Windows-Sysmon/Operational",xmlwineventlog,"DESKTOP-4BQU2RH",,,,,,,,,,,"process
report",,"process
report",,797,774,,,,,,,SYSTEM,,"Microsoft Sysmon","'http://schemas.microsoft.com/win/2004/08/events/event'"
,None,,,,"DESKTOP-4BQU2RH",,,,"Named Pipe: Named Pipe Metadata","Anonymous Named Pipe Detected</Data><Data Name='EventType'>CreatePipe</Data><Data Name='UtcTime'>2024-01-06 00:48:23.034</Data><Data Name='ProcessGuid'>{609d2670-a356-6598-c859-000000000f00}</Data><Data Name='ProcessId'>1236</Data><Data Name='PipeName'>",,,,,,,,,"Microsoft-Windows-Sysmon/Operational",17,"PipeEvent (Pipe Created)",17,CreatePipe,,,,"'{5770385f-c22a-43e0-bf4c-06f5698ffbd9}'",,,"C:\Program Files\Splunk\bin\Python3.exe",,,,,0x8000000000000000,4,,,,"'Microsoft-Windows-Sysmon'",0,,,,,,,"&lt;Anonymous Pipe&gt;","{609d2670-a356-6598-c859-000000000f00}","'3668'",1236,,,,,,457410,,"Attack=None,Technique=None,Tactic=None,DS=Named Pipe: Named Pipe Metadata,Level=0,Desc=Anonymous Named Pipe Detected",,,"S-1-5-18",,,,,,,,,"'2024-01-06T00:48:23.0391370Z'",None,,,17,None,,"'5444'","2024-01-06T00:48:23.0391370Z","NT AUTHORITY\SYSTEM","'S-1-5-18'","2024-01-06 00:48:23.034",1,"<Event xmlns='http://schemas.microsoft.com/win/2004/08/events/event'><System><Provider Name='Microsoft-Windows-Sysmon' Guid='{5770385f-c22a-43e0-bf4c-06f5698ffbd9}'/><EventID>17</EventID><Version>1</Version><Level>4</Level><Task>17</Task><Opcode>0</Opcode><Keywords>0x8000000000000000</Keywords><TimeCreated SystemTime='2024-01-06T00:48:23.0391370Z'/><EventRecordID>457410</EventRecordID><Correlation/><Execution ProcessID='3668' ThreadID='5444'/><Channel>Microsoft-Windows-Sysmon/Operational</Channel><Computer>DESKTOP-4BQU2RH</Computer><Security UserID='S-1-5-18'/></System><EventData><Data Name='RuleName'>Attack=None,Technique=None,Tactic=None,DS=Named Pipe: Named Pipe Metadata,Level=0,Desc=Anonymous Named Pipe Detected</Data><Data Name='EventType'>CreatePipe</Data><Data Name='UtcTime'>2024-01-06 00:48:23.034</Data><Data Name='ProcessGuid'>{609d2670-a356-6598-c859-000000000f00}</Data><Data Name='ProcessId'>1236</Data><Data Name='PipeName'>&lt;Anonymous Pipe&gt;</Data><Data Name='Image'>C:\Program Files\Splunk\bin\Python3.exe</Data><Data Name='User'>NT AUTHORITY\SYSTEM</Data></EventData></Event>","2024-01-05T19:48:23.034-05:00",allowed,,,,,,0,6,48,january,23,saturday,2024,0,,"DESKTOP-4BQU2RH",,,,,"DESKTOP-4BQU2RH",,"ms-sysmon-process",,,,,,,,"DESKTOP-4BQU2RH",,,main,1,,,,,,,,"Microsoft Windows",,,,,,,"&lt;Anonymous Pipe&gt;",,,"Python3.exe","{609d2670-a356-6598-c859-000000000f00}",,1236,,"Python3.exe","C:\Program Files\Splunk\bin\Python3.exe",,,"<_='://../////'><><_='--'_='{----}'/><></><></><><",,,,,,,,,,,,,,,,,,,"PipeEvent (Pipe Created)",17,"XmlWinEventLog:Microsoft-Windows-Sysmon/Operational",xmlwineventlog,"DESKTOP-4BQU2RH",,,,,,,,,,,"process
report",,"process
report",,816,793,,,,,,,SYSTEM,,"Microsoft Sysmon","'http://schemas.microsoft.com/win/2004/08/events/event'"
,None,,,,"DESKTOP-4BQU2RH",,,,"Named Pipe: Named Pipe Metadata","Anonymous Named Pipe Detected</Data><Data Name='EventType'>CreatePipe</Data><Data Name='UtcTime'>2024-01-06 00:48:23.015</Data><Data Name='ProcessGuid'>{609d2670-a356-6598-c759-000000000f00}</Data><Data Name='ProcessId'>8696</Data><Data Name='PipeName'>",,,,,,,,,"Microsoft-Windows-Sysmon/Operational",17,"PipeEvent (Pipe Created)",17,CreatePipe,,,,"'{5770385f-c22a-43e0-bf4c-06f5698ffbd9}'",,,"C:\Program Files\Splunk\bin\Python3.exe",,,,,0x8000000000000000,4,,,,"'Microsoft-Windows-Sysmon'",0,,,,,,,"&lt;Anonymous Pipe&gt;","{609d2670-a356-6598-c759-000000000f00}","'3668'",8696,,,,,,457409,,"Attack=None,Technique=None,Tactic=None,DS=Named Pipe: Named Pipe Metadata,Level=0,Desc=Anonymous Named Pipe Detected",,,"S-1-5-18",,,,,,,,,"'2024-01-06T00:48:23.0163272Z'",None,,,17,None,,"'5444'","2024-01-06T00:48:23.0163272Z","NT AUTHORITY\SYSTEM","'S-1-5-18'","2024-01-06 00:48:23.015",1,"<Event xmlns='http://schemas.microsoft.com/win/2004/08/events/event'><System><Provider Name='Microsoft-Windows-Sysmon' Guid='{5770385f-c22a-43e0-bf4c-06f5698ffbd9}'/><EventID>17</EventID><Version>1</Version><Level>4</Level><Task>17</Task><Opcode>0</Opcode><Keywords>0x8000000000000000</Keywords><TimeCreated SystemTime='2024-01-06T00:48:23.0163272Z'/><EventRecordID>457409</EventRecordID><Correlation/><Execution ProcessID='3668' ThreadID='5444'/><Channel>Microsoft-Windows-Sysmon/Operational</Channel><Computer>DESKTOP-4BQU2RH</Computer><Security UserID='S-1-5-18'/></System><EventData><Data Name='RuleName'>Attack=None,Technique=None,Tactic=None,DS=Named Pipe: Named Pipe Metadata,Level=0,Desc=Anonymous Named Pipe Detected</Data><Data Name='EventType'>CreatePipe</Data><Data Name='UtcTime'>2024-01-06 00:48:23.015</Data><Data Name='ProcessGuid'>{609d2670-a356-6598-c759-000000000f00}</Data><Data Name='ProcessId'>8696</Data><Data Name='PipeName'>&lt;Anonymous Pipe&gt;</Data><Data Name='Image'>C:\Program Files\Splunk\bin\Python3.exe</Data><Data Name='User'>NT AUTHORITY\SYSTEM</Data></EventData></Event>","2024-01-05T19:48:23.015-05:00",allowed,,,,,,0,6,48,january,23,saturday,2024,0,,"DESKTOP-4BQU2RH",,,,,"DESKTOP-4BQU2RH",,"ms-sysmon-process",,,,,,,,"DESKTOP-4BQU2RH",,,main,1,,,,,,,,"Microsoft Windows",,,,,,,"&lt;Anonymous Pipe&gt;",,,"Python3.exe","{609d2670-a356-6598-c759-000000000f00}",,8696,,"Python3.exe","C:\Program Files\Splunk\bin\Python3.exe",,,"<_='://../////'><><_='--'_='{----}'/><></><></><><",,,,,,,,,,,,,,,,,,,"PipeEvent (Pipe Created)",17,"XmlWinEventLog:Microsoft-Windows-Sysmon/Operational",xmlwineventlog,"DESKTOP-4BQU2RH",,,,,,,,,,,"process
report",,"process
report",,816,793,,,,,,,SYSTEM,,"Microsoft Sysmon","'http://schemas.microsoft.com/win/2004/08/events/event'"
,"T1059.006",,,"Python Software Foundation","DESKTOP-4BQU2RH",,,,"Module: Module Load","Python DLL Loaded","Python Core",,,,,,,,"Microsoft-Windows-Sysmon/Operational",7,"Image loaded",7,,"3.7.17",,,"'{5770385f-c22a-43e0-bf4c-06f5698ffbd9}'","SHA1=C3BB07C2CCFD2C0C47ABBD7EF44186D97494D720,MD5=BDC1E336C69D3D958F4271D3A20B3A56,SHA256=A37ED072F9FFAA303C828D28987F6A90FDA0CF3BF106D082F342BD209A6F56E0,IMPHASH=E18F15AFCBAA190174BF6FA2B6795039",E18F15AFCBAA190174BF6FA2B6795039,"C:\Program Files\Splunk\bin\python3.exe","C:\Program Files\Splunk\bin\python37.dll",,,,0x8000000000000000,4,,,BDC1E336C69D3D958F4271D3A20B3A56,"'Microsoft-Windows-Sysmon'",0,"python37.dll",,,,,,,"{609d2670-a356-6598-c959-000000000f00}","'3668'",7504,Python,,,,,457408,"30</Data><Data Name='UtcTime'>2024-01-06","Attack=T1059.006,Technique=Command and Scripting Interpreter: Python,Tactic=Execution,DS=Module: Module Load,Level=2,Desc=Python DLL Loaded,Risk=30",C3BB07C2CCFD2C0C47ABBD7EF44186D97494D720,A37ED072F9FFAA303C828D28987F6A90FDA0CF3BF106D082F342BD209A6F56E0,"S-1-5-18","Splunk Inc.",Valid,true,,,,,,"'2024-01-06T00:48:22.7127173Z'",Execution,,,7,"Command and Scripting Interpreter: Python",,"'5444'","2024-01-06T00:48:22.7127173Z","NT AUTHORITY\SYSTEM","'S-1-5-18'","2024-01-06 00:48:22.711",3,"<Event xmlns='http://schemas.microsoft.com/win/2004/08/events/event'><System><Provider Name='Microsoft-Windows-Sysmon' Guid='{5770385f-c22a-43e0-bf4c-06f5698ffbd9}'/><EventID>7</EventID><Version>3</Version><Level>4</Level><Task>7</Task><Opcode>0</Opcode><Keywords>0x8000000000000000</Keywords><TimeCreated SystemTime='2024-01-06T00:48:22.7127173Z'/><EventRecordID>457408</EventRecordID><Correlation/><Execution ProcessID='3668' ThreadID='5444'/><Channel>Microsoft-Windows-Sysmon/Operational</Channel><Computer>DESKTOP-4BQU2RH</Computer><Security UserID='S-1-5-18'/></System><EventData><Data Name='RuleName'>Attack=T1059.006,Technique=Command and Scripting Interpreter: Python,Tactic=Execution,DS=Module: Module Load,Level=2,Desc=Python DLL Loaded,Risk=30</Data><Data Name='UtcTime'>2024-01-06 00:48:22.711</Data><Data Name='ProcessGuid'>{609d2670-a356-6598-c959-000000000f00}</Data><Data Name='ProcessId'>7504</Data><Data Name='Image'>C:\Program Files\Splunk\bin\python3.exe</Data><Data Name='ImageLoaded'>C:\Program Files\Splunk\bin\python37.dll</Data><Data Name='FileVersion'>3.7.17</Data><Data Name='Description'>Python Core</Data><Data Name='Product'>Python</Data><Data Name='Company'>Python Software Foundation</Data><Data Name='OriginalFileName'>python37.dll</Data><Data Name='Hashes'>SHA1=C3BB07C2CCFD2C0C47ABBD7EF44186D97494D720,MD5=BDC1E336C69D3D958F4271D3A20B3A56,SHA256=A37ED072F9FFAA303C828D28987F6A90FDA0CF3BF106D082F342BD209A6F56E0,IMPHASH=E18F15AFCBAA190174BF6FA2B6795039</Data><Data Name='Signed'>true</Data><Data Name='Signature'>Splunk Inc.</Data><Data Name='SignatureStatus'>Valid</Data><Data Name='User'>NT AUTHORITY\SYSTEM</Data></EventData></Event>","2024-01-05T19:48:22.711-05:00",success,,,,,,0,6,48,january,22,saturday,2024,0,,"DESKTOP-4BQU2RH",,,,,"DESKTOP-4BQU2RH",,"ms-sysmon-process",,,,,,,,"DESKTOP-4BQU2RH",,,main,1,"python37.dll","C:\Program Files\Splunk\bin\python37.dll",,,,,"python37.dll","Microsoft Windows",,,,,,,,,,"python3.exe","{609d2670-a356-6598-c959-000000000f00}","SHA1=C3BB07C2CCFD2C0C47ABBD7EF44186D97494D720,MD5=BDC1E336C69D3D958F4271D3A20B3A56,SHA256=A37ED072F9FFAA303C828D28987F6A90FDA0CF3BF106D082F342BD209A6F56E0,IMPHASH=E18F15AFCBAA190174BF6FA2B6795039",7504,,"python3.exe","C:\Program Files\Splunk\bin\python3.exe",,,"<_='://../////'><><_='--'_='{----}'/><></><></><><",,,,,,,,,,,,,,true,true,,,,"Image loaded",7,"XmlWinEventLog:Microsoft-Windows-Sysmon/Operational",xmlwineventlog,"DESKTOP-4BQU2RH",,,,,,,,,,,"process
report
success",success,"process
report",,805,782,,,,,,,SYSTEM,,"Microsoft Sysmon","'http://schemas.microsoft.com/win/2004/08/events/event'"
,"T1059.006",,,"Python Software Foundation","DESKTOP-4BQU2RH",,,,"Module: Module Load","Python DLL Loaded",Python,,,,,,,,"Microsoft-Windows-Sysmon/Operational",7,"Image loaded",7,,"3.7.17",,,"'{5770385f-c22a-43e0-bf4c-06f5698ffbd9}'","SHA1=C20ED032E9F37A09295F43BE9D6C41252F8762A2,MD5=F91CD0A4D8BB0A99DB47476ADEB76107,SHA256=1152EEC3EDFC5135F5CE4891D13FDC82F692A5C0DD6624655312D06AF1909528,IMPHASH=3C2FC59273192A34F1AA4A59DF3B348E",3C2FC59273192A34F1AA4A59DF3B348E,"C:\Program Files\Splunk\bin\python3.exe","C:\Program Files\Splunk\bin\python3.exe",,,,0x8000000000000000,4,,,F91CD0A4D8BB0A99DB47476ADEB76107,"'Microsoft-Windows-Sysmon'",0,"python.exe",,,,,,,"{609d2670-a356-6598-c959-000000000f00}","'3668'",7504,Python,,,,,457407,"30</Data><Data Name='UtcTime'>2024-01-06","Attack=T1059.006,Technique=Command and Scripting Interpreter: Python,Tactic=Execution,DS=Module: Module Load,Level=2,Desc=Python DLL Loaded,Risk=30",C20ED032E9F37A09295F43BE9D6C41252F8762A2,1152EEC3EDFC5135F5CE4891D13FDC82F692A5C0DD6624655312D06AF1909528,"S-1-5-18","Splunk Inc.",Valid,true,,,,,,"'2024-01-06T00:48:22.7099887Z'",Execution,,,7,"Command and Scripting Interpreter: Python",,"'5444'","2024-01-06T00:48:22.7099887Z","NT AUTHORITY\SYSTEM","'S-1-5-18'","2024-01-06 00:48:22.709",3,"<Event xmlns='http://schemas.microsoft.com/win/2004/08/events/event'><System><Provider Name='Microsoft-Windows-Sysmon' Guid='{5770385f-c22a-43e0-bf4c-06f5698ffbd9}'/><EventID>7</EventID><Version>3</Version><Level>4</Level><Task>7</Task><Opcode>0</Opcode><Keywords>0x8000000000000000</Keywords><TimeCreated SystemTime='2024-01-06T00:48:22.7099887Z'/><EventRecordID>457407</EventRecordID><Correlation/><Execution ProcessID='3668' ThreadID='5444'/><Channel>Microsoft-Windows-Sysmon/Operational</Channel><Computer>DESKTOP-4BQU2RH</Computer><Security UserID='S-1-5-18'/></System><EventData><Data Name='RuleName'>Attack=T1059.006,Technique=Command and Scripting Interpreter: Python,Tactic=Execution,DS=Module: Module Load,Level=2,Desc=Python DLL Loaded,Risk=30</Data><Data Name='UtcTime'>2024-01-06 00:48:22.709</Data><Data Name='ProcessGuid'>{609d2670-a356-6598-c959-000000000f00}</Data><Data Name='ProcessId'>7504</Data><Data Name='Image'>C:\Program Files\Splunk\bin\python3.exe</Data><Data Name='ImageLoaded'>C:\Program Files\Splunk\bin\python3.exe</Data><Data Name='FileVersion'>3.7.17</Data><Data Name='Description'>Python</Data><Data Name='Product'>Python</Data><Data Name='Company'>Python Software Foundation</Data><Data Name='OriginalFileName'>python.exe</Data><Data Name='Hashes'>SHA1=C20ED032E9F37A09295F43BE9D6C41252F8762A2,MD5=F91CD0A4D8BB0A99DB47476ADEB76107,SHA256=1152EEC3EDFC5135F5CE4891D13FDC82F692A5C0DD6624655312D06AF1909528,IMPHASH=3C2FC59273192A34F1AA4A59DF3B348E</Data><Data Name='Signed'>true</Data><Data Name='Signature'>Splunk Inc.</Data><Data Name='SignatureStatus'>Valid</Data><Data Name='User'>NT AUTHORITY\SYSTEM</Data></EventData></Event>","2024-01-05T19:48:22.709-05:00",success,,,,,,0,6,48,january,22,saturday,2024,0,,"DESKTOP-4BQU2RH",,,,,"DESKTOP-4BQU2RH",,"ms-sysmon-process",,,,,,,,"DESKTOP-4BQU2RH",,,main,1,"python3.exe","C:\Program Files\Splunk\bin\python3.exe",,,,,"python.exe","Microsoft Windows",,,,,,,,,,"python3.exe","{609d2670-a356-6598-c959-000000000f00}","SHA1=C20ED032E9F37A09295F43BE9D6C41252F8762A2,MD5=F91CD0A4D8BB0A99DB47476ADEB76107,SHA256=1152EEC3EDFC5135F5CE4891D13FDC82F692A5C0DD6624655312D06AF1909528,IMPHASH=3C2FC59273192A34F1AA4A59DF3B348E",7504,,"python3.exe","C:\Program Files\Splunk\bin\python3.exe",,,"<_='://../////'><><_='--'_='{----}'/><></><></><><",,,,,,,,,,,,,,true,true,,,,"Image loaded",7,"XmlWinEventLog:Microsoft-Windows-Sysmon/Operational",xmlwineventlog,"DESKTOP-4BQU2RH",,,,,,,,,,,"process
report
success",success,"process
report",,805,782,,,,,,,SYSTEM,,"Microsoft Sysmon","'http://schemas.microsoft.com/win/2004/08/events/event'"
,None,,,,"DESKTOP-4BQU2RH",,,,"Named Pipe: Named Pipe Metadata","Anonymous Named Pipe Detected</Data><Data Name='EventType'>CreatePipe</Data><Data Name='UtcTime'>2024-01-06 00:48:22.702</Data><Data Name='ProcessGuid'>{609d2670-5bfd-6598-5700-000000000f00}</Data><Data Name='ProcessId'>3716</Data><Data Name='PipeName'>",,,,,,,,,"Microsoft-Windows-Sysmon/Operational",17,"PipeEvent (Pipe Created)",17,CreatePipe,,,,"'{5770385f-c22a-43e0-bf4c-06f5698ffbd9}'",,,"C:\Program Files\Splunk\bin\splunkd.exe",,,,,0x8000000000000000,4,,,,"'Microsoft-Windows-Sysmon'",0,,,,,,,"&lt;Anonymous Pipe&gt;","{609d2670-5bfd-6598-5700-000000000f00}","'3668'",3716,,,,,,457406,,"Attack=None,Technique=None,Tactic=None,DS=Named Pipe: Named Pipe Metadata,Level=0,Desc=Anonymous Named Pipe Detected",,,"S-1-5-18",,,,,,,,,"'2024-01-06T00:48:22.7065552Z'",None,,,17,None,,"'5444'","2024-01-06T00:48:22.7065552Z","NT AUTHORITY\SYSTEM","'S-1-5-18'","2024-01-06 00:48:22.702",1,"<Event xmlns='http://schemas.microsoft.com/win/2004/08/events/event'><System><Provider Name='Microsoft-Windows-Sysmon' Guid='{5770385f-c22a-43e0-bf4c-06f5698ffbd9}'/><EventID>17</EventID><Version>1</Version><Level>4</Level><Task>17</Task><Opcode>0</Opcode><Keywords>0x8000000000000000</Keywords><TimeCreated SystemTime='2024-01-06T00:48:22.7065552Z'/><EventRecordID>457406</EventRecordID><Correlation/><Execution ProcessID='3668' ThreadID='5444'/><Channel>Microsoft-Windows-Sysmon/Operational</Channel><Computer>DESKTOP-4BQU2RH</Computer><Security UserID='S-1-5-18'/></System><EventData><Data Name='RuleName'>Attack=None,Technique=None,Tactic=None,DS=Named Pipe: Named Pipe Metadata,Level=0,Desc=Anonymous Named Pipe Detected</Data><Data Name='EventType'>CreatePipe</Data><Data Name='UtcTime'>2024-01-06 00:48:22.702</Data><Data Name='ProcessGuid'>{609d2670-5bfd-6598-5700-000000000f00}</Data><Data Name='ProcessId'>3716</Data><Data Name='PipeName'>&lt;Anonymous Pipe&gt;</Data><Data Name='Image'>C:\Program Files\Splunk\bin\splunkd.exe</Data><Data Name='User'>NT AUTHORITY\SYSTEM</Data></EventData></Event>","2024-01-05T19:48:22.702-05:00",allowed,,,,,,0,6,48,january,22,saturday,2024,0,,"DESKTOP-4BQU2RH",,,,,"DESKTOP-4BQU2RH",,"ms-sysmon-process",,,,,,,,"DESKTOP-4BQU2RH",,,main,1,,,,,,,,"Microsoft Windows",,,,,,,"&lt;Anonymous Pipe&gt;",,,"splunkd.exe","{609d2670-5bfd-6598-5700-000000000f00}",,3716,,"splunkd.exe","C:\Program Files\Splunk\bin\splunkd.exe",,,"<_='://../////'><><_='--'_='{----}'/><></><></><><",,,,,,,,,,,,,,,,,,,"PipeEvent (Pipe Created)",17,"XmlWinEventLog:Microsoft-Windows-Sysmon/Operational",xmlwineventlog,"DESKTOP-4BQU2RH",,,,,,,,,,,"process
report",,"process
report",,816,793,,,,,,,SYSTEM,,"Microsoft Sysmon","'http://schemas.microsoft.com/win/2004/08/events/event'"
,None,,,,"DESKTOP-4BQU2RH",,,,"Named Pipe: Named Pipe Metadata","Anonymous Named Pipe Detected</Data><Data Name='EventType'>CreatePipe</Data><Data Name='UtcTime'>2024-01-06 00:48:22.702</Data><Data Name='ProcessGuid'>{609d2670-5bfd-6598-5700-000000000f00}</Data><Data Name='ProcessId'>3716</Data><Data Name='PipeName'>",,,,,,,,,"Microsoft-Windows-Sysmon/Operational",17,"PipeEvent (Pipe Created)",17,CreatePipe,,,,"'{5770385f-c22a-43e0-bf4c-06f5698ffbd9}'",,,"C:\Program Files\Splunk\bin\splunkd.exe",,,,,0x8000000000000000,4,,,,"'Microsoft-Windows-Sysmon'",0,,,,,,,"&lt;Anonymous Pipe&gt;","{609d2670-5bfd-6598-5700-000000000f00}","'3668'",3716,,,,,,457405,,"Attack=None,Technique=None,Tactic=None,DS=Named Pipe: Named Pipe Metadata,Level=0,Desc=Anonymous Named Pipe Detected",,,"S-1-5-18",,,,,,,,,"'2024-01-06T00:48:22.7065184Z'",None,,,17,None,,"'5444'","2024-01-06T00:48:22.7065184Z","NT AUTHORITY\SYSTEM","'S-1-5-18'","2024-01-06 00:48:22.702",1,"<Event xmlns='http://schemas.microsoft.com/win/2004/08/events/event'><System><Provider Name='Microsoft-Windows-Sysmon' Guid='{5770385f-c22a-43e0-bf4c-06f5698ffbd9}'/><EventID>17</EventID><Version>1</Version><Level>4</Level><Task>17</Task><Opcode>0</Opcode><Keywords>0x8000000000000000</Keywords><TimeCreated SystemTime='2024-01-06T00:48:22.7065184Z'/><EventRecordID>457405</EventRecordID><Correlation/><Execution ProcessID='3668' ThreadID='5444'/><Channel>Microsoft-Windows-Sysmon/Operational</Channel><Computer>DESKTOP-4BQU2RH</Computer><Security UserID='S-1-5-18'/></System><EventData><Data Name='RuleName'>Attack=None,Technique=None,Tactic=None,DS=Named Pipe: Named Pipe Metadata,Level=0,Desc=Anonymous Named Pipe Detected</Data><Data Name='EventType'>CreatePipe</Data><Data Name='UtcTime'>2024-01-06 00:48:22.702</Data><Data Name='ProcessGuid'>{609d2670-5bfd-6598-5700-000000000f00}</Data><Data Name='ProcessId'>3716</Data><Data Name='PipeName'>&lt;Anonymous Pipe&gt;</Data><Data Name='Image'>C:\Program Files\Splunk\bin\splunkd.exe</Data><Data Name='User'>NT AUTHORITY\SYSTEM</Data></EventData></Event>","2024-01-05T19:48:22.702-05:00",allowed,,,,,,0,6,48,january,22,saturday,2024,0,,"DESKTOP-4BQU2RH",,,,,"DESKTOP-4BQU2RH",,"ms-sysmon-process",,,,,,,,"DESKTOP-4BQU2RH",,,main,1,,,,,,,,"Microsoft Windows",,,,,,,"&lt;Anonymous Pipe&gt;",,,"splunkd.exe","{609d2670-5bfd-6598-5700-000000000f00}",,3716,,"splunkd.exe","C:\Program Files\Splunk\bin\splunkd.exe",,,"<_='://../////'><><_='--'_='{----}'/><></><></><><",,,,,,,,,,,,,,,,,,,"PipeEvent (Pipe Created)",17,"XmlWinEventLog:Microsoft-Windows-Sysmon/Operational",xmlwineventlog,"DESKTOP-4BQU2RH",,,,,,,,,,,"process
report",,"process
report",,816,793,,,,,,,SYSTEM,,"Microsoft Sysmon","'http://schemas.microsoft.com/win/2004/08/events/event'"
,None,,,,"DESKTOP-4BQU2RH",,,,"Named Pipe: Named Pipe Metadata","Anonymous Named Pipe Detected</Data><Data Name='EventType'>CreatePipe</Data><Data Name='UtcTime'>2024-01-06 00:48:22.702</Data><Data Name='ProcessGuid'>{609d2670-5bfd-6598-5700-000000000f00}</Data><Data Name='ProcessId'>3716</Data><Data Name='PipeName'>",,,,,,,,,"Microsoft-Windows-Sysmon/Operational",17,"PipeEvent (Pipe Created)",17,CreatePipe,,,,"'{5770385f-c22a-43e0-bf4c-06f5698ffbd9}'",,,"C:\Program Files\Splunk\bin\splunkd.exe",,,,,0x8000000000000000,4,,,,"'Microsoft-Windows-Sysmon'",0,,,,,,,"&lt;Anonymous Pipe&gt;","{609d2670-5bfd-6598-5700-000000000f00}","'3668'",3716,,,,,,457404,,"Attack=None,Technique=None,Tactic=None,DS=Named Pipe: Named Pipe Metadata,Level=0,Desc=Anonymous Named Pipe Detected",,,"S-1-5-18",,,,,,,,,"'2024-01-06T00:48:22.7063500Z'",None,,,17,None,,"'5444'","2024-01-06T00:48:22.7063500Z","NT AUTHORITY\SYSTEM","'S-1-5-18'","2024-01-06 00:48:22.702",1,"<Event xmlns='http://schemas.microsoft.com/win/2004/08/events/event'><System><Provider Name='Microsoft-Windows-Sysmon' Guid='{5770385f-c22a-43e0-bf4c-06f5698ffbd9}'/><EventID>17</EventID><Version>1</Version><Level>4</Level><Task>17</Task><Opcode>0</Opcode><Keywords>0x8000000000000000</Keywords><TimeCreated SystemTime='2024-01-06T00:48:22.7063500Z'/><EventRecordID>457404</EventRecordID><Correlation/><Execution ProcessID='3668' ThreadID='5444'/><Channel>Microsoft-Windows-Sysmon/Operational</Channel><Computer>DESKTOP-4BQU2RH</Computer><Security UserID='S-1-5-18'/></System><EventData><Data Name='RuleName'>Attack=None,Technique=None,Tactic=None,DS=Named Pipe: Named Pipe Metadata,Level=0,Desc=Anonymous Named Pipe Detected</Data><Data Name='EventType'>CreatePipe</Data><Data Name='UtcTime'>2024-01-06 00:48:22.702</Data><Data Name='ProcessGuid'>{609d2670-5bfd-6598-5700-000000000f00}</Data><Data Name='ProcessId'>3716</Data><Data Name='PipeName'>&lt;Anonymous Pipe&gt;</Data><Data Name='Image'>C:\Program Files\Splunk\bin\splunkd.exe</Data><Data Name='User'>NT AUTHORITY\SYSTEM</Data></EventData></Event>","2024-01-05T19:48:22.702-05:00",allowed,,,,,,0,6,48,january,22,saturday,2024,0,,"DESKTOP-4BQU2RH",,,,,"DESKTOP-4BQU2RH",,"ms-sysmon-process",,,,,,,,"DESKTOP-4BQU2RH",,,main,1,,,,,,,,"Microsoft Windows",,,,,,,"&lt;Anonymous Pipe&gt;",,,"splunkd.exe","{609d2670-5bfd-6598-5700-000000000f00}",,3716,,"splunkd.exe","C:\Program Files\Splunk\bin\splunkd.exe",,,"<_='://../////'><><_='--'_='{----}'/><></><></><><",,,,,,,,,,,,,,,,,,,"PipeEvent (Pipe Created)",17,"XmlWinEventLog:Microsoft-Windows-Sysmon/Operational",xmlwineventlog,"DESKTOP-4BQU2RH",,,,,,,,,,,"process
report",,"process
report",,816,793,,,,,,,SYSTEM,,"Microsoft Sysmon","'http://schemas.microsoft.com/win/2004/08/events/event'"
,"T1059.006",,,"Python Software Foundation","DESKTOP-4BQU2RH",,,,"Module: Module Load","Python DLL Loaded","Python Core",,,,,,,,"Microsoft-Windows-Sysmon/Operational",7,"Image loaded",7,,"3.7.17",,,"'{5770385f-c22a-43e0-bf4c-06f5698ffbd9}'","SHA1=C3BB07C2CCFD2C0C47ABBD7EF44186D97494D720,MD5=BDC1E336C69D3D958F4271D3A20B3A56,SHA256=A37ED072F9FFAA303C828D28987F6A90FDA0CF3BF106D082F342BD209A6F56E0,IMPHASH=E18F15AFCBAA190174BF6FA2B6795039",E18F15AFCBAA190174BF6FA2B6795039,"C:\Program Files\Splunk\bin\python3.exe","C:\Program Files\Splunk\bin\python37.dll",,,,0x8000000000000000,4,,,BDC1E336C69D3D958F4271D3A20B3A56,"'Microsoft-Windows-Sysmon'",0,"python37.dll",,,,,,,"{609d2670-a356-6598-c859-000000000f00}","'3668'",1236,Python,,,,,457403,"30</Data><Data Name='UtcTime'>2024-01-06","Attack=T1059.006,Technique=Command and Scripting Interpreter: Python,Tactic=Execution,DS=Module: Module Load,Level=2,Desc=Python DLL Loaded,Risk=30",C3BB07C2CCFD2C0C47ABBD7EF44186D97494D720,A37ED072F9FFAA303C828D28987F6A90FDA0CF3BF106D082F342BD209A6F56E0,"S-1-5-18","Splunk Inc.",Valid,true,,,,,,"'2024-01-06T00:48:22.6489709Z'",Execution,,,7,"Command and Scripting Interpreter: Python",,"'5444'","2024-01-06T00:48:22.6489709Z","NT AUTHORITY\SYSTEM","'S-1-5-18'","2024-01-06 00:48:22.647",3,"<Event xmlns='http://schemas.microsoft.com/win/2004/08/events/event'><System><Provider Name='Microsoft-Windows-Sysmon' Guid='{5770385f-c22a-43e0-bf4c-06f5698ffbd9}'/><EventID>7</EventID><Version>3</Version><Level>4</Level><Task>7</Task><Opcode>0</Opcode><Keywords>0x8000000000000000</Keywords><TimeCreated SystemTime='2024-01-06T00:48:22.6489709Z'/><EventRecordID>457403</EventRecordID><Correlation/><Execution ProcessID='3668' ThreadID='5444'/><Channel>Microsoft-Windows-Sysmon/Operational</Channel><Computer>DESKTOP-4BQU2RH</Computer><Security UserID='S-1-5-18'/></System><EventData><Data Name='RuleName'>Attack=T1059.006,Technique=Command and Scripting Interpreter: Python,Tactic=Execution,DS=Module: Module Load,Level=2,Desc=Python DLL Loaded,Risk=30</Data><Data Name='UtcTime'>2024-01-06 00:48:22.647</Data><Data Name='ProcessGuid'>{609d2670-a356-6598-c859-000000000f00}</Data><Data Name='ProcessId'>1236</Data><Data Name='Image'>C:\Program Files\Splunk\bin\python3.exe</Data><Data Name='ImageLoaded'>C:\Program Files\Splunk\bin\python37.dll</Data><Data Name='FileVersion'>3.7.17</Data><Data Name='Description'>Python Core</Data><Data Name='Product'>Python</Data><Data Name='Company'>Python Software Foundation</Data><Data Name='OriginalFileName'>python37.dll</Data><Data Name='Hashes'>SHA1=C3BB07C2CCFD2C0C47ABBD7EF44186D97494D720,MD5=BDC1E336C69D3D958F4271D3A20B3A56,SHA256=A37ED072F9FFAA303C828D28987F6A90FDA0CF3BF106D082F342BD209A6F56E0,IMPHASH=E18F15AFCBAA190174BF6FA2B6795039</Data><Data Name='Signed'>true</Data><Data Name='Signature'>Splunk Inc.</Data><Data Name='SignatureStatus'>Valid</Data><Data Name='User'>NT AUTHORITY\SYSTEM</Data></EventData></Event>","2024-01-05T19:48:22.647-05:00",success,,,,,,0,6,48,january,22,saturday,2024,0,,"DESKTOP-4BQU2RH",,,,,"DESKTOP-4BQU2RH",,"ms-sysmon-process",,,,,,,,"DESKTOP-4BQU2RH",,,main,1,"python37.dll","C:\Program Files\Splunk\bin\python37.dll",,,,,"python37.dll","Microsoft Windows",,,,,,,,,,"python3.exe","{609d2670-a356-6598-c859-000000000f00}","SHA1=C3BB07C2CCFD2C0C47ABBD7EF44186D97494D720,MD5=BDC1E336C69D3D958F4271D3A20B3A56,SHA256=A37ED072F9FFAA303C828D28987F6A90FDA0CF3BF106D082F342BD209A6F56E0,IMPHASH=E18F15AFCBAA190174BF6FA2B6795039",1236,,"python3.exe","C:\Program Files\Splunk\bin\python3.exe",,,"<_='://../////'><><_='--'_='{----}'/><></><></><><",,,,,,,,,,,,,,true,true,,,,"Image loaded",7,"XmlWinEventLog:Microsoft-Windows-Sysmon/Operational",xmlwineventlog,"DESKTOP-4BQU2RH",,,,,,,,,,,"process
report
success",success,"process
report",,805,782,,,,,,,SYSTEM,,"Microsoft Sysmon","'http://schemas.microsoft.com/win/2004/08/events/event'"
,"T1059.006",,,"Python Software Foundation","DESKTOP-4BQU2RH",,,,"Module: Module Load","Python DLL Loaded",Python,,,,,,,,"Microsoft-Windows-Sysmon/Operational",7,"Image loaded",7,,"3.7.17",,,"'{5770385f-c22a-43e0-bf4c-06f5698ffbd9}'","SHA1=C20ED032E9F37A09295F43BE9D6C41252F8762A2,MD5=F91CD0A4D8BB0A99DB47476ADEB76107,SHA256=1152EEC3EDFC5135F5CE4891D13FDC82F692A5C0DD6624655312D06AF1909528,IMPHASH=3C2FC59273192A34F1AA4A59DF3B348E",3C2FC59273192A34F1AA4A59DF3B348E,"C:\Program Files\Splunk\bin\python3.exe","C:\Program Files\Splunk\bin\python3.exe",,,,0x8000000000000000,4,,,F91CD0A4D8BB0A99DB47476ADEB76107,"'Microsoft-Windows-Sysmon'",0,"python.exe",,,,,,,"{609d2670-a356-6598-c859-000000000f00}","'3668'",1236,Python,,,,,457402,"30</Data><Data Name='UtcTime'>2024-01-06","Attack=T1059.006,Technique=Command and Scripting Interpreter: Python,Tactic=Execution,DS=Module: Module Load,Level=2,Desc=Python DLL Loaded,Risk=30",C20ED032E9F37A09295F43BE9D6C41252F8762A2,1152EEC3EDFC5135F5CE4891D13FDC82F692A5C0DD6624655312D06AF1909528,"S-1-5-18","Splunk Inc.",Valid,true,,,,,,"'2024-01-06T00:48:22.6468748Z'",Execution,,,7,"Command and Scripting Interpreter: Python",,"'5444'","2024-01-06T00:48:22.6468748Z","NT AUTHORITY\SYSTEM","'S-1-5-18'","2024-01-06 00:48:22.644",3,"<Event xmlns='http://schemas.microsoft.com/win/2004/08/events/event'><System><Provider Name='Microsoft-Windows-Sysmon' Guid='{5770385f-c22a-43e0-bf4c-06f5698ffbd9}'/><EventID>7</EventID><Version>3</Version><Level>4</Level><Task>7</Task><Opcode>0</Opcode><Keywords>0x8000000000000000</Keywords><TimeCreated SystemTime='2024-01-06T00:48:22.6468748Z'/><EventRecordID>457402</EventRecordID><Correlation/><Execution ProcessID='3668' ThreadID='5444'/><Channel>Microsoft-Windows-Sysmon/Operational</Channel><Computer>DESKTOP-4BQU2RH</Computer><Security UserID='S-1-5-18'/></System><EventData><Data Name='RuleName'>Attack=T1059.006,Technique=Command and Scripting Interpreter: Python,Tactic=Execution,DS=Module: Module Load,Level=2,Desc=Python DLL Loaded,Risk=30</Data><Data Name='UtcTime'>2024-01-06 00:48:22.644</Data><Data Name='ProcessGuid'>{609d2670-a356-6598-c859-000000000f00}</Data><Data Name='ProcessId'>1236</Data><Data Name='Image'>C:\Program Files\Splunk\bin\python3.exe</Data><Data Name='ImageLoaded'>C:\Program Files\Splunk\bin\python3.exe</Data><Data Name='FileVersion'>3.7.17</Data><Data Name='Description'>Python</Data><Data Name='Product'>Python</Data><Data Name='Company'>Python Software Foundation</Data><Data Name='OriginalFileName'>python.exe</Data><Data Name='Hashes'>SHA1=C20ED032E9F37A09295F43BE9D6C41252F8762A2,MD5=F91CD0A4D8BB0A99DB47476ADEB76107,SHA256=1152EEC3EDFC5135F5CE4891D13FDC82F692A5C0DD6624655312D06AF1909528,IMPHASH=3C2FC59273192A34F1AA4A59DF3B348E</Data><Data Name='Signed'>true</Data><Data Name='Signature'>Splunk Inc.</Data><Data Name='SignatureStatus'>Valid</Data><Data Name='User'>NT AUTHORITY\SYSTEM</Data></EventData></Event>","2024-01-05T19:48:22.644-05:00",success,,,,,,0,6,48,january,22,saturday,2024,0,,"DESKTOP-4BQU2RH",,,,,"DESKTOP-4BQU2RH",,"ms-sysmon-process",,,,,,,,"DESKTOP-4BQU2RH",,,main,1,"python3.exe","C:\Program Files\Splunk\bin\python3.exe",,,,,"python.exe","Microsoft Windows",,,,,,,,,,"python3.exe","{609d2670-a356-6598-c859-000000000f00}","SHA1=C20ED032E9F37A09295F43BE9D6C41252F8762A2,MD5=F91CD0A4D8BB0A99DB47476ADEB76107,SHA256=1152EEC3EDFC5135F5CE4891D13FDC82F692A5C0DD6624655312D06AF1909528,IMPHASH=3C2FC59273192A34F1AA4A59DF3B348E",1236,,"python3.exe","C:\Program Files\Splunk\bin\python3.exe",,,"<_='://../////'><><_='--'_='{----}'/><></><></><><",,,,,,,,,,,,,,true,true,,,,"Image loaded",7,"XmlWinEventLog:Microsoft-Windows-Sysmon/Operational",xmlwineventlog,"DESKTOP-4BQU2RH",,,,,,,,,,,"process
report
success",success,"process
report",,805,782,,,,,,,SYSTEM,,"Microsoft Sysmon","'http://schemas.microsoft.com/win/2004/08/events/event'"
,None,,,,"DESKTOP-4BQU2RH",,,,"Named Pipe: Named Pipe Metadata","Anonymous Named Pipe Detected</Data><Data Name='EventType'>CreatePipe</Data><Data Name='UtcTime'>2024-01-06 00:48:22.641</Data><Data Name='ProcessGuid'>{609d2670-5bfd-6598-5700-000000000f00}</Data><Data Name='ProcessId'>3716</Data><Data Name='PipeName'>",,,,,,,,,"Microsoft-Windows-Sysmon/Operational",17,"PipeEvent (Pipe Created)",17,CreatePipe,,,,"'{5770385f-c22a-43e0-bf4c-06f5698ffbd9}'",,,"C:\Program Files\Splunk\bin\splunkd.exe",,,,,0x8000000000000000,4,,,,"'Microsoft-Windows-Sysmon'",0,,,,,,,"&lt;Anonymous Pipe&gt;","{609d2670-5bfd-6598-5700-000000000f00}","'3668'",3716,,,,,,457401,,"Attack=None,Technique=None,Tactic=None,DS=Named Pipe: Named Pipe Metadata,Level=0,Desc=Anonymous Named Pipe Detected",,,"S-1-5-18",,,,,,,,,"'2024-01-06T00:48:22.6420488Z'",None,,,17,None,,"'5444'","2024-01-06T00:48:22.6420488Z","NT AUTHORITY\SYSTEM","'S-1-5-18'","2024-01-06 00:48:22.641",1,"<Event xmlns='http://schemas.microsoft.com/win/2004/08/events/event'><System><Provider Name='Microsoft-Windows-Sysmon' Guid='{5770385f-c22a-43e0-bf4c-06f5698ffbd9}'/><EventID>17</EventID><Version>1</Version><Level>4</Level><Task>17</Task><Opcode>0</Opcode><Keywords>0x8000000000000000</Keywords><TimeCreated SystemTime='2024-01-06T00:48:22.6420488Z'/><EventRecordID>457401</EventRecordID><Correlation/><Execution ProcessID='3668' ThreadID='5444'/><Channel>Microsoft-Windows-Sysmon/Operational</Channel><Computer>DESKTOP-4BQU2RH</Computer><Security UserID='S-1-5-18'/></System><EventData><Data Name='RuleName'>Attack=None,Technique=None,Tactic=None,DS=Named Pipe: Named Pipe Metadata,Level=0,Desc=Anonymous Named Pipe Detected</Data><Data Name='EventType'>CreatePipe</Data><Data Name='UtcTime'>2024-01-06 00:48:22.641</Data><Data Name='ProcessGuid'>{609d2670-5bfd-6598-5700-000000000f00}</Data><Data Name='ProcessId'>3716</Data><Data Name='PipeName'>&lt;Anonymous Pipe&gt;</Data><Data Name='Image'>C:\Program Files\Splunk\bin\splunkd.exe</Data><Data Name='User'>NT AUTHORITY\SYSTEM</Data></EventData></Event>","2024-01-05T19:48:22.641-05:00",allowed,,,,,,0,6,48,january,22,saturday,2024,0,,"DESKTOP-4BQU2RH",,,,,"DESKTOP-4BQU2RH",,"ms-sysmon-process",,,,,,,,"DESKTOP-4BQU2RH",,,main,1,,,,,,,,"Microsoft Windows",,,,,,,"&lt;Anonymous Pipe&gt;",,,"splunkd.exe","{609d2670-5bfd-6598-5700-000000000f00}",,3716,,"splunkd.exe","C:\Program Files\Splunk\bin\splunkd.exe",,,"<_='://../////'><><_='--'_='{----}'/><></><></><><",,,,,,,,,,,,,,,,,,,"PipeEvent (Pipe Created)",17,"XmlWinEventLog:Microsoft-Windows-Sysmon/Operational",xmlwineventlog,"DESKTOP-4BQU2RH",,,,,,,,,,,"process
report",,"process
report",,816,793,,,,,,,SYSTEM,,"Microsoft Sysmon","'http://schemas.microsoft.com/win/2004/08/events/event'"
,None,,,,"DESKTOP-4BQU2RH",,,,"Named Pipe: Named Pipe Metadata","Anonymous Named Pipe Detected</Data><Data Name='EventType'>CreatePipe</Data><Data Name='UtcTime'>2024-01-06 00:48:22.641</Data><Data Name='ProcessGuid'>{609d2670-5bfd-6598-5700-000000000f00}</Data><Data Name='ProcessId'>3716</Data><Data Name='PipeName'>",,,,,,,,,"Microsoft-Windows-Sysmon/Operational",17,"PipeEvent (Pipe Created)",17,CreatePipe,,,,"'{5770385f-c22a-43e0-bf4c-06f5698ffbd9}'",,,"C:\Program Files\Splunk\bin\splunkd.exe",,,,,0x8000000000000000,4,,,,"'Microsoft-Windows-Sysmon'",0,,,,,,,"&lt;Anonymous Pipe&gt;","{609d2670-5bfd-6598-5700-000000000f00}","'3668'",3716,,,,,,457400,,"Attack=None,Technique=None,Tactic=None,DS=Named Pipe: Named Pipe Metadata,Level=0,Desc=Anonymous Named Pipe Detected",,,"S-1-5-18",,,,,,,,,"'2024-01-06T00:48:22.6419870Z'",None,,,17,None,,"'5444'","2024-01-06T00:48:22.6419870Z","NT AUTHORITY\SYSTEM","'S-1-5-18'","2024-01-06 00:48:22.641",1,"<Event xmlns='http://schemas.microsoft.com/win/2004/08/events/event'><System><Provider Name='Microsoft-Windows-Sysmon' Guid='{5770385f-c22a-43e0-bf4c-06f5698ffbd9}'/><EventID>17</EventID><Version>1</Version><Level>4</Level><Task>17</Task><Opcode>0</Opcode><Keywords>0x8000000000000000</Keywords><TimeCreated SystemTime='2024-01-06T00:48:22.6419870Z'/><EventRecordID>457400</EventRecordID><Correlation/><Execution ProcessID='3668' ThreadID='5444'/><Channel>Microsoft-Windows-Sysmon/Operational</Channel><Computer>DESKTOP-4BQU2RH</Computer><Security UserID='S-1-5-18'/></System><EventData><Data Name='RuleName'>Attack=None,Technique=None,Tactic=None,DS=Named Pipe: Named Pipe Metadata,Level=0,Desc=Anonymous Named Pipe Detected</Data><Data Name='EventType'>CreatePipe</Data><Data Name='UtcTime'>2024-01-06 00:48:22.641</Data><Data Name='ProcessGuid'>{609d2670-5bfd-6598-5700-000000000f00}</Data><Data Name='ProcessId'>3716</Data><Data Name='PipeName'>&lt;Anonymous Pipe&gt;</Data><Data Name='Image'>C:\Program Files\Splunk\bin\splunkd.exe</Data><Data Name='User'>NT AUTHORITY\SYSTEM</Data></EventData></Event>","2024-01-05T19:48:22.641-05:00",allowed,,,,,,0,6,48,january,22,saturday,2024,0,,"DESKTOP-4BQU2RH",,,,,"DESKTOP-4BQU2RH",,"ms-sysmon-process",,,,,,,,"DESKTOP-4BQU2RH",,,main,1,,,,,,,,"Microsoft Windows",,,,,,,"&lt;Anonymous Pipe&gt;",,,"splunkd.exe","{609d2670-5bfd-6598-5700-000000000f00}",,3716,,"splunkd.exe","C:\Program Files\Splunk\bin\splunkd.exe",,,"<_='://../////'><><_='--'_='{----}'/><></><></><><",,,,,,,,,,,,,,,,,,,"PipeEvent (Pipe Created)",17,"XmlWinEventLog:Microsoft-Windows-Sysmon/Operational",xmlwineventlog,"DESKTOP-4BQU2RH",,,,,,,,,,,"process
report",,"process
report",,816,793,,,,,,,SYSTEM,,"Microsoft Sysmon","'http://schemas.microsoft.com/win/2004/08/events/event'"
,None,,,,"DESKTOP-4BQU2RH",,,,"Named Pipe: Named Pipe Metadata","Anonymous Named Pipe Detected</Data><Data Name='EventType'>CreatePipe</Data><Data Name='UtcTime'>2024-01-06 00:48:22.641</Data><Data Name='ProcessGuid'>{609d2670-5bfd-6598-5700-000000000f00}</Data><Data Name='ProcessId'>3716</Data><Data Name='PipeName'>",,,,,,,,,"Microsoft-Windows-Sysmon/Operational",17,"PipeEvent (Pipe Created)",17,CreatePipe,,,,"'{5770385f-c22a-43e0-bf4c-06f5698ffbd9}'",,,"C:\Program Files\Splunk\bin\splunkd.exe",,,,,0x8000000000000000,4,,,,"'Microsoft-Windows-Sysmon'",0,,,,,,,"&lt;Anonymous Pipe&gt;","{609d2670-5bfd-6598-5700-000000000f00}","'3668'",3716,,,,,,457399,,"Attack=None,Technique=None,Tactic=None,DS=Named Pipe: Named Pipe Metadata,Level=0,Desc=Anonymous Named Pipe Detected",,,"S-1-5-18",,,,,,,,,"'2024-01-06T00:48:22.6418828Z'",None,,,17,None,,"'5444'","2024-01-06T00:48:22.6418828Z","NT AUTHORITY\SYSTEM","'S-1-5-18'","2024-01-06 00:48:22.641",1,"<Event xmlns='http://schemas.microsoft.com/win/2004/08/events/event'><System><Provider Name='Microsoft-Windows-Sysmon' Guid='{5770385f-c22a-43e0-bf4c-06f5698ffbd9}'/><EventID>17</EventID><Version>1</Version><Level>4</Level><Task>17</Task><Opcode>0</Opcode><Keywords>0x8000000000000000</Keywords><TimeCreated SystemTime='2024-01-06T00:48:22.6418828Z'/><EventRecordID>457399</EventRecordID><Correlation/><Execution ProcessID='3668' ThreadID='5444'/><Channel>Microsoft-Windows-Sysmon/Operational</Channel><Computer>DESKTOP-4BQU2RH</Computer><Security UserID='S-1-5-18'/></System><EventData><Data Name='RuleName'>Attack=None,Technique=None,Tactic=None,DS=Named Pipe: Named Pipe Metadata,Level=0,Desc=Anonymous Named Pipe Detected</Data><Data Name='EventType'>CreatePipe</Data><Data Name='UtcTime'>2024-01-06 00:48:22.641</Data><Data Name='ProcessGuid'>{609d2670-5bfd-6598-5700-000000000f00}</Data><Data Name='ProcessId'>3716</Data><Data Name='PipeName'>&lt;Anonymous Pipe&gt;</Data><Data Name='Image'>C:\Program Files\Splunk\bin\splunkd.exe</Data><Data Name='User'>NT AUTHORITY\SYSTEM</Data></EventData></Event>","2024-01-05T19:48:22.641-05:00",allowed,,,,,,0,6,48,january,22,saturday,2024,0,,"DESKTOP-4BQU2RH",,,,,"DESKTOP-4BQU2RH",,"ms-sysmon-process",,,,,,,,"DESKTOP-4BQU2RH",,,main,1,,,,,,,,"Microsoft Windows",,,,,,,"&lt;Anonymous Pipe&gt;",,,"splunkd.exe","{609d2670-5bfd-6598-5700-000000000f00}",,3716,,"splunkd.exe","C:\Program Files\Splunk\bin\splunkd.exe",,,"<_='://../////'><><_='--'_='{----}'/><></><></><><",,,,,,,,,,,,,,,,,,,"PipeEvent (Pipe Created)",17,"XmlWinEventLog:Microsoft-Windows-Sysmon/Operational",xmlwineventlog,"DESKTOP-4BQU2RH",,,,,,,,,,,"process
report",,"process
report",,816,793,,,,,,,SYSTEM,,"Microsoft Sysmon","'http://schemas.microsoft.com/win/2004/08/events/event'"
,"T1059.006",,,"Python Software Foundation","DESKTOP-4BQU2RH",,,,"Module: Module Load","Python DLL Loaded","Python Core",,,,,,,,"Microsoft-Windows-Sysmon/Operational",7,"Image loaded",7,,"3.7.17",,,"'{5770385f-c22a-43e0-bf4c-06f5698ffbd9}'","SHA1=C3BB07C2CCFD2C0C47ABBD7EF44186D97494D720,MD5=BDC1E336C69D3D958F4271D3A20B3A56,SHA256=A37ED072F9FFAA303C828D28987F6A90FDA0CF3BF106D082F342BD209A6F56E0,IMPHASH=E18F15AFCBAA190174BF6FA2B6795039",E18F15AFCBAA190174BF6FA2B6795039,"C:\Program Files\Splunk\bin\python3.exe","C:\Program Files\Splunk\bin\python37.dll",,,,0x8000000000000000,4,,,BDC1E336C69D3D958F4271D3A20B3A56,"'Microsoft-Windows-Sysmon'",0,"python37.dll",,,,,,,"{609d2670-a356-6598-c759-000000000f00}","'3668'",8696,Python,,,,,457398,"30</Data><Data Name='UtcTime'>2024-01-06","Attack=T1059.006,Technique=Command and Scripting Interpreter: Python,Tactic=Execution,DS=Module: Module Load,Level=2,Desc=Python DLL Loaded,Risk=30",C3BB07C2CCFD2C0C47ABBD7EF44186D97494D720,A37ED072F9FFAA303C828D28987F6A90FDA0CF3BF106D082F342BD209A6F56E0,"S-1-5-18","Splunk Inc.",Valid,true,,,,,,"'2024-01-06T00:48:22.6006604Z'",Execution,,,7,"Command and Scripting Interpreter: Python",,"'5444'","2024-01-06T00:48:22.6006604Z","NT AUTHORITY\SYSTEM","'S-1-5-18'","2024-01-06 00:48:22.598",3,"<Event xmlns='http://schemas.microsoft.com/win/2004/08/events/event'><System><Provider Name='Microsoft-Windows-Sysmon' Guid='{5770385f-c22a-43e0-bf4c-06f5698ffbd9}'/><EventID>7</EventID><Version>3</Version><Level>4</Level><Task>7</Task><Opcode>0</Opcode><Keywords>0x8000000000000000</Keywords><TimeCreated SystemTime='2024-01-06T00:48:22.6006604Z'/><EventRecordID>457398</EventRecordID><Correlation/><Execution ProcessID='3668' ThreadID='5444'/><Channel>Microsoft-Windows-Sysmon/Operational</Channel><Computer>DESKTOP-4BQU2RH</Computer><Security UserID='S-1-5-18'/></System><EventData><Data Name='RuleName'>Attack=T1059.006,Technique=Command and Scripting Interpreter: Python,Tactic=Execution,DS=Module: Module Load,Level=2,Desc=Python DLL Loaded,Risk=30</Data><Data Name='UtcTime'>2024-01-06 00:48:22.598</Data><Data Name='ProcessGuid'>{609d2670-a356-6598-c759-000000000f00}</Data><Data Name='ProcessId'>8696</Data><Data Name='Image'>C:\Program Files\Splunk\bin\python3.exe</Data><Data Name='ImageLoaded'>C:\Program Files\Splunk\bin\python37.dll</Data><Data Name='FileVersion'>3.7.17</Data><Data Name='Description'>Python Core</Data><Data Name='Product'>Python</Data><Data Name='Company'>Python Software Foundation</Data><Data Name='OriginalFileName'>python37.dll</Data><Data Name='Hashes'>SHA1=C3BB07C2CCFD2C0C47ABBD7EF44186D97494D720,MD5=BDC1E336C69D3D958F4271D3A20B3A56,SHA256=A37ED072F9FFAA303C828D28987F6A90FDA0CF3BF106D082F342BD209A6F56E0,IMPHASH=E18F15AFCBAA190174BF6FA2B6795039</Data><Data Name='Signed'>true</Data><Data Name='Signature'>Splunk Inc.</Data><Data Name='SignatureStatus'>Valid</Data><Data Name='User'>NT AUTHORITY\SYSTEM</Data></EventData></Event>","2024-