01-05T19:47:52.642-05:00",allowed,,,,,,0,6,47,january,52,saturday,2024,0,,"DESKTOP-4BQU2RH",,,,,"DESKTOP-4BQU2RH",,"ms-sysmon-process",,,,,,,,"DESKTOP-4BQU2RH",,,main,1,,,,,,,,"Microsoft Windows",,,,,,,"&lt;Anonymous Pipe&gt;",,,"splunkd.exe","{609d2670-5bfd-6598-5700-000000000f00}",,3716,,"splunkd.exe","C:\Program Files\Splunk\bin\splunkd.exe",,,"<_='://../////'><><_='--'_='{----}'/><></><></><><",,,,,,,,,,,,,,,,,,,"PipeEvent (Pipe Created)",17,"XmlWinEventLog:Microsoft-Windows-Sysmon/Operational",xmlwineventlog,"DESKTOP-4BQU2RH",,,,,,,,,,,"process
report",,"process
report",,816,793,,,,,,,SYSTEM,,"Microsoft Sysmon","'http://schemas.microsoft.com/win/2004/08/events/event'"
,"T1059.006",,,"Python Software Foundation","DESKTOP-4BQU2RH",,,,"Module: Module Load","Python DLL Loaded","Python Core",,,,,,,,"Microsoft-Windows-Sysmon/Operational",7,"Image loaded",7,,"3.7.17",,,"'{5770385f-c22a-43e0-bf4c-06f5698ffbd9}'","SHA1=C3BB07C2CCFD2C0C47ABBD7EF44186D97494D720,MD5=BDC1E336C69D3D958F4271D3A20B3A56,SHA256=A37ED072F9FFAA303C828D28987F6A90FDA0CF3BF106D082F342BD209A6F56E0,IMPHASH=E18F15AFCBAA190174BF6FA2B6795039",E18F15AFCBAA190174BF6FA2B6795039,"C:\Program Files\Splunk\bin\python3.exe","C:\Program Files\Splunk\bin\python37.dll",,,,0x8000000000000000,4,,,BDC1E336C69D3D958F4271D3A20B3A56,"'Microsoft-Windows-Sysmon'",0,"python37.dll",,,,,,,"{609d2670-a338-6598-8f59-000000000f00}","'3668'",5856,Python,,,,,457244,"30</Data><Data Name='UtcTime'>2024-01-06","Attack=T1059.006,Technique=Command and Scripting Interpreter: Python,Tactic=Execution,DS=Module: Module Load,Level=2,Desc=Python DLL Loaded,Risk=30",C3BB07C2CCFD2C0C47ABBD7EF44186D97494D720,A37ED072F9FFAA303C828D28987F6A90FDA0CF3BF106D082F342BD209A6F56E0,"S-1-5-18","Splunk Inc.",Valid,true,,,,,,"'2024-01-06T00:47:52.6011146Z'",Execution,,,7,"Command and Scripting Interpreter: Python",,"'5444'","2024-01-06T00:47:52.6011146Z","NT AUTHORITY\SYSTEM","'S-1-5-18'","2024-01-06 00:47:52.599",3,"<Event xmlns='http://schemas.microsoft.com/win/2004/08/events/event'><System><Provider Name='Microsoft-Windows-Sysmon' Guid='{5770385f-c22a-43e0-bf4c-06f5698ffbd9}'/><EventID>7</EventID><Version>3</Version><Level>4</Level><Task>7</Task><Opcode>0</Opcode><Keywords>0x8000000000000000</Keywords><TimeCreated SystemTime='2024-01-06T00:47:52.6011146Z'/><EventRecordID>457244</EventRecordID><Correlation/><Execution ProcessID='3668' ThreadID='5444'/><Channel>Microsoft-Windows-Sysmon/Operational</Channel><Computer>DESKTOP-4BQU2RH</Computer><Security UserID='S-1-5-18'/></System><EventData><Data Name='RuleName'>Attack=T1059.006,Technique=Command and Scripting Interpreter: Python,Tactic=Execution,DS=Module: Module Load,Level=2,Desc=Python DLL Loaded,Risk=30</Data><Data Name='UtcTime'>2024-01-06 00:47:52.599</Data><Data Name='ProcessGuid'>{609d2670-a338-6598-8f59-000000000f00}</Data><Data Name='ProcessId'>5856</Data><Data Name='Image'>C:\Program Files\Splunk\bin\python3.exe</Data><Data Name='ImageLoaded'>C:\Program Files\Splunk\bin\python37.dll</Data><Data Name='FileVersion'>3.7.17</Data><Data Name='Description'>Python Core</Data><Data Name='Product'>Python</Data><Data Name='Company'>Python Software Foundation</Data><Data Name='OriginalFileName'>python37.dll</Data><Data Name='Hashes'>SHA1=C3BB07C2CCFD2C0C47ABBD7EF44186D97494D720,MD5=BDC1E336C69D3D958F4271D3A20B3A56,SHA256=A37ED072F9FFAA303C828D28987F6A90FDA0CF3BF106D082F342BD209A6F56E0,IMPHASH=E18F15AFCBAA190174BF6FA2B6795039</Data><Data Name='Signed'>true</Data><Data Name='Signature'>Splunk Inc.</Data><Data Name='SignatureStatus'>Valid</Data><Data Name='User'>NT AUTHORITY\SYSTEM</Data></EventData></Event>","2024-01-05T19:47:52.599-05:00",success,,,,,,0,6,47,january,52,saturday,2024,0,,"DESKTOP-4BQU2RH",,,,,"DESKTOP-4BQU2RH",,"ms-sysmon-process",,,,,,,,"DESKTOP-4BQU2RH",,,main,1,"python37.dll","C:\Program Files\Splunk\bin\python37.dll",,,,,"python37.dll","Microsoft Windows",,,,,,,,,,"python3.exe","{609d2670-a338-6598-8f59-000000000f00}","SHA1=C3BB07C2CCFD2C0C47ABBD7EF44186D97494D720,MD5=BDC1E336C69D3D958F4271D3A20B3A56,SHA256=A37ED072F9FFAA303C828D28987F6A90FDA0CF3BF106D082F342BD209A6F56E0,IMPHASH=E18F15AFCBAA190174BF6FA2B6795039",5856,,"python3.exe","C:\Program Files\Splunk\bin\python3.exe",,,"<_='://../////'><><_='--'_='{----}'/><></><></><><",,,,,,,,,,,,,,true,true,,,,"Image loaded",7,"XmlWinEventLog:Microsoft-Windows-Sysmon/Operational",xmlwineventlog,"DESKTOP-4BQU2RH",,,,,,,,,,,"process
report
success",success,"process
report",,805,782,,,,,,,SYSTEM,,"Microsoft Sysmon","'http://schemas.microsoft.com/win/2004/08/events/event'"
,"T1059.006",,,"Python Software Foundation","DESKTOP-4BQU2RH",,,,"Module: Module Load","Python DLL Loaded",Python,,,,,,,,"Microsoft-Windows-Sysmon/Operational",7,"Image loaded",7,,"3.7.17",,,"'{5770385f-c22a-43e0-bf4c-06f5698ffbd9}'","SHA1=C20ED032E9F37A09295F43BE9D6C41252F8762A2,MD5=F91CD0A4D8BB0A99DB47476ADEB76107,SHA256=1152EEC3EDFC5135F5CE4891D13FDC82F692A5C0DD6624655312D06AF1909528,IMPHASH=3C2FC59273192A34F1AA4A59DF3B348E",3C2FC59273192A34F1AA4A59DF3B348E,"C:\Program Files\Splunk\bin\python3.exe","C:\Program Files\Splunk\bin\python3.exe",,,,0x8000000000000000,4,,,F91CD0A4D8BB0A99DB47476ADEB76107,"'Microsoft-Windows-Sysmon'",0,"python.exe",,,,,,,"{609d2670-a338-6598-8f59-000000000f00}","'3668'",5856,Python,,,,,457243,"30</Data><Data Name='UtcTime'>2024-01-06","Attack=T1059.006,Technique=Command and Scripting Interpreter: Python,Tactic=Execution,DS=Module: Module Load,Level=2,Desc=Python DLL Loaded,Risk=30",C20ED032E9F37A09295F43BE9D6C41252F8762A2,1152EEC3EDFC5135F5CE4891D13FDC82F692A5C0DD6624655312D06AF1909528,"S-1-5-18","Splunk Inc.",Valid,true,,,,,,"'2024-01-06T00:47:52.5999997Z'",Execution,,,7,"Command and Scripting Interpreter: Python",,"'5444'","2024-01-06T00:47:52.5999997Z","NT AUTHORITY\SYSTEM","'S-1-5-18'","2024-01-06 00:47:52.596",3,"<Event xmlns='http://schemas.microsoft.com/win/2004/08/events/event'><System><Provider Name='Microsoft-Windows-Sysmon' Guid='{5770385f-c22a-43e0-bf4c-06f5698ffbd9}'/><EventID>7</EventID><Version>3</Version><Level>4</Level><Task>7</Task><Opcode>0</Opcode><Keywords>0x8000000000000000</Keywords><TimeCreated SystemTime='2024-01-06T00:47:52.5999997Z'/><EventRecordID>457243</EventRecordID><Correlation/><Execution ProcessID='3668' ThreadID='5444'/><Channel>Microsoft-Windows-Sysmon/Operational</Channel><Computer>DESKTOP-4BQU2RH</Computer><Security UserID='S-1-5-18'/></System><EventData><Data Name='RuleName'>Attack=T1059.006,Technique=Command and Scripting Interpreter: Python,Tactic=Execution,DS=Module: Module Load,Level=2,Desc=Python DLL Loaded,Risk=30</Data><Data Name='UtcTime'>2024-01-06 00:47:52.596</Data><Data Name='ProcessGuid'>{609d2670-a338-6598-8f59-000000000f00}</Data><Data Name='ProcessId'>5856</Data><Data Name='Image'>C:\Program Files\Splunk\bin\python3.exe</Data><Data Name='ImageLoaded'>C:\Program Files\Splunk\bin\python3.exe</Data><Data Name='FileVersion'>3.7.17</Data><Data Name='Description'>Python</Data><Data Name='Product'>Python</Data><Data Name='Company'>Python Software Foundation</Data><Data Name='OriginalFileName'>python.exe</Data><Data Name='Hashes'>SHA1=C20ED032E9F37A09295F43BE9D6C41252F8762A2,MD5=F91CD0A4D8BB0A99DB47476ADEB76107,SHA256=1152EEC3EDFC5135F5CE4891D13FDC82F692A5C0DD6624655312D06AF1909528,IMPHASH=3C2FC59273192A34F1AA4A59DF3B348E</Data><Data Name='Signed'>true</Data><Data Name='Signature'>Splunk Inc.</Data><Data Name='SignatureStatus'>Valid</Data><Data Name='User'>NT AUTHORITY\SYSTEM</Data></EventData></Event>","2024-01-05T19:47:52.596-05:00",success,,,,,,0,6,47,january,52,saturday,2024,0,,"DESKTOP-4BQU2RH",,,,,"DESKTOP-4BQU2RH",,"ms-sysmon-process",,,,,,,,"DESKTOP-4BQU2RH",,,main,1,"python3.exe","C:\Program Files\Splunk\bin\python3.exe",,,,,"python.exe","Microsoft Windows",,,,,,,,,,"python3.exe","{609d2670-a338-6598-8f59-000000000f00}","SHA1=C20ED032E9F37A09295F43BE9D6C41252F8762A2,MD5=F91CD0A4D8BB0A99DB47476ADEB76107,SHA256=1152EEC3EDFC5135F5CE4891D13FDC82F692A5C0DD6624655312D06AF1909528,IMPHASH=3C2FC59273192A34F1AA4A59DF3B348E",5856,,"python3.exe","C:\Program Files\Splunk\bin\python3.exe",,,"<_='://../////'><><_='--'_='{----}'/><></><></><><",,,,,,,,,,,,,,true,true,,,,"Image loaded",7,"XmlWinEventLog:Microsoft-Windows-Sysmon/Operational",xmlwineventlog,"DESKTOP-4BQU2RH",,,,,,,,,,,"process
report
success",success,"process
report",,805,782,,,,,,,SYSTEM,,"Microsoft Sysmon","'http://schemas.microsoft.com/win/2004/08/events/event'"
,None,,,,"DESKTOP-4BQU2RH",,,,"Named Pipe: Named Pipe Metadata","Anonymous Named Pipe Detected</Data><Data Name='EventType'>CreatePipe</Data><Data Name='UtcTime'>2024-01-06 00:47:52.594</Data><Data Name='ProcessGuid'>{609d2670-5bfd-6598-5700-000000000f00}</Data><Data Name='ProcessId'>3716</Data><Data Name='PipeName'>",,,,,,,,,"Microsoft-Windows-Sysmon/Operational",17,"PipeEvent (Pipe Created)",17,CreatePipe,,,,"'{5770385f-c22a-43e0-bf4c-06f5698ffbd9}'",,,"C:\Program Files\Splunk\bin\splunkd.exe",,,,,0x8000000000000000,4,,,,"'Microsoft-Windows-Sysmon'",0,,,,,,,"&lt;Anonymous Pipe&gt;","{609d2670-5bfd-6598-5700-000000000f00}","'3668'",3716,,,,,,457242,,"Attack=None,Technique=None,Tactic=None,DS=Named Pipe: Named Pipe Metadata,Level=0,Desc=Anonymous Named Pipe Detected",,,"S-1-5-18",,,,,,,,,"'2024-01-06T00:47:52.5955019Z'",None,,,17,None,,"'5444'","2024-01-06T00:47:52.5955019Z","NT AUTHORITY\SYSTEM","'S-1-5-18'","2024-01-06 00:47:52.594",1,"<Event xmlns='http://schemas.microsoft.com/win/2004/08/events/event'><System><Provider Name='Microsoft-Windows-Sysmon' Guid='{5770385f-c22a-43e0-bf4c-06f5698ffbd9}'/><EventID>17</EventID><Version>1</Version><Level>4</Level><Task>17</Task><Opcode>0</Opcode><Keywords>0x8000000000000000</Keywords><TimeCreated SystemTime='2024-01-06T00:47:52.5955019Z'/><EventRecordID>457242</EventRecordID><Correlation/><Execution ProcessID='3668' ThreadID='5444'/><Channel>Microsoft-Windows-Sysmon/Operational</Channel><Computer>DESKTOP-4BQU2RH</Computer><Security UserID='S-1-5-18'/></System><EventData><Data Name='RuleName'>Attack=None,Technique=None,Tactic=None,DS=Named Pipe: Named Pipe Metadata,Level=0,Desc=Anonymous Named Pipe Detected</Data><Data Name='EventType'>CreatePipe</Data><Data Name='UtcTime'>2024-01-06 00:47:52.594</Data><Data Name='ProcessGuid'>{609d2670-5bfd-6598-5700-000000000f00}</Data><Data Name='ProcessId'>3716</Data><Data Name='PipeName'>&lt;Anonymous Pipe&gt;</Data><Data Name='Image'>C:\Program Files\Splunk\bin\splunkd.exe</Data><Data Name='User'>NT AUTHORITY\SYSTEM</Data></EventData></Event>","2024-01-05T19:47:52.594-05:00",allowed,,,,,,0,6,47,january,52,saturday,2024,0,,"DESKTOP-4BQU2RH",,,,,"DESKTOP-4BQU2RH",,"ms-sysmon-process",,,,,,,,"DESKTOP-4BQU2RH",,,main,1,,,,,,,,"Microsoft Windows",,,,,,,"&lt;Anonymous Pipe&gt;",,,"splunkd.exe","{609d2670-5bfd-6598-5700-000000000f00}",,3716,,"splunkd.exe","C:\Program Files\Splunk\bin\splunkd.exe",,,"<_='://../////'><><_='--'_='{----}'/><></><></><><",,,,,,,,,,,,,,,,,,,"PipeEvent (Pipe Created)",17,"XmlWinEventLog:Microsoft-Windows-Sysmon/Operational",xmlwineventlog,"DESKTOP-4BQU2RH",,,,,,,,,,,"process
report",,"process
report",,816,793,,,,,,,SYSTEM,,"Microsoft Sysmon","'http://schemas.microsoft.com/win/2004/08/events/event'"
,None,,,,"DESKTOP-4BQU2RH",,,,"Named Pipe: Named Pipe Metadata","Anonymous Named Pipe Detected</Data><Data Name='EventType'>CreatePipe</Data><Data Name='UtcTime'>2024-01-06 00:47:52.594</Data><Data Name='ProcessGuid'>{609d2670-5bfd-6598-5700-000000000f00}</Data><Data Name='ProcessId'>3716</Data><Data Name='PipeName'>",,,,,,,,,"Microsoft-Windows-Sysmon/Operational",17,"PipeEvent (Pipe Created)",17,CreatePipe,,,,"'{5770385f-c22a-43e0-bf4c-06f5698ffbd9}'",,,"C:\Program Files\Splunk\bin\splunkd.exe",,,,,0x8000000000000000,4,,,,"'Microsoft-Windows-Sysmon'",0,,,,,,,"&lt;Anonymous Pipe&gt;","{609d2670-5bfd-6598-5700-000000000f00}","'3668'",3716,,,,,,457241,,"Attack=None,Technique=None,Tactic=None,DS=Named Pipe: Named Pipe Metadata,Level=0,Desc=Anonymous Named Pipe Detected",,,"S-1-5-18",,,,,,,,,"'2024-01-06T00:47:52.5954416Z'",None,,,17,None,,"'5444'","2024-01-06T00:47:52.5954416Z","NT AUTHORITY\SYSTEM","'S-1-5-18'","2024-01-06 00:47:52.594",1,"<Event xmlns='http://schemas.microsoft.com/win/2004/08/events/event'><System><Provider Name='Microsoft-Windows-Sysmon' Guid='{5770385f-c22a-43e0-bf4c-06f5698ffbd9}'/><EventID>17</EventID><Version>1</Version><Level>4</Level><Task>17</Task><Opcode>0</Opcode><Keywords>0x8000000000000000</Keywords><TimeCreated SystemTime='2024-01-06T00:47:52.5954416Z'/><EventRecordID>457241</EventRecordID><Correlation/><Execution ProcessID='3668' ThreadID='5444'/><Channel>Microsoft-Windows-Sysmon/Operational</Channel><Computer>DESKTOP-4BQU2RH</Computer><Security UserID='S-1-5-18'/></System><EventData><Data Name='RuleName'>Attack=None,Technique=None,Tactic=None,DS=Named Pipe: Named Pipe Metadata,Level=0,Desc=Anonymous Named Pipe Detected</Data><Data Name='EventType'>CreatePipe</Data><Data Name='UtcTime'>2024-01-06 00:47:52.594</Data><Data Name='ProcessGuid'>{609d2670-5bfd-6598-5700-000000000f00}</Data><Data Name='ProcessId'>3716</Data><Data Name='PipeName'>&lt;Anonymous Pipe&gt;</Data><Data Name='Image'>C:\Program Files\Splunk\bin\splunkd.exe</Data><Data Name='User'>NT AUTHORITY\SYSTEM</Data></EventData></Event>","2024-01-05T19:47:52.594-05:00",allowed,,,,,,0,6,47,january,52,saturday,2024,0,,"DESKTOP-4BQU2RH",,,,,"DESKTOP-4BQU2RH",,"ms-sysmon-process",,,,,,,,"DESKTOP-4BQU2RH",,,main,1,,,,,,,,"Microsoft Windows",,,,,,,"&lt;Anonymous Pipe&gt;",,,"splunkd.exe","{609d2670-5bfd-6598-5700-000000000f00}",,3716,,"splunkd.exe","C:\Program Files\Splunk\bin\splunkd.exe",,,"<_='://../////'><><_='--'_='{----}'/><></><></><><",,,,,,,,,,,,,,,,,,,"PipeEvent (Pipe Created)",17,"XmlWinEventLog:Microsoft-Windows-Sysmon/Operational",xmlwineventlog,"DESKTOP-4BQU2RH",,,,,,,,,,,"process
report",,"process
report",,816,793,,,,,,,SYSTEM,,"Microsoft Sysmon","'http://schemas.microsoft.com/win/2004/08/events/event'"
,None,,,,"DESKTOP-4BQU2RH",,,,"Named Pipe: Named Pipe Metadata","Anonymous Named Pipe Detected</Data><Data Name='EventType'>CreatePipe</Data><Data Name='UtcTime'>2024-01-06 00:47:52.594</Data><Data Name='ProcessGuid'>{609d2670-5bfd-6598-5700-000000000f00}</Data><Data Name='ProcessId'>3716</Data><Data Name='PipeName'>",,,,,,,,,"Microsoft-Windows-Sysmon/Operational",17,"PipeEvent (Pipe Created)",17,CreatePipe,,,,"'{5770385f-c22a-43e0-bf4c-06f5698ffbd9}'",,,"C:\Program Files\Splunk\bin\splunkd.exe",,,,,0x8000000000000000,4,,,,"'Microsoft-Windows-Sysmon'",0,,,,,,,"&lt;Anonymous Pipe&gt;","{609d2670-5bfd-6598-5700-000000000f00}","'3668'",3716,,,,,,457240,,"Attack=None,Technique=None,Tactic=None,DS=Named Pipe: Named Pipe Metadata,Level=0,Desc=Anonymous Named Pipe Detected",,,"S-1-5-18",,,,,,,,,"'2024-01-06T00:47:52.5953628Z'",None,,,17,None,,"'5444'","2024-01-06T00:47:52.5953628Z","NT AUTHORITY\SYSTEM","'S-1-5-18'","2024-01-06 00:47:52.594",1,"<Event xmlns='http://schemas.microsoft.com/win/2004/08/events/event'><System><Provider Name='Microsoft-Windows-Sysmon' Guid='{5770385f-c22a-43e0-bf4c-06f5698ffbd9}'/><EventID>17</EventID><Version>1</Version><Level>4</Level><Task>17</Task><Opcode>0</Opcode><Keywords>0x8000000000000000</Keywords><TimeCreated SystemTime='2024-01-06T00:47:52.5953628Z'/><EventRecordID>457240</EventRecordID><Correlation/><Execution ProcessID='3668' ThreadID='5444'/><Channel>Microsoft-Windows-Sysmon/Operational</Channel><Computer>DESKTOP-4BQU2RH</Computer><Security UserID='S-1-5-18'/></System><EventData><Data Name='RuleName'>Attack=None,Technique=None,Tactic=None,DS=Named Pipe: Named Pipe Metadata,Level=0,Desc=Anonymous Named Pipe Detected</Data><Data Name='EventType'>CreatePipe</Data><Data Name='UtcTime'>2024-01-06 00:47:52.594</Data><Data Name='ProcessGuid'>{609d2670-5bfd-6598-5700-000000000f00}</Data><Data Name='ProcessId'>3716</Data><Data Name='PipeName'>&lt;Anonymous Pipe&gt;</Data><Data Name='Image'>C:\Program Files\Splunk\bin\splunkd.exe</Data><Data Name='User'>NT AUTHORITY\SYSTEM</Data></EventData></Event>","2024-01-05T19:47:52.594-05:00",allowed,,,,,,0,6,47,january,52,saturday,2024,0,,"DESKTOP-4BQU2RH",,,,,"DESKTOP-4BQU2RH",,"ms-sysmon-process",,,,,,,,"DESKTOP-4BQU2RH",,,main,1,,,,,,,,"Microsoft Windows",,,,,,,"&lt;Anonymous Pipe&gt;",,,"splunkd.exe","{609d2670-5bfd-6598-5700-000000000f00}",,3716,,"splunkd.exe","C:\Program Files\Splunk\bin\splunkd.exe",,,"<_='://../////'><><_='--'_='{----}'/><></><></><><",,,,,,,,,,,,,,,,,,,"PipeEvent (Pipe Created)",17,"XmlWinEventLog:Microsoft-Windows-Sysmon/Operational",xmlwineventlog,"DESKTOP-4BQU2RH",,,,,,,,,,,"process
report",,"process
report",,816,793,,,,,,,SYSTEM,,"Microsoft Sysmon","'http://schemas.microsoft.com/win/2004/08/events/event'"
,None,,,,"DESKTOP-4BQU2RH",,"2024-01-06 00:47:48.047",,"File: File Creation","Set</Data><Data Name='UtcTime'>2024-01-06",,,,,,,,,"Microsoft-Windows-Sysmon/Operational",11,FileCreate,11,,,,,"'{5770385f-c22a-43e0-bf4c-06f5698ffbd9}'",,,"C:\Program Files\Splunk\bin\mongod.exe",,,,,0x8000000000000000,4,,,,"'Microsoft-Windows-Sysmon'",0,,,,,,,,"{609d2670-5c8a-6598-7601-000000000f00}","'3668'",7652,,,,,,457239,,"Attack=None,Technique=None,Tactic=None,DS=File: File Creation,Level=0,Desc=Set",,,"S-1-5-18",,,,,,,,,"'2024-01-06T00:47:48.0491350Z'",None,"C:\Program Files\Splunk\var\lib\splunk\kvstore\mongo\WiredTiger.turtle.set",,11,None,,"'5444'","2024-01-06T00:47:48.0491350Z","NT AUTHORITY\SYSTEM","'S-1-5-18'","2024-01-06 00:47:48.047",2,"<Event xmlns='http://schemas.microsoft.com/win/2004/08/events/event'><System><Provider Name='Microsoft-Windows-Sysmon' Guid='{5770385f-c22a-43e0-bf4c-06f5698ffbd9}'/><EventID>11</EventID><Version>2</Version><Level>4</Level><Task>11</Task><Opcode>0</Opcode><Keywords>0x8000000000000000</Keywords><TimeCreated SystemTime='2024-01-06T00:47:48.0491350Z'/><EventRecordID>457239</EventRecordID><Correlation/><Execution ProcessID='3668' ThreadID='5444'/><Channel>Microsoft-Windows-Sysmon/Operational</Channel><Computer>DESKTOP-4BQU2RH</Computer><Security UserID='S-1-5-18'/></System><EventData><Data Name='RuleName'>Attack=None,Technique=None,Tactic=None,DS=File: File Creation,Level=0,Desc=Set</Data><Data Name='UtcTime'>2024-01-06 00:47:48.047</Data><Data Name='ProcessGuid'>{609d2670-5c8a-6598-7601-000000000f00}</Data><Data Name='ProcessId'>7652</Data><Data Name='Image'>C:\Program Files\Splunk\bin\mongod.exe</Data><Data Name='TargetFilename'>C:\Program Files\Splunk\var\lib\splunk\kvstore\mongo\WiredTiger.turtle.set</Data><Data Name='CreationUtcTime'>2024-01-06 00:47:48.047</Data><Data Name='User'>NT AUTHORITY\SYSTEM</Data></EventData></Event>","2024-01-05T19:47:48.047-05:00",created,,,,,,0,6,47,january,48,saturday,2024,0,,"DESKTOP-4BQU2RH",,,,,"DESKTOP-4BQU2RH",,"ms-sysmon-filemod",,"2024-01-06 00:47:48.047",,,"WiredTiger.turtle.set","C:\Program Files\Splunk\var\lib\splunk\kvstore\mongo\WiredTiger.turtle.set",,"DESKTOP-4BQU2RH",,,main,1,,,,,file,,,,,,,,,,,,,"mongod.exe","{609d2670-5c8a-6598-7601-000000000f00}",,7652,,"mongod.exe","C:\Program Files\Splunk\bin\mongod.exe",,,"<_='://../////'><><_='--'_='{----}'/><></><></><><",,,,,,,,,,,,,,,,,,,FileCreate,11,"XmlWinEventLog:Microsoft-Windows-Sysmon/Operational",xmlwineventlog,"DESKTOP-4BQU2RH",,,,,,,,,,,"endpoint
filesystem",,"endpoint
filesystem",filesystem,738,715,,,,,,,SYSTEM,,"Microsoft Sysmon","'http://schemas.microsoft.com/win/2004/08/events/event'"
,None,,,,"DESKTOP-4BQU2RH",,,,None,,,,,,,,,,"Microsoft-Windows-Sysmon/Operational",22,"DNSEvent (DNS query)",22,,,,,"'{5770385f-c22a-43e0-bf4c-06f5698ffbd9}'",,,"&lt;unknown process&gt;",,"Uncategorized Events</Data><Data Name='UtcTime'>2024-01-06 00:47:46.252</Data><Data Name='ProcessGuid'>{00000000-0000-0000-0000-000000000000}</Data><Data Name='ProcessId'>9492</Data><Data Name='QueryName'>beam.scs.splunk.com</Data><Data Name='QueryStatus'>0</Data><Data Name='QueryResults'>::ffff:13.249.39.54;::ffff:13.249.39.118;::ffff:13.249.39.104;::ffff:13.249.39.37;</Data><Data Name='Image'>",,,0x8000000000000000,4,,,,"'Microsoft-Windows-Sysmon'",0,,,,,,,,"{00000000-0000-0000-0000-000000000000}","'3668'",9492,,,"beam.scs.splunk.com","::ffff:13.249.39.54;::ffff:13.249.39.118;::ffff:13.249.39.104;::ffff:13.249.39.37;",0,457035,,"Attack=None,Technique=None,Tactic=None,DS=None,Information=Uncategorized Events",,,"S-1-5-18",,,,,,,,,"'2024-01-06T00:47:11.5873193Z'",None,,,22,None,,"'5468'","2024-01-06T00:47:11.5873193Z","NT AUTHORITY\SYSTEM","'S-1-5-18'","2024-01-06 00:47:46.252",5,"<Event xmlns='http://schemas.microsoft.com/win/2004/08/events/event'><System><Provider Name='Microsoft-Windows-Sysmon' Guid='{5770385f-c22a-43e0-bf4c-06f5698ffbd9}'/><EventID>22</EventID><Version>5</Version><Level>4</Level><Task>22</Task><Opcode>0</Opcode><Keywords>0x8000000000000000</Keywords><TimeCreated SystemTime='2024-01-06T00:47:11.5873193Z'/><EventRecordID>457035</EventRecordID><Correlation/><Execution ProcessID='3668' ThreadID='5468'/><Channel>Microsoft-Windows-Sysmon/Operational</Channel><Computer>DESKTOP-4BQU2RH</Computer><Security UserID='S-1-5-18'/></System><EventData><Data Name='RuleName'>Attack=None,Technique=None,Tactic=None,DS=None,Information=Uncategorized Events</Data><Data Name='UtcTime'>2024-01-06 00:47:46.252</Data><Data Name='ProcessGuid'>{00000000-0000-0000-0000-000000000000}</Data><Data Name='ProcessId'>9492</Data><Data Name='QueryName'>beam.scs.splunk.com</Data><Data Name='QueryStatus'>0</Data><Data Name='QueryResults'>::ffff:13.249.39.54;::ffff:13.249.39.118;::ffff:13.249.39.104;::ffff:13.249.39.37;</Data><Data Name='Image'>&lt;unknown process&gt;</Data><Data Name='User'>NT AUTHORITY\SYSTEM</Data></EventData></Event>","2024-01-05T19:47:46.252-05:00",,"::ffff:13.249.39.54
::ffff:13.249.39.118
::ffff:13.249.39.104
::ffff:13.249.39.37",4,,,,0,6,47,january,46,saturday,2024,0,,,,,,,"DESKTOP-4BQU2RH",,"ms-sysmon-dns",,,,,,,,"DESKTOP-4BQU2RH",,,main,1,,,,,,,,,,,,,,,,,,"&lt;unknown process&gt;","{00000000-0000-0000-0000-000000000000}",,,,"&lt;unknown process&gt;",,,,"<_='://../////'><><_='--'_='{----}'/><></><></><><","beam.scs.splunk.com",1,,,,,,,,0,,,,,,,,,"DNSEvent (DNS query)",22,"XmlWinEventLog:Microsoft-Windows-Sysmon/Operational",xmlwineventlog,"DESKTOP-4BQU2RH",,"DESKTOP-4BQU2RH",,,,,,,,,"dns
network
resolution",,"dns
network
resolution",,739,716,,,,,,,SYSTEM,,"Microsoft Sysmon","'http://schemas.microsoft.com/win/2004/08/events/event'"
,None,,,,"DESKTOP-4BQU2RH",,,,"Process: Process Termination",Process,,,,,,,,,"Microsoft-Windows-Sysmon/Operational",5,"Process terminated",5,,,,,"'{5770385f-c22a-43e0-bf4c-06f5698ffbd9}'",,,"C:\Program Files\Splunk\bin\splunk-regmon.exe",,,,,0x8000000000000000,4,,,,"'Microsoft-Windows-Sysmon'",0,,,,,,,,"{609d2670-a32e-6598-8e59-000000000f00}","'3668'",6224,,,,,,457238,,"Attack=None,Technique=None,Tactic=None,DS=Process: Process Termination,Level=0,Desc=Process Termination Events in Program Files Directories",,,"S-1-5-18",,,,,,,,,"'2024-01-06T00:47:43.1412086Z'",None,,,5,None,,"'5444'","2024-01-06T00:47:43.1412086Z","NT AUTHORITY\SYSTEM","'S-1-5-18'","2024-01-06 00:47:43.140",3,"<Event xmlns='http://schemas.microsoft.com/win/2004/08/events/event'><System><Provider Name='Microsoft-Windows-Sysmon' Guid='{5770385f-c22a-43e0-bf4c-06f5698ffbd9}'/><EventID>5</EventID><Version>3</Version><Level>4</Level><Task>5</Task><Opcode>0</Opcode><Keywords>0x8000000000000000</Keywords><TimeCreated SystemTime='2024-01-06T00:47:43.1412086Z'/><EventRecordID>457238</EventRecordID><Correlation/><Execution ProcessID='3668' ThreadID='5444'/><Channel>Microsoft-Windows-Sysmon/Operational</Channel><Computer>DESKTOP-4BQU2RH</Computer><Security UserID='S-1-5-18'/></System><EventData><Data Name='RuleName'>Attack=None,Technique=None,Tactic=None,DS=Process: Process Termination,Level=0,Desc=Process Termination Events in Program Files Directories</Data><Data Name='UtcTime'>2024-01-06 00:47:43.140</Data><Data Name='ProcessGuid'>{609d2670-a32e-6598-8e59-000000000f00}</Data><Data Name='ProcessId'>6224</Data><Data Name='Image'>C:\Program Files\Splunk\bin\splunk-regmon.exe</Data><Data Name='User'>NT AUTHORITY\SYSTEM</Data></EventData></Event>","2024-01-05T19:47:43.140-05:00",blocked,,,,,,0,6,47,january,43,saturday,2024,0,,"DESKTOP-4BQU2RH",,,,,"DESKTOP-4BQU2RH",,"ms-sysmon-process",,,,,,,,"DESKTOP-4BQU2RH",,,main,1,,,,,,,,"Microsoft Windows",,,,,,,,"C:\Program Files\Splunk\bin\splunk-regmon.exe",,"splunk-regmon.exe","{609d2670-a32e-6598-8e59-000000000f00}",,6224,,"splunk-regmon.exe","C:\Program Files\Splunk\bin\splunk-regmon.exe",,,"<_='://../////'><><_='--'_='{----}'/><></><></><><",,,,,,,,,,,,,,,,,,,"Process terminated",5,"XmlWinEventLog:Microsoft-Windows-Sysmon/Operational",xmlwineventlog,"DESKTOP-4BQU2RH",,,,,,,,,,,"process
report",,"process
report",,797,774,,,,,,,SYSTEM,,"Microsoft Sysmon","'http://schemas.microsoft.com/win/2004/08/events/event'"
,None,,,,"DESKTOP-4BQU2RH",,,,"Process: Process Termination",Process,,,,,,,,,"Microsoft-Windows-Sysmon/Operational",5,"Process terminated",5,,,,,"'{5770385f-c22a-43e0-bf4c-06f5698ffbd9}'",,,"C:\Program Files\Splunk\bin\splunk-powershell.exe",,,,,0x8000000000000000,4,,,,"'Microsoft-Windows-Sysmon'",0,,,,,,,,"{609d2670-a32e-6598-8d59-000000000f00}","'3668'",2480,,,,,,457237,,"Attack=None,Technique=None,Tactic=None,DS=Process: Process Termination,Level=0,Desc=Process Termination Events in Program Files Directories",,,"S-1-5-18",,,,,,,,,"'2024-01-06T00:47:43.0079152Z'",None,,,5,None,,"'5444'","2024-01-06T00:47:43.0079152Z","NT AUTHORITY\SYSTEM","'S-1-5-18'","2024-01-06 00:47:43.006",3,"<Event xmlns='http://schemas.microsoft.com/win/2004/08/events/event'><System><Provider Name='Microsoft-Windows-Sysmon' Guid='{5770385f-c22a-43e0-bf4c-06f5698ffbd9}'/><EventID>5</EventID><Version>3</Version><Level>4</Level><Task>5</Task><Opcode>0</Opcode><Keywords>0x8000000000000000</Keywords><TimeCreated SystemTime='2024-01-06T00:47:43.0079152Z'/><EventRecordID>457237</EventRecordID><Correlation/><Execution ProcessID='3668' ThreadID='5444'/><Channel>Microsoft-Windows-Sysmon/Operational</Channel><Computer>DESKTOP-4BQU2RH</Computer><Security UserID='S-1-5-18'/></System><EventData><Data Name='RuleName'>Attack=None,Technique=None,Tactic=None,DS=Process: Process Termination,Level=0,Desc=Process Termination Events in Program Files Directories</Data><Data Name='UtcTime'>2024-01-06 00:47:43.006</Data><Data Name='ProcessGuid'>{609d2670-a32e-6598-8d59-000000000f00}</Data><Data Name='ProcessId'>2480</Data><Data Name='Image'>C:\Program Files\Splunk\bin\splunk-powershell.exe</Data><Data Name='User'>NT AUTHORITY\SYSTEM</Data></EventData></Event>","2024-01-05T19:47:43.006-05:00",blocked,,,,,,0,6,47,january,43,saturday,2024,0,,"DESKTOP-4BQU2RH",,,,,"DESKTOP-4BQU2RH",,"ms-sysmon-process",,,,,,,,"DESKTOP-4BQU2RH",,,main,1,,,,,,,,"Microsoft Windows",,,,,,,,"C:\Program Files\Splunk\bin\splunk-powershell.exe",,"splunk-powershell.exe","{609d2670-a32e-6598-8d59-000000000f00}",,2480,,"splunk-powershell.exe","C:\Program Files\Splunk\bin\splunk-powershell.exe",,,"<_='://../////'><><_='--'_='{----}'/><></><></><><",,,,,,,,,,,,,,,,,,,"Process terminated",5,"XmlWinEventLog:Microsoft-Windows-Sysmon/Operational",xmlwineventlog,"DESKTOP-4BQU2RH",,,,,,,,,,,"process
report",,"process
report",,797,774,,,,,,,SYSTEM,,"Microsoft Sysmon","'http://schemas.microsoft.com/win/2004/08/events/event'"
,None,,,,"DESKTOP-4BQU2RH",,,,"Process: Process Termination",Process,,,,,,,,,"Microsoft-Windows-Sysmon/Operational",5,"Process terminated",5,,,,,"'{5770385f-c22a-43e0-bf4c-06f5698ffbd9}'",,,"C:\Program Files\Splunk\bin\splunk-admon.exe",,,,,0x8000000000000000,4,,,,"'Microsoft-Windows-Sysmon'",0,,,,,,,,"{609d2670-a32e-6598-8c59-000000000f00}","'3668'",7128,,,,,,457236,,"Attack=None,Technique=None,Tactic=None,DS=Process: Process Termination,Level=0,Desc=Process Termination Events in Program Files Directories",,,"S-1-5-18",,,,,,,,,"'2024-01-06T00:47:43.0078753Z'",None,,,5,None,,"'5444'","2024-01-06T00:47:43.0078753Z","NT AUTHORITY\SYSTEM","'S-1-5-18'","2024-01-06 00:47:43.003",3,"<Event xmlns='http://schemas.microsoft.com/win/2004/08/events/event'><System><Provider Name='Microsoft-Windows-Sysmon' Guid='{5770385f-c22a-43e0-bf4c-06f5698ffbd9}'/><EventID>5</EventID><Version>3</Version><Level>4</Level><Task>5</Task><Opcode>0</Opcode><Keywords>0x8000000000000000</Keywords><TimeCreated SystemTime='2024-01-06T00:47:43.0078753Z'/><EventRecordID>457236</EventRecordID><Correlation/><Execution ProcessID='3668' ThreadID='5444'/><Channel>Microsoft-Windows-Sysmon/Operational</Channel><Computer>DESKTOP-4BQU2RH</Computer><Security UserID='S-1-5-18'/></System><EventData><Data Name='RuleName'>Attack=None,Technique=None,Tactic=None,DS=Process: Process Termination,Level=0,Desc=Process Termination Events in Program Files Directories</Data><Data Name='UtcTime'>2024-01-06 00:47:43.003</Data><Data Name='ProcessGuid'>{609d2670-a32e-6598-8c59-000000000f00}</Data><Data Name='ProcessId'>7128</Data><Data Name='Image'>C:\Program Files\Splunk\bin\splunk-admon.exe</Data><Data Name='User'>NT AUTHORITY\SYSTEM</Data></EventData></Event>","2024-01-05T19:47:43.003-05:00",blocked,,,,,,0,6,47,january,43,saturday,2024,0,,"DESKTOP-4BQU2RH",,,,,"DESKTOP-4BQU2RH",,"ms-sysmon-process",,,,,,,,"DESKTOP-4BQU2RH",,,main,1,,,,,,,,"Microsoft Windows",,,,,,,,"C:\Program Files\Splunk\bin\splunk-admon.exe",,"splunk-admon.exe","{609d2670-a32e-6598-8c59-000000000f00}",,7128,,"splunk-admon.exe","C:\Program Files\Splunk\bin\splunk-admon.exe",,,"<_='://../////'><><_='--'_='{----}'/><></><></><><",,,,,,,,,,,,,,,,,,,"Process terminated",5,"XmlWinEventLog:Microsoft-Windows-Sysmon/Operational",xmlwineventlog,"DESKTOP-4BQU2RH",,,,,,,,,,,"process
report",,"process
report",,797,774,,,,,,,SYSTEM,,"Microsoft Sysmon","'http://schemas.microsoft.com/win/2004/08/events/event'"
,None,,,,"DESKTOP-4BQU2RH",,,,"Named Pipe: Named Pipe Metadata","Anonymous Named Pipe Detected</Data><Data Name='EventType'>CreatePipe</Data><Data Name='UtcTime'>2024-01-06 00:47:42.915</Data><Data Name='ProcessGuid'>{609d2670-5bfd-6598-5700-000000000f00}</Data><Data Name='ProcessId'>3716</Data><Data Name='PipeName'>",,,,,,,,,"Microsoft-Windows-Sysmon/Operational",17,"PipeEvent (Pipe Created)",17,CreatePipe,,,,"'{5770385f-c22a-43e0-bf4c-06f5698ffbd9}'",,,"C:\Program Files\Splunk\bin\splunkd.exe",,,,,0x8000000000000000,4,,,,"'Microsoft-Windows-Sysmon'",0,,,,,,,"&lt;Anonymous Pipe&gt;","{609d2670-5bfd-6598-5700-000000000f00}","'3668'",3716,,,,,,457235,,"Attack=None,Technique=None,Tactic=None,DS=Named Pipe: Named Pipe Metadata,Level=0,Desc=Anonymous Named Pipe Detected",,,"S-1-5-18",,,,,,,,,"'2024-01-06T00:47:42.9201210Z'",None,,,17,None,,"'5444'","2024-01-06T00:47:42.9201210Z","NT AUTHORITY\SYSTEM","'S-1-5-18'","2024-01-06 00:47:42.915",1,"<Event xmlns='http://schemas.microsoft.com/win/2004/08/events/event'><System><Provider Name='Microsoft-Windows-Sysmon' Guid='{5770385f-c22a-43e0-bf4c-06f5698ffbd9}'/><EventID>17</EventID><Version>1</Version><Level>4</Level><Task>17</Task><Opcode>0</Opcode><Keywords>0x8000000000000000</Keywords><TimeCreated SystemTime='2024-01-06T00:47:42.9201210Z'/><EventRecordID>457235</EventRecordID><Correlation/><Execution ProcessID='3668' ThreadID='5444'/><Channel>Microsoft-Windows-Sysmon/Operational</Channel><Computer>DESKTOP-4BQU2RH</Computer><Security UserID='S-1-5-18'/></System><EventData><Data Name='RuleName'>Attack=None,Technique=None,Tactic=None,DS=Named Pipe: Named Pipe Metadata,Level=0,Desc=Anonymous Named Pipe Detected</Data><Data Name='EventType'>CreatePipe</Data><Data Name='UtcTime'>2024-01-06 00:47:42.915</Data><Data Name='ProcessGuid'>{609d2670-5bfd-6598-5700-000000000f00}</Data><Data Name='ProcessId'>3716</Data><Data Name='PipeName'>&lt;Anonymous Pipe&gt;</Data><Data Name='Image'>C:\Program Files\Splunk\bin\splunkd.exe</Data><Data Name='User'>NT AUTHORITY\SYSTEM</Data></EventData></Event>","2024-01-05T19:47:42.915-05:00",allowed,,,,,,0,6,47,january,42,saturday,2024,0,,"DESKTOP-4BQU2RH",,,,,"DESKTOP-4BQU2RH",,"ms-sysmon-process",,,,,,,,"DESKTOP-4BQU2RH",,,main,1,,,,,,,,"Microsoft Windows",,,,,,,"&lt;Anonymous Pipe&gt;",,,"splunkd.exe","{609d2670-5bfd-6598-5700-000000000f00}",,3716,,"splunkd.exe","C:\Program Files\Splunk\bin\splunkd.exe",,,"<_='://../////'><><_='--'_='{----}'/><></><></><><",,,,,,,,,,,,,,,,,,,"PipeEvent (Pipe Created)",17,"XmlWinEventLog:Microsoft-Windows-Sysmon/Operational",xmlwineventlog,"DESKTOP-4BQU2RH",,,,,,,,,,,"process
report",,"process
report",,816,793,,,,,,,SYSTEM,,"Microsoft Sysmon","'http://schemas.microsoft.com/win/2004/08/events/event'"
,None,,,,"DESKTOP-4BQU2RH",,,,"Named Pipe: Named Pipe Metadata","Anonymous Named Pipe Detected</Data><Data Name='EventType'>CreatePipe</Data><Data Name='UtcTime'>2024-01-06 00:47:42.914</Data><Data Name='ProcessGuid'>{609d2670-5bfd-6598-5700-000000000f00}</Data><Data Name='ProcessId'>3716</Data><Data Name='PipeName'>",,,,,,,,,"Microsoft-Windows-Sysmon/Operational",17,"PipeEvent (Pipe Created)",17,CreatePipe,,,,"'{5770385f-c22a-43e0-bf4c-06f5698ffbd9}'",,,"C:\Program Files\Splunk\bin\splunkd.exe",,,,,0x8000000000000000,4,,,,"'Microsoft-Windows-Sysmon'",0,,,,,,,"&lt;Anonymous Pipe&gt;","{609d2670-5bfd-6598-5700-000000000f00}","'3668'",3716,,,,,,457234,,"Attack=None,Technique=None,Tactic=None,DS=Named Pipe: Named Pipe Metadata,Level=0,Desc=Anonymous Named Pipe Detected",,,"S-1-5-18",,,,,,,,,"'2024-01-06T00:47:42.9200808Z'",None,,,17,None,,"'5444'","2024-01-06T00:47:42.9200808Z","NT AUTHORITY\SYSTEM","'S-1-5-18'","2024-01-06 00:47:42.914",1,"<Event xmlns='http://schemas.microsoft.com/win/2004/08/events/event'><System><Provider Name='Microsoft-Windows-Sysmon' Guid='{5770385f-c22a-43e0-bf4c-06f5698ffbd9}'/><EventID>17</EventID><Version>1</Version><Level>4</Level><Task>17</Task><Opcode>0</Opcode><Keywords>0x8000000000000000</Keywords><TimeCreated SystemTime='2024-01-06T00:47:42.9200808Z'/><EventRecordID>457234</EventRecordID><Correlation/><Execution ProcessID='3668' ThreadID='5444'/><Channel>Microsoft-Windows-Sysmon/Operational</Channel><Computer>DESKTOP-4BQU2RH</Computer><Security UserID='S-1-5-18'/></System><EventData><Data Name='RuleName'>Attack=None,Technique=None,Tactic=None,DS=Named Pipe: Named Pipe Metadata,Level=0,Desc=Anonymous Named Pipe Detected</Data><Data Name='EventType'>CreatePipe</Data><Data Name='UtcTime'>2024-01-06 00:47:42.914</Data><Data Name='ProcessGuid'>{609d2670-5bfd-6598-5700-000000000f00}</Data><Data Name='ProcessId'>3716</Data><Data Name='PipeName'>&lt;Anonymous Pipe&gt;</Data><Data Name='Image'>C:\Program Files\Splunk\bin\splunkd.exe</Data><Data Name='User'>NT AUTHORITY\SYSTEM</Data></EventData></Event>","2024-01-05T19:47:42.914-05:00",allowed,,,,,,0,6,47,january,42,saturday,2024,0,,"DESKTOP-4BQU2RH",,,,,"DESKTOP-4BQU2RH",,"ms-sysmon-process",,,,,,,,"DESKTOP-4BQU2RH",,,main,1,,,,,,,,"Microsoft Windows",,,,,,,"&lt;Anonymous Pipe&gt;",,,"splunkd.exe","{609d2670-5bfd-6598-5700-000000000f00}",,3716,,"splunkd.exe","C:\Program Files\Splunk\bin\splunkd.exe",,,"<_='://../////'><><_='--'_='{----}'/><></><></><><",,,,,,,,,,,,,,,,,,,"PipeEvent (Pipe Created)",17,"XmlWinEventLog:Microsoft-Windows-Sysmon/Operational",xmlwineventlog,"DESKTOP-4BQU2RH",,,,,,,,,,,"process
report",,"process
report",,816,793,,,,,,,SYSTEM,,"Microsoft Sysmon","'http://schemas.microsoft.com/win/2004/08/events/event'"
,None,,,,"DESKTOP-4BQU2RH",,,,"Named Pipe: Named Pipe Metadata","Anonymous Named Pipe Detected</Data><Data Name='EventType'>CreatePipe</Data><Data Name='UtcTime'>2024-01-06 00:47:42.914</Data><Data Name='ProcessGuid'>{609d2670-5bfd-6598-5700-000000000f00}</Data><Data Name='ProcessId'>3716</Data><Data Name='PipeName'>",,,,,,,,,"Microsoft-Windows-Sysmon/Operational",17,"PipeEvent (Pipe Created)",17,CreatePipe,,,,"'{5770385f-c22a-43e0-bf4c-06f5698ffbd9}'",,,"C:\Program Files\Splunk\bin\splunkd.exe",,,,,0x8000000000000000,4,,,,"'Microsoft-Windows-Sysmon'",0,,,,,,,"&lt;Anonymous Pipe&gt;","{609d2670-5bfd-6598-5700-000000000f00}","'3668'",3716,,,,,,457233,,"Attack=None,Technique=None,Tactic=None,DS=Named Pipe: Named Pipe Metadata,Level=0,Desc=Anonymous Named Pipe Detected",,,"S-1-5-18",,,,,,,,,"'2024-01-06T00:47:42.9200256Z'",None,,,17,None,,"'5444'","2024-01-06T00:47:42.9200256Z","NT AUTHORITY\SYSTEM","'S-1-5-18'","2024-01-06 00:47:42.914",1,"<Event xmlns='http://schemas.microsoft.com/win/2004/08/events/event'><System><Provider Name='Microsoft-Windows-Sysmon' Guid='{5770385f-c22a-43e0-bf4c-06f5698ffbd9}'/><EventID>17</EventID><Version>1</Version><Level>4</Level><Task>17</Task><Opcode>0</Opcode><Keywords>0x8000000000000000</Keywords><TimeCreated SystemTime='2024-01-06T00:47:42.9200256Z'/><EventRecordID>457233</EventRecordID><Correlation/><Execution ProcessID='3668' ThreadID='5444'/><Channel>Microsoft-Windows-Sysmon/Operational</Channel><Computer>DESKTOP-4BQU2RH</Computer><Security UserID='S-1-5-18'/></System><EventData><Data Name='RuleName'>Attack=None,Technique=None,Tactic=None,DS=Named Pipe: Named Pipe Metadata,Level=0,Desc=Anonymous Named Pipe Detected</Data><Data Name='EventType'>CreatePipe</Data><Data Name='UtcTime'>2024-01-06 00:47:42.914</Data><Data Name='ProcessGuid'>{609d2670-5bfd-6598-5700-000000000f00}</Data><Data Name='ProcessId'>3716</Data><Data Name='PipeName'>&lt;Anonymous Pipe&gt;</Data><Data Name='Image'>C:\Program Files\Splunk\bin\splunkd.exe</Data><Data Name='User'>NT AUTHORITY\SYSTEM</Data></EventData></Event>","2024-01-05T19:47:42.914-05:00",allowed,,,,,,0,6,47,january,42,saturday,2024,0,,"DESKTOP-4BQU2RH",,,,,"DESKTOP-4BQU2RH",,"ms-sysmon-process",,,,,,,,"DESKTOP-4BQU2RH",,,main,1,,,,,,,,"Microsoft Windows",,,,,,,"&lt;Anonymous Pipe&gt;",,,"splunkd.exe","{609d2670-5bfd-6598-5700-000000000f00}",,3716,,"splunkd.exe","C:\Program Files\Splunk\bin\splunkd.exe",,,"<_='://../////'><><_='--'_='{----}'/><></><></><><",,,,,,,,,,,,,,,,,,,"PipeEvent (Pipe Created)",17,"XmlWinEventLog:Microsoft-Windows-Sysmon/Operational",xmlwineventlog,"DESKTOP-4BQU2RH",,,,,,,,,,,"process
report",,"process
report",,816,793,,,,,,,SYSTEM,,"Microsoft Sysmon","'http://schemas.microsoft.com/win/2004/08/events/event'"
,None,,,,"DESKTOP-4BQU2RH",,,,"Process: Process Termination",Process,,,,,,,,,"Microsoft-Windows-Sysmon/Operational",5,"Process terminated",5,,,,,"'{5770385f-c22a-43e0-bf4c-06f5698ffbd9}'",,,"C:\Program Files\Splunk\bin\splunk-powershell.exe",,,,,0x8000000000000000,4,,,,"'Microsoft-Windows-Sysmon'",0,,,,,,,,"{609d2670-a32e-6598-8b59-000000000f00}","'3668'",10492,,,,,,457232,,"Attack=None,Technique=None,Tactic=None,DS=Process: Process Termination,Level=0,Desc=Process Termination Events in Program Files Directories",,,"S-1-5-18",,,,,,,,,"'2024-01-06T00:47:42.8590742Z'",None,,,5,None,,"'5444'","2024-01-06T00:47:42.8590742Z","NT AUTHORITY\SYSTEM","'S-1-5-18'","2024-01-06 00:47:42.858",3,"<Event xmlns='http://schemas.microsoft.com/win/2004/08/events/event'><System><Provider Name='Microsoft-Windows-Sysmon' Guid='{5770385f-c22a-43e0-bf4c-06f5698ffbd9}'/><EventID>5</EventID><Version>3</Version><Level>4</Level><Task>5</Task><Opcode>0</Opcode><Keywords>0x8000000000000000</Keywords><TimeCreated SystemTime='2024-01-06T00:47:42.8590742Z'/><EventRecordID>457232</EventRecordID><Correlation/><Execution ProcessID='3668' ThreadID='5444'/><Channel>Microsoft-Windows-Sysmon/Operational</Channel><Computer>DESKTOP-4BQU2RH</Computer><Security UserID='S-1-5-18'/></System><EventData><Data Name='RuleName'>Attack=None,Technique=None,Tactic=None,DS=Process: Process Termination,Level=0,Desc=Process Termination Events in Program Files Directories</Data><Data Name='UtcTime'>2024-01-06 00:47:42.858</Data><Data Name='ProcessGuid'>{609d2670-a32e-6598-8b59-000000000f00}</Data><Data Name='ProcessId'>10492</Data><Data Name='Image'>C:\Program Files\Splunk\bin\splunk-powershell.exe</Data><Data Name='User'>NT AUTHORITY\SYSTEM</Data></EventData></Event>","2024-01-05T19:47:42.858-05:00",blocked,,,,,,0,6,47,january,42,saturday,2024,0,,"DESKTOP-4BQU2RH",,,,,"DESKTOP-4BQU2RH",,"ms-sysmon-process",,,,,,,,"DESKTOP-4BQU2RH",,,main,1,,,,,,,,"Microsoft Windows",,,,,,,,"C:\Program Files\Splunk\bin\splunk-powershell.exe",,"splunk-powershell.exe","{609d2670-a32e-6598-8b59-000000000f00}",,10492,,"splunk-powershell.exe","C:\Program Files\Splunk\bin\splunk-powershell.exe",,,"<_='://../////'><><_='--'_='{----}'/><></><></><><",,,,,,,,,,,,,,,,,,,"Process terminated",5,"XmlWinEventLog:Microsoft-Windows-Sysmon/Operational",xmlwineventlog,"DESKTOP-4BQU2RH",,,,,,,,,,,"process
report",,"process
report",,797,774,,,,,,,SYSTEM,,"Microsoft Sysmon","'http://schemas.microsoft.com/win/2004/08/events/event'"
,None,,,,"DESKTOP-4BQU2RH",,,,"Named Pipe: Named Pipe Metadata","Anonymous Named Pipe Detected</Data><Data Name='EventType'>CreatePipe</Data><Data Name='UtcTime'>2024-01-06 00:47:42.818</Data><Data Name='ProcessGuid'>{609d2670-5bfd-6598-5700-000000000f00}</Data><Data Name='ProcessId'>3716</Data><Data Name='PipeName'>",,,,,,,,,"Microsoft-Windows-Sysmon/Operational",17,"PipeEvent (Pipe Created)",17,CreatePipe,,,,"'{5770385f-c22a-43e0-bf4c-06f5698ffbd9}'",,,"C:\Program Files\Splunk\bin\splunkd.exe",,,,,0x8000000000000000,4,,,,"'Microsoft-Windows-Sysmon'",0,,,,,,,"&lt;Anonymous Pipe&gt;","{609d2670-5bfd-6598-5700-000000000f00}","'3668'",3716,,,,,,457231,,"Attack=None,Technique=None,Tactic=None,DS=Named Pipe: Named Pipe Metadata,Level=0,Desc=Anonymous Named Pipe Detected",,,"S-1-5-18",,,,,,,,,"'2024-01-06T00:47:42.8206847Z'",None,,,17,None,,"'5444'","2024-01-06T00:47:42.8206847Z","NT AUTHORITY\SYSTEM","'S-1-5-18'","2024-01-06 00:47:42.818",1,"<Event xmlns='http://schemas.microsoft.com/win/2004/08/events/event'><System><Provider Name='Microsoft-Windows-Sysmon' Guid='{5770385f-c22a-43e0-bf4c-06f5698ffbd9}'/><EventID>17</EventID><Version>1</Version><Level>4</Level><Task>17</Task><Opcode>0</Opcode><Keywords>0x8000000000000000</Keywords><TimeCreated SystemTime='2024-01-06T00:47:42.8206847Z'/><EventRecordID>457231</EventRecordID><Correlation/><Execution ProcessID='3668' ThreadID='5444'/><Channel>Microsoft-Windows-Sysmon/Operational</Channel><Computer>DESKTOP-4BQU2RH</Computer><Security UserID='S-1-5-18'/></System><EventData><Data Name='RuleName'>Attack=None,Technique=None,Tactic=None,DS=Named Pipe: Named Pipe Metadata,Level=0,Desc=Anonymous Named Pipe Detected</Data><Data Name='EventType'>CreatePipe</Data><Data Name='UtcTime'>2024-01-06 00:47:42.818</Data><Data Name='ProcessGuid'>{609d2670-5bfd-6598-5700-000000000f00}</Data><Data Name='ProcessId'>3716</Data><Data Name='PipeName'>&lt;Anonymous Pipe&gt;</Data><Data Name='Image'>C:\Program Files\Splunk\bin\splunkd.exe</Data><Data Name='User'>NT AUTHORITY\SYSTEM</Data></EventData></Event>","2024-01-05T19:47:42.818-05:00",allowed,,,,,,0,6,47,january,42,saturday,2024,0,,"DESKTOP-4BQU2RH",,,,,"DESKTOP-4BQU2RH",,"ms-sysmon-process",,,,,,,,"DESKTOP-4BQU2RH",,,main,1,,,,,,,,"Microsoft Windows",,,,,,,"&lt;Anonymous Pipe&gt;",,,"splunkd.exe","{609d2670-5bfd-6598-5700-000000000f00}",,3716,,"splunkd.exe","C:\Program Files\Splunk\bin\splunkd.exe",,,"<_='://../////'><><_='--'_='{----}'/><></><></><><",,,,,,,,,,,,,,,,,,,"PipeEvent (Pipe Created)",17,"XmlWinEventLog:Microsoft-Windows-Sysmon/Operational",xmlwineventlog,"DESKTOP-4BQU2RH",,,,,,,,,,,"process
report",,"process
report",,816,793,,,,,,,SYSTEM,,"Microsoft Sysmon","'http://schemas.microsoft.com/win/2004/08/events/event'"
,None,,,,"DESKTOP-4BQU2RH",,,,"Named Pipe: Named Pipe Metadata","Anonymous Named Pipe Detected</Data><Data Name='EventType'>CreatePipe</Data><Data Name='UtcTime'>2024-01-06 00:47:42.818</Data><Data Name='ProcessGuid'>{609d2670-5bfd-6598-5700-000000000f00}</Data><Data Name='ProcessId'>3716</Data><Data Name='PipeName'>",,,,,,,,,"Microsoft-Windows-Sysmon/Operational",17,"PipeEvent (Pipe Created)",17,CreatePipe,,,,"'{5770385f-c22a-43e0-bf4c-06f5698ffbd9}'",,,"C:\Program Files\Splunk\bin\splunkd.exe",,,,,0x8000000000000000,4,,,,"'Microsoft-Windows-Sysmon'",0,,,,,,,"&lt;Anonymous Pipe&gt;","{609d2670-5bfd-6598-5700-000000000f00}","'3668'",3716,,,,,,457230,,"Attack=None,Technique=None,Tactic=None,DS=Named Pipe: Named Pipe Metadata,Level=0,Desc=Anonymous Named Pipe Detected",,,"S-1-5-18",,,,,,,,,"'2024-01-06T00:47:42.8206283Z'",None,,,17,None,,"'5444'","2024-01-06T00:47:42.8206283Z","NT AUTHORITY\SYSTEM","'S-1-5-18'","2024-01-06 00:47:42.818",1,"<Event xmlns='http://schemas.microsoft.com/win/2004/08/events/event'><System><Provider Name='Microsoft-Windows-Sysmon' Guid='{5770385f-c22a-43e0-bf4c-06f5698ffbd9}'/><EventID>17</EventID><Version>1</Version><Level>4</Level><Task>17</Task><Opcode>0</Opcode><Keywords>0x8000000000000000</Keywords><TimeCreated SystemTime='2024-01-06T00:47:42.8206283Z'/><EventRecordID>457230</EventRecordID><Correlation/><Execution ProcessID='3668' ThreadID='5444'/><Channel>Microsoft-Windows-Sysmon/Operational</Channel><Computer>DESKTOP-4BQU2RH</Computer><Security UserID='S-1-5-18'/></System><EventData><Data Name='RuleName'>Attack=None,Technique=None,Tactic=None,DS=Named Pipe: Named Pipe Metadata,Level=0,Desc=Anonymous Named Pipe Detected</Data><Data Name='EventType'>CreatePipe</Data><Data Name='UtcTime'>2024-01-06 00:47:42.818</Data><Data Name='ProcessGuid'>{609d2670-5bfd-6598-5700-000000000f00}</Data><Data Name='ProcessId'>3716</Data><Data Name='PipeName'>&lt;Anonymous Pipe&gt;</Data><Data Name='Image'>C:\Program Files\Splunk\bin\splunkd.exe</Data><Data Name='User'>NT AUTHORITY\SYSTEM</Data></EventData></Event>","2024-01-05T19:47:42.818-05:00",allowed,,,,,,0,6,47,january,42,saturday,2024,0,,"DESKTOP-4BQU2RH",,,,,"DESKTOP-4BQU2RH",,"ms-sysmon-process",,,,,,,,"DESKTOP-4BQU2RH",,,main,1,,,,,,,,"Microsoft Windows",,,,,,,"&lt;Anonymous Pipe&gt;",,,"splunkd.exe","{609d2670-5bfd-6598-5700-000000000f00}",,3716,,"splunkd.exe","C:\Program Files\Splunk\bin\splunkd.exe",,,"<_='://../////'><><_='--'_='{----}'/><></><></><><",,,,,,,,,,,,,,,,,,,"PipeEvent (Pipe Created)",17,"XmlWinEventLog:Microsoft-Windows-Sysmon/Operational",xmlwineventlog,"DESKTOP-4BQU2RH",,,,,,,,,,,"process
report",,"process
report",,816,793,,,,,,,SYSTEM,,"Microsoft Sysmon","'http://schemas.microsoft.com/win/2004/08/events/event'"
,None,,,,"DESKTOP-4BQU2RH",,,,"Named Pipe: Named Pipe Metadata","Anonymous Named Pipe Detected</Data><Data Name='EventType'>CreatePipe</Data><Data Name='UtcTime'>2024-01-06 00:47:42.818</Data><Data Name='ProcessGuid'>{609d2670-5bfd-6598-5700-000000000f00}</Data><Data Name='ProcessId'>3716</Data><Data Name='PipeName'>",,,,,,,,,"Microsoft-Windows-Sysmon/Operational",17,"PipeEvent (Pipe Created)",17,CreatePipe,,,,"'{5770385f-c22a-43e0-bf4c-06f5698ffbd9}'",,,"C:\Program Files\Splunk\bin\splunkd.exe",,,,,0x8000000000000000,4,,,,"'Microsoft-Windows-Sysmon'",0,,,,,,,"&lt;Anonymous Pipe&gt;","{609d2670-5bfd-6598-5700-000000000f00}","'3668'",3716,,,,,,457229,,"Attack=None,Technique=None,Tactic=None,DS=Named Pipe: Named Pipe Metadata,Level=0,Desc=Anonymous Named Pipe Detected",,,"S-1-5-18",,,,,,,,,"'2024-01-06T00:47:42.8205843Z'",None,,,17,None,,"'5444'","2024-01-06T00:47:42.8205843Z","NT AUTHORITY\SYSTEM","'S-1-5-18'","2024-01-06 00:47:42.818",1,"<Event xmlns='http://schemas.microsoft.com/win/2004/08/events/event'><System><Provider Name='Microsoft-Windows-Sysmon' Guid='{5770385f-c22a-43e0-bf4c-06f5698ffbd9}'/><EventID>17</EventID><Version>1</Version><Level>4</Level><Task>17</Task><Opcode>0</Opcode><Keywords>0x8000000000000000</Keywords><TimeCreated SystemTime='2024-01-06T00:47:42.8205843Z'/><EventRecordID>457229</EventRecordID><Correlation/><Execution ProcessID='3668' ThreadID='5444'/><Channel>Microsoft-Windows-Sysmon/Operational</Channel><Computer>DESKTOP-4BQU2RH</Computer><Security UserID='S-1-5-18'/></System><EventData><Data Name='RuleName'>Attack=None,Technique=None,Tactic=None,DS=Named Pipe: Named Pipe Metadata,Level=0,Desc=Anonymous Named Pipe Detected</Data><Data Name='EventType'>CreatePipe</Data><Data Name='UtcTime'>2024-01-06 00:47:42.818</Data><Data Name='ProcessGuid'>{609d2670-5bfd-6598-5700-000000000f00}</Data><Data Name='ProcessId'>3716</Data><Data Name='PipeName'>&lt;Anonymous Pipe&gt;</Data><Data Name='Image'>C:\Program Files\Splunk\bin\splunkd.exe</Data><Data Name='User'>NT AUTHORITY\SYSTEM</Data></EventData></Event>","2024-01-05T19:47:42.818-05:00",allowed,,,,,,0,6,47,january,42,saturday,2024,0,,"DESKTOP-4BQU2RH",,,,,"DESKTOP-4BQU2RH",,"ms-sysmon-process",,,,,,,,"DESKTOP-4BQU2RH",,,main,1,,,,,,,,"Microsoft Windows",,,,,,,"&lt;Anonymous Pipe&gt;",,,"splunkd.exe","{609d2670-5bfd-6598-5700-000000000f00}",,3716,,"splunkd.exe","C:\Program Files\Splunk\bin\splunkd.exe",,,"<_='://../////'><><_='--'_='{----}'/><></><></><><",,,,,,,,,,,,,,,,,,,"PipeEvent (Pipe Created)",17,"XmlWinEventLog:Microsoft-Windows-Sysmon/Operational",xmlwineventlog,"DESKTOP-4BQU2RH",,,,,,,,,,,"process
report",,"process
report",,816,793,,,,,,,SYSTEM,,"Microsoft Sysmon","'http://schemas.microsoft.com/win/2004/08/events/event'"
