,None,,,,"DESKTOP-4BQU2RH",,,,"Process: Process Termination",Process,,,,,,,,,"Microsoft-Windows-Sysmon/Operational",5,"Process terminated",5,,,,,"'{5770385f-c22a-43e0-bf4c-06f5698ffbd9}'",,,"C:\Program Files\Splunk\bin\splunk-netmon.exe",,,,,0x8000000000000000,4,,,,"'Microsoft-Windows-Sysmon'",0,,,,,,,,"{609d2670-a32e-6598-8a59-000000000f00}","'3668'",7760,,,,,,457228,,"Attack=None,Technique=None,Tactic=None,DS=Process: Process Termination,Level=0,Desc=Process Termination Events in Program Files Directories",,,"S-1-5-18",,,,,,,,,"'2024-01-06T00:47:42.7953550Z'",None,,,5,None,,"'5444'","2024-01-06T00:47:42.7953550Z","NT AUTHORITY\SYSTEM","'S-1-5-18'","2024-01-06 00:47:42.794",3,"<Event xmlns='http://schemas.microsoft.com/win/2004/08/events/event'><System><Provider Name='Microsoft-Windows-Sysmon' Guid='{5770385f-c22a-43e0-bf4c-06f5698ffbd9}'/><EventID>5</EventID><Version>3</Version><Level>4</Level><Task>5</Task><Opcode>0</Opcode><Keywords>0x8000000000000000</Keywords><TimeCreated SystemTime='2024-01-06T00:47:42.7953550Z'/><EventRecordID>457228</EventRecordID><Correlation/><Execution ProcessID='3668' ThreadID='5444'/><Channel>Microsoft-Windows-Sysmon/Operational</Channel><Computer>DESKTOP-4BQU2RH</Computer><Security UserID='S-1-5-18'/></System><EventData><Data Name='RuleName'>Attack=None,Technique=None,Tactic=None,DS=Process: Process Termination,Level=0,Desc=Process Termination Events in Program Files Directories</Data><Data Name='UtcTime'>2024-01-06 00:47:42.794</Data><Data Name='ProcessGuid'>{609d2670-a32e-6598-8a59-000000000f00}</Data><Data Name='ProcessId'>7760</Data><Data Name='Image'>C:\Program Files\Splunk\bin\splunk-netmon.exe</Data><Data Name='User'>NT AUTHORITY\SYSTEM</Data></EventData></Event>","2024-01-05T19:47:42.794-05:00",blocked,,,,,,0,6,47,january,42,saturday,2024,0,,"DESKTOP-4BQU2RH",,,,,"DESKTOP-4BQU2RH",,"ms-sysmon-process",,,,,,,,"DESKTOP-4BQU2RH",,,main,1,,,,,,,,"Microsoft Windows",,,,,,,,"C:\Program Files\Splunk\bin\splunk-netmon.exe",,"splunk-netmon.exe","{609d2670-a32e-6598-8a59-000000000f00}",,7760,,"splunk-netmon.exe","C:\Program Files\Splunk\bin\splunk-netmon.exe",,,"<_='://../////'><><_='--'_='{----}'/><></><></><><",,,,,,,,,,,,,,,,,,,"Process terminated",5,"XmlWinEventLog:Microsoft-Windows-Sysmon/Operational",xmlwineventlog,"DESKTOP-4BQU2RH",,,,,,,,,,,"process
report",,"process
report",,797,774,,,,,,,SYSTEM,,"Microsoft Sysmon","'http://schemas.microsoft.com/win/2004/08/events/event'"
,None,,,,"DESKTOP-4BQU2RH",,,,"Named Pipe: Named Pipe Metadata","Anonymous Named Pipe Detected</Data><Data Name='EventType'>CreatePipe</Data><Data Name='UtcTime'>2024-01-06 00:47:42.783</Data><Data Name='ProcessGuid'>{609d2670-5bfd-6598-5700-000000000f00}</Data><Data Name='ProcessId'>3716</Data><Data Name='PipeName'>",,,,,,,,,"Microsoft-Windows-Sysmon/Operational",17,"PipeEvent (Pipe Created)",17,CreatePipe,,,,"'{5770385f-c22a-43e0-bf4c-06f5698ffbd9}'",,,"C:\Program Files\Splunk\bin\splunkd.exe",,,,,0x8000000000000000,4,,,,"'Microsoft-Windows-Sysmon'",0,,,,,,,"&lt;Anonymous Pipe&gt;","{609d2670-5bfd-6598-5700-000000000f00}","'3668'",3716,,,,,,457227,,"Attack=None,Technique=None,Tactic=None,DS=Named Pipe: Named Pipe Metadata,Level=0,Desc=Anonymous Named Pipe Detected",,,"S-1-5-18",,,,,,,,,"'2024-01-06T00:47:42.7921110Z'",None,,,17,None,,"'5444'","2024-01-06T00:47:42.7921110Z","NT AUTHORITY\SYSTEM","'S-1-5-18'","2024-01-06 00:47:42.783",1,"<Event xmlns='http://schemas.microsoft.com/win/2004/08/events/event'><System><Provider Name='Microsoft-Windows-Sysmon' Guid='{5770385f-c22a-43e0-bf4c-06f5698ffbd9}'/><EventID>17</EventID><Version>1</Version><Level>4</Level><Task>17</Task><Opcode>0</Opcode><Keywords>0x8000000000000000</Keywords><TimeCreated SystemTime='2024-01-06T00:47:42.7921110Z'/><EventRecordID>457227</EventRecordID><Correlation/><Execution ProcessID='3668' ThreadID='5444'/><Channel>Microsoft-Windows-Sysmon/Operational</Channel><Computer>DESKTOP-4BQU2RH</Computer><Security UserID='S-1-5-18'/></System><EventData><Data Name='RuleName'>Attack=None,Technique=None,Tactic=None,DS=Named Pipe: Named Pipe Metadata,Level=0,Desc=Anonymous Named Pipe Detected</Data><Data Name='EventType'>CreatePipe</Data><Data Name='UtcTime'>2024-01-06 00:47:42.783</Data><Data Name='ProcessGuid'>{609d2670-5bfd-6598-5700-000000000f00}</Data><Data Name='ProcessId'>3716</Data><Data Name='PipeName'>&lt;Anonymous Pipe&gt;</Data><Data Name='Image'>C:\Program Files\Splunk\bin\splunkd.exe</Data><Data Name='User'>NT AUTHORITY\SYSTEM</Data></EventData></Event>","2024-01-05T19:47:42.783-05:00",allowed,,,,,,0,6,47,january,42,saturday,2024,0,,"DESKTOP-4BQU2RH",,,,,"DESKTOP-4BQU2RH",,"ms-sysmon-process",,,,,,,,"DESKTOP-4BQU2RH",,,main,1,,,,,,,,"Microsoft Windows",,,,,,,"&lt;Anonymous Pipe&gt;",,,"splunkd.exe","{609d2670-5bfd-6598-5700-000000000f00}",,3716,,"splunkd.exe","C:\Program Files\Splunk\bin\splunkd.exe",,,"<_='://../////'><><_='--'_='{----}'/><></><></><><",,,,,,,,,,,,,,,,,,,"PipeEvent (Pipe Created)",17,"XmlWinEventLog:Microsoft-Windows-Sysmon/Operational",xmlwineventlog,"DESKTOP-4BQU2RH",,,,,,,,,,,"process
report",,"process
report",,816,793,,,,,,,SYSTEM,,"Microsoft Sysmon","'http://schemas.microsoft.com/win/2004/08/events/event'"
,None,,,,"DESKTOP-4BQU2RH",,,,"Named Pipe: Named Pipe Metadata","Anonymous Named Pipe Detected</Data><Data Name='EventType'>CreatePipe</Data><Data Name='UtcTime'>2024-01-06 00:47:42.783</Data><Data Name='ProcessGuid'>{609d2670-5bfd-6598-5700-000000000f00}</Data><Data Name='ProcessId'>3716</Data><Data Name='PipeName'>",,,,,,,,,"Microsoft-Windows-Sysmon/Operational",17,"PipeEvent (Pipe Created)",17,CreatePipe,,,,"'{5770385f-c22a-43e0-bf4c-06f5698ffbd9}'",,,"C:\Program Files\Splunk\bin\splunkd.exe",,,,,0x8000000000000000,4,,,,"'Microsoft-Windows-Sysmon'",0,,,,,,,"&lt;Anonymous Pipe&gt;","{609d2670-5bfd-6598-5700-000000000f00}","'3668'",3716,,,,,,457226,,"Attack=None,Technique=None,Tactic=None,DS=Named Pipe: Named Pipe Metadata,Level=0,Desc=Anonymous Named Pipe Detected",,,"S-1-5-18",,,,,,,,,"'2024-01-06T00:47:42.7920735Z'",None,,,17,None,,"'5444'","2024-01-06T00:47:42.7920735Z","NT AUTHORITY\SYSTEM","'S-1-5-18'","2024-01-06 00:47:42.783",1,"<Event xmlns='http://schemas.microsoft.com/win/2004/08/events/event'><System><Provider Name='Microsoft-Windows-Sysmon' Guid='{5770385f-c22a-43e0-bf4c-06f5698ffbd9}'/><EventID>17</EventID><Version>1</Version><Level>4</Level><Task>17</Task><Opcode>0</Opcode><Keywords>0x8000000000000000</Keywords><TimeCreated SystemTime='2024-01-06T00:47:42.7920735Z'/><EventRecordID>457226</EventRecordID><Correlation/><Execution ProcessID='3668' ThreadID='5444'/><Channel>Microsoft-Windows-Sysmon/Operational</Channel><Computer>DESKTOP-4BQU2RH</Computer><Security UserID='S-1-5-18'/></System><EventData><Data Name='RuleName'>Attack=None,Technique=None,Tactic=None,DS=Named Pipe: Named Pipe Metadata,Level=0,Desc=Anonymous Named Pipe Detected</Data><Data Name='EventType'>CreatePipe</Data><Data Name='UtcTime'>2024-01-06 00:47:42.783</Data><Data Name='ProcessGuid'>{609d2670-5bfd-6598-5700-000000000f00}</Data><Data Name='ProcessId'>3716</Data><Data Name='PipeName'>&lt;Anonymous Pipe&gt;</Data><Data Name='Image'>C:\Program Files\Splunk\bin\splunkd.exe</Data><Data Name='User'>NT AUTHORITY\SYSTEM</Data></EventData></Event>","2024-01-05T19:47:42.783-05:00",allowed,,,,,,0,6,47,january,42,saturday,2024,0,,"DESKTOP-4BQU2RH",,,,,"DESKTOP-4BQU2RH",,"ms-sysmon-process",,,,,,,,"DESKTOP-4BQU2RH",,,main,1,,,,,,,,"Microsoft Windows",,,,,,,"&lt;Anonymous Pipe&gt;",,,"splunkd.exe","{609d2670-5bfd-6598-5700-000000000f00}",,3716,,"splunkd.exe","C:\Program Files\Splunk\bin\splunkd.exe",,,"<_='://../////'><><_='--'_='{----}'/><></><></><><",,,,,,,,,,,,,,,,,,,"PipeEvent (Pipe Created)",17,"XmlWinEventLog:Microsoft-Windows-Sysmon/Operational",xmlwineventlog,"DESKTOP-4BQU2RH",,,,,,,,,,,"process
report",,"process
report",,816,793,,,,,,,SYSTEM,,"Microsoft Sysmon","'http://schemas.microsoft.com/win/2004/08/events/event'"
,None,,,,"DESKTOP-4BQU2RH",,,,"Named Pipe: Named Pipe Metadata","Anonymous Named Pipe Detected</Data><Data Name='EventType'>CreatePipe</Data><Data Name='UtcTime'>2024-01-06 00:47:42.783</Data><Data Name='ProcessGuid'>{609d2670-5bfd-6598-5700-000000000f00}</Data><Data Name='ProcessId'>3716</Data><Data Name='PipeName'>",,,,,,,,,"Microsoft-Windows-Sysmon/Operational",17,"PipeEvent (Pipe Created)",17,CreatePipe,,,,"'{5770385f-c22a-43e0-bf4c-06f5698ffbd9}'",,,"C:\Program Files\Splunk\bin\splunkd.exe",,,,,0x8000000000000000,4,,,,"'Microsoft-Windows-Sysmon'",0,,,,,,,"&lt;Anonymous Pipe&gt;","{609d2670-5bfd-6598-5700-000000000f00}","'3668'",3716,,,,,,457225,,"Attack=None,Technique=None,Tactic=None,DS=Named Pipe: Named Pipe Metadata,Level=0,Desc=Anonymous Named Pipe Detected",,,"S-1-5-18",,,,,,,,,"'2024-01-06T00:47:42.7920163Z'",None,,,17,None,,"'5444'","2024-01-06T00:47:42.7920163Z","NT AUTHORITY\SYSTEM","'S-1-5-18'","2024-01-06 00:47:42.783",1,"<Event xmlns='http://schemas.microsoft.com/win/2004/08/events/event'><System><Provider Name='Microsoft-Windows-Sysmon' Guid='{5770385f-c22a-43e0-bf4c-06f5698ffbd9}'/><EventID>17</EventID><Version>1</Version><Level>4</Level><Task>17</Task><Opcode>0</Opcode><Keywords>0x8000000000000000</Keywords><TimeCreated SystemTime='2024-01-06T00:47:42.7920163Z'/><EventRecordID>457225</EventRecordID><Correlation/><Execution ProcessID='3668' ThreadID='5444'/><Channel>Microsoft-Windows-Sysmon/Operational</Channel><Computer>DESKTOP-4BQU2RH</Computer><Security UserID='S-1-5-18'/></System><EventData><Data Name='RuleName'>Attack=None,Technique=None,Tactic=None,DS=Named Pipe: Named Pipe Metadata,Level=0,Desc=Anonymous Named Pipe Detected</Data><Data Name='EventType'>CreatePipe</Data><Data Name='UtcTime'>2024-01-06 00:47:42.783</Data><Data Name='ProcessGuid'>{609d2670-5bfd-6598-5700-000000000f00}</Data><Data Name='ProcessId'>3716</Data><Data Name='PipeName'>&lt;Anonymous Pipe&gt;</Data><Data Name='Image'>C:\Program Files\Splunk\bin\splunkd.exe</Data><Data Name='User'>NT AUTHORITY\SYSTEM</Data></EventData></Event>","2024-01-05T19:47:42.783-05:00",allowed,,,,,,0,6,47,january,42,saturday,2024,0,,"DESKTOP-4BQU2RH",,,,,"DESKTOP-4BQU2RH",,"ms-sysmon-process",,,,,,,,"DESKTOP-4BQU2RH",,,main,1,,,,,,,,"Microsoft Windows",,,,,,,"&lt;Anonymous Pipe&gt;",,,"splunkd.exe","{609d2670-5bfd-6598-5700-000000000f00}",,3716,,"splunkd.exe","C:\Program Files\Splunk\bin\splunkd.exe",,,"<_='://../////'><><_='--'_='{----}'/><></><></><><",,,,,,,,,,,,,,,,,,,"PipeEvent (Pipe Created)",17,"XmlWinEventLog:Microsoft-Windows-Sysmon/Operational",xmlwineventlog,"DESKTOP-4BQU2RH",,,,,,,,,,,"process
report",,"process
report",,816,793,,,,,,,SYSTEM,,"Microsoft Sysmon","'http://schemas.microsoft.com/win/2004/08/events/event'"
,None,,,,"DESKTOP-4BQU2RH",,,,"Named Pipe: Named Pipe Metadata","Anonymous Named Pipe Detected</Data><Data Name='EventType'>CreatePipe</Data><Data Name='UtcTime'>2024-01-06 00:47:42.697</Data><Data Name='ProcessGuid'>{609d2670-5bfd-6598-5700-000000000f00}</Data><Data Name='ProcessId'>3716</Data><Data Name='PipeName'>",,,,,,,,,"Microsoft-Windows-Sysmon/Operational",17,"PipeEvent (Pipe Created)",17,CreatePipe,,,,"'{5770385f-c22a-43e0-bf4c-06f5698ffbd9}'",,,"C:\Program Files\Splunk\bin\splunkd.exe",,,,,0x8000000000000000,4,,,,"'Microsoft-Windows-Sysmon'",0,,,,,,,"&lt;Anonymous Pipe&gt;","{609d2670-5bfd-6598-5700-000000000f00}","'3668'",3716,,,,,,457224,,"Attack=None,Technique=None,Tactic=None,DS=Named Pipe: Named Pipe Metadata,Level=0,Desc=Anonymous Named Pipe Detected",,,"S-1-5-18",,,,,,,,,"'2024-01-06T00:47:42.6982761Z'",None,,,17,None,,"'5444'","2024-01-06T00:47:42.6982761Z","NT AUTHORITY\SYSTEM","'S-1-5-18'","2024-01-06 00:47:42.697",1,"<Event xmlns='http://schemas.microsoft.com/win/2004/08/events/event'><System><Provider Name='Microsoft-Windows-Sysmon' Guid='{5770385f-c22a-43e0-bf4c-06f5698ffbd9}'/><EventID>17</EventID><Version>1</Version><Level>4</Level><Task>17</Task><Opcode>0</Opcode><Keywords>0x8000000000000000</Keywords><TimeCreated SystemTime='2024-01-06T00:47:42.6982761Z'/><EventRecordID>457224</EventRecordID><Correlation/><Execution ProcessID='3668' ThreadID='5444'/><Channel>Microsoft-Windows-Sysmon/Operational</Channel><Computer>DESKTOP-4BQU2RH</Computer><Security UserID='S-1-5-18'/></System><EventData><Data Name='RuleName'>Attack=None,Technique=None,Tactic=None,DS=Named Pipe: Named Pipe Metadata,Level=0,Desc=Anonymous Named Pipe Detected</Data><Data Name='EventType'>CreatePipe</Data><Data Name='UtcTime'>2024-01-06 00:47:42.697</Data><Data Name='ProcessGuid'>{609d2670-5bfd-6598-5700-000000000f00}</Data><Data Name='ProcessId'>3716</Data><Data Name='PipeName'>&lt;Anonymous Pipe&gt;</Data><Data Name='Image'>C:\Program Files\Splunk\bin\splunkd.exe</Data><Data Name='User'>NT AUTHORITY\SYSTEM</Data></EventData></Event>","2024-01-05T19:47:42.697-05:00",allowed,,,,,,0,6,47,january,42,saturday,2024,0,,"DESKTOP-4BQU2RH",,,,,"DESKTOP-4BQU2RH",,"ms-sysmon-process",,,,,,,,"DESKTOP-4BQU2RH",,,main,1,,,,,,,,"Microsoft Windows",,,,,,,"&lt;Anonymous Pipe&gt;",,,"splunkd.exe","{609d2670-5bfd-6598-5700-000000000f00}",,3716,,"splunkd.exe","C:\Program Files\Splunk\bin\splunkd.exe",,,"<_='://../////'><><_='--'_='{----}'/><></><></><><",,,,,,,,,,,,,,,,,,,"PipeEvent (Pipe Created)",17,"XmlWinEventLog:Microsoft-Windows-Sysmon/Operational",xmlwineventlog,"DESKTOP-4BQU2RH",,,,,,,,,,,"process
report",,"process
report",,816,793,,,,,,,SYSTEM,,"Microsoft Sysmon","'http://schemas.microsoft.com/win/2004/08/events/event'"
,None,,,,"DESKTOP-4BQU2RH",,,,"Named Pipe: Named Pipe Metadata","Anonymous Named Pipe Detected</Data><Data Name='EventType'>CreatePipe</Data><Data Name='UtcTime'>2024-01-06 00:47:42.697</Data><Data Name='ProcessGuid'>{609d2670-5bfd-6598-5700-000000000f00}</Data><Data Name='ProcessId'>3716</Data><Data Name='PipeName'>",,,,,,,,,"Microsoft-Windows-Sysmon/Operational",17,"PipeEvent (Pipe Created)",17,CreatePipe,,,,"'{5770385f-c22a-43e0-bf4c-06f5698ffbd9}'",,,"C:\Program Files\Splunk\bin\splunkd.exe",,,,,0x8000000000000000,4,,,,"'Microsoft-Windows-Sysmon'",0,,,,,,,"&lt;Anonymous Pipe&gt;","{609d2670-5bfd-6598-5700-000000000f00}","'3668'",3716,,,,,,457223,,"Attack=None,Technique=None,Tactic=None,DS=Named Pipe: Named Pipe Metadata,Level=0,Desc=Anonymous Named Pipe Detected",,,"S-1-5-18",,,,,,,,,"'2024-01-06T00:47:42.6981563Z'",None,,,17,None,,"'5444'","2024-01-06T00:47:42.6981563Z","NT AUTHORITY\SYSTEM","'S-1-5-18'","2024-01-06 00:47:42.697",1,"<Event xmlns='http://schemas.microsoft.com/win/2004/08/events/event'><System><Provider Name='Microsoft-Windows-Sysmon' Guid='{5770385f-c22a-43e0-bf4c-06f5698ffbd9}'/><EventID>17</EventID><Version>1</Version><Level>4</Level><Task>17</Task><Opcode>0</Opcode><Keywords>0x8000000000000000</Keywords><TimeCreated SystemTime='2024-01-06T00:47:42.6981563Z'/><EventRecordID>457223</EventRecordID><Correlation/><Execution ProcessID='3668' ThreadID='5444'/><Channel>Microsoft-Windows-Sysmon/Operational</Channel><Computer>DESKTOP-4BQU2RH</Computer><Security UserID='S-1-5-18'/></System><EventData><Data Name='RuleName'>Attack=None,Technique=None,Tactic=None,DS=Named Pipe: Named Pipe Metadata,Level=0,Desc=Anonymous Named Pipe Detected</Data><Data Name='EventType'>CreatePipe</Data><Data Name='UtcTime'>2024-01-06 00:47:42.697</Data><Data Name='ProcessGuid'>{609d2670-5bfd-6598-5700-000000000f00}</Data><Data Name='ProcessId'>3716</Data><Data Name='PipeName'>&lt;Anonymous Pipe&gt;</Data><Data Name='Image'>C:\Program Files\Splunk\bin\splunkd.exe</Data><Data Name='User'>NT AUTHORITY\SYSTEM</Data></EventData></Event>","2024-01-05T19:47:42.697-05:00",allowed,,,,,,0,6,47,january,42,saturday,2024,0,,"DESKTOP-4BQU2RH",,,,,"DESKTOP-4BQU2RH",,"ms-sysmon-process",,,,,,,,"DESKTOP-4BQU2RH",,,main,1,,,,,,,,"Microsoft Windows",,,,,,,"&lt;Anonymous Pipe&gt;",,,"splunkd.exe","{609d2670-5bfd-6598-5700-000000000f00}",,3716,,"splunkd.exe","C:\Program Files\Splunk\bin\splunkd.exe",,,"<_='://../////'><><_='--'_='{----}'/><></><></><><",,,,,,,,,,,,,,,,,,,"PipeEvent (Pipe Created)",17,"XmlWinEventLog:Microsoft-Windows-Sysmon/Operational",xmlwineventlog,"DESKTOP-4BQU2RH",,,,,,,,,,,"process
report",,"process
report",,816,793,,,,,,,SYSTEM,,"Microsoft Sysmon","'http://schemas.microsoft.com/win/2004/08/events/event'"
,None,,,,"DESKTOP-4BQU2RH",,,,"Named Pipe: Named Pipe Metadata","Anonymous Named Pipe Detected</Data><Data Name='EventType'>CreatePipe</Data><Data Name='UtcTime'>2024-01-06 00:47:42.697</Data><Data Name='ProcessGuid'>{609d2670-5bfd-6598-5700-000000000f00}</Data><Data Name='ProcessId'>3716</Data><Data Name='PipeName'>",,,,,,,,,"Microsoft-Windows-Sysmon/Operational",17,"PipeEvent (Pipe Created)",17,CreatePipe,,,,"'{5770385f-c22a-43e0-bf4c-06f5698ffbd9}'",,,"C:\Program Files\Splunk\bin\splunkd.exe",,,,,0x8000000000000000,4,,,,"'Microsoft-Windows-Sysmon'",0,,,,,,,"&lt;Anonymous Pipe&gt;","{609d2670-5bfd-6598-5700-000000000f00}","'3668'",3716,,,,,,457222,,"Attack=None,Technique=None,Tactic=None,DS=Named Pipe: Named Pipe Metadata,Level=0,Desc=Anonymous Named Pipe Detected",,,"S-1-5-18",,,,,,,,,"'2024-01-06T00:47:42.6979734Z'",None,,,17,None,,"'5444'","2024-01-06T00:47:42.6979734Z","NT AUTHORITY\SYSTEM","'S-1-5-18'","2024-01-06 00:47:42.697",1,"<Event xmlns='http://schemas.microsoft.com/win/2004/08/events/event'><System><Provider Name='Microsoft-Windows-Sysmon' Guid='{5770385f-c22a-43e0-bf4c-06f5698ffbd9}'/><EventID>17</EventID><Version>1</Version><Level>4</Level><Task>17</Task><Opcode>0</Opcode><Keywords>0x8000000000000000</Keywords><TimeCreated SystemTime='2024-01-06T00:47:42.6979734Z'/><EventRecordID>457222</EventRecordID><Correlation/><Execution ProcessID='3668' ThreadID='5444'/><Channel>Microsoft-Windows-Sysmon/Operational</Channel><Computer>DESKTOP-4BQU2RH</Computer><Security UserID='S-1-5-18'/></System><EventData><Data Name='RuleName'>Attack=None,Technique=None,Tactic=None,DS=Named Pipe: Named Pipe Metadata,Level=0,Desc=Anonymous Named Pipe Detected</Data><Data Name='EventType'>CreatePipe</Data><Data Name='UtcTime'>2024-01-06 00:47:42.697</Data><Data Name='ProcessGuid'>{609d2670-5bfd-6598-5700-000000000f00}</Data><Data Name='ProcessId'>3716</Data><Data Name='PipeName'>&lt;Anonymous Pipe&gt;</Data><Data Name='Image'>C:\Program Files\Splunk\bin\splunkd.exe</Data><Data Name='User'>NT AUTHORITY\SYSTEM</Data></EventData></Event>","2024-01-05T19:47:42.697-05:00",allowed,,,,,,0,6,47,january,42,saturday,2024,0,,"DESKTOP-4BQU2RH",,,,,"DESKTOP-4BQU2RH",,"ms-sysmon-process",,,,,,,,"DESKTOP-4BQU2RH",,,main,1,,,,,,,,"Microsoft Windows",,,,,,,"&lt;Anonymous Pipe&gt;",,,"splunkd.exe","{609d2670-5bfd-6598-5700-000000000f00}",,3716,,"splunkd.exe","C:\Program Files\Splunk\bin\splunkd.exe",,,"<_='://../////'><><_='--'_='{----}'/><></><></><><",,,,,,,,,,,,,,,,,,,"PipeEvent (Pipe Created)",17,"XmlWinEventLog:Microsoft-Windows-Sysmon/Operational",xmlwineventlog,"DESKTOP-4BQU2RH",,,,,,,,,,,"process
report",,"process
report",,816,793,,,,,,,SYSTEM,,"Microsoft Sysmon","'http://schemas.microsoft.com/win/2004/08/events/event'"
,None,,,,"DESKTOP-4BQU2RH",,,,"Named Pipe: Named Pipe Metadata","Anonymous Named Pipe Detected</Data><Data Name='EventType'>CreatePipe</Data><Data Name='UtcTime'>2024-01-06 00:47:42.649</Data><Data Name='ProcessGuid'>{609d2670-5bfd-6598-5700-000000000f00}</Data><Data Name='ProcessId'>3716</Data><Data Name='PipeName'>",,,,,,,,,"Microsoft-Windows-Sysmon/Operational",17,"PipeEvent (Pipe Created)",17,CreatePipe,,,,"'{5770385f-c22a-43e0-bf4c-06f5698ffbd9}'",,,"C:\Program Files\Splunk\bin\splunkd.exe",,,,,0x8000000000000000,4,,,,"'Microsoft-Windows-Sysmon'",0,,,,,,,"&lt;Anonymous Pipe&gt;","{609d2670-5bfd-6598-5700-000000000f00}","'3668'",3716,,,,,,457221,,"Attack=None,Technique=None,Tactic=None,DS=Named Pipe: Named Pipe Metadata,Level=0,Desc=Anonymous Named Pipe Detected",,,"S-1-5-18",,,,,,,,,"'2024-01-06T00:47:42.6501924Z'",None,,,17,None,,"'5444'","2024-01-06T00:47:42.6501924Z","NT AUTHORITY\SYSTEM","'S-1-5-18'","2024-01-06 00:47:42.649",1,"<Event xmlns='http://schemas.microsoft.com/win/2004/08/events/event'><System><Provider Name='Microsoft-Windows-Sysmon' Guid='{5770385f-c22a-43e0-bf4c-06f5698ffbd9}'/><EventID>17</EventID><Version>1</Version><Level>4</Level><Task>17</Task><Opcode>0</Opcode><Keywords>0x8000000000000000</Keywords><TimeCreated SystemTime='2024-01-06T00:47:42.6501924Z'/><EventRecordID>457221</EventRecordID><Correlation/><Execution ProcessID='3668' ThreadID='5444'/><Channel>Microsoft-Windows-Sysmon/Operational</Channel><Computer>DESKTOP-4BQU2RH</Computer><Security UserID='S-1-5-18'/></System><EventData><Data Name='RuleName'>Attack=None,Technique=None,Tactic=None,DS=Named Pipe: Named Pipe Metadata,Level=0,Desc=Anonymous Named Pipe Detected</Data><Data Name='EventType'>CreatePipe</Data><Data Name='UtcTime'>2024-01-06 00:47:42.649</Data><Data Name='ProcessGuid'>{609d2670-5bfd-6598-5700-000000000f00}</Data><Data Name='ProcessId'>3716</Data><Data Name='PipeName'>&lt;Anonymous Pipe&gt;</Data><Data Name='Image'>C:\Program Files\Splunk\bin\splunkd.exe</Data><Data Name='User'>NT AUTHORITY\SYSTEM</Data></EventData></Event>","2024-01-05T19:47:42.649-05:00",allowed,,,,,,0,6,47,january,42,saturday,2024,0,,"DESKTOP-4BQU2RH",,,,,"DESKTOP-4BQU2RH",,"ms-sysmon-process",,,,,,,,"DESKTOP-4BQU2RH",,,main,1,,,,,,,,"Microsoft Windows",,,,,,,"&lt;Anonymous Pipe&gt;",,,"splunkd.exe","{609d2670-5bfd-6598-5700-000000000f00}",,3716,,"splunkd.exe","C:\Program Files\Splunk\bin\splunkd.exe",,,"<_='://../////'><><_='--'_='{----}'/><></><></><><",,,,,,,,,,,,,,,,,,,"PipeEvent (Pipe Created)",17,"XmlWinEventLog:Microsoft-Windows-Sysmon/Operational",xmlwineventlog,"DESKTOP-4BQU2RH",,,,,,,,,,,"process
report",,"process
report",,816,793,,,,,,,SYSTEM,,"Microsoft Sysmon","'http://schemas.microsoft.com/win/2004/08/events/event'"
,None,,,,"DESKTOP-4BQU2RH",,,,"Named Pipe: Named Pipe Metadata","Anonymous Named Pipe Detected</Data><Data Name='EventType'>CreatePipe</Data><Data Name='UtcTime'>2024-01-06 00:47:42.649</Data><Data Name='ProcessGuid'>{609d2670-5bfd-6598-5700-000000000f00}</Data><Data Name='ProcessId'>3716</Data><Data Name='PipeName'>",,,,,,,,,"Microsoft-Windows-Sysmon/Operational",17,"PipeEvent (Pipe Created)",17,CreatePipe,,,,"'{5770385f-c22a-43e0-bf4c-06f5698ffbd9}'",,,"C:\Program Files\Splunk\bin\splunkd.exe",,,,,0x8000000000000000,4,,,,"'Microsoft-Windows-Sysmon'",0,,,,,,,"&lt;Anonymous Pipe&gt;","{609d2670-5bfd-6598-5700-000000000f00}","'3668'",3716,,,,,,457220,,"Attack=None,Technique=None,Tactic=None,DS=Named Pipe: Named Pipe Metadata,Level=0,Desc=Anonymous Named Pipe Detected",,,"S-1-5-18",,,,,,,,,"'2024-01-06T00:47:42.6501290Z'",None,,,17,None,,"'5444'","2024-01-06T00:47:42.6501290Z","NT AUTHORITY\SYSTEM","'S-1-5-18'","2024-01-06 00:47:42.649",1,"<Event xmlns='http://schemas.microsoft.com/win/2004/08/events/event'><System><Provider Name='Microsoft-Windows-Sysmon' Guid='{5770385f-c22a-43e0-bf4c-06f5698ffbd9}'/><EventID>17</EventID><Version>1</Version><Level>4</Level><Task>17</Task><Opcode>0</Opcode><Keywords>0x8000000000000000</Keywords><TimeCreated SystemTime='2024-01-06T00:47:42.6501290Z'/><EventRecordID>457220</EventRecordID><Correlation/><Execution ProcessID='3668' ThreadID='5444'/><Channel>Microsoft-Windows-Sysmon/Operational</Channel><Computer>DESKTOP-4BQU2RH</Computer><Security UserID='S-1-5-18'/></System><EventData><Data Name='RuleName'>Attack=None,Technique=None,Tactic=None,DS=Named Pipe: Named Pipe Metadata,Level=0,Desc=Anonymous Named Pipe Detected</Data><Data Name='EventType'>CreatePipe</Data><Data Name='UtcTime'>2024-01-06 00:47:42.649</Data><Data Name='ProcessGuid'>{609d2670-5bfd-6598-5700-000000000f00}</Data><Data Name='ProcessId'>3716</Data><Data Name='PipeName'>&lt;Anonymous Pipe&gt;</Data><Data Name='Image'>C:\Program Files\Splunk\bin\splunkd.exe</Data><Data Name='User'>NT AUTHORITY\SYSTEM</Data></EventData></Event>","2024-01-05T19:47:42.649-05:00",allowed,,,,,,0,6,47,january,42,saturday,2024,0,,"DESKTOP-4BQU2RH",,,,,"DESKTOP-4BQU2RH",,"ms-sysmon-process",,,,,,,,"DESKTOP-4BQU2RH",,,main,1,,,,,,,,"Microsoft Windows",,,,,,,"&lt;Anonymous Pipe&gt;",,,"splunkd.exe","{609d2670-5bfd-6598-5700-000000000f00}",,3716,,"splunkd.exe","C:\Program Files\Splunk\bin\splunkd.exe",,,"<_='://../////'><><_='--'_='{----}'/><></><></><><",,,,,,,,,,,,,,,,,,,"PipeEvent (Pipe Created)",17,"XmlWinEventLog:Microsoft-Windows-Sysmon/Operational",xmlwineventlog,"DESKTOP-4BQU2RH",,,,,,,,,,,"process
report",,"process
report",,816,793,,,,,,,SYSTEM,,"Microsoft Sysmon","'http://schemas.microsoft.com/win/2004/08/events/event'"
,None,,,,"DESKTOP-4BQU2RH",,,,"Named Pipe: Named Pipe Metadata","Anonymous Named Pipe Detected</Data><Data Name='EventType'>CreatePipe</Data><Data Name='UtcTime'>2024-01-06 00:47:42.649</Data><Data Name='ProcessGuid'>{609d2670-5bfd-6598-5700-000000000f00}</Data><Data Name='ProcessId'>3716</Data><Data Name='PipeName'>",,,,,,,,,"Microsoft-Windows-Sysmon/Operational",17,"PipeEvent (Pipe Created)",17,CreatePipe,,,,"'{5770385f-c22a-43e0-bf4c-06f5698ffbd9}'",,,"C:\Program Files\Splunk\bin\splunkd.exe",,,,,0x8000000000000000,4,,,,"'Microsoft-Windows-Sysmon'",0,,,,,,,"&lt;Anonymous Pipe&gt;","{609d2670-5bfd-6598-5700-000000000f00}","'3668'",3716,,,,,,457219,,"Attack=None,Technique=None,Tactic=None,DS=Named Pipe: Named Pipe Metadata,Level=0,Desc=Anonymous Named Pipe Detected",,,"S-1-5-18",,,,,,,,,"'2024-01-06T00:47:42.6500320Z'",None,,,17,None,,"'5444'","2024-01-06T00:47:42.6500320Z","NT AUTHORITY\SYSTEM","'S-1-5-18'","2024-01-06 00:47:42.649",1,"<Event xmlns='http://schemas.microsoft.com/win/2004/08/events/event'><System><Provider Name='Microsoft-Windows-Sysmon' Guid='{5770385f-c22a-43e0-bf4c-06f5698ffbd9}'/><EventID>17</EventID><Version>1</Version><Level>4</Level><Task>17</Task><Opcode>0</Opcode><Keywords>0x8000000000000000</Keywords><TimeCreated SystemTime='2024-01-06T00:47:42.6500320Z'/><EventRecordID>457219</EventRecordID><Correlation/><Execution ProcessID='3668' ThreadID='5444'/><Channel>Microsoft-Windows-Sysmon/Operational</Channel><Computer>DESKTOP-4BQU2RH</Computer><Security UserID='S-1-5-18'/></System><EventData><Data Name='RuleName'>Attack=None,Technique=None,Tactic=None,DS=Named Pipe: Named Pipe Metadata,Level=0,Desc=Anonymous Named Pipe Detected</Data><Data Name='EventType'>CreatePipe</Data><Data Name='UtcTime'>2024-01-06 00:47:42.649</Data><Data Name='ProcessGuid'>{609d2670-5bfd-6598-5700-000000000f00}</Data><Data Name='ProcessId'>3716</Data><Data Name='PipeName'>&lt;Anonymous Pipe&gt;</Data><Data Name='Image'>C:\Program Files\Splunk\bin\splunkd.exe</Data><Data Name='User'>NT AUTHORITY\SYSTEM</Data></EventData></Event>","2024-01-05T19:47:42.649-05:00",allowed,,,,,,0,6,47,january,42,saturday,2024,0,,"DESKTOP-4BQU2RH",,,,,"DESKTOP-4BQU2RH",,"ms-sysmon-process",,,,,,,,"DESKTOP-4BQU2RH",,,main,1,,,,,,,,"Microsoft Windows",,,,,,,"&lt;Anonymous Pipe&gt;",,,"splunkd.exe","{609d2670-5bfd-6598-5700-000000000f00}",,3716,,"splunkd.exe","C:\Program Files\Splunk\bin\splunkd.exe",,,"<_='://../////'><><_='--'_='{----}'/><></><></><><",,,,,,,,,,,,,,,,,,,"PipeEvent (Pipe Created)",17,"XmlWinEventLog:Microsoft-Windows-Sysmon/Operational",xmlwineventlog,"DESKTOP-4BQU2RH",,,,,,,,,,,"process
report",,"process
report",,816,793,,,,,,,SYSTEM,,"Microsoft Sysmon","'http://schemas.microsoft.com/win/2004/08/events/event'"
,None,,,,"DESKTOP-4BQU2RH",,,,"Process: Process Termination",Process,,,,,,,,,"Microsoft-Windows-Sysmon/Operational",5,"Process terminated",5,,,,,"'{5770385f-c22a-43e0-bf4c-06f5698ffbd9}'",,,"C:\Program Files\Splunk\bin\splunk-MonitorNoHandle.exe",,,,,0x8000000000000000,4,,,,"'Microsoft-Windows-Sysmon'",0,,,,,,,,"{609d2670-a32c-6598-8959-000000000f00}","'3668'",8744,,,,,,457216,,"Attack=None,Technique=None,Tactic=None,DS=Process: Process Termination,Level=0,Desc=Process Termination Events in Program Files Directories",,,"S-1-5-18",,,,,,,,,"'2024-01-06T00:47:41.0069630Z'",None,,,5,None,,"'5444'","2024-01-06T00:47:41.0069630Z","NT AUTHORITY\SYSTEM","'S-1-5-18'","2024-01-06 00:47:41.006",3,"<Event xmlns='http://schemas.microsoft.com/win/2004/08/events/event'><System><Provider Name='Microsoft-Windows-Sysmon' Guid='{5770385f-c22a-43e0-bf4c-06f5698ffbd9}'/><EventID>5</EventID><Version>3</Version><Level>4</Level><Task>5</Task><Opcode>0</Opcode><Keywords>0x8000000000000000</Keywords><TimeCreated SystemTime='2024-01-06T00:47:41.0069630Z'/><EventRecordID>457216</EventRecordID><Correlation/><Execution ProcessID='3668' ThreadID='5444'/><Channel>Microsoft-Windows-Sysmon/Operational</Channel><Computer>DESKTOP-4BQU2RH</Computer><Security UserID='S-1-5-18'/></System><EventData><Data Name='RuleName'>Attack=None,Technique=None,Tactic=None,DS=Process: Process Termination,Level=0,Desc=Process Termination Events in Program Files Directories</Data><Data Name='UtcTime'>2024-01-06 00:47:41.006</Data><Data Name='ProcessGuid'>{609d2670-a32c-6598-8959-000000000f00}</Data><Data Name='ProcessId'>8744</Data><Data Name='Image'>C:\Program Files\Splunk\bin\splunk-MonitorNoHandle.exe</Data><Data Name='User'>NT AUTHORITY\SYSTEM</Data></EventData></Event>","2024-01-05T19:47:41.006-05:00",blocked,,,,,,0,6,47,january,41,saturday,2024,0,,"DESKTOP-4BQU2RH",,,,,"DESKTOP-4BQU2RH",,"ms-sysmon-process",,,,,,,,"DESKTOP-4BQU2RH",,,main,1,,,,,,,,"Microsoft Windows",,,,,,,,"C:\Program Files\Splunk\bin\splunk-MonitorNoHandle.exe",,"splunk-MonitorNoHandle.exe","{609d2670-a32c-6598-8959-000000000f00}",,8744,,"splunk-MonitorNoHandle.exe","C:\Program Files\Splunk\bin\splunk-MonitorNoHandle.exe",,,"<_='://../////'><><_='--'_='{----}'/><></><></><><",,,,,,,,,,,,,,,,,,,"Process terminated",5,"XmlWinEventLog:Microsoft-Windows-Sysmon/Operational",xmlwineventlog,"DESKTOP-4BQU2RH",,,,,,,,,,,"process
report",,"process
report",,797,774,,,,,,,SYSTEM,,"Microsoft Sysmon","'http://schemas.microsoft.com/win/2004/08/events/event'"
,None,,,,"DESKTOP-4BQU2RH",,,,"Named Pipe: Named Pipe Metadata","Anonymous Named Pipe Detected</Data><Data Name='EventType'>CreatePipe</Data><Data Name='UtcTime'>2024-01-06 00:47:40.856</Data><Data Name='ProcessGuid'>{609d2670-5bfd-6598-5700-000000000f00}</Data><Data Name='ProcessId'>3716</Data><Data Name='PipeName'>",,,,,,,,,"Microsoft-Windows-Sysmon/Operational",17,"PipeEvent (Pipe Created)",17,CreatePipe,,,,"'{5770385f-c22a-43e0-bf4c-06f5698ffbd9}'",,,"C:\Program Files\Splunk\bin\splunkd.exe",,,,,0x8000000000000000,4,,,,"'Microsoft-Windows-Sysmon'",0,,,,,,,"&lt;Anonymous Pipe&gt;","{609d2670-5bfd-6598-5700-000000000f00}","'3668'",3716,,,,,,457215,,"Attack=None,Technique=None,Tactic=None,DS=Named Pipe: Named Pipe Metadata,Level=0,Desc=Anonymous Named Pipe Detected",,,"S-1-5-18",,,,,,,,,"'2024-01-06T00:47:40.8575902Z'",None,,,17,None,,"'5444'","2024-01-06T00:47:40.8575902Z","NT AUTHORITY\SYSTEM","'S-1-5-18'","2024-01-06 00:47:40.856",1,"<Event xmlns='http://schemas.microsoft.com/win/2004/08/events/event'><System><Provider Name='Microsoft-Windows-Sysmon' Guid='{5770385f-c22a-43e0-bf4c-06f5698ffbd9}'/><EventID>17</EventID><Version>1</Version><Level>4</Level><Task>17</Task><Opcode>0</Opcode><Keywords>0x8000000000000000</Keywords><TimeCreated SystemTime='2024-01-06T00:47:40.8575902Z'/><EventRecordID>457215</EventRecordID><Correlation/><Execution ProcessID='3668' ThreadID='5444'/><Channel>Microsoft-Windows-Sysmon/Operational</Channel><Computer>DESKTOP-4BQU2RH</Computer><Security UserID='S-1-5-18'/></System><EventData><Data Name='RuleName'>Attack=None,Technique=None,Tactic=None,DS=Named Pipe: Named Pipe Metadata,Level=0,Desc=Anonymous Named Pipe Detected</Data><Data Name='EventType'>CreatePipe</Data><Data Name='UtcTime'>2024-01-06 00:47:40.856</Data><Data Name='ProcessGuid'>{609d2670-5bfd-6598-5700-000000000f00}</Data><Data Name='ProcessId'>3716</Data><Data Name='PipeName'>&lt;Anonymous Pipe&gt;</Data><Data Name='Image'>C:\Program Files\Splunk\bin\splunkd.exe</Data><Data Name='User'>NT AUTHORITY\SYSTEM</Data></EventData></Event>","2024-01-05T19:47:40.856-05:00",allowed,,,,,,0,6,47,january,40,saturday,2024,0,,"DESKTOP-4BQU2RH",,,,,"DESKTOP-4BQU2RH",,"ms-sysmon-process",,,,,,,,"DESKTOP-4BQU2RH",,,main,1,,,,,,,,"Microsoft Windows",,,,,,,"&lt;Anonymous Pipe&gt;",,,"splunkd.exe","{609d2670-5bfd-6598-5700-000000000f00}",,3716,,"splunkd.exe","C:\Program Files\Splunk\bin\splunkd.exe",,,"<_='://../////'><><_='--'_='{----}'/><></><></><><",,,,,,,,,,,,,,,,,,,"PipeEvent (Pipe Created)",17,"XmlWinEventLog:Microsoft-Windows-Sysmon/Operational",xmlwineventlog,"DESKTOP-4BQU2RH",,,,,,,,,,,"process
report",,"process
report",,816,793,,,,,,,SYSTEM,,"Microsoft Sysmon","'http://schemas.microsoft.com/win/2004/08/events/event'"
,None,,,,"DESKTOP-4BQU2RH",,,,"Named Pipe: Named Pipe Metadata","Anonymous Named Pipe Detected</Data><Data Name='EventType'>CreatePipe</Data><Data Name='UtcTime'>2024-01-06 00:47:40.856</Data><Data Name='ProcessGuid'>{609d2670-5bfd-6598-5700-000000000f00}</Data><Data Name='ProcessId'>3716</Data><Data Name='PipeName'>",,,,,,,,,"Microsoft-Windows-Sysmon/Operational",17,"PipeEvent (Pipe Created)",17,CreatePipe,,,,"'{5770385f-c22a-43e0-bf4c-06f5698ffbd9}'",,,"C:\Program Files\Splunk\bin\splunkd.exe",,,,,0x8000000000000000,4,,,,"'Microsoft-Windows-Sysmon'",0,,,,,,,"&lt;Anonymous Pipe&gt;","{609d2670-5bfd-6598-5700-000000000f00}","'3668'",3716,,,,,,457214,,"Attack=None,Technique=None,Tactic=None,DS=Named Pipe: Named Pipe Metadata,Level=0,Desc=Anonymous Named Pipe Detected",,,"S-1-5-18",,,,,,,,,"'2024-01-06T00:47:40.8575061Z'",None,,,17,None,,"'5444'","2024-01-06T00:47:40.8575061Z","NT AUTHORITY\SYSTEM","'S-1-5-18'","2024-01-06 00:47:40.856",1,"<Event xmlns='http://schemas.microsoft.com/win/2004/08/events/event'><System><Provider Name='Microsoft-Windows-Sysmon' Guid='{5770385f-c22a-43e0-bf4c-06f5698ffbd9}'/><EventID>17</EventID><Version>1</Version><Level>4</Level><Task>17</Task><Opcode>0</Opcode><Keywords>0x8000000000000000</Keywords><TimeCreated SystemTime='2024-01-06T00:47:40.8575061Z'/><EventRecordID>457214</EventRecordID><Correlation/><Execution ProcessID='3668' ThreadID='5444'/><Channel>Microsoft-Windows-Sysmon/Operational</Channel><Computer>DESKTOP-4BQU2RH</Computer><Security UserID='S-1-5-18'/></System><EventData><Data Name='RuleName'>Attack=None,Technique=None,Tactic=None,DS=Named Pipe: Named Pipe Metadata,Level=0,Desc=Anonymous Named Pipe Detected</Data><Data Name='EventType'>CreatePipe</Data><Data Name='UtcTime'>2024-01-06 00:47:40.856</Data><Data Name='ProcessGuid'>{609d2670-5bfd-6598-5700-000000000f00}</Data><Data Name='ProcessId'>3716</Data><Data Name='PipeName'>&lt;Anonymous Pipe&gt;</Data><Data Name='Image'>C:\Program Files\Splunk\bin\splunkd.exe</Data><Data Name='User'>NT AUTHORITY\SYSTEM</Data></EventData></Event>","2024-01-05T19:47:40.856-05:00",allowed,,,,,,0,6,47,january,40,saturday,2024,0,,"DESKTOP-4BQU2RH",,,,,"DESKTOP-4BQU2RH",,"ms-sysmon-process",,,,,,,,"DESKTOP-4BQU2RH",,,main,1,,,,,,,,"Microsoft Windows",,,,,,,"&lt;Anonymous Pipe&gt;",,,"splunkd.exe","{609d2670-5bfd-6598-5700-000000000f00}",,3716,,"splunkd.exe","C:\Program Files\Splunk\bin\splunkd.exe",,,"<_='://../////'><><_='--'_='{----}'/><></><></><><",,,,,,,,,,,,,,,,,,,"PipeEvent (Pipe Created)",17,"XmlWinEventLog:Microsoft-Windows-Sysmon/Operational",xmlwineventlog,"DESKTOP-4BQU2RH",,,,,,,,,,,"process
report",,"process
report",,816,793,,,,,,,SYSTEM,,"Microsoft Sysmon","'http://schemas.microsoft.com/win/2004/08/events/event'"
,None,,,,"DESKTOP-4BQU2RH",,,,"Named Pipe: Named Pipe Metadata","Anonymous Named Pipe Detected</Data><Data Name='EventType'>CreatePipe</Data><Data Name='UtcTime'>2024-01-06 00:47:40.855</Data><Data Name='ProcessGuid'>{609d2670-5bfd-6598-5700-000000000f00}</Data><Data Name='ProcessId'>3716</Data><Data Name='PipeName'>",,,,,,,,,"Microsoft-Windows-Sysmon/Operational",17,"PipeEvent (Pipe Created)",17,CreatePipe,,,,"'{5770385f-c22a-43e0-bf4c-06f5698ffbd9}'",,,"C:\Program Files\Splunk\bin\splunkd.exe",,,,,0x8000000000000000,4,,,,"'Microsoft-Windows-Sysmon'",0,,,,,,,"&lt;Anonymous Pipe&gt;","{609d2670-5bfd-6598-5700-000000000f00}","'3668'",3716,,,,,,457213,,"Attack=None,Technique=None,Tactic=None,DS=Named Pipe: Named Pipe Metadata,Level=0,Desc=Anonymous Named Pipe Detected",,,"S-1-5-18",,,,,,,,,"'2024-01-06T00:47:40.8573992Z'",None,,,17,None,,"'5444'","2024-01-06T00:47:40.8573992Z","NT AUTHORITY\SYSTEM","'S-1-5-18'","2024-01-06 00:47:40.855",1,"<Event xmlns='http://schemas.microsoft.com/win/2004/08/events/event'><System><Provider Name='Microsoft-Windows-Sysmon' Guid='{5770385f-c22a-43e0-bf4c-06f5698ffbd9}'/><EventID>17</EventID><Version>1</Version><Level>4</Level><Task>17</Task><Opcode>0</Opcode><Keywords>0x8000000000000000</Keywords><TimeCreated SystemTime='2024-01-06T00:47:40.8573992Z'/><EventRecordID>457213</EventRecordID><Correlation/><Execution ProcessID='3668' ThreadID='5444'/><Channel>Microsoft-Windows-Sysmon/Operational</Channel><Computer>DESKTOP-4BQU2RH</Computer><Security UserID='S-1-5-18'/></System><EventData><Data Name='RuleName'>Attack=None,Technique=None,Tactic=None,DS=Named Pipe: Named Pipe Metadata,Level=0,Desc=Anonymous Named Pipe Detected</Data><Data Name='EventType'>CreatePipe</Data><Data Name='UtcTime'>2024-01-06 00:47:40.855</Data><Data Name='ProcessGuid'>{609d2670-5bfd-6598-5700-000000000f00}</Data><Data Name='ProcessId'>3716</Data><Data Name='PipeName'>&lt;Anonymous Pipe&gt;</Data><Data Name='Image'>C:\Program Files\Splunk\bin\splunkd.exe</Data><Data Name='User'>NT AUTHORITY\SYSTEM</Data></EventData></Event>","2024-01-05T19:47:40.855-05:00",allowed,,,,,,0,6,47,january,40,saturday,2024,0,,"DESKTOP-4BQU2RH",,,,,"DESKTOP-4BQU2RH",,"ms-sysmon-process",,,,,,,,"DESKTOP-4BQU2RH",,,main,1,,,,,,,,"Microsoft Windows",,,,,,,"&lt;Anonymous Pipe&gt;",,,"splunkd.exe","{609d2670-5bfd-6598-5700-000000000f00}",,3716,,"splunkd.exe","C:\Program Files\Splunk\bin\splunkd.exe",,,"<_='://../////'><><_='--'_='{----}'/><></><></><><",,,,,,,,,,,,,,,,,,,"PipeEvent (Pipe Created)",17,"XmlWinEventLog:Microsoft-Windows-Sysmon/Operational",xmlwineventlog,"DESKTOP-4BQU2RH",,,,,,,,,,,"process
report",,"process
report",,816,793,,,,,,,SYSTEM,,"Microsoft Sysmon","'http://schemas.microsoft.com/win/2004/08/events/event'"
,None,,,,"DESKTOP-4BQU2RH",,,,"Process: Process Termination",Process,,,,,,,,,"Microsoft-Windows-Sysmon/Operational",5,"Process terminated",5,,,,,"'{5770385f-c22a-43e0-bf4c-06f5698ffbd9}'",,,"C:\Program Files\Splunk\bin\python3.exe",,,,,0x8000000000000000,4,,,,"'Microsoft-Windows-Sysmon'",0,,,,,,,,"{609d2670-a329-6598-6b59-000000000f00}","'3668'",3172,,,,,,457212,,"Attack=None,Technique=None,Tactic=None,DS=Process: Process Termination,Level=0,Desc=Process Termination Events in Program Files Directories",,,"S-1-5-18",,,,,,,,,"'2024-01-06T00:47:40.1858307Z'",None,,,5,None,,"'5444'","2024-01-06T00:47:40.1858307Z","NT AUTHORITY\SYSTEM","'S-1-5-18'","2024-01-06 00:47:40.185",3,"<Event xmlns='http://schemas.microsoft.com/win/2004/08/events/event'><System><Provider Name='Microsoft-Windows-Sysmon' Guid='{5770385f-c22a-43e0-bf4c-06f5698ffbd9}'/><EventID>5</EventID><Version>3</Version><Level>4</Level><Task>5</Task><Opcode>0</Opcode><Keywords>0x8000000000000000</Keywords><TimeCreated SystemTime='2024-01-06T00:47:40.1858307Z'/><EventRecordID>457212</EventRecordID><Correlation/><Execution ProcessID='3668' ThreadID='5444'/><Channel>Microsoft-Windows-Sysmon/Operational</Channel><Computer>DESKTOP-4BQU2RH</Computer><Security UserID='S-1-5-18'/></System><EventData><Data Name='RuleName'>Attack=None,Technique=None,Tactic=None,DS=Process: Process Termination,Level=0,Desc=Process Termination Events in Program Files Directories</Data><Data Name='UtcTime'>2024-01-06 00:47:40.185</Data><Data Name='ProcessGuid'>{609d2670-a329-6598-6b59-000000000f00}</Data><Data Name='ProcessId'>3172</Data><Data Name='Image'>C:\Program Files\Splunk\bin\python3.exe</Data><Data Name='User'>NT AUTHORITY\SYSTEM</Data></EventData></Event>","2024-01-05T19:47:40.185-05:00",blocked,,,,,,0,6,47,january,40,saturday,2024,0,,"DESKTOP-4BQU2RH",,,,,"DESKTOP-4BQU2RH",,"ms-sysmon-process",,,,,,,,"DESKTOP-4BQU2RH",,,main,1,,,,,,,,"Microsoft Windows",,,,,,,,"C:\Program Files\Splunk\bin\python3.exe",,"python3.exe","{609d2670-a329-6598-6b59-000000000f00}",,3172,,"python3.exe","C:\Program Files\Splunk\bin\python3.exe",,,"<_='://../////'><><_='--'_='{----}'/><></><></><><",,,,,,,,,,,,,,,,,,,"Process terminated",5,"XmlWinEventLog:Microsoft-Windows-Sysmon/Operational",xmlwineventlog,"DESKTOP-4BQU2RH",,,,,,,,,,,"process
report",,"process
report",,797,774,,,,,,,SYSTEM,,"Microsoft Sysmon","'http://schemas.microsoft.com/win/2004/08/events/event'"
,None,,,,"DESKTOP-4BQU2RH",,,,"Process: Process Termination",Process,,,,,,,,,"Microsoft-Windows-Sysmon/Operational",5,"Process terminated",5,,,,,"'{5770385f-c22a-43e0-bf4c-06f5698ffbd9}'",,,"C:\Program Files\Splunk\bin\btool.exe",,,,,0x8000000000000000,4,,,,"'Microsoft-Windows-Sysmon'",0,,,,,,,,"{609d2670-a32b-6598-8759-000000000f00}","'3668'",5876,,,,,,457211,,"Attack=None,Technique=None,Tactic=None,DS=Process: Process Termination,Level=0,Desc=Process Termination Events in Program Files Directories",,,"S-1-5-18",,,,,,,,,"'2024-01-06T00:47:40.0573898Z'",None,,,5,None,,"'5444'","2024-01-06T00:47:40.0573898Z","NT AUTHORITY\SYSTEM","'S-1-5-18'","2024-01-06 00:47:40.056",3,"<Event xmlns='http://schemas.microsoft.com/win/2004/08/events/event'><System><Provider Name='Microsoft-Windows-Sysmon' Guid='{5770385f-c22a-43e0-bf4c-06f5698ffbd9}'/><EventID>5</EventID><Version>3</Version><Level>4</Level><Task>5</Task><Opcode>0</Opcode><Keywords>0x8000000000000000</Keywords><TimeCreated SystemTime='2024-01-06T00:47:40.0573898Z'/><EventRecordID>457211</EventRecordID><Correlation/><Execution ProcessID='3668' ThreadID='5444'/><Channel>Microsoft-Windows-Sysmon/Operational</Channel><Computer>DESKTOP-4BQU2RH</Computer><Security UserID='S-1-5-18'/></System><EventData><Data Name='RuleName'>Attack=None,Technique=None,Tactic=None,DS=Process: Process Termination,Level=0,Desc=Process Termination Events in Program Files Directories</Data><Data Name='UtcTime'>2024-01-06 00:47:40.056</Data><Data Name='ProcessGuid'>{609d2670-a32b-6598-8759-000000000f00}</Data><Data Name='ProcessId'>5876</Data><Data Name='Image'>C:\Program Files\Splunk\bin\btool.exe</Data><Data Name='User'>NT AUTHORITY\SYSTEM</Data></EventData></Event>","2024-01-05T19:47:40.056-05:00",blocked,,,,,,0,6,47,january,40,saturday,2024,0,,"DESKTOP-4BQU2RH",,,,,"DESKTOP-4BQU2RH",,"ms-sysmon-process",,,,,,,,"DESKTOP-4BQU2RH",,,main,1,,,,,,,,"Microsoft Windows",,,,,,,,"C:\Program Files\Splunk\bin\btool.exe",,"btool.exe","{609d2670-a32b-6598-8759-000000000f00}",,5876,,"btool.exe","C:\Program Files\Splunk\bin\btool.exe",,,"<_='://../////'><><_='--'_='{----}'/><></><></><><",,,,,,,,,,,,,,,,,,,"Process terminated",5,"XmlWinEventLog:Microsoft-Windows-Sysmon/Operational",xmlwineventlog,"DESKTOP-4BQU2RH",,,,,,,,,,,"process
report",,"process
report",,797,774,,,,,,,SYSTEM,,"Microsoft Sysmon","'http://schemas.microsoft.com/win/2004/08/events/event'"
,None,,,,"DESKTOP-4BQU2RH",,,,"Process: Process Termination",Process,,,,,,,,,"Microsoft-Windows-Sysmon/Operational",5,"Process terminated",5,,,,,"'{5770385f-c22a-43e0-bf4c-06f5698ffbd9}'",,,"C:\Program Files\Splunk\bin\splunkd.exe",,,,,0x8000000000000000,4,,,,"'Microsoft-Windows-Sysmon'",0,,,,,,,,"{609d2670-a32b-6598-8859-000000000f00}","'3668'",7108,,,,,,457210,,"Attack=None,Technique=None,Tactic=None,DS=Process: Process Termination,Level=0,Desc=Process Termination Events in Program Files Directories",,,"S-1-5-18",,,,,,,,,"'2024-01-06T00:47:40.0544308Z'",None,,,5,None,,"'5444'","2024-01-06T00:47:40.0544308Z","NT AUTHORITY\SYSTEM","'S-1-5-18'","2024-01-06 00:47:40.053",3,"<Event xmlns='http://schemas.microsoft.com/win/2004/08/events/event'><System><Provider Name='Microsoft-Windows-Sysmon' Guid='{5770385f-c22a-43e0-bf4c-06f5698ffbd9}'/><EventID>5</EventID><Version>3</Version><Level>4</Level><Task>5</Task><Opcode>0</Opcode><Keywords>0x8000000000000000</Keywords><TimeCreated SystemTime='2024-01-06T00:47:40.0544308Z'/><EventRecordID>457210</EventRecordID><Correlation/><Execution ProcessID='3668' ThreadID='5444'/><Channel>Microsoft-Windows-Sysmon/Operational</Channel><Computer>DESKTOP-4BQU2RH</Computer><Security UserID='S-1-5-18'/></System><EventData><Data Name='RuleName'>Attack=None,Technique=None,Tactic=None,DS=Process: Process Termination,Level=0,Desc=Process Termination Events in Program Files Directories</Data><Data Name='UtcTime'>2024-01-06 00:47:40.053</Data><Data Name='ProcessGuid'>{609d2670-a32b-6598-8859-000000000f00}</Data><Data Name='ProcessId'>7108</Data><Data Name='Image'>C:\Program Files\Splunk\bin\splunkd.exe</Data><Data Name='User'>NT AUTHORITY\SYSTEM</Data></EventData></Event>","2024-01-05T19:47:40.053-05:00",blocked,,,,,,0,6,47,january,40,saturday,2024,0,,"DESKTOP-4BQU2RH",,,,,"DESKTOP-4BQU2RH",,"ms-sysmon-process",,,,,,,,"DESKTOP-4BQU2RH",,,main,1,,,,,,,,"Microsoft Windows",,,,,,,,"C:\Program Files\Splunk\bin\splunkd.exe",,"splunkd.exe","{609d2670-a32b-6598-8859-000000000f00}",,7108,,"splunkd.exe","C:\Program Files\Splunk\bin\splunkd.exe",,,"<_='://../////'><><_='--'_='{----}'/><></><></><><",,,,,,,,,,,,,,,,,,,"Process terminated",5,"XmlWinEventLog:Microsoft-Windows-Sysmon/Operational",xmlwineventlog,"DESKTOP-4BQU2RH",,,,,,,,,,,"process
report",,"process
report",,797,774,,,,,,,SYSTEM,,"Microsoft Sysmon","'http://schemas.microsoft.com/win/2004/08/events/event'"
,None,,,,"DESKTOP-4BQU2RH",,,,"Named Pipe: Named Pipe Metadata","Anonymous Named Pipe Detected</Data><Data Name='EventType'>CreatePipe</Data><Data Name='UtcTime'>2024-01-06 00:47:39.916</Data><Data Name='ProcessGuid'>{609d2670-a329-6598-6b59-000000000f00}</Data><Data Name='ProcessId'>3172</Data><Data Name='PipeName'>",,,,,,,,,"Microsoft-Windows-Sysmon/Operational",17,"PipeEvent (Pipe Created)",17,CreatePipe,,,,"'{5770385f-c22a-43e0-bf4c-06f5698ffbd9}'",,,"C:\Program Files\Splunk\bin\Python3.exe",,,,,0x8000000000000000,4,,,,"'Microsoft-Windows-Sysmon'",0,,,,,,,"&lt;Anonymous Pipe&gt;","{609d2670-a329-6598-6b59-000000000f00}","'3668'",3172,,,,,,457209,,"Attack=None,Technique=None,Tactic=None,DS=Named Pipe: Named Pipe Metadata,Level=0,Desc=Anonymous Named Pipe Detected",,,"S-1-5-18",,,,,,,,,"'2024-01-06T00:47:39.9172443Z'",None,,,17,None,,"'5444'","2024-01-06T00:47:39.9172443Z","NT AUTHORITY\SYSTEM","'S-1-5-18'","2024-01-06 00:47:39.916",1,"<Event xmlns='http://schemas.microsoft.com/win/2004/08/events/event'><System><Provider Name='Microsoft-Windows-Sysmon' Guid='{5770385f-c22a-43e0-bf4c-06f5698ffbd9}'/><EventID>17</EventID><Version>1</Version><Level>4</Level><Task>17</Task><Opcode>0</Opcode><Keywords>0x8000000000000000</Keywords><TimeCreated SystemTime='2024-01-06T00:47:39.9172443Z'/><EventRecordID>457209</EventRecordID><Correlation/><Execution ProcessID='3668' ThreadID='5444'/><Channel>Microsoft-Windows-Sysmon/Operational</Channel><Computer>DESKTOP-4BQU2RH</Computer><Security UserID='S-1-5-18'/></System><EventData><Data Name='RuleName'>Attack=None,Technique=None,Tactic=None,DS=Named Pipe: Named Pipe Metadata,Level=0,Desc=Anonymous Named Pipe Detected</Data><Data Name='EventType'>CreatePipe</Data><Data Name='UtcTime'>2024-01-06 00:47:39.916</Data><Data Name='ProcessGuid'>{609d2670-a329-6598-6b59-000000000f00}</Data><Data Name='ProcessId'>3172</Data><Data Name='PipeName'>&lt;Anonymous Pipe&gt;</Data><Data Name='Image'>C:\Program Files\Splunk\bin\Python3.exe</Data><Data Name='User'>NT AUTHORITY\SYSTEM</Data></EventData></Event>","2024-01-05T19:47:39.916-05:00",allowed,,,,,,0,6,47,january,39,saturday,2024,0,,"DESKTOP-4BQU2RH",,,,,"DESKTOP-4BQU2RH",,"ms-sysmon-process",,,,,,,,"DESKTOP-4BQU2RH",,,main,1,,,,,,,,"Microsoft Windows",,,,,,,"&lt;Anonymous Pipe&gt;",,,"Python3.exe","{609d2670-a329-6598-6b59-000000000f00}",,3172,,"Python3.exe","C:\Program Files\Splunk\bin\Python3.exe",,,"<_='://../////'><><_='--'_='{----}'/><></><></><><",,,,,,,,,,,,,,,,,,,"PipeEvent (Pipe Created)",17,"XmlWinEventLog:Microsoft-Windows-Sysmon/Operational",xmlwineventlog,"DESKTOP-4BQU2RH",,,,,,,,,,,"process
report",,"process
report",,816,793,,,,,,,SYSTEM,,"Microsoft Sysmon","'http://schemas.microsoft.com/win/2004/08/events/event'"
