01-05T19:47:27.505-05:00",blocked,,,,,,0,6,47,january,27,saturday,2024,0,,"DESKTOP-4BQU2RH",,,,,"DESKTOP-4BQU2RH",,"ms-sysmon-process",,,,,,,,"DESKTOP-4BQU2RH",,,main,1,,,,,,,,"Microsoft Windows",,,,,,,,"C:\Windows\Microsoft.NET\Framework64\v4.0.30319\cvtres.exe",,"cvtres.exe","{609d2670-a31f-6598-6659-000000000f00}",,4440,,"cvtres.exe","C:\Windows\Microsoft.NET\Framework64\v4.0.30319\cvtres.exe",,,"<_='://../////'><><_='--'_='{----}'/><></><></><><",,,,,,,,,,,,,,,,,,,"Process terminated",5,"XmlWinEventLog:Microsoft-Windows-Sysmon/Operational",xmlwineventlog,"DESKTOP-4BQU2RH",,,,,,,,,,,"process
report",,"process
report",,789,766,,,,,,,MS1,,"Microsoft Sysmon","'http://schemas.microsoft.com/win/2004/08/events/event'"
"CSC Compilation","T1027.004",,"C:\Windows\Microsoft.NET\Framework64\v4.0.30319\cvtres.exe /NOLOGO /READONLY /MACHINE:IX86 ""/OUT:C:\Users\MS1\AppData\Local\Temp\RES372.tmp"" ""c:\Users\MS1\AppData\Local\Temp\CSC66B5DC8D4D7E4208A9691B364A69A0E4.TMP""","Microsoft Corporation","DESKTOP-4BQU2RH",,,"C:\Users\MS1\Desktop\","Process: Process Creation",,"Microsoft Resource File To COFF Object Conversion Utility",,,,,,,,"Microsoft-Windows-Sysmon/Operational",1,"Process creation",1,,"14.10.25028.0 built by: VCTOOLSD15RTM",,,"'{5770385f-c22a-43e0-bf4c-06f5698ffbd9}'","SHA1=2A3249732F5AA4588A4A9895FFE217355041D663,MD5=C877CBB966EA5939AA2A17B6A5160950,SHA256=1FE531EAC592B480AA4BD16052B909C3431434F17E7AE163D248355558CE43A6,IMPHASH=55D76ADE7FFEA0F41FF2B55505C2B362",55D76ADE7FFEA0F41FF2B55505C2B362,"C:\Windows\Microsoft.NET\Framework64\v4.0.30319\cvtres.exe",,,,Medium,0x8000000000000000,4,"{609d2670-5bfc-6598-49df-010000000000}",0x1df49,C877CBB966EA5939AA2A17B6A5160950,"'Microsoft-Windows-Sysmon'",0,"CVTRES.EXE","""C:\Windows\Microsoft.NET\Framework64\v4.0.30319\csc.exe"" /noconfig /fullpaths @""C:\Users\MS1\AppData\Local\Temp\fqwcs1xw.cmdline""","C:\Windows\Microsoft.NET\Framework64\v4.0.30319\csc.exe","{609d2670-a31f-6598-6559-000000000f00}",8852,"DESKTOP-4BQU2RH\MS1",,"{609d2670-a31f-6598-6659-000000000f00}","'3668'",4440,"Microsoft .NET Framework",,,,,457125,"80</Data><Data Name='UtcTime'>2024-01-06","Attack=T1027.004,Technique=Compile After Delivery,Tactic=Defense Evasion,DS=Process: Process Creation,Level=3,Alert=CSC Compilation,Risk=80",2A3249732F5AA4588A4A9895FFE217355041D663,1FE531EAC592B480AA4BD16052B909C3431434F17E7AE163D248355558CE43A6,"S-1-5-18",,,,,,,,,"'2024-01-06T00:47:27.4851756Z'","Defense Evasion",,,1,"Compile After Delivery",1,"'5444'","2024-01-06T00:47:27.4851756Z","DESKTOP-4BQU2RH\MS1","'S-1-5-18'","2024-01-06 00:47:27.482",5,"<Event xmlns='http://schemas.microsoft.com/win/2004/08/events/event'><System><Provider Name='Microsoft-Windows-Sysmon' Guid='{5770385f-c22a-43e0-bf4c-06f5698ffbd9}'/><EventID>1</EventID><Version>5</Version><Level>4</Level><Task>1</Task><Opcode>0</Opcode><Keywords>0x8000000000000000</Keywords><TimeCreated SystemTime='2024-01-06T00:47:27.4851756Z'/><EventRecordID>457125</EventRecordID><Correlation/><Execution ProcessID='3668' ThreadID='5444'/><Channel>Microsoft-Windows-Sysmon/Operational</Channel><Computer>DESKTOP-4BQU2RH</Computer><Security UserID='S-1-5-18'/></System><EventData><Data Name='RuleName'>Attack=T1027.004,Technique=Compile After Delivery,Tactic=Defense Evasion,DS=Process: Process Creation,Level=3,Alert=CSC Compilation,Risk=80</Data><Data Name='UtcTime'>2024-01-06 00:47:27.482</Data><Data Name='ProcessGuid'>{609d2670-a31f-6598-6659-000000000f00}</Data><Data Name='ProcessId'>4440</Data><Data Name='Image'>C:\Windows\Microsoft.NET\Framework64\v4.0.30319\cvtres.exe</Data><Data Name='FileVersion'>14.10.25028.0 built by: VCTOOLSD15RTM</Data><Data Name='Description'>Microsoft Resource File To COFF Object Conversion Utility</Data><Data Name='Product'>Microsoft .NET Framework</Data><Data Name='Company'>Microsoft Corporation</Data><Data Name='OriginalFileName'>CVTRES.EXE</Data><Data Name='CommandLine'>C:\Windows\Microsoft.NET\Framework64\v4.0.30319\cvtres.exe /NOLOGO /READONLY /MACHINE:IX86 ""/OUT:C:\Users\MS1\AppData\Local\Temp\RES372.tmp"" ""c:\Users\MS1\AppData\Local\Temp\CSC66B5DC8D4D7E4208A9691B364A69A0E4.TMP""</Data><Data Name='CurrentDirectory'>C:\Users\MS1\Desktop\</Data><Data Name='User'>DESKTOP-4BQU2RH\MS1</Data><Data Name='LogonGuid'>{609d2670-5bfc-6598-49df-010000000000}</Data><Data Name='LogonId'>0x1df49</Data><Data Name='TerminalSessionId'>1</Data><Data Name='IntegrityLevel'>Medium</Data><Data Name='Hashes'>SHA1=2A3249732F5AA4588A4A9895FFE217355041D663,MD5=C877CBB966EA5939AA2A17B6A5160950,SHA256=1FE531EAC592B480AA4BD16052B909C3431434F17E7AE163D248355558CE43A6,IMPHASH=55D76ADE7FFEA0F41FF2B55505C2B362</Data><Data Name='ParentProcessGuid'>{609d2670-a31f-6598-6559-000000000f00}</Data><Data Name='ParentProcessId'>8852</Data><Data Name='ParentImage'>C:\Windows\Microsoft.NET\Framework64\v4.0.30319\csc.exe</Data><Data Name='ParentCommandLine'>""C:\Windows\Microsoft.NET\Framework64\v4.0.30319\csc.exe"" /noconfig /fullpaths @""C:\Users\MS1\AppData\Local\Temp\fqwcs1xw.cmdline""</Data><Data Name='ParentUser'>DESKTOP-4BQU2RH\MS1</Data></EventData></Event>","2024-01-05T19:47:27.482-05:00",allowed,,,,,,0,6,47,january,27,saturday,2024,0,,"DESKTOP-4BQU2RH",,,,,"DESKTOP-4BQU2RH",,"ms-sysmon-process",,,,,,,,"DESKTOP-4BQU2RH",,,main,1,,,,,,,"CVTRES.EXE","Microsoft Windows","""C:\Windows\Microsoft.NET\Framework64\v4.0.30319\csc.exe"" /noconfig /fullpaths @""C:\Users\MS1\AppData\Local\Temp\fqwcs1xw.cmdline""","csc.exe","{609d2670-a31f-6598-6559-000000000f00}",8852,"csc.exe","C:\Windows\Microsoft.NET\Framework64\v4.0.30319\csc.exe",,"C:\Windows\Microsoft.NET\Framework64\v4.0.30319\cvtres.exe /NOLOGO /READONLY /MACHINE:IX86 ""/OUT:C:\Users\MS1\AppData\Local\Temp\RES372.tmp"" ""c:\Users\MS1\AppData\Local\Temp\CSC66B5DC8D4D7E4208A9691B364A69A0E4.TMP""","C:\Users\MS1\Desktop\","cvtres.exe","{609d2670-a31f-6598-6659-000000000f00}","SHA1=2A3249732F5AA4588A4A9895FFE217355041D663,MD5=C877CBB966EA5939AA2A17B6A5160950,SHA256=1FE531EAC592B480AA4BD16052B909C3431434F17E7AE163D248355558CE43A6,IMPHASH=55D76ADE7FFEA0F41FF2B55505C2B362",4440,Medium,"cvtres.exe","C:\Windows\Microsoft.NET\Framework64\v4.0.30319\cvtres.exe",,,"<_='://../////'><><_='--'_='{----}'/><></><></><><",,,,,,,,,,,,,,,,,,,"Process creation",1,"XmlWinEventLog:Microsoft-Windows-Sysmon/Operational",xmlwineventlog,"DESKTOP-4BQU2RH",,,,,,,,,,,"process
report",,"process
report",,797,774,,,,,,,MS1,,"Microsoft Sysmon","'http://schemas.microsoft.com/win/2004/08/events/event'"
"CSC Suspicious Location",,,"""C:\Windows\Microsoft.NET\Framework64\v4.0.30319\csc.exe"" /noconfig /fullpaths @""C:\Users\MS1\AppData\Local\Temp\fqwcs1xw.cmdline""","Microsoft Corporation","DESKTOP-4BQU2RH",,,"C:\Users\MS1\Desktop\","Process: Process Creation",,"Visual C# Command Line Compiler",,,,,,,,"Microsoft-Windows-Sysmon/Operational",1,"Process creation",1,,"4.8.4084.0 built by: NET48REL1",,,"'{5770385f-c22a-43e0-bf4c-06f5698ffbd9}'","SHA1=528973416456C780051889CA1709510B6BF73370,MD5=F65B029562077B648A6A5F6A1AA76A66,SHA256=4A6D0864E19C0368A47217C129B075DDDF61A6A262388F9D21045D82F3423ED7,IMPHASH=EE1E569AD02AA1F7AECA80AC0601D80D",EE1E569AD02AA1F7AECA80AC0601D80D,"C:\Windows\Microsoft.NET\Framework64\v4.0.30319\csc.exe",,,,Medium,0x8000000000000000,4,"{609d2670-5bfc-6598-49df-010000000000}",0x1df49,F65B029562077B648A6A5F6A1AA76A66,"'Microsoft-Windows-Sysmon'",0,"csc.exe","""C:\Windows\System32\WindowsPowerShell\v1.0\powershell_ise.exe"" ""C:\Users\MS1\Desktop\Invoice.ps1""","C:\Windows\System32\WindowsPowerShell\v1.0\powershell_ise.exe","{609d2670-a270-6598-df57-000000000f00}",6668,"DESKTOP-4BQU2RH\MS1",,"{609d2670-a31f-6598-6559-000000000f00}","'3668'",8852,"Microsoft .NET Framework",,,,,457124,"60</Data><Data Name='UtcTime'>2024-01-06","Attack= T1127.001,Technique=Trusted Developer Utilities Proxy Execution ,Tactic=Defnse Evasion,DS=Process: Process Creation,Level=4,Alert=CSC Suspicious Location,Risk=60",528973416456C780051889CA1709510B6BF73370,4A6D0864E19C0368A47217C129B075DDDF61A6A262388F9D21045D82F3423ED7,"S-1-5-18",,,,,,,,,"'2024-01-06T00:47:27.4099300Z'","Defnse Evasion",,,1,"Trusted Developer Utilities Proxy Execution",1,"'5444'","2024-01-06T00:47:27.4099300Z","DESKTOP-4BQU2RH\MS1","'S-1-5-18'","2024-01-06 00:47:27.387",5,"<Event xmlns='http://schemas.microsoft.com/win/2004/08/events/event'><System><Provider Name='Microsoft-Windows-Sysmon' Guid='{5770385f-c22a-43e0-bf4c-06f5698ffbd9}'/><EventID>1</EventID><Version>5</Version><Level>4</Level><Task>1</Task><Opcode>0</Opcode><Keywords>0x8000000000000000</Keywords><TimeCreated SystemTime='2024-01-06T00:47:27.4099300Z'/><EventRecordID>457124</EventRecordID><Correlation/><Execution ProcessID='3668' ThreadID='5444'/><Channel>Microsoft-Windows-Sysmon/Operational</Channel><Computer>DESKTOP-4BQU2RH</Computer><Security UserID='S-1-5-18'/></System><EventData><Data Name='RuleName'>Attack= T1127.001,Technique=Trusted Developer Utilities Proxy Execution ,Tactic=Defnse Evasion,DS=Process: Process Creation,Level=4,Alert=CSC Suspicious Location,Risk=60</Data><Data Name='UtcTime'>2024-01-06 00:47:27.387</Data><Data Name='ProcessGuid'>{609d2670-a31f-6598-6559-000000000f00}</Data><Data Name='ProcessId'>8852</Data><Data Name='Image'>C:\Windows\Microsoft.NET\Framework64\v4.0.30319\csc.exe</Data><Data Name='FileVersion'>4.8.4084.0 built by: NET48REL1</Data><Data Name='Description'>Visual C# Command Line Compiler</Data><Data Name='Product'>Microsoft .NET Framework</Data><Data Name='Company'>Microsoft Corporation</Data><Data Name='OriginalFileName'>csc.exe</Data><Data Name='CommandLine'>""C:\Windows\Microsoft.NET\Framework64\v4.0.30319\csc.exe"" /noconfig /fullpaths @""C:\Users\MS1\AppData\Local\Temp\fqwcs1xw.cmdline""</Data><Data Name='CurrentDirectory'>C:\Users\MS1\Desktop\</Data><Data Name='User'>DESKTOP-4BQU2RH\MS1</Data><Data Name='LogonGuid'>{609d2670-5bfc-6598-49df-010000000000}</Data><Data Name='LogonId'>0x1df49</Data><Data Name='TerminalSessionId'>1</Data><Data Name='IntegrityLevel'>Medium</Data><Data Name='Hashes'>SHA1=528973416456C780051889CA1709510B6BF73370,MD5=F65B029562077B648A6A5F6A1AA76A66,SHA256=4A6D0864E19C0368A47217C129B075DDDF61A6A262388F9D21045D82F3423ED7,IMPHASH=EE1E569AD02AA1F7AECA80AC0601D80D</Data><Data Name='ParentProcessGuid'>{609d2670-a270-6598-df57-000000000f00}</Data><Data Name='ParentProcessId'>6668</Data><Data Name='ParentImage'>C:\Windows\System32\WindowsPowerShell\v1.0\powershell_ise.exe</Data><Data Name='ParentCommandLine'>""C:\Windows\System32\WindowsPowerShell\v1.0\powershell_ise.exe"" ""C:\Users\MS1\Desktop\Invoice.ps1""</Data><Data Name='ParentUser'>DESKTOP-4BQU2RH\MS1</Data></EventData></Event>","2024-01-05T19:47:27.387-05:00",allowed,,,,,,0,6,47,january,27,saturday,2024,0,,"DESKTOP-4BQU2RH",,,,,"DESKTOP-4BQU2RH",,"ms-sysmon-process",,,,,,,,"DESKTOP-4BQU2RH",,,main,1,,,,,,,"csc.exe","Microsoft Windows","""C:\Windows\System32\WindowsPowerShell\v1.0\powershell_ise.exe"" ""C:\Users\MS1\Desktop\Invoice.ps1""","powershell_ise.exe","{609d2670-a270-6598-df57-000000000f00}",6668,"powershell_ise.exe","C:\Windows\System32\WindowsPowerShell\v1.0\powershell_ise.exe",,"""C:\Windows\Microsoft.NET\Framework64\v4.0.30319\csc.exe"" /noconfig /fullpaths @""C:\Users\MS1\AppData\Local\Temp\fqwcs1xw.cmdline""","C:\Users\MS1\Desktop\","csc.exe","{609d2670-a31f-6598-6559-000000000f00}","SHA1=528973416456C780051889CA1709510B6BF73370,MD5=F65B029562077B648A6A5F6A1AA76A66,SHA256=4A6D0864E19C0368A47217C129B075DDDF61A6A262388F9D21045D82F3423ED7,IMPHASH=EE1E569AD02AA1F7AECA80AC0601D80D",8852,Medium,"csc.exe","C:\Windows\Microsoft.NET\Framework64\v4.0.30319\csc.exe",,,"<_='://../////'><><_='--'_='{----}'/><></><></><><",,,,,,,,,,,,,,,,,,,"Process creation",1,"XmlWinEventLog:Microsoft-Windows-Sysmon/Operational",xmlwineventlog,"DESKTOP-4BQU2RH",,,,,,,,,,,"process
report",,"process
report",,827,804,,,,,,,MS1,,"Microsoft Sysmon","'http://schemas.microsoft.com/win/2004/08/events/event'"
,"T1059.001",,,,"DESKTOP-4BQU2RH",,"2024-01-06 00:47:27.385",,"File: File Creation","Powershell Creating Files",,,,,,,,,"Microsoft-Windows-Sysmon/Operational",11,FileCreate,11,,,,,"'{5770385f-c22a-43e0-bf4c-06f5698ffbd9}'",,,"C:\Windows\System32\WindowsPowerShell\v1.0\powershell_ise.exe",,,,,0x8000000000000000,4,,,,"'Microsoft-Windows-Sysmon'",0,,,,,,,,"{609d2670-a270-6598-df57-000000000f00}","'3668'",6668,,,,,,457123,"10</Data><Data Name='UtcTime'>2024-01-06","Attack=T1059.001,Technique=Command and Scripting Interpreter: PowerShell,Tactic=Execution,DS=File: File Creation,Level=2,Desc=Powershell Creating Files,Risk=10",,,"S-1-5-18",,,,,,,,,"'2024-01-06T00:47:27.3865600Z'",Execution,"C:\Users\MS1\AppData\Local\Temp\fqwcs1xw.err",,11,"Command and Scripting Interpreter: PowerShell",,"'5444'","2024-01-06T00:47:27.3865600Z","DESKTOP-4BQU2RH\MS1","'S-1-5-18'","2024-01-06 00:47:27.385",2,"<Event xmlns='http://schemas.microsoft.com/win/2004/08/events/event'><System><Provider Name='Microsoft-Windows-Sysmon' Guid='{5770385f-c22a-43e0-bf4c-06f5698ffbd9}'/><EventID>11</EventID><Version>2</Version><Level>4</Level><Task>11</Task><Opcode>0</Opcode><Keywords>0x8000000000000000</Keywords><TimeCreated SystemTime='2024-01-06T00:47:27.3865600Z'/><EventRecordID>457123</EventRecordID><Correlation/><Execution ProcessID='3668' ThreadID='5444'/><Channel>Microsoft-Windows-Sysmon/Operational</Channel><Computer>DESKTOP-4BQU2RH</Computer><Security UserID='S-1-5-18'/></System><EventData><Data Name='RuleName'>Attack=T1059.001,Technique=Command and Scripting Interpreter: PowerShell,Tactic=Execution,DS=File: File Creation,Level=2,Desc=Powershell Creating Files,Risk=10</Data><Data Name='UtcTime'>2024-01-06 00:47:27.385</Data><Data Name='ProcessGuid'>{609d2670-a270-6598-df57-000000000f00}</Data><Data Name='ProcessId'>6668</Data><Data Name='Image'>C:\Windows\System32\WindowsPowerShell\v1.0\powershell_ise.exe</Data><Data Name='TargetFilename'>C:\Users\MS1\AppData\Local\Temp\fqwcs1xw.err</Data><Data Name='CreationUtcTime'>2024-01-06 00:47:27.385</Data><Data Name='User'>DESKTOP-4BQU2RH\MS1</Data></EventData></Event>","2024-01-05T19:47:27.385-05:00",created,,,,,,0,6,47,january,27,saturday,2024,0,,"DESKTOP-4BQU2RH",,,,,"DESKTOP-4BQU2RH",,"ms-sysmon-filemod",,"2024-01-06 00:47:27.385",,,"fqwcs1xw.err","C:\Users\MS1\AppData\Local\Temp\fqwcs1xw.err",,"DESKTOP-4BQU2RH",,,main,1,,,,,file,,,,,,,,,,,,,"powershell_ise.exe","{609d2670-a270-6598-df57-000000000f00}",,6668,,"powershell_ise.exe","C:\Windows\System32\WindowsPowerShell\v1.0\powershell_ise.exe",,,"<_='://../////'><><_='--'_='{----}'/><></><></><><",,,,,,,,,,,,,,,,,,,FileCreate,11,"XmlWinEventLog:Microsoft-Windows-Sysmon/Operational",xmlwineventlog,"DESKTOP-4BQU2RH",,,,,,,,,,,"endpoint
filesystem",,"endpoint
filesystem",filesystem,819,796,,,,,,,MS1,,"Microsoft Sysmon","'http://schemas.microsoft.com/win/2004/08/events/event'"
,"T1059.001",,,,"DESKTOP-4BQU2RH",,"2024-01-06 00:47:27.385",,"File: File Creation","Powershell Creating Files",,,,,,,,,"Microsoft-Windows-Sysmon/Operational",11,FileCreate,11,,,,,"'{5770385f-c22a-43e0-bf4c-06f5698ffbd9}'",,,"C:\Windows\System32\WindowsPowerShell\v1.0\powershell_ise.exe",,,,,0x8000000000000000,4,,,,"'Microsoft-Windows-Sysmon'",0,,,,,,,,"{609d2670-a270-6598-df57-000000000f00}","'3668'",6668,,,,,,457122,"10</Data><Data Name='UtcTime'>2024-01-06","Attack=T1059.001,Technique=Command and Scripting Interpreter: PowerShell,Tactic=Execution,DS=File: File Creation,Level=2,Desc=Powershell Creating Files,Risk=10",,,"S-1-5-18",,,,,,,,,"'2024-01-06T00:47:27.3863674Z'",Execution,"C:\Users\MS1\AppData\Local\Temp\fqwcs1xw.out",,11,"Command and Scripting Interpreter: PowerShell",,"'5444'","2024-01-06T00:47:27.3863674Z","DESKTOP-4BQU2RH\MS1","'S-1-5-18'","2024-01-06 00:47:27.385",2,"<Event xmlns='http://schemas.microsoft.com/win/2004/08/events/event'><System><Provider Name='Microsoft-Windows-Sysmon' Guid='{5770385f-c22a-43e0-bf4c-06f5698ffbd9}'/><EventID>11</EventID><Version>2</Version><Level>4</Level><Task>11</Task><Opcode>0</Opcode><Keywords>0x8000000000000000</Keywords><TimeCreated SystemTime='2024-01-06T00:47:27.3863674Z'/><EventRecordID>457122</EventRecordID><Correlation/><Execution ProcessID='3668' ThreadID='5444'/><Channel>Microsoft-Windows-Sysmon/Operational</Channel><Computer>DESKTOP-4BQU2RH</Computer><Security UserID='S-1-5-18'/></System><EventData><Data Name='RuleName'>Attack=T1059.001,Technique=Command and Scripting Interpreter: PowerShell,Tactic=Execution,DS=File: File Creation,Level=2,Desc=Powershell Creating Files,Risk=10</Data><Data Name='UtcTime'>2024-01-06 00:47:27.385</Data><Data Name='ProcessGuid'>{609d2670-a270-6598-df57-000000000f00}</Data><Data Name='ProcessId'>6668</Data><Data Name='Image'>C:\Windows\System32\WindowsPowerShell\v1.0\powershell_ise.exe</Data><Data Name='TargetFilename'>C:\Users\MS1\AppData\Local\Temp\fqwcs1xw.out</Data><Data Name='CreationUtcTime'>2024-01-06 00:47:27.385</Data><Data Name='User'>DESKTOP-4BQU2RH\MS1</Data></EventData></Event>","2024-01-05T19:47:27.385-05:00",created,,,,,,0,6,47,january,27,saturday,2024,0,,"DESKTOP-4BQU2RH",,,,,"DESKTOP-4BQU2RH",,"ms-sysmon-filemod",,"2024-01-06 00:47:27.385",,,"fqwcs1xw.out","C:\Users\MS1\AppData\Local\Temp\fqwcs1xw.out",,"DESKTOP-4BQU2RH",,,main,1,,,,,file,,,,,,,,,,,,,"powershell_ise.exe","{609d2670-a270-6598-df57-000000000f00}",,6668,,"powershell_ise.exe","C:\Windows\System32\WindowsPowerShell\v1.0\powershell_ise.exe",,,"<_='://../////'><><_='--'_='{----}'/><></><></><><",,,,,,,,,,,,,,,,,,,FileCreate,11,"XmlWinEventLog:Microsoft-Windows-Sysmon/Operational",xmlwineventlog,"DESKTOP-4BQU2RH",,,,,,,,,,,"endpoint
filesystem",,"endpoint
filesystem",filesystem,819,796,,,,,,,MS1,,"Microsoft Sysmon","'http://schemas.microsoft.com/win/2004/08/events/event'"
,T1059,,,,"DESKTOP-4BQU2RH",,"2024-01-06 00:47:27.385",,"File: File Creation",CMDLine,,,,,,,,,"Microsoft-Windows-Sysmon/Operational",11,FileCreate,11,,,,,"'{5770385f-c22a-43e0-bf4c-06f5698ffbd9}'",,,"C:\Windows\System32\WindowsPowerShell\v1.0\powershell_ise.exe",,,,,0x8000000000000000,4,,,,"'Microsoft-Windows-Sysmon'",0,,,,,,,,"{609d2670-a270-6598-df57-000000000f00}","'3668'",6668,,,,,,457121,,"Attack=T1059,Technique=Command and Scripting Interpreter,Tactic=Execution,DS=File: File Creation,Level=0,Desc=CMDLine File Created",,,"S-1-5-18",,,,,,,,,"'2024-01-06T00:47:27.3858729Z'",Execution,"C:\Users\MS1\AppData\Local\Temp\fqwcs1xw.cmdline",,11,"Command and Scripting Interpreter",,"'5444'","2024-01-06T00:47:27.3858729Z","DESKTOP-4BQU2RH\MS1","'S-1-5-18'","2024-01-06 00:47:27.385",2,"<Event xmlns='http://schemas.microsoft.com/win/2004/08/events/event'><System><Provider Name='Microsoft-Windows-Sysmon' Guid='{5770385f-c22a-43e0-bf4c-06f5698ffbd9}'/><EventID>11</EventID><Version>2</Version><Level>4</Level><Task>11</Task><Opcode>0</Opcode><Keywords>0x8000000000000000</Keywords><TimeCreated SystemTime='2024-01-06T00:47:27.3858729Z'/><EventRecordID>457121</EventRecordID><Correlation/><Execution ProcessID='3668' ThreadID='5444'/><Channel>Microsoft-Windows-Sysmon/Operational</Channel><Computer>DESKTOP-4BQU2RH</Computer><Security UserID='S-1-5-18'/></System><EventData><Data Name='RuleName'>Attack=T1059,Technique=Command and Scripting Interpreter,Tactic=Execution,DS=File: File Creation,Level=0,Desc=CMDLine File Created</Data><Data Name='UtcTime'>2024-01-06 00:47:27.385</Data><Data Name='ProcessGuid'>{609d2670-a270-6598-df57-000000000f00}</Data><Data Name='ProcessId'>6668</Data><Data Name='Image'>C:\Windows\System32\WindowsPowerShell\v1.0\powershell_ise.exe</Data><Data Name='TargetFilename'>C:\Users\MS1\AppData\Local\Temp\fqwcs1xw.cmdline</Data><Data Name='CreationUtcTime'>2024-01-06 00:47:27.385</Data><Data Name='User'>DESKTOP-4BQU2RH\MS1</Data></EventData></Event>","2024-01-05T19:47:27.385-05:00",created,,,,,,0,6,47,january,27,saturday,2024,0,,"DESKTOP-4BQU2RH",,,,,"DESKTOP-4BQU2RH",,"ms-sysmon-filemod",,"2024-01-06 00:47:27.385",,,"fqwcs1xw.cmdline","C:\Users\MS1\AppData\Local\Temp\fqwcs1xw.cmdline",,"DESKTOP-4BQU2RH",,,main,1,,,,,file,,,,,,,,,,,,,"powershell_ise.exe","{609d2670-a270-6598-df57-000000000f00}",,6668,,"powershell_ise.exe","C:\Windows\System32\WindowsPowerShell\v1.0\powershell_ise.exe",,,"<_='://../////'><><_='--'_='{----}'/><></><></><><",,,,,,,,,,,,,,,,,,,FileCreate,11,"XmlWinEventLog:Microsoft-Windows-Sysmon/Operational",xmlwineventlog,"DESKTOP-4BQU2RH",,,,,,,,,,,"endpoint
filesystem",,"endpoint
filesystem",filesystem,790,767,,,,,,,MS1,,"Microsoft Sysmon","'http://schemas.microsoft.com/win/2004/08/events/event'"
,"T1059.001",,,,"DESKTOP-4BQU2RH",,"2024-01-06 00:47:27.384",,"File: File Creation","Powershell Creating Files",,,,,,,,,"Microsoft-Windows-Sysmon/Operational",11,FileCreate,11,,,,,"'{5770385f-c22a-43e0-bf4c-06f5698ffbd9}'",,,"C:\Windows\System32\WindowsPowerShell\v1.0\powershell_ise.exe",,,,,0x8000000000000000,4,,,,"'Microsoft-Windows-Sysmon'",0,,,,,,,,"{609d2670-a270-6598-df57-000000000f00}","'3668'",6668,,,,,,457120,"10</Data><Data Name='UtcTime'>2024-01-06","Attack=T1059.001,Technique=Command and Scripting Interpreter: PowerShell,Tactic=Execution,DS=File: File Creation,Level=2,Desc=Powershell Creating Files,Risk=10",,,"S-1-5-18",,,,,,,,,"'2024-01-06T00:47:27.3855920Z'",Execution,"C:\Users\MS1\AppData\Local\Temp\fqwcs1xw.dll",,11,"Command and Scripting Interpreter: PowerShell",,"'5444'","2024-01-06T00:47:27.3855920Z","DESKTOP-4BQU2RH\MS1","'S-1-5-18'","2024-01-06 00:47:27.384",2,"<Event xmlns='http://schemas.microsoft.com/win/2004/08/events/event'><System><Provider Name='Microsoft-Windows-Sysmon' Guid='{5770385f-c22a-43e0-bf4c-06f5698ffbd9}'/><EventID>11</EventID><Version>2</Version><Level>4</Level><Task>11</Task><Opcode>0</Opcode><Keywords>0x8000000000000000</Keywords><TimeCreated SystemTime='2024-01-06T00:47:27.3855920Z'/><EventRecordID>457120</EventRecordID><Correlation/><Execution ProcessID='3668' ThreadID='5444'/><Channel>Microsoft-Windows-Sysmon/Operational</Channel><Computer>DESKTOP-4BQU2RH</Computer><Security UserID='S-1-5-18'/></System><EventData><Data Name='RuleName'>Attack=T1059.001,Technique=Command and Scripting Interpreter: PowerShell,Tactic=Execution,DS=File: File Creation,Level=2,Desc=Powershell Creating Files,Risk=10</Data><Data Name='UtcTime'>2024-01-06 00:47:27.384</Data><Data Name='ProcessGuid'>{609d2670-a270-6598-df57-000000000f00}</Data><Data Name='ProcessId'>6668</Data><Data Name='Image'>C:\Windows\System32\WindowsPowerShell\v1.0\powershell_ise.exe</Data><Data Name='TargetFilename'>C:\Users\MS1\AppData\Local\Temp\fqwcs1xw.dll</Data><Data Name='CreationUtcTime'>2024-01-06 00:47:27.384</Data><Data Name='User'>DESKTOP-4BQU2RH\MS1</Data></EventData></Event>","2024-01-05T19:47:27.384-05:00",created,,,,,,0,6,47,january,27,saturday,2024,0,,"DESKTOP-4BQU2RH",,,,,"DESKTOP-4BQU2RH",,"ms-sysmon-filemod",,"2024-01-06 00:47:27.384",,,"fqwcs1xw.dll","C:\Users\MS1\AppData\Local\Temp\fqwcs1xw.dll",,"DESKTOP-4BQU2RH",,,main,1,,,,,file,,,,,,,,,,,,,"powershell_ise.exe","{609d2670-a270-6598-df57-000000000f00}",,6668,,"powershell_ise.exe","C:\Windows\System32\WindowsPowerShell\v1.0\powershell_ise.exe",,,"<_='://../////'><><_='--'_='{----}'/><></><></><><",,,,,,,,,,,,,,,,,,,FileCreate,11,"XmlWinEventLog:Microsoft-Windows-Sysmon/Operational",xmlwineventlog,"DESKTOP-4BQU2RH",,,,,,,,,,,"endpoint
filesystem",,"endpoint
filesystem",filesystem,819,796,,,,,,,MS1,,"Microsoft Sysmon","'http://schemas.microsoft.com/win/2004/08/events/event'"
,T1195,,,,"DESKTOP-4BQU2RH",,"2024-01-06 00:47:27.384",,"File: File Creation",MSBuild,,,,,,,,,"Microsoft-Windows-Sysmon/Operational",11,FileCreate,11,,,,,"'{5770385f-c22a-43e0-bf4c-06f5698ffbd9}'",,,"C:\Windows\System32\WindowsPowerShell\v1.0\powershell_ise.exe",,,,,0x8000000000000000,4,,,,"'Microsoft-Windows-Sysmon'",0,,,,,,,,"{609d2670-a270-6598-df57-000000000f00}","'3668'",6668,,,,,,457119,,"Attack=T1195,Technique=Supply Chain Compromise,Tactic=Initial Access,DS=File: File Creation,Level=0,Desc=MSBuild Source Files created",,,"S-1-5-18",,,,,,,,,"'2024-01-06T00:47:27.3852012Z'","Initial Access","C:\Users\MS1\AppData\Local\Temp\fqwcs1xw.0.cs",,11,"Supply Chain Compromise",,"'5444'","2024-01-06T00:47:27.3852012Z","DESKTOP-4BQU2RH\MS1","'S-1-5-18'","2024-01-06 00:47:27.384",2,"<Event xmlns='http://schemas.microsoft.com/win/2004/08/events/event'><System><Provider Name='Microsoft-Windows-Sysmon' Guid='{5770385f-c22a-43e0-bf4c-06f5698ffbd9}'/><EventID>11</EventID><Version>2</Version><Level>4</Level><Task>11</Task><Opcode>0</Opcode><Keywords>0x8000000000000000</Keywords><TimeCreated SystemTime='2024-01-06T00:47:27.3852012Z'/><EventRecordID>457119</EventRecordID><Correlation/><Execution ProcessID='3668' ThreadID='5444'/><Channel>Microsoft-Windows-Sysmon/Operational</Channel><Computer>DESKTOP-4BQU2RH</Computer><Security UserID='S-1-5-18'/></System><EventData><Data Name='RuleName'>Attack=T1195,Technique=Supply Chain Compromise,Tactic=Initial Access,DS=File: File Creation,Level=0,Desc=MSBuild Source Files created</Data><Data Name='UtcTime'>2024-01-06 00:47:27.384</Data><Data Name='ProcessGuid'>{609d2670-a270-6598-df57-000000000f00}</Data><Data Name='ProcessId'>6668</Data><Data Name='Image'>C:\Windows\System32\WindowsPowerShell\v1.0\powershell_ise.exe</Data><Data Name='TargetFilename'>C:\Users\MS1\AppData\Local\Temp\fqwcs1xw.0.cs</Data><Data Name='CreationUtcTime'>2024-01-06 00:47:27.384</Data><Data Name='User'>DESKTOP-4BQU2RH\MS1</Data></EventData></Event>","2024-01-05T19:47:27.384-05:00",created,,,,,,0,6,47,january,27,saturday,2024,0,,"DESKTOP-4BQU2RH",,,,,"DESKTOP-4BQU2RH",,"ms-sysmon-filemod",,"2024-01-06 00:47:27.384",,,"fqwcs1xw.0.cs","C:\Users\MS1\AppData\Local\Temp\fqwcs1xw.0.cs",,"DESKTOP-4BQU2RH",,,main,1,,,,,file,,,,,,,,,,,,,"powershell_ise.exe","{609d2670-a270-6598-df57-000000000f00}",,6668,,"powershell_ise.exe","C:\Windows\System32\WindowsPowerShell\v1.0\powershell_ise.exe",,,"<_='://../////'><><_='--'_='{----}'/><></><></><><",,,,,,,,,,,,,,,,,,,FileCreate,11,"XmlWinEventLog:Microsoft-Windows-Sysmon/Operational",xmlwineventlog,"DESKTOP-4BQU2RH",,,,,,,,,,,"endpoint
filesystem",,"endpoint
filesystem",filesystem,793,770,,,,,,,MS1,,"Microsoft Sysmon","'http://schemas.microsoft.com/win/2004/08/events/event'"
,"T1059.001",,,,"DESKTOP-4BQU2RH",,"2024-01-06 00:47:27.384",,"File: File Creation","Powershell Creating Files",,,,,,,,,"Microsoft-Windows-Sysmon/Operational",11,FileCreate,11,,,,,"'{5770385f-c22a-43e0-bf4c-06f5698ffbd9}'",,,"C:\Windows\System32\WindowsPowerShell\v1.0\powershell_ise.exe",,,,,0x8000000000000000,4,,,,"'Microsoft-Windows-Sysmon'",0,,,,,,,,"{609d2670-a270-6598-df57-000000000f00}","'3668'",6668,,,,,,457118,"10</Data><Data Name='UtcTime'>2024-01-06","Attack=T1059.001,Technique=Command and Scripting Interpreter: PowerShell,Tactic=Execution,DS=File: File Creation,Level=2,Desc=Powershell Creating Files,Risk=10",,,"S-1-5-18",,,,,,,,,"'2024-01-06T00:47:27.3849306Z'",Execution,"C:\Users\MS1\AppData\Local\Temp\fqwcs1xw.tmp",,11,"Command and Scripting Interpreter: PowerShell",,"'5444'","2024-01-06T00:47:27.3849306Z","DESKTOP-4BQU2RH\MS1","'S-1-5-18'","2024-01-06 00:47:27.384",2,"<Event xmlns='http://schemas.microsoft.com/win/2004/08/events/event'><System><Provider Name='Microsoft-Windows-Sysmon' Guid='{5770385f-c22a-43e0-bf4c-06f5698ffbd9}'/><EventID>11</EventID><Version>2</Version><Level>4</Level><Task>11</Task><Opcode>0</Opcode><Keywords>0x8000000000000000</Keywords><TimeCreated SystemTime='2024-01-06T00:47:27.3849306Z'/><EventRecordID>457118</EventRecordID><Correlation/><Execution ProcessID='3668' ThreadID='5444'/><Channel>Microsoft-Windows-Sysmon/Operational</Channel><Computer>DESKTOP-4BQU2RH</Computer><Security UserID='S-1-5-18'/></System><EventData><Data Name='RuleName'>Attack=T1059.001,Technique=Command and Scripting Interpreter: PowerShell,Tactic=Execution,DS=File: File Creation,Level=2,Desc=Powershell Creating Files,Risk=10</Data><Data Name='UtcTime'>2024-01-06 00:47:27.384</Data><Data Name='ProcessGuid'>{609d2670-a270-6598-df57-000000000f00}</Data><Data Name='ProcessId'>6668</Data><Data Name='Image'>C:\Windows\System32\WindowsPowerShell\v1.0\powershell_ise.exe</Data><Data Name='TargetFilename'>C:\Users\MS1\AppData\Local\Temp\fqwcs1xw.tmp</Data><Data Name='CreationUtcTime'>2024-01-06 00:47:27.384</Data><Data Name='User'>DESKTOP-4BQU2RH\MS1</Data></EventData></Event>","2024-01-05T19:47:27.384-05:00",created,,,,,,0,6,47,january,27,saturday,2024,0,,"DESKTOP-4BQU2RH",,,,,"DESKTOP-4BQU2RH",,"ms-sysmon-filemod",,"2024-01-06 00:47:27.384",,,"fqwcs1xw.tmp","C:\Users\MS1\AppData\Local\Temp\fqwcs1xw.tmp",,"DESKTOP-4BQU2RH",,,main,1,,,,,file,,,,,,,,,,,,,"powershell_ise.exe","{609d2670-a270-6598-df57-000000000f00}",,6668,,"powershell_ise.exe","C:\Windows\System32\WindowsPowerShell\v1.0\powershell_ise.exe",,,"<_='://../////'><><_='--'_='{----}'/><></><></><><",,,,,,,,,,,,,,,,,,,FileCreate,11,"XmlWinEventLog:Microsoft-Windows-Sysmon/Operational",xmlwineventlog,"DESKTOP-4BQU2RH",,,,,,,,,,,"endpoint
filesystem",,"endpoint
filesystem",filesystem,819,796,,,,,,,MS1,,"Microsoft Sysmon","'http://schemas.microsoft.com/win/2004/08/events/event'"
,"T1059.001",,,,"DESKTOP-4BQU2RH",,"2024-01-06 00:47:27.366",,"File: File Creation","Powershell Creating Files",,,,,,,,,"Microsoft-Windows-Sysmon/Operational",11,FileCreate,11,,,,,"'{5770385f-c22a-43e0-bf4c-06f5698ffbd9}'",,,"C:\Windows\System32\WindowsPowerShell\v1.0\powershell_ise.exe",,,,,0x8000000000000000,4,,,,"'Microsoft-Windows-Sysmon'",0,,,,,,,,"{609d2670-a270-6598-df57-000000000f00}","'3668'",6668,,,,,,457117,"10</Data><Data Name='UtcTime'>2024-01-06","Attack=T1059.001,Technique=Command and Scripting Interpreter: PowerShell,Tactic=Execution,DS=File: File Creation,Level=2,Desc=Powershell Creating Files,Risk=10",,,"S-1-5-18",,,,,,,,,"'2024-01-06T00:47:27.3700752Z'",Execution,"C:\Windows\Temp\exfil\keylogger.txt",,11,"Command and Scripting Interpreter: PowerShell",,"'5444'","2024-01-06T00:47:27.3700752Z","DESKTOP-4BQU2RH\MS1","'S-1-5-18'","2024-01-06 00:47:27.366",2,"<Event xmlns='http://schemas.microsoft.com/win/2004/08/events/event'><System><Provider Name='Microsoft-Windows-Sysmon' Guid='{5770385f-c22a-43e0-bf4c-06f5698ffbd9}'/><EventID>11</EventID><Version>2</Version><Level>4</Level><Task>11</Task><Opcode>0</Opcode><Keywords>0x8000000000000000</Keywords><TimeCreated SystemTime='2024-01-06T00:47:27.3700752Z'/><EventRecordID>457117</EventRecordID><Correlation/><Execution ProcessID='3668' ThreadID='5444'/><Channel>Microsoft-Windows-Sysmon/Operational</Channel><Computer>DESKTOP-4BQU2RH</Computer><Security UserID='S-1-5-18'/></System><EventData><Data Name='RuleName'>Attack=T1059.001,Technique=Command and Scripting Interpreter: PowerShell,Tactic=Execution,DS=File: File Creation,Level=2,Desc=Powershell Creating Files,Risk=10</Data><Data Name='UtcTime'>2024-01-06 00:47:27.366</Data><Data Name='ProcessGuid'>{609d2670-a270-6598-df57-000000000f00}</Data><Data Name='ProcessId'>6668</Data><Data Name='Image'>C:\Windows\System32\WindowsPowerShell\v1.0\powershell_ise.exe</Data><Data Name='TargetFilename'>C:\Windows\Temp\exfil\keylogger.txt</Data><Data Name='CreationUtcTime'>2024-01-06 00:47:27.366</Data><Data Name='User'>DESKTOP-4BQU2RH\MS1</Data></EventData></Event>","2024-01-05T19:47:27.366-05:00",created,,,,,,0,6,47,january,27,saturday,2024,0,,"DESKTOP-4BQU2RH",,,,,"DESKTOP-4BQU2RH",,"ms-sysmon-filemod",,"2024-01-06 00:47:27.366",,,"keylogger.txt","C:\Windows\Temp\exfil\keylogger.txt",,"DESKTOP-4BQU2RH",,,main,1,,,,,file,,,,,,,,,,,,,"powershell_ise.exe","{609d2670-a270-6598-df57-000000000f00}",,6668,,"powershell_ise.exe","C:\Windows\System32\WindowsPowerShell\v1.0\powershell_ise.exe",,,"<_='://../////'><><_='--'_='{----}'/><></><></><><",,,,,,,,,,,,,,,,,,,FileCreate,11,"XmlWinEventLog:Microsoft-Windows-Sysmon/Operational",xmlwineventlog,"DESKTOP-4BQU2RH",,,,,,,,,,,"endpoint
filesystem",,"endpoint
filesystem",filesystem,819,796,,,,,,,MS1,,"Microsoft Sysmon","'http://schemas.microsoft.com/win/2004/08/events/event'"
,"T1059.001",,,,"DESKTOP-4BQU2RH",,"2024-01-06 00:47:27.353",,"File: File Creation","Powershell file types",,,,,,,,,"Microsoft-Windows-Sysmon/Operational",11,FileCreate,11,,,,,"'{5770385f-c22a-43e0-bf4c-06f5698ffbd9}'",,,"C:\Windows\System32\WindowsPowerShell\v1.0\powershell_ise.exe",,,,,0x8000000000000000,4,,,,"'Microsoft-Windows-Sysmon'",0,,,,,,,,"{609d2670-a270-6598-df57-000000000f00}","'3668'",6668,,,,,,457116,"100</Data><Data Name='UtcTime'>2024-01-06","Attack=T1059.001,Technique=Command and Scripting Interpreter: PowerShell,Tactic=Execution,DS=File: File Creation,Level=2,Desc=Powershell file types,Risk=100",,,"S-1-5-18",,,,,,,,,"'2024-01-06T00:47:27.3696818Z'",Execution,"C:\Windows\Temp\Keylogger.ps1",,11,"Command and Scripting Interpreter: PowerShell",,"'5444'","2024-01-06T00:47:27.3696818Z","DESKTOP-4BQU2RH\MS1","'S-1-5-18'","2024-01-06 00:47:27.353",2,"<Event xmlns='http://schemas.microsoft.com/win/2004/08/events/event'><System><Provider Name='Microsoft-Windows-Sysmon' Guid='{5770385f-c22a-43e0-bf4c-06f5698ffbd9}'/><EventID>11</EventID><Version>2</Version><Level>4</Level><Task>11</Task><Opcode>0</Opcode><Keywords>0x8000000000000000</Keywords><TimeCreated SystemTime='2024-01-06T00:47:27.3696818Z'/><EventRecordID>457116</EventRecordID><Correlation/><Execution ProcessID='3668' ThreadID='5444'/><Channel>Microsoft-Windows-Sysmon/Operational</Channel><Computer>DESKTOP-4BQU2RH</Computer><Security UserID='S-1-5-18'/></System><EventData><Data Name='RuleName'>Attack=T1059.001,Technique=Command and Scripting Interpreter: PowerShell,Tactic=Execution,DS=File: File Creation,Level=2,Desc=Powershell file types,Risk=100</Data><Data Name='UtcTime'>2024-01-06 00:47:27.353</Data><Data Name='ProcessGuid'>{609d2670-a270-6598-df57-000000000f00}</Data><Data Name='ProcessId'>6668</Data><Data Name='Image'>C:\Windows\System32\WindowsPowerShell\v1.0\powershell_ise.exe</Data><Data Name='TargetFilename'>C:\Windows\Temp\Keylogger.ps1</Data><Data Name='CreationUtcTime'>2024-01-06 00:47:27.353</Data><Data Name='User'>DESKTOP-4BQU2RH\MS1</Data></EventData></Event>","2024-01-05T19:47:27.353-05:00",created,,,,,,0,6,47,january,27,saturday,2024,0,,"DESKTOP-4BQU2RH",,,,,"DESKTOP-4BQU2RH",,"ms-sysmon-filemod",,"2024-01-06 00:47:27.353",,,"Keylogger.ps1","C:\Windows\Temp\Keylogger.ps1",,"DESKTOP-4BQU2RH",,,main,1,,,,,file,,,,,,,,,,,,,"powershell_ise.exe","{609d2670-a270-6598-df57-000000000f00}",,6668,,"powershell_ise.exe","C:\Windows\System32\WindowsPowerShell\v1.0\powershell_ise.exe",,,"<_='://../////'><><_='--'_='{----}'/><></><></><><",,,,,,,,,,,,,,,,,,,FileCreate,11,"XmlWinEventLog:Microsoft-Windows-Sysmon/Operational",xmlwineventlog,"DESKTOP-4BQU2RH",,,,,,,,,,,"endpoint
filesystem",,"endpoint
filesystem",filesystem,816,793,,,,,,,MS1,,"Microsoft Sysmon","'http://schemas.microsoft.com/win/2004/08/events/event'"
,"T1059.001",,,,"DESKTOP-4BQU2RH",,"2024-01-06 00:47:27.236",,"File: File Creation","Powershell Creating Files",,,,,,,,,"Microsoft-Windows-Sysmon/Operational",11,FileCreate,11,,,,,"'{5770385f-c22a-43e0-bf4c-06f5698ffbd9}'",,,"C:\Windows\System32\WindowsPowerShell\v1.0\powershell_ise.exe",,,,,0x8000000000000000,4,,,,"'Microsoft-Windows-Sysmon'",0,,,,,,,,"{609d2670-a270-6598-df57-000000000f00}","'3668'",6668,,,,,,457115,"10</Data><Data Name='UtcTime'>2024-01-06","Attack=T1059.001,Technique=Command and Scripting Interpreter: PowerShell,Tactic=Execution,DS=File: File Creation,Level=2,Desc=Powershell Creating Files,Risk=10",,,"S-1-5-18",,,,,,,,,"'2024-01-06T00:47:27.2376095Z'",Execution,"C:\Windows\Temp\Exfil.zip",,11,"Command and Scripting Interpreter: PowerShell",,"'5444'","2024-01-06T00:47:27.2376095Z","DESKTOP-4BQU2RH\MS1","'S-1-5-18'","2024-01-06 00:47:27.236",2,"<Event xmlns='http://schemas.microsoft.com/win/2004/08/events/event'><System><Provider Name='Microsoft-Windows-Sysmon' Guid='{5770385f-c22a-43e0-bf4c-06f5698ffbd9}'/><EventID>11</EventID><Version>2</Version><Level>4</Level><Task>11</Task><Opcode>0</Opcode><Keywords>0x8000000000000000</Keywords><TimeCreated SystemTime='2024-01-06T00:47:27.2376095Z'/><EventRecordID>457115</EventRecordID><Correlation/><Execution ProcessID='3668' ThreadID='5444'/><Channel>Microsoft-Windows-Sysmon/Operational</Channel><Computer>DESKTOP-4BQU2RH</Computer><Security UserID='S-1-5-18'/></System><EventData><Data Name='RuleName'>Attack=T1059.001,Technique=Command and Scripting Interpreter: PowerShell,Tactic=Execution,DS=File: File Creation,Level=2,Desc=Powershell Creating Files,Risk=10</Data><Data Name='UtcTime'>2024-01-06 00:47:27.236</Data><Data Name='ProcessGuid'>{609d2670-a270-6598-df57-000000000f00}</Data><Data Name='ProcessId'>6668</Data><Data Name='Image'>C:\Windows\System32\WindowsPowerShell\v1.0\powershell_ise.exe</Data><Data Name='TargetFilename'>C:\Windows\Temp\Exfil.zip</Data><Data Name='CreationUtcTime'>2024-01-06 00:47:27.236</Data><Data Name='User'>DESKTOP-4BQU2RH\MS1</Data></EventData></Event>","2024-01-05T19:47:27.236-05:00",created,,,,,,0,6,47,january,27,saturday,2024,0,,"DESKTOP-4BQU2RH",,,,,"DESKTOP-4BQU2RH",,"ms-sysmon-filemod",,"2024-01-06 00:47:27.236",,,"Exfil.zip","C:\Windows\Temp\Exfil.zip",,"DESKTOP-4BQU2RH",,,main,1,,,,,file,,,,,,,,,,,,,"powershell_ise.exe","{609d2670-a270-6598-df57-000000000f00}",,6668,,"powershell_ise.exe","C:\Windows\System32\WindowsPowerShell\v1.0\powershell_ise.exe",,,"<_='://../////'><><_='--'_='{----}'/><></><></><><",,,,,,,,,,,,,,,,,,,FileCreate,11,"XmlWinEventLog:Microsoft-Windows-Sysmon/Operational",xmlwineventlog,"DESKTOP-4BQU2RH",,,,,,,,,,,"endpoint
filesystem",,"endpoint
filesystem",filesystem,819,796,,,,,,,MS1,,"Microsoft Sysmon","'http://schemas.microsoft.com/win/2004/08/events/event'"
,"T1059.001",,,,"DESKTOP-4BQU2RH",,"2024-01-06 00:47:26.913",,"File: File Creation","Powershell Creating Files",,,,,,,,,"Microsoft-Windows-Sysmon/Operational",11,FileCreate,11,,,,,"'{5770385f-c22a-43e0-bf4c-06f5698ffbd9}'",,,"C:\Windows\System32\WindowsPowerShell\v1.0\powershell_ise.exe",,,,,0x8000000000000000,4,,,,"'Microsoft-Windows-Sysmon'",0,,,,,,,,"{609d2670-a270-6598-df57-000000000f00}","'3668'",6668,,,,,,457114,"10</Data><Data Name='UtcTime'>2024-01-06","Attack=T1059.001,Technique=Command and Scripting Interpreter: PowerShell,Tactic=Execution,DS=File: File Creation,Level=2,Desc=Powershell Creating Files,Risk=10",,,"S-1-5-18",,,,,,,,,"'2024-01-06T00:47:26.9141111Z'",Execution,"C:\Windows\Temp\exfil\History",,11,"Command and Scripting Interpreter: PowerShell",,"'5444'","2024-01-06T00:47:26.9141111Z","DESKTOP-4BQU2RH\MS1","'S-1-5-18'","2024-01-06 00:47:26.913",2,"<Event xmlns='http://schemas.microsoft.com/win/2004/08/events/event'><System><Provider Name='Microsoft-Windows-Sysmon' Guid='{5770385f-c22a-43e0-bf4c-06f5698ffbd9}'/><EventID>11</EventID><Version>2</Version><Level>4</Level><Task>11</Task><Opcode>0</Opcode><Keywords>0x8000000000000000</Keywords><TimeCreated SystemTime='2024-01-06T00:47:26.9141111Z'/><EventRecordID>457114</EventRecordID><Correlation/><Execution ProcessID='3668' ThreadID='5444'/><Channel>Microsoft-Windows-Sysmon/Operational</Channel><Computer>DESKTOP-4BQU2RH</Computer><Security UserID='S-1-5-18'/></System><EventData><Data Name='RuleName'>Attack=T1059.001,Technique=Command and Scripting Interpreter: PowerShell,Tactic=Execution,DS=File: File Creation,Level=2,Desc=Powershell Creating Files,Risk=10</Data><Data Name='UtcTime'>2024-01-06 00:47:26.913</Data><Data Name='ProcessGuid'>{609d2670-a270-6598-df57-000000000f00}</Data><Data Name='ProcessId'>6668</Data><Data Name='Image'>C:\Windows\System32\WindowsPowerShell\v1.0\powershell_ise.exe</Data><Data Name='TargetFilename'>C:\Windows\Temp\exfil\History</Data><Data Name='CreationUtcTime'>2024-01-06 00:47:26.913</Data><Data Name='User'>DESKTOP-4BQU2RH\MS1</Data></EventData></Event>","2024-01-05T19:47:26.913-05:00",created,,,,,,0,6,47,january,26,saturday,2024,0,,"DESKTOP-4BQU2RH",,,,,"DESKTOP-4BQU2RH",,"ms-sysmon-filemod",,"2024-01-06 00:47:26.913",,,History,"C:\Windows\Temp\exfil\History",,"DESKTOP-4BQU2RH",,,main,1,,,,,file,,,,,,,,,,,,,"powershell_ise.exe","{609d2670-a270-6598-df57-000000000f00}",,6668,,"powershell_ise.exe","C:\Windows\System32\WindowsPowerShell\v1.0\powershell_ise.exe",,,"<_='://../////'><><_='--'_='{----}'/><></><></><><",,,,,,,,,,,,,,,,,,,FileCreate,11,"XmlWinEventLog:Microsoft-Windows-Sysmon/Operational",xmlwineventlog,"DESKTOP-4BQU2RH",,,,,,,,,,,"endpoint
filesystem",,"endpoint
filesystem",filesystem,819,796,,,,,,,MS1,,"Microsoft Sysmon","'http://schemas.microsoft.com/win/2004/08/events/event'"
,T1204,,,,"DESKTOP-4BQU2RH",,"2024-01-05 03:38:36.688",,"File: File Creation",,,,,,,,,,"Microsoft-Windows-Sysmon/Operational",11,FileCreate,11,,,,Windows,"'{5770385f-c22a-43e0-bf4c-06f5698ffbd9}'",,,"C:\Windows\system32\svchost.exe",,,,,0x8000000000000000,4,,,,"'Microsoft-Windows-Sysmon'",0,,,,,,,,"{609d2670-5bfc-6598-2800-000000000f00}","'3668'",1888,,,,,,457113,,"Attack=T1204,Technique=User Execution,Tactic=Execution,DS=File: File Creation,Forensic=Windows Prefetch Exec History",,,"S-1-5-18",,,,,,,,,"'2024-01-06T00:47:26.9106090Z'",Execution,"C:\Windows\Prefetch\SYSTEMINFO.EXE-3EAAF1C2.pf",,11,"User Execution",,"'5444'","2024-01-06T00:47:26.9106090Z","NT AUTHORITY\SYSTEM","'S-1-5-18'","2024-01-06 00:47:26.909",2,"<Event xmlns='http://schemas.microsoft.com/win/2004/08/events/event'><System><Provider Name='Microsoft-Windows-Sysmon' Guid='{5770385f-c22a-43e0-bf4c-06f5698ffbd9}'/><EventID>11</EventID><Version>2</Version><Level>4</Level><Task>11</Task><Opcode>0</Opcode><Keywords>0x8000000000000000</Keywords><TimeCreated SystemTime='2024-01-06T00:47:26.9106090Z'/><EventRecordID>457113</EventRecordID><Correlation/><Execution ProcessID='3668' ThreadID='5444'/><Channel>Microsoft-Windows-Sysmon/Operational</Channel><Computer>DESKTOP-4BQU2RH</Computer><Security UserID='S-1-5-18'/></System><EventData><Data Name='RuleName'>Attack=T1204,Technique=User Execution,Tactic=Execution,DS=File: File Creation,Forensic=Windows Prefetch Exec History</Data><Data Name='UtcTime'>2024-01-06 00:47:26.909</Data><Data Name='ProcessGuid'>{609d2670-5bfc-6598-2800-000000000f00}</Data><Data Name='ProcessId'>1888</Data><Data Name='Image'>C:\Windows\system32\svchost.exe</Data><Data Name='TargetFilename'>C:\Windows\Prefetch\SYSTEMINFO.EXE-3EAAF1C2.pf</Data><Data Name='CreationUtcTime'>2024-01-05 03:38:36.688</Data><Data Name='User'>NT AUTHORITY\SYSTEM</Data></EventData></Event>","2024-01-05T19:47:26.909-05:00",modified,,,,,,0,6,47,january,26,saturday,2024,0,,"DESKTOP-4BQU2RH",,,,,"DESKTOP-4BQU2RH",,"ms-sysmon-filemod",,"2024-01-05 03:38:36.688",,,"SYSTEMINFO.EXE-3EAAF1C2.pf","C:\Windows\Prefetch\SYSTEMINFO.EXE-3EAAF1C2.pf",,"DESKTOP-4BQU2RH",,,main,1,,,,,file,,,,,,,,,,,,,"svchost.exe","{609d2670-5bfc-6598-2800-000000000f00}",,1888,,"svchost.exe","C:\Windows\system32\svchost.exe",,,"<_='://../////'><><_='--'_='{----}'/><></><></><><",,,,,,,,,,,,,,,,,,,FileCreate,11,"XmlWinEventLog:Microsoft-Windows-Sysmon/Operational",xmlwineventlog,"DESKTOP-4BQU2RH",,,,,,,,,,,"endpoint
filesystem",,"endpoint
filesystem",filesystem,776,753,,,,,,,SYSTEM,,"Microsoft Sysmon","'http://schemas.microsoft.com/win/2004/08/events/event'"
,None,,,,"DESKTOP-4BQU2RH",,,,"Process: Process Termination",Process,,,,,,,,,"Microsoft-Windows-Sysmon/Operational",5,"Process terminated",5,,,,,"'{5770385f-c22a-43e0-bf4c-06f5698ffbd9}'",,,"C:\Windows\System32\systeminfo.exe",,,,,0x8000000000000000,4,,,,"'Microsoft-Windows-Sysmon'",0,,,,,,,,"{609d2670-a31b-6598-5659-000000000f00}","'3668'",11016,,,,,,457112,,"Attack=None,Technique=None,Tactic=None,DS=Process: Process Termination,Level=0,Desc=Process Termination Events in System32",,,"S-1-5-18",,,,,,,,,"'2024-01-06T00:47:26.9086957Z'",None,,,5,None,,"'5444'","2024-01-06T00:47:26.9086957Z","DESKTOP-4BQU2RH\MS1","'S-1-5-18'","2024-01-06 00:47:26.907",3,"<Event xmlns='http://schemas.microsoft.com/win/2004/08/events/event'><System><Provider Name='Microsoft-Windows-Sysmon' Guid='{5770385f-c22a-43e0-bf4c-06f5698ffbd9}'/><EventID>5</EventID><Version>3</Version><Level>4</Level><Task>5</Task><Opcode>0</Opcode><Keywords>0x8000000000000000</Keywords><TimeCreated SystemTime='2024-01-06T00:47:26.9086957Z'/><EventRecordID>457112</EventRecordID><Correlation/><Execution ProcessID='3668' ThreadID='5444'/><Channel>Microsoft-Windows-Sysmon/Operational</Channel><Computer>DESKTOP-4BQU2RH</Computer><Security UserID='S-1-5-18'/></System><EventData><Data Name='RuleName'>Attack=None,Technique=None,Tactic=None,DS=Process: Process Termination,Level=0,Desc=Process Termination Events in System32</Data><Data Name='UtcTime'>2024-01-06 00:47:26.907</Data><Data Name='ProcessGuid'>{609d2670-a31b-6598-5659-000000000f00}</Data><Data Name='ProcessId'>11016</Data><Data Name='Image'>C:\Windows\System32\systeminfo.exe</Data><Data Name='User'>DESKTOP-4BQU2RH\MS1</Data></EventData></Event>","2024-