,None,,,,"DESKTOP-4BQU2RH",,,,"Process: Process Termination",Process,,,,,,,,,"Microsoft-Windows-Sysmon/Operational",5,"Process terminated",5,,,,,"'{5770385f-c22a-43e0-bf4c-06f5698ffbd9}'",,,"C:\Program Files\Splunk\bin\python3.exe",,,,,0x8000000000000000,4,,,,"'Microsoft-Windows-Sysmon'",0,,,,,,,,"{609d2670-a383-6598-265a-000000000f00}","'3668'",8740,,,,,,457711,,"Attack=None,Technique=None,Tactic=None,DS=Process: Process Termination,Level=0,Desc=Process Termination Events in Program Files Directories",,,"S-1-5-18",,,,,,,,,"'2024-01-06T00:49:09.7368711Z'",None,,,5,None,,"'5444'","2024-01-06T00:49:09.7368711Z","NT AUTHORITY\SYSTEM","'S-1-5-18'","2024-01-06 00:49:09.736",3,"<Event xmlns='http://schemas.microsoft.com/win/2004/08/events/event'><System><Provider Name='Microsoft-Windows-Sysmon' Guid='{5770385f-c22a-43e0-bf4c-06f5698ffbd9}'/><EventID>5</EventID><Version>3</Version><Level>4</Level><Task>5</Task><Opcode>0</Opcode><Keywords>0x8000000000000000</Keywords><TimeCreated SystemTime='2024-01-06T00:49:09.7368711Z'/><EventRecordID>457711</EventRecordID><Correlation/><Execution ProcessID='3668' ThreadID='5444'/><Channel>Microsoft-Windows-Sysmon/Operational</Channel><Computer>DESKTOP-4BQU2RH</Computer><Security UserID='S-1-5-18'/></System><EventData><Data Name='RuleName'>Attack=None,Technique=None,Tactic=None,DS=Process: Process Termination,Level=0,Desc=Process Termination Events in Program Files Directories</Data><Data Name='UtcTime'>2024-01-06 00:49:09.736</Data><Data Name='ProcessGuid'>{609d2670-a383-6598-265a-000000000f00}</Data><Data Name='ProcessId'>8740</Data><Data Name='Image'>C:\Program Files\Splunk\bin\python3.exe</Data><Data Name='User'>NT AUTHORITY\SYSTEM</Data></EventData></Event>","2024-01-05T19:49:09.736-05:00",blocked,,,,,,0,6,49,january,9,saturday,2024,0,,"DESKTOP-4BQU2RH",,,,,"DESKTOP-4BQU2RH",,"ms-sysmon-process",,,,,,,,"DESKTOP-4BQU2RH",,,main,1,,,,,,,,"Microsoft Windows",,,,,,,,"C:\Program Files\Splunk\bin\python3.exe",,"python3.exe","{609d2670-a383-6598-265a-000000000f00}",,8740,,"python3.exe","C:\Program Files\Splunk\bin\python3.exe",,,"<_='://../////'><><_='--'_='{----}'/><></><></><><",,,,,,,,,,,,,,,,,,,"Process terminated",5,"XmlWinEventLog:Microsoft-Windows-Sysmon/Operational",xmlwineventlog,"DESKTOP-4BQU2RH",,,,,,,,,,,"process
report",,"process
report",,797,774,,,,,,,SYSTEM,,"Microsoft Sysmon","'http://schemas.microsoft.com/win/2004/08/events/event'"
,None,,,,"DESKTOP-4BQU2RH",,,,"Process: Process Termination",Process,,,,,,,,,"Microsoft-Windows-Sysmon/Operational",5,"Process terminated",5,,,,,"'{5770385f-c22a-43e0-bf4c-06f5698ffbd9}'",,,"C:\Program Files\Splunk\bin\btool.exe",,,,,0x8000000000000000,4,,,,"'Microsoft-Windows-Sysmon'",0,,,,,,,,"{609d2670-a385-6598-3d5a-000000000f00}","'3668'",9656,,,,,,457710,,"Attack=None,Technique=None,Tactic=None,DS=Process: Process Termination,Level=0,Desc=Process Termination Events in Program Files Directories",,,"S-1-5-18",,,,,,,,,"'2024-01-06T00:49:09.5517703Z'",None,,,5,None,,"'5444'","2024-01-06T00:49:09.5517703Z","NT AUTHORITY\SYSTEM","'S-1-5-18'","2024-01-06 00:49:09.551",3,"<Event xmlns='http://schemas.microsoft.com/win/2004/08/events/event'><System><Provider Name='Microsoft-Windows-Sysmon' Guid='{5770385f-c22a-43e0-bf4c-06f5698ffbd9}'/><EventID>5</EventID><Version>3</Version><Level>4</Level><Task>5</Task><Opcode>0</Opcode><Keywords>0x8000000000000000</Keywords><TimeCreated SystemTime='2024-01-06T00:49:09.5517703Z'/><EventRecordID>457710</EventRecordID><Correlation/><Execution ProcessID='3668' ThreadID='5444'/><Channel>Microsoft-Windows-Sysmon/Operational</Channel><Computer>DESKTOP-4BQU2RH</Computer><Security UserID='S-1-5-18'/></System><EventData><Data Name='RuleName'>Attack=None,Technique=None,Tactic=None,DS=Process: Process Termination,Level=0,Desc=Process Termination Events in Program Files Directories</Data><Data Name='UtcTime'>2024-01-06 00:49:09.551</Data><Data Name='ProcessGuid'>{609d2670-a385-6598-3d5a-000000000f00}</Data><Data Name='ProcessId'>9656</Data><Data Name='Image'>C:\Program Files\Splunk\bin\btool.exe</Data><Data Name='User'>NT AUTHORITY\SYSTEM</Data></EventData></Event>","2024-01-05T19:49:09.551-05:00",blocked,,,,,,0,6,49,january,9,saturday,2024,0,,"DESKTOP-4BQU2RH",,,,,"DESKTOP-4BQU2RH",,"ms-sysmon-process",,,,,,,,"DESKTOP-4BQU2RH",,,main,1,,,,,,,,"Microsoft Windows",,,,,,,,"C:\Program Files\Splunk\bin\btool.exe",,"btool.exe","{609d2670-a385-6598-3d5a-000000000f00}",,9656,,"btool.exe","C:\Program Files\Splunk\bin\btool.exe",,,"<_='://../////'><><_='--'_='{----}'/><></><></><><",,,,,,,,,,,,,,,,,,,"Process terminated",5,"XmlWinEventLog:Microsoft-Windows-Sysmon/Operational",xmlwineventlog,"DESKTOP-4BQU2RH",,,,,,,,,,,"process
report",,"process
report",,797,774,,,,,,,SYSTEM,,"Microsoft Sysmon","'http://schemas.microsoft.com/win/2004/08/events/event'"
,None,,,,"DESKTOP-4BQU2RH",,,,"Process: Process Termination",Process,,,,,,,,,"Microsoft-Windows-Sysmon/Operational",5,"Process terminated",5,,,,,"'{5770385f-c22a-43e0-bf4c-06f5698ffbd9}'",,,"C:\Program Files\Splunk\bin\splunkd.exe",,,,,0x8000000000000000,4,,,,"'Microsoft-Windows-Sysmon'",0,,,,,,,,"{609d2670-a385-6598-3e5a-000000000f00}","'3668'",5192,,,,,,457709,,"Attack=None,Technique=None,Tactic=None,DS=Process: Process Termination,Level=0,Desc=Process Termination Events in Program Files Directories",,,"S-1-5-18",,,,,,,,,"'2024-01-06T00:49:09.5488578Z'",None,,,5,None,,"'5444'","2024-01-06T00:49:09.5488578Z","NT AUTHORITY\SYSTEM","'S-1-5-18'","2024-01-06 00:49:09.548",3,"<Event xmlns='http://schemas.microsoft.com/win/2004/08/events/event'><System><Provider Name='Microsoft-Windows-Sysmon' Guid='{5770385f-c22a-43e0-bf4c-06f5698ffbd9}'/><EventID>5</EventID><Version>3</Version><Level>4</Level><Task>5</Task><Opcode>0</Opcode><Keywords>0x8000000000000000</Keywords><TimeCreated SystemTime='2024-01-06T00:49:09.5488578Z'/><EventRecordID>457709</EventRecordID><Correlation/><Execution ProcessID='3668' ThreadID='5444'/><Channel>Microsoft-Windows-Sysmon/Operational</Channel><Computer>DESKTOP-4BQU2RH</Computer><Security UserID='S-1-5-18'/></System><EventData><Data Name='RuleName'>Attack=None,Technique=None,Tactic=None,DS=Process: Process Termination,Level=0,Desc=Process Termination Events in Program Files Directories</Data><Data Name='UtcTime'>2024-01-06 00:49:09.548</Data><Data Name='ProcessGuid'>{609d2670-a385-6598-3e5a-000000000f00}</Data><Data Name='ProcessId'>5192</Data><Data Name='Image'>C:\Program Files\Splunk\bin\splunkd.exe</Data><Data Name='User'>NT AUTHORITY\SYSTEM</Data></EventData></Event>","2024-01-05T19:49:09.548-05:00",blocked,,,,,,0,6,49,january,9,saturday,2024,0,,"DESKTOP-4BQU2RH",,,,,"DESKTOP-4BQU2RH",,"ms-sysmon-process",,,,,,,,"DESKTOP-4BQU2RH",,,main,1,,,,,,,,"Microsoft Windows",,,,,,,,"C:\Program Files\Splunk\bin\splunkd.exe",,"splunkd.exe","{609d2670-a385-6598-3e5a-000000000f00}",,5192,,"splunkd.exe","C:\Program Files\Splunk\bin\splunkd.exe",,,"<_='://../////'><><_='--'_='{----}'/><></><></><><",,,,,,,,,,,,,,,,,,,"Process terminated",5,"XmlWinEventLog:Microsoft-Windows-Sysmon/Operational",xmlwineventlog,"DESKTOP-4BQU2RH",,,,,,,,,,,"process
report",,"process
report",,797,774,,,,,,,SYSTEM,,"Microsoft Sysmon","'http://schemas.microsoft.com/win/2004/08/events/event'"
,None,,,,"DESKTOP-4BQU2RH",,,,"Named Pipe: Named Pipe Metadata","Anonymous Named Pipe Detected</Data><Data Name='EventType'>CreatePipe</Data><Data Name='UtcTime'>2024-01-06 00:49:09.410</Data><Data Name='ProcessGuid'>{609d2670-a383-6598-265a-000000000f00}</Data><Data Name='ProcessId'>8740</Data><Data Name='PipeName'>",,,,,,,,,"Microsoft-Windows-Sysmon/Operational",17,"PipeEvent (Pipe Created)",17,CreatePipe,,,,"'{5770385f-c22a-43e0-bf4c-06f5698ffbd9}'",,,"C:\Program Files\Splunk\bin\Python3.exe",,,,,0x8000000000000000,4,,,,"'Microsoft-Windows-Sysmon'",0,,,,,,,"&lt;Anonymous Pipe&gt;","{609d2670-a383-6598-265a-000000000f00}","'3668'",8740,,,,,,457708,,"Attack=None,Technique=None,Tactic=None,DS=Named Pipe: Named Pipe Metadata,Level=0,Desc=Anonymous Named Pipe Detected",,,"S-1-5-18",,,,,,,,,"'2024-01-06T00:49:09.4108341Z'",None,,,17,None,,"'5444'","2024-01-06T00:49:09.4108341Z","NT AUTHORITY\SYSTEM","'S-1-5-18'","2024-01-06 00:49:09.410",1,"<Event xmlns='http://schemas.microsoft.com/win/2004/08/events/event'><System><Provider Name='Microsoft-Windows-Sysmon' Guid='{5770385f-c22a-43e0-bf4c-06f5698ffbd9}'/><EventID>17</EventID><Version>1</Version><Level>4</Level><Task>17</Task><Opcode>0</Opcode><Keywords>0x8000000000000000</Keywords><TimeCreated SystemTime='2024-01-06T00:49:09.4108341Z'/><EventRecordID>457708</EventRecordID><Correlation/><Execution ProcessID='3668' ThreadID='5444'/><Channel>Microsoft-Windows-Sysmon/Operational</Channel><Computer>DESKTOP-4BQU2RH</Computer><Security UserID='S-1-5-18'/></System><EventData><Data Name='RuleName'>Attack=None,Technique=None,Tactic=None,DS=Named Pipe: Named Pipe Metadata,Level=0,Desc=Anonymous Named Pipe Detected</Data><Data Name='EventType'>CreatePipe</Data><Data Name='UtcTime'>2024-01-06 00:49:09.410</Data><Data Name='ProcessGuid'>{609d2670-a383-6598-265a-000000000f00}</Data><Data Name='ProcessId'>8740</Data><Data Name='PipeName'>&lt;Anonymous Pipe&gt;</Data><Data Name='Image'>C:\Program Files\Splunk\bin\Python3.exe</Data><Data Name='User'>NT AUTHORITY\SYSTEM</Data></EventData></Event>","2024-01-05T19:49:09.410-05:00",allowed,,,,,,0,6,49,january,9,saturday,2024,0,,"DESKTOP-4BQU2RH",,,,,"DESKTOP-4BQU2RH",,"ms-sysmon-process",,,,,,,,"DESKTOP-4BQU2RH",,,main,1,,,,,,,,"Microsoft Windows",,,,,,,"&lt;Anonymous Pipe&gt;",,,"Python3.exe","{609d2670-a383-6598-265a-000000000f00}",,8740,,"Python3.exe","C:\Program Files\Splunk\bin\Python3.exe",,,"<_='://../////'><><_='--'_='{----}'/><></><></><><",,,,,,,,,,,,,,,,,,,"PipeEvent (Pipe Created)",17,"XmlWinEventLog:Microsoft-Windows-Sysmon/Operational",xmlwineventlog,"DESKTOP-4BQU2RH",,,,,,,,,,,"process
report",,"process
report",,816,793,,,,,,,SYSTEM,,"Microsoft Sysmon","'http://schemas.microsoft.com/win/2004/08/events/event'"
,None,,,,"DESKTOP-4BQU2RH",,,,"Named Pipe: Named Pipe Metadata","Anonymous Named Pipe Detected</Data><Data Name='EventType'>CreatePipe</Data><Data Name='UtcTime'>2024-01-06 00:49:09.410</Data><Data Name='ProcessGuid'>{609d2670-a383-6598-265a-000000000f00}</Data><Data Name='ProcessId'>8740</Data><Data Name='PipeName'>",,,,,,,,,"Microsoft-Windows-Sysmon/Operational",17,"PipeEvent (Pipe Created)",17,CreatePipe,,,,"'{5770385f-c22a-43e0-bf4c-06f5698ffbd9}'",,,"C:\Program Files\Splunk\bin\Python3.exe",,,,,0x8000000000000000,4,,,,"'Microsoft-Windows-Sysmon'",0,,,,,,,"&lt;Anonymous Pipe&gt;","{609d2670-a383-6598-265a-000000000f00}","'3668'",8740,,,,,,457707,,"Attack=None,Technique=None,Tactic=None,DS=Named Pipe: Named Pipe Metadata,Level=0,Desc=Anonymous Named Pipe Detected",,,"S-1-5-18",,,,,,,,,"'2024-01-06T00:49:09.4107888Z'",None,,,17,None,,"'5444'","2024-01-06T00:49:09.4107888Z","NT AUTHORITY\SYSTEM","'S-1-5-18'","2024-01-06 00:49:09.410",1,"<Event xmlns='http://schemas.microsoft.com/win/2004/08/events/event'><System><Provider Name='Microsoft-Windows-Sysmon' Guid='{5770385f-c22a-43e0-bf4c-06f5698ffbd9}'/><EventID>17</EventID><Version>1</Version><Level>4</Level><Task>17</Task><Opcode>0</Opcode><Keywords>0x8000000000000000</Keywords><TimeCreated SystemTime='2024-01-06T00:49:09.4107888Z'/><EventRecordID>457707</EventRecordID><Correlation/><Execution ProcessID='3668' ThreadID='5444'/><Channel>Microsoft-Windows-Sysmon/Operational</Channel><Computer>DESKTOP-4BQU2RH</Computer><Security UserID='S-1-5-18'/></System><EventData><Data Name='RuleName'>Attack=None,Technique=None,Tactic=None,DS=Named Pipe: Named Pipe Metadata,Level=0,Desc=Anonymous Named Pipe Detected</Data><Data Name='EventType'>CreatePipe</Data><Data Name='UtcTime'>2024-01-06 00:49:09.410</Data><Data Name='ProcessGuid'>{609d2670-a383-6598-265a-000000000f00}</Data><Data Name='ProcessId'>8740</Data><Data Name='PipeName'>&lt;Anonymous Pipe&gt;</Data><Data Name='Image'>C:\Program Files\Splunk\bin\Python3.exe</Data><Data Name='User'>NT AUTHORITY\SYSTEM</Data></EventData></Event>","2024-01-05T19:49:09.410-05:00",allowed,,,,,,0,6,49,january,9,saturday,2024,0,,"DESKTOP-4BQU2RH",,,,,"DESKTOP-4BQU2RH",,"ms-sysmon-process",,,,,,,,"DESKTOP-4BQU2RH",,,main,1,,,,,,,,"Microsoft Windows",,,,,,,"&lt;Anonymous Pipe&gt;",,,"Python3.exe","{609d2670-a383-6598-265a-000000000f00}",,8740,,"Python3.exe","C:\Program Files\Splunk\bin\Python3.exe",,,"<_='://../////'><><_='--'_='{----}'/><></><></><><",,,,,,,,,,,,,,,,,,,"PipeEvent (Pipe Created)",17,"XmlWinEventLog:Microsoft-Windows-Sysmon/Operational",xmlwineventlog,"DESKTOP-4BQU2RH",,,,,,,,,,,"process
report",,"process
report",,816,793,,,,,,,SYSTEM,,"Microsoft Sysmon","'http://schemas.microsoft.com/win/2004/08/events/event'"
,None,,,,"DESKTOP-4BQU2RH",,,,"Process: Process Termination",Process,,,,,,,,,"Microsoft-Windows-Sysmon/Operational",5,"Process terminated",5,,,,,"'{5770385f-c22a-43e0-bf4c-06f5698ffbd9}'",,,"C:\Program Files\Splunk\bin\btool.exe",,,,,0x8000000000000000,4,,,,"'Microsoft-Windows-Sysmon'",0,,,,,,,,"{609d2670-a385-6598-3b5a-000000000f00}","'3668'",9420,,,,,,457706,,"Attack=None,Technique=None,Tactic=None,DS=Process: Process Termination,Level=0,Desc=Process Termination Events in Program Files Directories",,,"S-1-5-18",,,,,,,,,"'2024-01-06T00:49:09.4094584Z'",None,,,5,None,,"'5444'","2024-01-06T00:49:09.4094584Z","NT AUTHORITY\SYSTEM","'S-1-5-18'","2024-01-06 00:49:09.408",3,"<Event xmlns='http://schemas.microsoft.com/win/2004/08/events/event'><System><Provider Name='Microsoft-Windows-Sysmon' Guid='{5770385f-c22a-43e0-bf4c-06f5698ffbd9}'/><EventID>5</EventID><Version>3</Version><Level>4</Level><Task>5</Task><Opcode>0</Opcode><Keywords>0x8000000000000000</Keywords><TimeCreated SystemTime='2024-01-06T00:49:09.4094584Z'/><EventRecordID>457706</EventRecordID><Correlation/><Execution ProcessID='3668' ThreadID='5444'/><Channel>Microsoft-Windows-Sysmon/Operational</Channel><Computer>DESKTOP-4BQU2RH</Computer><Security UserID='S-1-5-18'/></System><EventData><Data Name='RuleName'>Attack=None,Technique=None,Tactic=None,DS=Process: Process Termination,Level=0,Desc=Process Termination Events in Program Files Directories</Data><Data Name='UtcTime'>2024-01-06 00:49:09.408</Data><Data Name='ProcessGuid'>{609d2670-a385-6598-3b5a-000000000f00}</Data><Data Name='ProcessId'>9420</Data><Data Name='Image'>C:\Program Files\Splunk\bin\btool.exe</Data><Data Name='User'>NT AUTHORITY\SYSTEM</Data></EventData></Event>","2024-01-05T19:49:09.408-05:00",blocked,,,,,,0,6,49,january,9,saturday,2024,0,,"DESKTOP-4BQU2RH",,,,,"DESKTOP-4BQU2RH",,"ms-sysmon-process",,,,,,,,"DESKTOP-4BQU2RH",,,main,1,,,,,,,,"Microsoft Windows",,,,,,,,"C:\Program Files\Splunk\bin\btool.exe",,"btool.exe","{609d2670-a385-6598-3b5a-000000000f00}",,9420,,"btool.exe","C:\Program Files\Splunk\bin\btool.exe",,,"<_='://../////'><><_='--'_='{----}'/><></><></><><",,,,,,,,,,,,,,,,,,,"Process terminated",5,"XmlWinEventLog:Microsoft-Windows-Sysmon/Operational",xmlwineventlog,"DESKTOP-4BQU2RH",,,,,,,,,,,"process
report",,"process
report",,797,774,,,,,,,SYSTEM,,"Microsoft Sysmon","'http://schemas.microsoft.com/win/2004/08/events/event'"
,None,,,,"DESKTOP-4BQU2RH",,,,"Network Traffic: Network Connection Creation","Non-Browsers",,,"server-13-249-39-54.iad89.r.cloudfront.net","13.249.39.54",false,443,https,,"Microsoft-Windows-Sysmon/Operational",3,"Network connection",3,,,,,"'{5770385f-c22a-43e0-bf4c-06f5698ffbd9}'",,,"C:\Program Files\Splunk\bin\python3.exe",,,true,,0x8000000000000000,4,,,,"'Microsoft-Windows-Sysmon'",0,,,,,,,,"{609d2670-a383-6598-265a-000000000f00}","'3668'",8740,,tcp,,,,457713,,"Attack=None,Technique=None,Tactic=None,DS=Network Traffic: Network Connection Creation,Level=0,Desc=Non-Browsers Accessing HTTPS",,,"S-1-5-18",,,,"DESKTOP-4BQU2RH.lan","192.168.8.195",false,62858,"-","'2024-01-06T00:49:11.9379819Z'",None,,,3,None,,"'4776'","2024-01-06T00:49:11.9379819Z","NT AUTHORITY\SYSTEM","'S-1-5-18'","2024-01-06 00:49:09.405",5,"<Event xmlns='http://schemas.microsoft.com/win/2004/08/events/event'><System><Provider Name='Microsoft-Windows-Sysmon' Guid='{5770385f-c22a-43e0-bf4c-06f5698ffbd9}'/><EventID>3</EventID><Version>5</Version><Level>4</Level><Task>3</Task><Opcode>0</Opcode><Keywords>0x8000000000000000</Keywords><TimeCreated SystemTime='2024-01-06T00:49:11.9379819Z'/><EventRecordID>457713</EventRecordID><Correlation/><Execution ProcessID='3668' ThreadID='4776'/><Channel>Microsoft-Windows-Sysmon/Operational</Channel><Computer>DESKTOP-4BQU2RH</Computer><Security UserID='S-1-5-18'/></System><EventData><Data Name='RuleName'>Attack=None,Technique=None,Tactic=None,DS=Network Traffic: Network Connection Creation,Level=0,Desc=Non-Browsers Accessing HTTPS</Data><Data Name='UtcTime'>2024-01-06 00:49:09.405</Data><Data Name='ProcessGuid'>{609d2670-a383-6598-265a-000000000f00}</Data><Data Name='ProcessId'>8740</Data><Data Name='Image'>C:\Program Files\Splunk\bin\python3.exe</Data><Data Name='User'>NT AUTHORITY\SYSTEM</Data><Data Name='Protocol'>tcp</Data><Data Name='Initiated'>true</Data><Data Name='SourceIsIpv6'>false</Data><Data Name='SourceIp'>192.168.8.195</Data><Data Name='SourceHostname'>DESKTOP-4BQU2RH.lan</Data><Data Name='SourcePort'>62858</Data><Data Name='SourcePortName'>-</Data><Data Name='DestinationIsIpv6'>false</Data><Data Name='DestinationIp'>13.249.39.54</Data><Data Name='DestinationHostname'>server-13-249-39-54.iad89.r.cloudfront.net</Data><Data Name='DestinationPort'>443</Data><Data Name='DestinationPortName'>https</Data></EventData></Event>","2024-01-05T19:49:09.405-05:00",allowed,,,"C:\Program Files\Splunk\bin\python3.exe",,"2024-01-06 00:49:09.405",0,6,49,january,9,saturday,2024,0,,"server-13-249-39-54.iad89.r.cloudfront.net","server-13-249-39-54.iad89.r.cloudfront.net","13.249.39.54",443,outbound,"DESKTOP-4BQU2RH","192.168.8.195","ms-sysmon-network",,,,,,,,"DESKTOP-4BQU2RH",,,main,1,,,,,,,,,,,,,,,,,,"python3.exe","{609d2670-a383-6598-265a-000000000f00}",,8740,,"python3.exe",,ip,ipv4,"<_='://../////'><><_='--'_='{----}'/><></><></><><",,,,,,,,,,,,"Attack=None,Technique=None,Tactic=None,DS=Network Traffic: Network Connection Creation,Level=0,Desc=Non-Browsers Accessing HTTPS",,,,,,,"Network connection",3,"XmlWinEventLog:Microsoft-Windows-Sysmon/Operational",xmlwineventlog,"DESKTOP-4BQU2RH",,"DESKTOP-4BQU2RH.lan",,,"DESKTOP-4BQU2RH.lan","192.168.8.195",,62858,established,,"communicate
network",,"communicate
network",,786,763,tcp,"tcp/443",,,,,SYSTEM,,"Microsoft Sysmon","'http://schemas.microsoft.com/win/2004/08/events/event'"
,None,,,,"DESKTOP-4BQU2RH",,,,"Process: Process Termination",Process,,,,,,,,,"Microsoft-Windows-Sysmon/Operational",5,"Process terminated",5,,,,,"'{5770385f-c22a-43e0-bf4c-06f5698ffbd9}'",,,"C:\Program Files\Splunk\bin\splunkd.exe",,,,,0x8000000000000000,4,,,,"'Microsoft-Windows-Sysmon'",0,,,,,,,,"{609d2670-a385-6598-3c5a-000000000f00}","'3668'",3412,,,,,,457705,,"Attack=None,Technique=None,Tactic=None,DS=Process: Process Termination,Level=0,Desc=Process Termination Events in Program Files Directories",,,"S-1-5-18",,,,,,,,,"'2024-01-06T00:49:09.4064856Z'",None,,,5,None,,"'5444'","2024-01-06T00:49:09.4064856Z","NT AUTHORITY\SYSTEM","'S-1-5-18'","2024-01-06 00:49:09.405",3,"<Event xmlns='http://schemas.microsoft.com/win/2004/08/events/event'><System><Provider Name='Microsoft-Windows-Sysmon' Guid='{5770385f-c22a-43e0-bf4c-06f5698ffbd9}'/><EventID>5</EventID><Version>3</Version><Level>4</Level><Task>5</Task><Opcode>0</Opcode><Keywords>0x8000000000000000</Keywords><TimeCreated SystemTime='2024-01-06T00:49:09.4064856Z'/><EventRecordID>457705</EventRecordID><Correlation/><Execution ProcessID='3668' ThreadID='5444'/><Channel>Microsoft-Windows-Sysmon/Operational</Channel><Computer>DESKTOP-4BQU2RH</Computer><Security UserID='S-1-5-18'/></System><EventData><Data Name='RuleName'>Attack=None,Technique=None,Tactic=None,DS=Process: Process Termination,Level=0,Desc=Process Termination Events in Program Files Directories</Data><Data Name='UtcTime'>2024-01-06 00:49:09.405</Data><Data Name='ProcessGuid'>{609d2670-a385-6598-3c5a-000000000f00}</Data><Data Name='ProcessId'>3412</Data><Data Name='Image'>C:\Program Files\Splunk\bin\splunkd.exe</Data><Data Name='User'>NT AUTHORITY\SYSTEM</Data></EventData></Event>","2024-01-05T19:49:09.405-05:00",blocked,,,,,,0,6,49,january,9,saturday,2024,0,,"DESKTOP-4BQU2RH",,,,,"DESKTOP-4BQU2RH",,"ms-sysmon-process",,,,,,,,"DESKTOP-4BQU2RH",,,main,1,,,,,,,,"Microsoft Windows",,,,,,,,"C:\Program Files\Splunk\bin\splunkd.exe",,"splunkd.exe","{609d2670-a385-6598-3c5a-000000000f00}",,3412,,"splunkd.exe","C:\Program Files\Splunk\bin\splunkd.exe",,,"<_='://../////'><><_='--'_='{----}'/><></><></><><",,,,,,,,,,,,,,,,,,,"Process terminated",5,"XmlWinEventLog:Microsoft-Windows-Sysmon/Operational",xmlwineventlog,"DESKTOP-4BQU2RH",,,,,,,,,,,"process
report",,"process
report",,797,774,,,,,,,SYSTEM,,"Microsoft Sysmon","'http://schemas.microsoft.com/win/2004/08/events/event'"
,None,,,,"DESKTOP-4BQU2RH",,,,"Process: Process Termination",Process,,,,,,,,,"Microsoft-Windows-Sysmon/Operational",5,"Process terminated",5,,,,,"'{5770385f-c22a-43e0-bf4c-06f5698ffbd9}'",,,"C:\Program Files\Splunk\bin\python3.exe",,,,,0x8000000000000000,4,,,,"'Microsoft-Windows-Sysmon'",0,,,,,,,,"{609d2670-a383-6598-275a-000000000f00}","'3668'",10824,,,,,,457704,,"Attack=None,Technique=None,Tactic=None,DS=Process: Process Termination,Level=0,Desc=Process Termination Events in Program Files Directories",,,"S-1-5-18",,,,,,,,,"'2024-01-06T00:49:09.2929750Z'",None,,,5,None,,"'5444'","2024-01-06T00:49:09.2929750Z","NT AUTHORITY\SYSTEM","'S-1-5-18'","2024-01-06 00:49:09.289",3,"<Event xmlns='http://schemas.microsoft.com/win/2004/08/events/event'><System><Provider Name='Microsoft-Windows-Sysmon' Guid='{5770385f-c22a-43e0-bf4c-06f5698ffbd9}'/><EventID>5</EventID><Version>3</Version><Level>4</Level><Task>5</Task><Opcode>0</Opcode><Keywords>0x8000000000000000</Keywords><TimeCreated SystemTime='2024-01-06T00:49:09.2929750Z'/><EventRecordID>457704</EventRecordID><Correlation/><Execution ProcessID='3668' ThreadID='5444'/><Channel>Microsoft-Windows-Sysmon/Operational</Channel><Computer>DESKTOP-4BQU2RH</Computer><Security UserID='S-1-5-18'/></System><EventData><Data Name='RuleName'>Attack=None,Technique=None,Tactic=None,DS=Process: Process Termination,Level=0,Desc=Process Termination Events in Program Files Directories</Data><Data Name='UtcTime'>2024-01-06 00:49:09.289</Data><Data Name='ProcessGuid'>{609d2670-a383-6598-275a-000000000f00}</Data><Data Name='ProcessId'>10824</Data><Data Name='Image'>C:\Program Files\Splunk\bin\python3.exe</Data><Data Name='User'>NT AUTHORITY\SYSTEM</Data></EventData></Event>","2024-01-05T19:49:09.289-05:00",blocked,,,,,,0,6,49,january,9,saturday,2024,0,,"DESKTOP-4BQU2RH",,,,,"DESKTOP-4BQU2RH",,"ms-sysmon-process",,,,,,,,"DESKTOP-4BQU2RH",,,main,1,,,,,,,,"Microsoft Windows",,,,,,,,"C:\Program Files\Splunk\bin\python3.exe",,"python3.exe","{609d2670-a383-6598-275a-000000000f00}",,10824,,"python3.exe","C:\Program Files\Splunk\bin\python3.exe",,,"<_='://../////'><><_='--'_='{----}'/><></><></><><",,,,,,,,,,,,,,,,,,,"Process terminated",5,"XmlWinEventLog:Microsoft-Windows-Sysmon/Operational",xmlwineventlog,"DESKTOP-4BQU2RH",,,,,,,,,,,"process
report",,"process
report",,797,774,,,,,,,SYSTEM,,"Microsoft Sysmon","'http://schemas.microsoft.com/win/2004/08/events/event'"
,None,,,,"DESKTOP-4BQU2RH",,,,"Named Pipe: Named Pipe Metadata","Anonymous Named Pipe Detected</Data><Data Name='EventType'>CreatePipe</Data><Data Name='UtcTime'>2024-01-06 00:49:09.264</Data><Data Name='ProcessGuid'>{609d2670-a383-6598-265a-000000000f00}</Data><Data Name='ProcessId'>8740</Data><Data Name='PipeName'>",,,,,,,,,"Microsoft-Windows-Sysmon/Operational",17,"PipeEvent (Pipe Created)",17,CreatePipe,,,,"'{5770385f-c22a-43e0-bf4c-06f5698ffbd9}'",,,"C:\Program Files\Splunk\bin\Python3.exe",,,,,0x8000000000000000,4,,,,"'Microsoft-Windows-Sysmon'",0,,,,,,,"&lt;Anonymous Pipe&gt;","{609d2670-a383-6598-265a-000000000f00}","'3668'",8740,,,,,,457703,,"Attack=None,Technique=None,Tactic=None,DS=Named Pipe: Named Pipe Metadata,Level=0,Desc=Anonymous Named Pipe Detected",,,"S-1-5-18",,,,,,,,,"'2024-01-06T00:49:09.2663900Z'",None,,,17,None,,"'5444'","2024-01-06T00:49:09.2663900Z","NT AUTHORITY\SYSTEM","'S-1-5-18'","2024-01-06 00:49:09.264",1,"<Event xmlns='http://schemas.microsoft.com/win/2004/08/events/event'><System><Provider Name='Microsoft-Windows-Sysmon' Guid='{5770385f-c22a-43e0-bf4c-06f5698ffbd9}'/><EventID>17</EventID><Version>1</Version><Level>4</Level><Task>17</Task><Opcode>0</Opcode><Keywords>0x8000000000000000</Keywords><TimeCreated SystemTime='2024-01-06T00:49:09.2663900Z'/><EventRecordID>457703</EventRecordID><Correlation/><Execution ProcessID='3668' ThreadID='5444'/><Channel>Microsoft-Windows-Sysmon/Operational</Channel><Computer>DESKTOP-4BQU2RH</Computer><Security UserID='S-1-5-18'/></System><EventData><Data Name='RuleName'>Attack=None,Technique=None,Tactic=None,DS=Named Pipe: Named Pipe Metadata,Level=0,Desc=Anonymous Named Pipe Detected</Data><Data Name='EventType'>CreatePipe</Data><Data Name='UtcTime'>2024-01-06 00:49:09.264</Data><Data Name='ProcessGuid'>{609d2670-a383-6598-265a-000000000f00}</Data><Data Name='ProcessId'>8740</Data><Data Name='PipeName'>&lt;Anonymous Pipe&gt;</Data><Data Name='Image'>C:\Program Files\Splunk\bin\Python3.exe</Data><Data Name='User'>NT AUTHORITY\SYSTEM</Data></EventData></Event>","2024-01-05T19:49:09.264-05:00",allowed,,,,,,0,6,49,january,9,saturday,2024,0,,"DESKTOP-4BQU2RH",,,,,"DESKTOP-4BQU2RH",,"ms-sysmon-process",,,,,,,,"DESKTOP-4BQU2RH",,,main,1,,,,,,,,"Microsoft Windows",,,,,,,"&lt;Anonymous Pipe&gt;",,,"Python3.exe","{609d2670-a383-6598-265a-000000000f00}",,8740,,"Python3.exe","C:\Program Files\Splunk\bin\Python3.exe",,,"<_='://../////'><><_='--'_='{----}'/><></><></><><",,,,,,,,,,,,,,,,,,,"PipeEvent (Pipe Created)",17,"XmlWinEventLog:Microsoft-Windows-Sysmon/Operational",xmlwineventlog,"DESKTOP-4BQU2RH",,,,,,,,,,,"process
report",,"process
report",,816,793,,,,,,,SYSTEM,,"Microsoft Sysmon","'http://schemas.microsoft.com/win/2004/08/events/event'"
,None,,,,"DESKTOP-4BQU2RH",,,,"Named Pipe: Named Pipe Metadata","Anonymous Named Pipe Detected</Data><Data Name='EventType'>CreatePipe</Data><Data Name='UtcTime'>2024-01-06 00:49:09.264</Data><Data Name='ProcessGuid'>{609d2670-a383-6598-265a-000000000f00}</Data><Data Name='ProcessId'>8740</Data><Data Name='PipeName'>",,,,,,,,,"Microsoft-Windows-Sysmon/Operational",17,"PipeEvent (Pipe Created)",17,CreatePipe,,,,"'{5770385f-c22a-43e0-bf4c-06f5698ffbd9}'",,,"C:\Program Files\Splunk\bin\Python3.exe",,,,,0x8000000000000000,4,,,,"'Microsoft-Windows-Sysmon'",0,,,,,,,"&lt;Anonymous Pipe&gt;","{609d2670-a383-6598-265a-000000000f00}","'3668'",8740,,,,,,457702,,"Attack=None,Technique=None,Tactic=None,DS=Named Pipe: Named Pipe Metadata,Level=0,Desc=Anonymous Named Pipe Detected",,,"S-1-5-18",,,,,,,,,"'2024-01-06T00:49:09.2663341Z'",None,,,17,None,,"'5444'","2024-01-06T00:49:09.2663341Z","NT AUTHORITY\SYSTEM","'S-1-5-18'","2024-01-06 00:49:09.264",1,"<Event xmlns='http://schemas.microsoft.com/win/2004/08/events/event'><System><Provider Name='Microsoft-Windows-Sysmon' Guid='{5770385f-c22a-43e0-bf4c-06f5698ffbd9}'/><EventID>17</EventID><Version>1</Version><Level>4</Level><Task>17</Task><Opcode>0</Opcode><Keywords>0x8000000000000000</Keywords><TimeCreated SystemTime='2024-01-06T00:49:09.2663341Z'/><EventRecordID>457702</EventRecordID><Correlation/><Execution ProcessID='3668' ThreadID='5444'/><Channel>Microsoft-Windows-Sysmon/Operational</Channel><Computer>DESKTOP-4BQU2RH</Computer><Security UserID='S-1-5-18'/></System><EventData><Data Name='RuleName'>Attack=None,Technique=None,Tactic=None,DS=Named Pipe: Named Pipe Metadata,Level=0,Desc=Anonymous Named Pipe Detected</Data><Data Name='EventType'>CreatePipe</Data><Data Name='UtcTime'>2024-01-06 00:49:09.264</Data><Data Name='ProcessGuid'>{609d2670-a383-6598-265a-000000000f00}</Data><Data Name='ProcessId'>8740</Data><Data Name='PipeName'>&lt;Anonymous Pipe&gt;</Data><Data Name='Image'>C:\Program Files\Splunk\bin\Python3.exe</Data><Data Name='User'>NT AUTHORITY\SYSTEM</Data></EventData></Event>","2024-01-05T19:49:09.264-05:00",allowed,,,,,,0,6,49,january,9,saturday,2024,0,,"DESKTOP-4BQU2RH",,,,,"DESKTOP-4BQU2RH",,"ms-sysmon-process",,,,,,,,"DESKTOP-4BQU2RH",,,main,1,,,,,,,,"Microsoft Windows",,,,,,,"&lt;Anonymous Pipe&gt;",,,"Python3.exe","{609d2670-a383-6598-265a-000000000f00}",,8740,,"Python3.exe","C:\Program Files\Splunk\bin\Python3.exe",,,"<_='://../////'><><_='--'_='{----}'/><></><></><><",,,,,,,,,,,,,,,,,,,"PipeEvent (Pipe Created)",17,"XmlWinEventLog:Microsoft-Windows-Sysmon/Operational",xmlwineventlog,"DESKTOP-4BQU2RH",,,,,,,,,,,"process
report",,"process
report",,816,793,,,,,,,SYSTEM,,"Microsoft Sysmon","'http://schemas.microsoft.com/win/2004/08/events/event'"
,None,,,,"DESKTOP-4BQU2RH",,,,"Process: Process Termination",Process,,,,,,,,,"Microsoft-Windows-Sysmon/Operational",5,"Process terminated",5,,,,,"'{5770385f-c22a-43e0-bf4c-06f5698ffbd9}'",,,"C:\Program Files\Splunk\bin\btool.exe",,,,,0x8000000000000000,4,,,,"'Microsoft-Windows-Sysmon'",0,,,,,,,,"{609d2670-a385-6598-385a-000000000f00}","'3668'",6852,,,,,,457701,,"Attack=None,Technique=None,Tactic=None,DS=Process: Process Termination,Level=0,Desc=Process Termination Events in Program Files Directories",,,"S-1-5-18",,,,,,,,,"'2024-01-06T00:49:09.2641535Z'",None,,,5,None,,"'5444'","2024-01-06T00:49:09.2641535Z","NT AUTHORITY\SYSTEM","'S-1-5-18'","2024-01-06 00:49:09.263",3,"<Event xmlns='http://schemas.microsoft.com/win/2004/08/events/event'><System><Provider Name='Microsoft-Windows-Sysmon' Guid='{5770385f-c22a-43e0-bf4c-06f5698ffbd9}'/><EventID>5</EventID><Version>3</Version><Level>4</Level><Task>5</Task><Opcode>0</Opcode><Keywords>0x8000000000000000</Keywords><TimeCreated SystemTime='2024-01-06T00:49:09.2641535Z'/><EventRecordID>457701</EventRecordID><Correlation/><Execution ProcessID='3668' ThreadID='5444'/><Channel>Microsoft-Windows-Sysmon/Operational</Channel><Computer>DESKTOP-4BQU2RH</Computer><Security UserID='S-1-5-18'/></System><EventData><Data Name='RuleName'>Attack=None,Technique=None,Tactic=None,DS=Process: Process Termination,Level=0,Desc=Process Termination Events in Program Files Directories</Data><Data Name='UtcTime'>2024-01-06 00:49:09.263</Data><Data Name='ProcessGuid'>{609d2670-a385-6598-385a-000000000f00}</Data><Data Name='ProcessId'>6852</Data><Data Name='Image'>C:\Program Files\Splunk\bin\btool.exe</Data><Data Name='User'>NT AUTHORITY\SYSTEM</Data></EventData></Event>","2024-01-05T19:49:09.263-05:00",blocked,,,,,,0,6,49,january,9,saturday,2024,0,,"DESKTOP-4BQU2RH",,,,,"DESKTOP-4BQU2RH",,"ms-sysmon-process",,,,,,,,"DESKTOP-4BQU2RH",,,main,1,,,,,,,,"Microsoft Windows",,,,,,,,"C:\Program Files\Splunk\bin\btool.exe",,"btool.exe","{609d2670-a385-6598-385a-000000000f00}",,6852,,"btool.exe","C:\Program Files\Splunk\bin\btool.exe",,,"<_='://../////'><><_='--'_='{----}'/><></><></><><",,,,,,,,,,,,,,,,,,,"Process terminated",5,"XmlWinEventLog:Microsoft-Windows-Sysmon/Operational",xmlwineventlog,"DESKTOP-4BQU2RH",,,,,,,,,,,"process
report",,"process
report",,797,774,,,,,,,SYSTEM,,"Microsoft Sysmon","'http://schemas.microsoft.com/win/2004/08/events/event'"
,None,,,,"DESKTOP-4BQU2RH",,,,"Process: Process Termination",Process,,,,,,,,,"Microsoft-Windows-Sysmon/Operational",5,"Process terminated",5,,,,,"'{5770385f-c22a-43e0-bf4c-06f5698ffbd9}'",,,"C:\Program Files\Splunk\bin\splunkd.exe",,,,,0x8000000000000000,4,,,,"'Microsoft-Windows-Sysmon'",0,,,,,,,,"{609d2670-a385-6598-3a5a-000000000f00}","'3668'",3096,,,,,,457700,,"Attack=None,Technique=None,Tactic=None,DS=Process: Process Termination,Level=0,Desc=Process Termination Events in Program Files Directories",,,"S-1-5-18",,,,,,,,,"'2024-01-06T00:49:09.2604699Z'",None,,,5,None,,"'5444'","2024-01-06T00:49:09.2604699Z","NT AUTHORITY\SYSTEM","'S-1-5-18'","2024-01-06 00:49:09.259",3,"<Event xmlns='http://schemas.microsoft.com/win/2004/08/events/event'><System><Provider Name='Microsoft-Windows-Sysmon' Guid='{5770385f-c22a-43e0-bf4c-06f5698ffbd9}'/><EventID>5</EventID><Version>3</Version><Level>4</Level><Task>5</Task><Opcode>0</Opcode><Keywords>0x8000000000000000</Keywords><TimeCreated SystemTime='2024-01-06T00:49:09.2604699Z'/><EventRecordID>457700</EventRecordID><Correlation/><Execution ProcessID='3668' ThreadID='5444'/><Channel>Microsoft-Windows-Sysmon/Operational</Channel><Computer>DESKTOP-4BQU2RH</Computer><Security UserID='S-1-5-18'/></System><EventData><Data Name='RuleName'>Attack=None,Technique=None,Tactic=None,DS=Process: Process Termination,Level=0,Desc=Process Termination Events in Program Files Directories</Data><Data Name='UtcTime'>2024-01-06 00:49:09.259</Data><Data Name='ProcessGuid'>{609d2670-a385-6598-3a5a-000000000f00}</Data><Data Name='ProcessId'>3096</Data><Data Name='Image'>C:\Program Files\Splunk\bin\splunkd.exe</Data><Data Name='User'>NT AUTHORITY\SYSTEM</Data></EventData></Event>","2024-01-05T19:49:09.259-05:00",blocked,,,,,,0,6,49,january,9,saturday,2024,0,,"DESKTOP-4BQU2RH",,,,,"DESKTOP-4BQU2RH",,"ms-sysmon-process",,,,,,,,"DESKTOP-4BQU2RH",,,main,1,,,,,,,,"Microsoft Windows",,,,,,,,"C:\Program Files\Splunk\bin\splunkd.exe",,"splunkd.exe","{609d2670-a385-6598-3a5a-000000000f00}",,3096,,"splunkd.exe","C:\Program Files\Splunk\bin\splunkd.exe",,,"<_='://../////'><><_='--'_='{----}'/><></><></><><",,,,,,,,,,,,,,,,,,,"Process terminated",5,"XmlWinEventLog:Microsoft-Windows-Sysmon/Operational",xmlwineventlog,"DESKTOP-4BQU2RH",,,,,,,,,,,"process
report",,"process
report",,797,774,,,,,,,SYSTEM,,"Microsoft Sysmon","'http://schemas.microsoft.com/win/2004/08/events/event'"
,None,,,,"DESKTOP-4BQU2RH",,,,"Process: Process Termination",Process,,,,,,,,,"Microsoft-Windows-Sysmon/Operational",5,"Process terminated",5,,,,,"'{5770385f-c22a-43e0-bf4c-06f5698ffbd9}'",,,"C:\Program Files\Splunk\bin\btool.exe",,,,,0x8000000000000000,4,,,,"'Microsoft-Windows-Sysmon'",0,,,,,,,,"{609d2670-a385-6598-375a-000000000f00}","'3668'",6364,,,,,,457699,,"Attack=None,Technique=None,Tactic=None,DS=Process: Process Termination,Level=0,Desc=Process Termination Events in Program Files Directories",,,"S-1-5-18",,,,,,,,,"'2024-01-06T00:49:09.2510871Z'",None,,,5,None,,"'5444'","2024-01-06T00:49:09.2510871Z","NT AUTHORITY\SYSTEM","'S-1-5-18'","2024-01-06 00:49:09.250",3,"<Event xmlns='http://schemas.microsoft.com/win/2004/08/events/event'><System><Provider Name='Microsoft-Windows-Sysmon' Guid='{5770385f-c22a-43e0-bf4c-06f5698ffbd9}'/><EventID>5</EventID><Version>3</Version><Level>4</Level><Task>5</Task><Opcode>0</Opcode><Keywords>0x8000000000000000</Keywords><TimeCreated SystemTime='2024-01-06T00:49:09.2510871Z'/><EventRecordID>457699</EventRecordID><Correlation/><Execution ProcessID='3668' ThreadID='5444'/><Channel>Microsoft-Windows-Sysmon/Operational</Channel><Computer>DESKTOP-4BQU2RH</Computer><Security UserID='S-1-5-18'/></System><EventData><Data Name='RuleName'>Attack=None,Technique=None,Tactic=None,DS=Process: Process Termination,Level=0,Desc=Process Termination Events in Program Files Directories</Data><Data Name='UtcTime'>2024-01-06 00:49:09.250</Data><Data Name='ProcessGuid'>{609d2670-a385-6598-375a-000000000f00}</Data><Data Name='ProcessId'>6364</Data><Data Name='Image'>C:\Program Files\Splunk\bin\btool.exe</Data><Data Name='User'>NT AUTHORITY\SYSTEM</Data></EventData></Event>","2024-01-05T19:49:09.250-05:00",blocked,,,,,,0,6,49,january,9,saturday,2024,0,,"DESKTOP-4BQU2RH",,,,,"DESKTOP-4BQU2RH",,"ms-sysmon-process",,,,,,,,"DESKTOP-4BQU2RH",,,main,1,,,,,,,,"Microsoft Windows",,,,,,,,"C:\Program Files\Splunk\bin\btool.exe",,"btool.exe","{609d2670-a385-6598-375a-000000000f00}",,6364,,"btool.exe","C:\Program Files\Splunk\bin\btool.exe",,,"<_='://../////'><><_='--'_='{----}'/><></><></><><",,,,,,,,,,,,,,,,,,,"Process terminated",5,"XmlWinEventLog:Microsoft-Windows-Sysmon/Operational",xmlwineventlog,"DESKTOP-4BQU2RH",,,,,,,,,,,"process
report",,"process
report",,797,774,,,,,,,SYSTEM,,"Microsoft Sysmon","'http://schemas.microsoft.com/win/2004/08/events/event'"
,None,,,,"DESKTOP-4BQU2RH",,,,"Process: Process Termination",Process,,,,,,,,,"Microsoft-Windows-Sysmon/Operational",5,"Process terminated",5,,,,,"'{5770385f-c22a-43e0-bf4c-06f5698ffbd9}'",,,"C:\Program Files\Splunk\bin\splunkd.exe",,,,,0x8000000000000000,4,,,,"'Microsoft-Windows-Sysmon'",0,,,,,,,,"{609d2670-a385-6598-395a-000000000f00}","'3668'",10212,,,,,,457698,,"Attack=None,Technique=None,Tactic=None,DS=Process: Process Termination,Level=0,Desc=Process Termination Events in Program Files Directories",,,"S-1-5-18",,,,,,,,,"'2024-01-06T00:49:09.2480781Z'",None,,,5,None,,"'5444'","2024-01-06T00:49:09.2480781Z","NT AUTHORITY\SYSTEM","'S-1-5-18'","2024-01-06 00:49:09.247",3,"<Event xmlns='http://schemas.microsoft.com/win/2004/08/events/event'><System><Provider Name='Microsoft-Windows-Sysmon' Guid='{5770385f-c22a-43e0-bf4c-06f5698ffbd9}'/><EventID>5</EventID><Version>3</Version><Level>4</Level><Task>5</Task><Opcode>0</Opcode><Keywords>0x8000000000000000</Keywords><TimeCreated SystemTime='2024-01-06T00:49:09.2480781Z'/><EventRecordID>457698</EventRecordID><Correlation/><Execution ProcessID='3668' ThreadID='5444'/><Channel>Microsoft-Windows-Sysmon/Operational</Channel><Computer>DESKTOP-4BQU2RH</Computer><Security UserID='S-1-5-18'/></System><EventData><Data Name='RuleName'>Attack=None,Technique=None,Tactic=None,DS=Process: Process Termination,Level=0,Desc=Process Termination Events in Program Files Directories</Data><Data Name='UtcTime'>2024-01-06 00:49:09.247</Data><Data Name='ProcessGuid'>{609d2670-a385-6598-395a-000000000f00}</Data><Data Name='ProcessId'>10212</Data><Data Name='Image'>C:\Program Files\Splunk\bin\splunkd.exe</Data><Data Name='User'>NT AUTHORITY\SYSTEM</Data></EventData></Event>","2024-01-05T19:49:09.247-05:00",blocked,,,,,,0,6,49,january,9,saturday,2024,0,,"DESKTOP-4BQU2RH",,,,,"DESKTOP-4BQU2RH",,"ms-sysmon-process",,,,,,,,"DESKTOP-4BQU2RH",,,main,1,,,,,,,,"Microsoft Windows",,,,,,,,"C:\Program Files\Splunk\bin\splunkd.exe",,"splunkd.exe","{609d2670-a385-6598-395a-000000000f00}",,10212,,"splunkd.exe","C:\Program Files\Splunk\bin\splunkd.exe",,,"<_='://../////'><><_='--'_='{----}'/><></><></><><",,,,,,,,,,,,,,,,,,,"Process terminated",5,"XmlWinEventLog:Microsoft-Windows-Sysmon/Operational",xmlwineventlog,"DESKTOP-4BQU2RH",,,,,,,,,,,"process
report",,"process
report",,797,774,,,,,,,SYSTEM,,"Microsoft Sysmon","'http://schemas.microsoft.com/win/2004/08/events/event'"
,None,,,,"DESKTOP-4BQU2RH",,,,"Named Pipe: Named Pipe Metadata","Anonymous Named Pipe Detected</Data><Data Name='EventType'>CreatePipe</Data><Data Name='UtcTime'>2024-01-06 00:49:09.093</Data><Data Name='ProcessGuid'>{609d2670-a383-6598-265a-000000000f00}</Data><Data Name='ProcessId'>8740</Data><Data Name='PipeName'>",,,,,,,,,"Microsoft-Windows-Sysmon/Operational",17,"PipeEvent (Pipe Created)",17,CreatePipe,,,,"'{5770385f-c22a-43e0-bf4c-06f5698ffbd9}'",,,"C:\Program Files\Splunk\bin\Python3.exe",,,,,0x8000000000000000,4,,,,"'Microsoft-Windows-Sysmon'",0,,,,,,,"&lt;Anonymous Pipe&gt;","{609d2670-a383-6598-265a-000000000f00}","'3668'",8740,,,,,,457697,,"Attack=None,Technique=None,Tactic=None,DS=Named Pipe: Named Pipe Metadata,Level=0,Desc=Anonymous Named Pipe Detected",,,"S-1-5-18",,,,,,,,,"'2024-01-06T00:49:09.0949014Z'",None,,,17,None,,"'5444'","2024-01-06T00:49:09.0949014Z","NT AUTHORITY\SYSTEM","'S-1-5-18'","2024-01-06 00:49:09.093",1,"<Event xmlns='http://schemas.microsoft.com/win/2004/08/events/event'><System><Provider Name='Microsoft-Windows-Sysmon' Guid='{5770385f-c22a-43e0-bf4c-06f5698ffbd9}'/><EventID>17</EventID><Version>1</Version><Level>4</Level><Task>17</Task><Opcode>0</Opcode><Keywords>0x8000000000000000</Keywords><TimeCreated SystemTime='2024-01-06T00:49:09.0949014Z'/><EventRecordID>457697</EventRecordID><Correlation/><Execution ProcessID='3668' ThreadID='5444'/><Channel>Microsoft-Windows-Sysmon/Operational</Channel><Computer>DESKTOP-4BQU2RH</Computer><Security UserID='S-1-5-18'/></System><EventData><Data Name='RuleName'>Attack=None,Technique=None,Tactic=None,DS=Named Pipe: Named Pipe Metadata,Level=0,Desc=Anonymous Named Pipe Detected</Data><Data Name='EventType'>CreatePipe</Data><Data Name='UtcTime'>2024-01-06 00:49:09.093</Data><Data Name='ProcessGuid'>{609d2670-a383-6598-265a-000000000f00}</Data><Data Name='ProcessId'>8740</Data><Data Name='PipeName'>&lt;Anonymous Pipe&gt;</Data><Data Name='Image'>C:\Program Files\Splunk\bin\Python3.exe</Data><Data Name='User'>NT AUTHORITY\SYSTEM</Data></EventData></Event>","2024-01-05T19:49:09.093-05:00",allowed,,,,,,0,6,49,january,9,saturday,2024,0,,"DESKTOP-4BQU2RH",,,,,"DESKTOP-4BQU2RH",,"ms-sysmon-process",,,,,,,,"DESKTOP-4BQU2RH",,,main,1,,,,,,,,"Microsoft Windows",,,,,,,"&lt;Anonymous Pipe&gt;",,,"Python3.exe","{609d2670-a383-6598-265a-000000000f00}",,8740,,"Python3.exe","C:\Program Files\Splunk\bin\Python3.exe",,,"<_='://../////'><><_='--'_='{----}'/><></><></><><",,,,,,,,,,,,,,,,,,,"PipeEvent (Pipe Created)",17,"XmlWinEventLog:Microsoft-Windows-Sysmon/Operational",xmlwineventlog,"DESKTOP-4BQU2RH",,,,,,,,,,,"process
report",,"process
report",,816,793,,,,,,,SYSTEM,,"Microsoft Sysmon","'http://schemas.microsoft.com/win/2004/08/events/event'"
,None,,,,"DESKTOP-4BQU2RH",,,,"Named Pipe: Named Pipe Metadata","Anonymous Named Pipe Detected</Data><Data Name='EventType'>CreatePipe</Data><Data Name='UtcTime'>2024-01-06 00:49:09.093</Data><Data Name='ProcessGuid'>{609d2670-a383-6598-265a-000000000f00}</Data><Data Name='ProcessId'>8740</Data><Data Name='PipeName'>",,,,,,,,,"Microsoft-Windows-Sysmon/Operational",17,"PipeEvent (Pipe Created)",17,CreatePipe,,,,"'{5770385f-c22a-43e0-bf4c-06f5698ffbd9}'",,,"C:\Program Files\Splunk\bin\Python3.exe",,,,,0x8000000000000000,4,,,,"'Microsoft-Windows-Sysmon'",0,,,,,,,"&lt;Anonymous Pipe&gt;","{609d2670-a383-6598-265a-000000000f00}","'3668'",8740,,,,,,457696,,"Attack=None,Technique=None,Tactic=None,DS=Named Pipe: Named Pipe Metadata,Level=0,Desc=Anonymous Named Pipe Detected",,,"S-1-5-18",,,,,,,,,"'2024-01-06T00:49:09.0948514Z'",None,,,17,None,,"'5444'","2024-01-06T00:49:09.0948514Z","NT AUTHORITY\SYSTEM","'S-1-5-18'","2024-01-06 00:49:09.093",1,"<Event xmlns='http://schemas.microsoft.com/win/2004/08/events/event'><System><Provider Name='Microsoft-Windows-Sysmon' Guid='{5770385f-c22a-43e0-bf4c-06f5698ffbd9}'/><EventID>17</EventID><Version>1</Version><Level>4</Level><Task>17</Task><Opcode>0</Opcode><Keywords>0x8000000000000000</Keywords><TimeCreated SystemTime='2024-01-06T00:49:09.0948514Z'/><EventRecordID>457696</EventRecordID><Correlation/><Execution ProcessID='3668' ThreadID='5444'/><Channel>Microsoft-Windows-Sysmon/Operational</Channel><Computer>DESKTOP-4BQU2RH</Computer><Security UserID='S-1-5-18'/></System><EventData><Data Name='RuleName'>Attack=None,Technique=None,Tactic=None,DS=Named Pipe: Named Pipe Metadata,Level=0,Desc=Anonymous Named Pipe Detected</Data><Data Name='EventType'>CreatePipe</Data><Data Name='UtcTime'>2024-01-06 00:49:09.093</Data><Data Name='ProcessGuid'>{609d2670-a383-6598-265a-000000000f00}</Data><Data Name='ProcessId'>8740</Data><Data Name='PipeName'>&lt;Anonymous Pipe&gt;</Data><Data Name='Image'>C:\Program Files\Splunk\bin\Python3.exe</Data><Data Name='User'>NT AUTHORITY\SYSTEM</Data></EventData></Event>","2024-01-05T19:49:09.093-05:00",allowed,,,,,,0,6,49,january,9,saturday,2024,0,,"DESKTOP-4BQU2RH",,,,,"DESKTOP-4BQU2RH",,"ms-sysmon-process",,,,,,,,"DESKTOP-4BQU2RH",,,main,1,,,,,,,,"Microsoft Windows",,,,,,,"&lt;Anonymous Pipe&gt;",,,"Python3.exe","{609d2670-a383-6598-265a-000000000f00}",,8740,,"Python3.exe","C:\Program Files\Splunk\bin\Python3.exe",,,"<_='://../////'><><_='--'_='{----}'/><></><></><><",,,,,,,,,,,,,,,,,,,"PipeEvent (Pipe Created)",17,"XmlWinEventLog:Microsoft-Windows-Sysmon/Operational",xmlwineventlog,"DESKTOP-4BQU2RH",,,,,,,,,,,"process
report",,"process
report",,816,793,,,,,,,SYSTEM,,"Microsoft Sysmon","'http://schemas.microsoft.com/win/2004/08/events/event'"
,None,,,,"DESKTOP-4BQU2RH",,,,"Process: Process Termination",Process,,,,,,,,,"Microsoft-Windows-Sysmon/Operational",5,"Process terminated",5,,,,,"'{5770385f-c22a-43e0-bf4c-06f5698ffbd9}'",,,"C:\Program Files\Splunk\bin\btool.exe",,,,,0x8000000000000000,4,,,,"'Microsoft-Windows-Sysmon'",0,,,,,,,,"{609d2670-a384-6598-335a-000000000f00}","'3668'",8588,,,,,,457695,,"Attack=None,Technique=None,Tactic=None,DS=Process: Process Termination,Level=0,Desc=Process Termination Events in Program Files Directories",,,"S-1-5-18",,,,,,,,,"'2024-01-06T00:49:09.0925403Z'",None,,,5,None,,"'5444'","2024-01-06T00:49:09.0925403Z","NT AUTHORITY\SYSTEM","'S-1-5-18'","2024-01-06 00:49:09.091",3,"<Event xmlns='http://schemas.microsoft.com/win/2004/08/events/event'><System><Provider Name='Microsoft-Windows-Sysmon' Guid='{5770385f-c22a-43e0-bf4c-06f5698ffbd9}'/><EventID>5</EventID><Version>3</Version><Level>4</Level><Task>5</Task><Opcode>0</Opcode><Keywords>0x8000000000000000</Keywords><TimeCreated SystemTime='2024-01-06T00:49:09.0925403Z'/><EventRecordID>457695</EventRecordID><Correlation/><Execution ProcessID='3668' ThreadID='5444'/><Channel>Microsoft-Windows-Sysmon/Operational</Channel><Computer>DESKTOP-4BQU2RH</Computer><Security UserID='S-1-5-18'/></System><EventData><Data Name='RuleName'>Attack=None,Technique=None,Tactic=None,DS=Process: Process Termination,Level=0,Desc=Process Termination Events in Program Files Directories</Data><Data Name='UtcTime'>2024-01-06 00:49:09.091</Data><Data Name='ProcessGuid'>{609d2670-a384-6598-335a-000000000f00}</Data><Data Name='ProcessId'>8588</Data><Data Name='Image'>C:\Program Files\Splunk\bin\btool.exe</Data><Data Name='User'>NT AUTHORITY\SYSTEM</Data></EventData></Event>","2024-01-05T19:49:09.091-05:00",blocked,,,,,,0,6,49,january,9,saturday,2024,0,,"DESKTOP-4BQU2RH",,,,,"DESKTOP-4BQU2RH",,"ms-sysmon-process",,,,,,,,"DESKTOP-4BQU2RH",,,main,1,,,,,,,,"Microsoft Windows",,,,,,,,"C:\Program Files\Splunk\bin\btool.exe",,"btool.exe","{609d2670-a384-6598-335a-000000000f00}",,8588,,"btool.exe","C:\Program Files\Splunk\bin\btool.exe",,,"<_='://../////'><><_='--'_='{----}'/><></><></><><",,,,,,,,,,,,,,,,,,,"Process terminated",5,"XmlWinEventLog:Microsoft-Windows-Sysmon/Operational",xmlwineventlog,"DESKTOP-4BQU2RH",,,,,,,,,,,"process
report",,"process
report",,797,774,,,,,,,SYSTEM,,"Microsoft Sysmon","'http://schemas.microsoft.com/win/2004/08/events/event'"
,None,,,,"DESKTOP-4BQU2RH",,,,"Process: Process Termination",Process,,,,,,,,,"Microsoft-Windows-Sysmon/Operational",5,"Process terminated",5,,,,,"'{5770385f-c22a-43e0-bf4c-06f5698ffbd9}'",,,"C:\Program Files\Splunk\bin\splunkd.exe",,,,,0x8000000000000000,4,,,,"'Microsoft-Windows-Sysmon'",0,,,,,,,,"{609d2670-a384-6598-365a-000000000f00}","'3668'",10936,,,,,,457694,,"Attack=None,Technique=None,Tactic=None,DS=Process: Process Termination,Level=0,Desc=Process Termination Events in Program Files Directories",,,"S-1-5-18",,,,,,,,,"'2024-01-06T00:49:09.0864698Z'",None,,,5,None,,"'5444'","2024-01-06T00:49:09.0864698Z","NT AUTHORITY\SYSTEM","'S-1-5-18'","2024-01-06 00:49:09.085",3,"<Event xmlns='http://schemas.microsoft.com/win/2004/08/events/event'><System><Provider Name='Microsoft-Windows-Sysmon' Guid='{5770385f-c22a-43e0-bf4c-06f5698ffbd9}'/><EventID>5</EventID><Version>3</Version><Level>4</Level><Task>5</Task><Opcode>0</Opcode><Keywords>0x8000000000000000</Keywords><TimeCreated SystemTime='2024-01-06T00:49:09.0864698Z'/><EventRecordID>457694</EventRecordID><Correlation/><Execution ProcessID='3668' ThreadID='5444'/><Channel>Microsoft-Windows-Sysmon/Operational</Channel><Computer>DESKTOP-4BQU2RH</Computer><Security UserID='S-1-5-18'/></System><EventData><Data Name='RuleName'>Attack=None,Technique=None,Tactic=None,DS=Process: Process Termination,Level=0,Desc=Process Termination Events in Program Files Directories</Data><Data Name='UtcTime'>2024-01-06 00:49:09.085</Data><Data Name='ProcessGuid'>{609d2670-a384-6598-365a-000000000f00}</Data><Data Name='ProcessId'>10936</Data><Data Name='Image'>C:\Program Files\Splunk\bin\splunkd.exe</Data><Data Name='User'>NT AUTHORITY\SYSTEM</Data></EventData></Event>","2024-01-05T19:49:09.085-05:00",blocked,,,,,,0,6,49,january,9,saturday,2024,0,,"DESKTOP-4BQU2RH",,,,,"DESKTOP-4BQU2RH",,"ms-sysmon-process",,,,,,,,"DESKTOP-4BQU2RH",,,main,1,,,,,,,,"Microsoft Windows",,,,,,,,"C:\Program Files\Splunk\bin\splunkd.exe",,"splunkd.exe","{609d2670-a384-6598-365a-000000000f00}",,10936,,"splunkd.exe","C:\Program Files\Splunk\bin\splunkd.exe",,,"<_='://../////'><><_='--'_='{----}'/><></><></><><",,,,,,,,,,,,,,,,,,,"Process terminated",5,"XmlWinEventLog:Microsoft-Windows-Sysmon/Operational",xmlwineventlog,"DESKTOP-4BQU2RH",,,,,,,,,,,"process
report",,"process
report",,797,774,,,,,,,SYSTEM,,"Microsoft Sysmon","'http://schemas.microsoft.com/win/2004/08/events/event'"
