01-05T19:48:08.057-05:00",allowed,,,,,,0,6,48,january,8,saturday,2024,0,,"DESKTOP-4BQU2RH",,,,,"DESKTOP-4BQU2RH",,"ms-sysmon-process",,,,,,,,"DESKTOP-4BQU2RH",,,main,1,,,,,,,,"Microsoft Windows",,,,,,,"&lt;Anonymous Pipe&gt;",,,"Python3.exe","{609d2670-a347-6598-ad59-000000000f00}",,10056,,"Python3.exe","C:\Program Files\Splunk\bin\Python3.exe",,,"<_='://../////'><><_='--'_='{----}'/><></><></><><",,,,,,,,,,,,,,,,,,,"PipeEvent (Pipe Created)",17,"XmlWinEventLog:Microsoft-Windows-Sysmon/Operational",xmlwineventlog,"DESKTOP-4BQU2RH",,,,,,,,,,,"process
report",,"process
report",,816,793,,,,,,,SYSTEM,,"Microsoft Sysmon","'http://schemas.microsoft.com/win/2004/08/events/event'"
,"T1059.006",,,"Python Software Foundation","DESKTOP-4BQU2RH",,,,"Module: Module Load","Python DLL Loaded","Python Core",,,,,,,,"Microsoft-Windows-Sysmon/Operational",7,"Image loaded",7,,"3.7.17",,,"'{5770385f-c22a-43e0-bf4c-06f5698ffbd9}'","SHA1=C3BB07C2CCFD2C0C47ABBD7EF44186D97494D720,MD5=BDC1E336C69D3D958F4271D3A20B3A56,SHA256=A37ED072F9FFAA303C828D28987F6A90FDA0CF3BF106D082F342BD209A6F56E0,IMPHASH=E18F15AFCBAA190174BF6FA2B6795039",E18F15AFCBAA190174BF6FA2B6795039,"C:\Program Files\Splunk\bin\python3.exe","C:\Program Files\Splunk\bin\python37.dll",,,,0x8000000000000000,4,,,BDC1E336C69D3D958F4271D3A20B3A56,"'Microsoft-Windows-Sysmon'",0,"python37.dll",,,,,,,"{609d2670-a347-6598-af59-000000000f00}","'3668'",6452,Python,,,,,457342,"30</Data><Data Name='UtcTime'>2024-01-06","Attack=T1059.006,Technique=Command and Scripting Interpreter: Python,Tactic=Execution,DS=Module: Module Load,Level=2,Desc=Python DLL Loaded,Risk=30",C3BB07C2CCFD2C0C47ABBD7EF44186D97494D720,A37ED072F9FFAA303C828D28987F6A90FDA0CF3BF106D082F342BD209A6F56E0,"S-1-5-18","Splunk Inc.",Valid,true,,,,,,"'2024-01-06T00:48:07.7301514Z'",Execution,,,7,"Command and Scripting Interpreter: Python",,"'5444'","2024-01-06T00:48:07.7301514Z","NT AUTHORITY\SYSTEM","'S-1-5-18'","2024-01-06 00:48:07.723",3,"<Event xmlns='http://schemas.microsoft.com/win/2004/08/events/event'><System><Provider Name='Microsoft-Windows-Sysmon' Guid='{5770385f-c22a-43e0-bf4c-06f5698ffbd9}'/><EventID>7</EventID><Version>3</Version><Level>4</Level><Task>7</Task><Opcode>0</Opcode><Keywords>0x8000000000000000</Keywords><TimeCreated SystemTime='2024-01-06T00:48:07.7301514Z'/><EventRecordID>457342</EventRecordID><Correlation/><Execution ProcessID='3668' ThreadID='5444'/><Channel>Microsoft-Windows-Sysmon/Operational</Channel><Computer>DESKTOP-4BQU2RH</Computer><Security UserID='S-1-5-18'/></System><EventData><Data Name='RuleName'>Attack=T1059.006,Technique=Command and Scripting Interpreter: Python,Tactic=Execution,DS=Module: Module Load,Level=2,Desc=Python DLL Loaded,Risk=30</Data><Data Name='UtcTime'>2024-01-06 00:48:07.723</Data><Data Name='ProcessGuid'>{609d2670-a347-6598-af59-000000000f00}</Data><Data Name='ProcessId'>6452</Data><Data Name='Image'>C:\Program Files\Splunk\bin\python3.exe</Data><Data Name='ImageLoaded'>C:\Program Files\Splunk\bin\python37.dll</Data><Data Name='FileVersion'>3.7.17</Data><Data Name='Description'>Python Core</Data><Data Name='Product'>Python</Data><Data Name='Company'>Python Software Foundation</Data><Data Name='OriginalFileName'>python37.dll</Data><Data Name='Hashes'>SHA1=C3BB07C2CCFD2C0C47ABBD7EF44186D97494D720,MD5=BDC1E336C69D3D958F4271D3A20B3A56,SHA256=A37ED072F9FFAA303C828D28987F6A90FDA0CF3BF106D082F342BD209A6F56E0,IMPHASH=E18F15AFCBAA190174BF6FA2B6795039</Data><Data Name='Signed'>true</Data><Data Name='Signature'>Splunk Inc.</Data><Data Name='SignatureStatus'>Valid</Data><Data Name='User'>NT AUTHORITY\SYSTEM</Data></EventData></Event>","2024-01-05T19:48:07.723-05:00",success,,,,,,0,6,48,january,7,saturday,2024,0,,"DESKTOP-4BQU2RH",,,,,"DESKTOP-4BQU2RH",,"ms-sysmon-process",,,,,,,,"DESKTOP-4BQU2RH",,,main,1,"python37.dll","C:\Program Files\Splunk\bin\python37.dll",,,,,"python37.dll","Microsoft Windows",,,,,,,,,,"python3.exe","{609d2670-a347-6598-af59-000000000f00}","SHA1=C3BB07C2CCFD2C0C47ABBD7EF44186D97494D720,MD5=BDC1E336C69D3D958F4271D3A20B3A56,SHA256=A37ED072F9FFAA303C828D28987F6A90FDA0CF3BF106D082F342BD209A6F56E0,IMPHASH=E18F15AFCBAA190174BF6FA2B6795039",6452,,"python3.exe","C:\Program Files\Splunk\bin\python3.exe",,,"<_='://../////'><><_='--'_='{----}'/><></><></><><",,,,,,,,,,,,,,true,true,,,,"Image loaded",7,"XmlWinEventLog:Microsoft-Windows-Sysmon/Operational",xmlwineventlog,"DESKTOP-4BQU2RH",,,,,,,,,,,"process
report
success",success,"process
report",,805,782,,,,,,,SYSTEM,,"Microsoft Sysmon","'http://schemas.microsoft.com/win/2004/08/events/event'"
,"T1059.006",,,"Python Software Foundation","DESKTOP-4BQU2RH",,,,"Module: Module Load","Python DLL Loaded",Python,,,,,,,,"Microsoft-Windows-Sysmon/Operational",7,"Image loaded",7,,"3.7.17",,,"'{5770385f-c22a-43e0-bf4c-06f5698ffbd9}'","SHA1=C20ED032E9F37A09295F43BE9D6C41252F8762A2,MD5=F91CD0A4D8BB0A99DB47476ADEB76107,SHA256=1152EEC3EDFC5135F5CE4891D13FDC82F692A5C0DD6624655312D06AF1909528,IMPHASH=3C2FC59273192A34F1AA4A59DF3B348E",3C2FC59273192A34F1AA4A59DF3B348E,"C:\Program Files\Splunk\bin\python3.exe","C:\Program Files\Splunk\bin\python3.exe",,,,0x8000000000000000,4,,,F91CD0A4D8BB0A99DB47476ADEB76107,"'Microsoft-Windows-Sysmon'",0,"python.exe",,,,,,,"{609d2670-a347-6598-af59-000000000f00}","'3668'",6452,Python,,,,,457341,"30</Data><Data Name='UtcTime'>2024-01-06","Attack=T1059.006,Technique=Command and Scripting Interpreter: Python,Tactic=Execution,DS=Module: Module Load,Level=2,Desc=Python DLL Loaded,Risk=30",C20ED032E9F37A09295F43BE9D6C41252F8762A2,1152EEC3EDFC5135F5CE4891D13FDC82F692A5C0DD6624655312D06AF1909528,"S-1-5-18","Splunk Inc.",Valid,true,,,,,,"'2024-01-06T00:48:07.7068646Z'",Execution,,,7,"Command and Scripting Interpreter: Python",,"'5444'","2024-01-06T00:48:07.7068646Z","NT AUTHORITY\SYSTEM","'S-1-5-18'","2024-01-06 00:48:07.705",3,"<Event xmlns='http://schemas.microsoft.com/win/2004/08/events/event'><System><Provider Name='Microsoft-Windows-Sysmon' Guid='{5770385f-c22a-43e0-bf4c-06f5698ffbd9}'/><EventID>7</EventID><Version>3</Version><Level>4</Level><Task>7</Task><Opcode>0</Opcode><Keywords>0x8000000000000000</Keywords><TimeCreated SystemTime='2024-01-06T00:48:07.7068646Z'/><EventRecordID>457341</EventRecordID><Correlation/><Execution ProcessID='3668' ThreadID='5444'/><Channel>Microsoft-Windows-Sysmon/Operational</Channel><Computer>DESKTOP-4BQU2RH</Computer><Security UserID='S-1-5-18'/></System><EventData><Data Name='RuleName'>Attack=T1059.006,Technique=Command and Scripting Interpreter: Python,Tactic=Execution,DS=Module: Module Load,Level=2,Desc=Python DLL Loaded,Risk=30</Data><Data Name='UtcTime'>2024-01-06 00:48:07.705</Data><Data Name='ProcessGuid'>{609d2670-a347-6598-af59-000000000f00}</Data><Data Name='ProcessId'>6452</Data><Data Name='Image'>C:\Program Files\Splunk\bin\python3.exe</Data><Data Name='ImageLoaded'>C:\Program Files\Splunk\bin\python3.exe</Data><Data Name='FileVersion'>3.7.17</Data><Data Name='Description'>Python</Data><Data Name='Product'>Python</Data><Data Name='Company'>Python Software Foundation</Data><Data Name='OriginalFileName'>python.exe</Data><Data Name='Hashes'>SHA1=C20ED032E9F37A09295F43BE9D6C41252F8762A2,MD5=F91CD0A4D8BB0A99DB47476ADEB76107,SHA256=1152EEC3EDFC5135F5CE4891D13FDC82F692A5C0DD6624655312D06AF1909528,IMPHASH=3C2FC59273192A34F1AA4A59DF3B348E</Data><Data Name='Signed'>true</Data><Data Name='Signature'>Splunk Inc.</Data><Data Name='SignatureStatus'>Valid</Data><Data Name='User'>NT AUTHORITY\SYSTEM</Data></EventData></Event>","2024-01-05T19:48:07.705-05:00",success,,,,,,0,6,48,january,7,saturday,2024,0,,"DESKTOP-4BQU2RH",,,,,"DESKTOP-4BQU2RH",,"ms-sysmon-process",,,,,,,,"DESKTOP-4BQU2RH",,,main,1,"python3.exe","C:\Program Files\Splunk\bin\python3.exe",,,,,"python.exe","Microsoft Windows",,,,,,,,,,"python3.exe","{609d2670-a347-6598-af59-000000000f00}","SHA1=C20ED032E9F37A09295F43BE9D6C41252F8762A2,MD5=F91CD0A4D8BB0A99DB47476ADEB76107,SHA256=1152EEC3EDFC5135F5CE4891D13FDC82F692A5C0DD6624655312D06AF1909528,IMPHASH=3C2FC59273192A34F1AA4A59DF3B348E",6452,,"python3.exe","C:\Program Files\Splunk\bin\python3.exe",,,"<_='://../////'><><_='--'_='{----}'/><></><></><><",,,,,,,,,,,,,,true,true,,,,"Image loaded",7,"XmlWinEventLog:Microsoft-Windows-Sysmon/Operational",xmlwineventlog,"DESKTOP-4BQU2RH",,,,,,,,,,,"process
report
success",success,"process
report",,805,782,,,,,,,SYSTEM,,"Microsoft Sysmon","'http://schemas.microsoft.com/win/2004/08/events/event'"
,None,,,,"DESKTOP-4BQU2RH",,,,"Named Pipe: Named Pipe Metadata","Anonymous Named Pipe Detected</Data><Data Name='EventType'>CreatePipe</Data><Data Name='UtcTime'>2024-01-06 00:48:07.700</Data><Data Name='ProcessGuid'>{609d2670-5bfd-6598-5700-000000000f00}</Data><Data Name='ProcessId'>3716</Data><Data Name='PipeName'>",,,,,,,,,"Microsoft-Windows-Sysmon/Operational",17,"PipeEvent (Pipe Created)",17,CreatePipe,,,,"'{5770385f-c22a-43e0-bf4c-06f5698ffbd9}'",,,"C:\Program Files\Splunk\bin\splunkd.exe",,,,,0x8000000000000000,4,,,,"'Microsoft-Windows-Sysmon'",0,,,,,,,"&lt;Anonymous Pipe&gt;","{609d2670-5bfd-6598-5700-000000000f00}","'3668'",3716,,,,,,457340,,"Attack=None,Technique=None,Tactic=None,DS=Named Pipe: Named Pipe Metadata,Level=0,Desc=Anonymous Named Pipe Detected",,,"S-1-5-18",,,,,,,,,"'2024-01-06T00:48:07.7030866Z'",None,,,17,None,,"'5444'","2024-01-06T00:48:07.7030866Z","NT AUTHORITY\SYSTEM","'S-1-5-18'","2024-01-06 00:48:07.700",1,"<Event xmlns='http://schemas.microsoft.com/win/2004/08/events/event'><System><Provider Name='Microsoft-Windows-Sysmon' Guid='{5770385f-c22a-43e0-bf4c-06f5698ffbd9}'/><EventID>17</EventID><Version>1</Version><Level>4</Level><Task>17</Task><Opcode>0</Opcode><Keywords>0x8000000000000000</Keywords><TimeCreated SystemTime='2024-01-06T00:48:07.7030866Z'/><EventRecordID>457340</EventRecordID><Correlation/><Execution ProcessID='3668' ThreadID='5444'/><Channel>Microsoft-Windows-Sysmon/Operational</Channel><Computer>DESKTOP-4BQU2RH</Computer><Security UserID='S-1-5-18'/></System><EventData><Data Name='RuleName'>Attack=None,Technique=None,Tactic=None,DS=Named Pipe: Named Pipe Metadata,Level=0,Desc=Anonymous Named Pipe Detected</Data><Data Name='EventType'>CreatePipe</Data><Data Name='UtcTime'>2024-01-06 00:48:07.700</Data><Data Name='ProcessGuid'>{609d2670-5bfd-6598-5700-000000000f00}</Data><Data Name='ProcessId'>3716</Data><Data Name='PipeName'>&lt;Anonymous Pipe&gt;</Data><Data Name='Image'>C:\Program Files\Splunk\bin\splunkd.exe</Data><Data Name='User'>NT AUTHORITY\SYSTEM</Data></EventData></Event>","2024-01-05T19:48:07.700-05:00",allowed,,,,,,0,6,48,january,7,saturday,2024,0,,"DESKTOP-4BQU2RH",,,,,"DESKTOP-4BQU2RH",,"ms-sysmon-process",,,,,,,,"DESKTOP-4BQU2RH",,,main,1,,,,,,,,"Microsoft Windows",,,,,,,"&lt;Anonymous Pipe&gt;",,,"splunkd.exe","{609d2670-5bfd-6598-5700-000000000f00}",,3716,,"splunkd.exe","C:\Program Files\Splunk\bin\splunkd.exe",,,"<_='://../////'><><_='--'_='{----}'/><></><></><><",,,,,,,,,,,,,,,,,,,"PipeEvent (Pipe Created)",17,"XmlWinEventLog:Microsoft-Windows-Sysmon/Operational",xmlwineventlog,"DESKTOP-4BQU2RH",,,,,,,,,,,"process
report",,"process
report",,816,793,,,,,,,SYSTEM,,"Microsoft Sysmon","'http://schemas.microsoft.com/win/2004/08/events/event'"
,None,,,,"DESKTOP-4BQU2RH",,,,"Named Pipe: Named Pipe Metadata","Anonymous Named Pipe Detected</Data><Data Name='EventType'>CreatePipe</Data><Data Name='UtcTime'>2024-01-06 00:48:07.700</Data><Data Name='ProcessGuid'>{609d2670-5bfd-6598-5700-000000000f00}</Data><Data Name='ProcessId'>3716</Data><Data Name='PipeName'>",,,,,,,,,"Microsoft-Windows-Sysmon/Operational",17,"PipeEvent (Pipe Created)",17,CreatePipe,,,,"'{5770385f-c22a-43e0-bf4c-06f5698ffbd9}'",,,"C:\Program Files\Splunk\bin\splunkd.exe",,,,,0x8000000000000000,4,,,,"'Microsoft-Windows-Sysmon'",0,,,,,,,"&lt;Anonymous Pipe&gt;","{609d2670-5bfd-6598-5700-000000000f00}","'3668'",3716,,,,,,457339,,"Attack=None,Technique=None,Tactic=None,DS=Named Pipe: Named Pipe Metadata,Level=0,Desc=Anonymous Named Pipe Detected",,,"S-1-5-18",,,,,,,,,"'2024-01-06T00:48:07.7030514Z'",None,,,17,None,,"'5444'","2024-01-06T00:48:07.7030514Z","NT AUTHORITY\SYSTEM","'S-1-5-18'","2024-01-06 00:48:07.700",1,"<Event xmlns='http://schemas.microsoft.com/win/2004/08/events/event'><System><Provider Name='Microsoft-Windows-Sysmon' Guid='{5770385f-c22a-43e0-bf4c-06f5698ffbd9}'/><EventID>17</EventID><Version>1</Version><Level>4</Level><Task>17</Task><Opcode>0</Opcode><Keywords>0x8000000000000000</Keywords><TimeCreated SystemTime='2024-01-06T00:48:07.7030514Z'/><EventRecordID>457339</EventRecordID><Correlation/><Execution ProcessID='3668' ThreadID='5444'/><Channel>Microsoft-Windows-Sysmon/Operational</Channel><Computer>DESKTOP-4BQU2RH</Computer><Security UserID='S-1-5-18'/></System><EventData><Data Name='RuleName'>Attack=None,Technique=None,Tactic=None,DS=Named Pipe: Named Pipe Metadata,Level=0,Desc=Anonymous Named Pipe Detected</Data><Data Name='EventType'>CreatePipe</Data><Data Name='UtcTime'>2024-01-06 00:48:07.700</Data><Data Name='ProcessGuid'>{609d2670-5bfd-6598-5700-000000000f00}</Data><Data Name='ProcessId'>3716</Data><Data Name='PipeName'>&lt;Anonymous Pipe&gt;</Data><Data Name='Image'>C:\Program Files\Splunk\bin\splunkd.exe</Data><Data Name='User'>NT AUTHORITY\SYSTEM</Data></EventData></Event>","2024-01-05T19:48:07.700-05:00",allowed,,,,,,0,6,48,january,7,saturday,2024,0,,"DESKTOP-4BQU2RH",,,,,"DESKTOP-4BQU2RH",,"ms-sysmon-process",,,,,,,,"DESKTOP-4BQU2RH",,,main,1,,,,,,,,"Microsoft Windows",,,,,,,"&lt;Anonymous Pipe&gt;",,,"splunkd.exe","{609d2670-5bfd-6598-5700-000000000f00}",,3716,,"splunkd.exe","C:\Program Files\Splunk\bin\splunkd.exe",,,"<_='://../////'><><_='--'_='{----}'/><></><></><><",,,,,,,,,,,,,,,,,,,"PipeEvent (Pipe Created)",17,"XmlWinEventLog:Microsoft-Windows-Sysmon/Operational",xmlwineventlog,"DESKTOP-4BQU2RH",,,,,,,,,,,"process
report",,"process
report",,816,793,,,,,,,SYSTEM,,"Microsoft Sysmon","'http://schemas.microsoft.com/win/2004/08/events/event'"
,None,,,,"DESKTOP-4BQU2RH",,,,"Named Pipe: Named Pipe Metadata","Anonymous Named Pipe Detected</Data><Data Name='EventType'>CreatePipe</Data><Data Name='UtcTime'>2024-01-06 00:48:07.700</Data><Data Name='ProcessGuid'>{609d2670-5bfd-6598-5700-000000000f00}</Data><Data Name='ProcessId'>3716</Data><Data Name='PipeName'>",,,,,,,,,"Microsoft-Windows-Sysmon/Operational",17,"PipeEvent (Pipe Created)",17,CreatePipe,,,,"'{5770385f-c22a-43e0-bf4c-06f5698ffbd9}'",,,"C:\Program Files\Splunk\bin\splunkd.exe",,,,,0x8000000000000000,4,,,,"'Microsoft-Windows-Sysmon'",0,,,,,,,"&lt;Anonymous Pipe&gt;","{609d2670-5bfd-6598-5700-000000000f00}","'3668'",3716,,,,,,457338,,"Attack=None,Technique=None,Tactic=None,DS=Named Pipe: Named Pipe Metadata,Level=0,Desc=Anonymous Named Pipe Detected",,,"S-1-5-18",,,,,,,,,"'2024-01-06T00:48:07.7030111Z'",None,,,17,None,,"'5444'","2024-01-06T00:48:07.7030111Z","NT AUTHORITY\SYSTEM","'S-1-5-18'","2024-01-06 00:48:07.700",1,"<Event xmlns='http://schemas.microsoft.com/win/2004/08/events/event'><System><Provider Name='Microsoft-Windows-Sysmon' Guid='{5770385f-c22a-43e0-bf4c-06f5698ffbd9}'/><EventID>17</EventID><Version>1</Version><Level>4</Level><Task>17</Task><Opcode>0</Opcode><Keywords>0x8000000000000000</Keywords><TimeCreated SystemTime='2024-01-06T00:48:07.7030111Z'/><EventRecordID>457338</EventRecordID><Correlation/><Execution ProcessID='3668' ThreadID='5444'/><Channel>Microsoft-Windows-Sysmon/Operational</Channel><Computer>DESKTOP-4BQU2RH</Computer><Security UserID='S-1-5-18'/></System><EventData><Data Name='RuleName'>Attack=None,Technique=None,Tactic=None,DS=Named Pipe: Named Pipe Metadata,Level=0,Desc=Anonymous Named Pipe Detected</Data><Data Name='EventType'>CreatePipe</Data><Data Name='UtcTime'>2024-01-06 00:48:07.700</Data><Data Name='ProcessGuid'>{609d2670-5bfd-6598-5700-000000000f00}</Data><Data Name='ProcessId'>3716</Data><Data Name='PipeName'>&lt;Anonymous Pipe&gt;</Data><Data Name='Image'>C:\Program Files\Splunk\bin\splunkd.exe</Data><Data Name='User'>NT AUTHORITY\SYSTEM</Data></EventData></Event>","2024-01-05T19:48:07.700-05:00",allowed,,,,,,0,6,48,january,7,saturday,2024,0,,"DESKTOP-4BQU2RH",,,,,"DESKTOP-4BQU2RH",,"ms-sysmon-process",,,,,,,,"DESKTOP-4BQU2RH",,,main,1,,,,,,,,"Microsoft Windows",,,,,,,"&lt;Anonymous Pipe&gt;",,,"splunkd.exe","{609d2670-5bfd-6598-5700-000000000f00}",,3716,,"splunkd.exe","C:\Program Files\Splunk\bin\splunkd.exe",,,"<_='://../////'><><_='--'_='{----}'/><></><></><><",,,,,,,,,,,,,,,,,,,"PipeEvent (Pipe Created)",17,"XmlWinEventLog:Microsoft-Windows-Sysmon/Operational",xmlwineventlog,"DESKTOP-4BQU2RH",,,,,,,,,,,"process
report",,"process
report",,816,793,,,,,,,SYSTEM,,"Microsoft Sysmon","'http://schemas.microsoft.com/win/2004/08/events/event'"
,"T1059.006",,,"Python Software Foundation","DESKTOP-4BQU2RH",,,,"Module: Module Load","Python DLL Loaded","Python Core",,,,,,,,"Microsoft-Windows-Sysmon/Operational",7,"Image loaded",7,,"3.7.17",,,"'{5770385f-c22a-43e0-bf4c-06f5698ffbd9}'","SHA1=C3BB07C2CCFD2C0C47ABBD7EF44186D97494D720,MD5=BDC1E336C69D3D958F4271D3A20B3A56,SHA256=A37ED072F9FFAA303C828D28987F6A90FDA0CF3BF106D082F342BD209A6F56E0,IMPHASH=E18F15AFCBAA190174BF6FA2B6795039",E18F15AFCBAA190174BF6FA2B6795039,"C:\Program Files\Splunk\bin\python3.exe","C:\Program Files\Splunk\bin\python37.dll",,,,0x8000000000000000,4,,,BDC1E336C69D3D958F4271D3A20B3A56,"'Microsoft-Windows-Sysmon'",0,"python37.dll",,,,,,,"{609d2670-a347-6598-ae59-000000000f00}","'3668'",6184,Python,,,,,457337,"30</Data><Data Name='UtcTime'>2024-01-06","Attack=T1059.006,Technique=Command and Scripting Interpreter: Python,Tactic=Execution,DS=Module: Module Load,Level=2,Desc=Python DLL Loaded,Risk=30",C3BB07C2CCFD2C0C47ABBD7EF44186D97494D720,A37ED072F9FFAA303C828D28987F6A90FDA0CF3BF106D082F342BD209A6F56E0,"S-1-5-18","Splunk Inc.",Valid,true,,,,,,"'2024-01-06T00:48:07.6500407Z'",Execution,,,7,"Command and Scripting Interpreter: Python",,"'5444'","2024-01-06T00:48:07.6500407Z","NT AUTHORITY\SYSTEM","'S-1-5-18'","2024-01-06 00:48:07.649",3,"<Event xmlns='http://schemas.microsoft.com/win/2004/08/events/event'><System><Provider Name='Microsoft-Windows-Sysmon' Guid='{5770385f-c22a-43e0-bf4c-06f5698ffbd9}'/><EventID>7</EventID><Version>3</Version><Level>4</Level><Task>7</Task><Opcode>0</Opcode><Keywords>0x8000000000000000</Keywords><TimeCreated SystemTime='2024-01-06T00:48:07.6500407Z'/><EventRecordID>457337</EventRecordID><Correlation/><Execution ProcessID='3668' ThreadID='5444'/><Channel>Microsoft-Windows-Sysmon/Operational</Channel><Computer>DESKTOP-4BQU2RH</Computer><Security UserID='S-1-5-18'/></System><EventData><Data Name='RuleName'>Attack=T1059.006,Technique=Command and Scripting Interpreter: Python,Tactic=Execution,DS=Module: Module Load,Level=2,Desc=Python DLL Loaded,Risk=30</Data><Data Name='UtcTime'>2024-01-06 00:48:07.649</Data><Data Name='ProcessGuid'>{609d2670-a347-6598-ae59-000000000f00}</Data><Data Name='ProcessId'>6184</Data><Data Name='Image'>C:\Program Files\Splunk\bin\python3.exe</Data><Data Name='ImageLoaded'>C:\Program Files\Splunk\bin\python37.dll</Data><Data Name='FileVersion'>3.7.17</Data><Data Name='Description'>Python Core</Data><Data Name='Product'>Python</Data><Data Name='Company'>Python Software Foundation</Data><Data Name='OriginalFileName'>python37.dll</Data><Data Name='Hashes'>SHA1=C3BB07C2CCFD2C0C47ABBD7EF44186D97494D720,MD5=BDC1E336C69D3D958F4271D3A20B3A56,SHA256=A37ED072F9FFAA303C828D28987F6A90FDA0CF3BF106D082F342BD209A6F56E0,IMPHASH=E18F15AFCBAA190174BF6FA2B6795039</Data><Data Name='Signed'>true</Data><Data Name='Signature'>Splunk Inc.</Data><Data Name='SignatureStatus'>Valid</Data><Data Name='User'>NT AUTHORITY\SYSTEM</Data></EventData></Event>","2024-01-05T19:48:07.649-05:00",success,,,,,,0,6,48,january,7,saturday,2024,0,,"DESKTOP-4BQU2RH",,,,,"DESKTOP-4BQU2RH",,"ms-sysmon-process",,,,,,,,"DESKTOP-4BQU2RH",,,main,1,"python37.dll","C:\Program Files\Splunk\bin\python37.dll",,,,,"python37.dll","Microsoft Windows",,,,,,,,,,"python3.exe","{609d2670-a347-6598-ae59-000000000f00}","SHA1=C3BB07C2CCFD2C0C47ABBD7EF44186D97494D720,MD5=BDC1E336C69D3D958F4271D3A20B3A56,SHA256=A37ED072F9FFAA303C828D28987F6A90FDA0CF3BF106D082F342BD209A6F56E0,IMPHASH=E18F15AFCBAA190174BF6FA2B6795039",6184,,"python3.exe","C:\Program Files\Splunk\bin\python3.exe",,,"<_='://../////'><><_='--'_='{----}'/><></><></><><",,,,,,,,,,,,,,true,true,,,,"Image loaded",7,"XmlWinEventLog:Microsoft-Windows-Sysmon/Operational",xmlwineventlog,"DESKTOP-4BQU2RH",,,,,,,,,,,"process
report
success",success,"process
report",,805,782,,,,,,,SYSTEM,,"Microsoft Sysmon","'http://schemas.microsoft.com/win/2004/08/events/event'"
,"T1059.006",,,"Python Software Foundation","DESKTOP-4BQU2RH",,,,"Module: Module Load","Python DLL Loaded",Python,,,,,,,,"Microsoft-Windows-Sysmon/Operational",7,"Image loaded",7,,"3.7.17",,,"'{5770385f-c22a-43e0-bf4c-06f5698ffbd9}'","SHA1=C20ED032E9F37A09295F43BE9D6C41252F8762A2,MD5=F91CD0A4D8BB0A99DB47476ADEB76107,SHA256=1152EEC3EDFC5135F5CE4891D13FDC82F692A5C0DD6624655312D06AF1909528,IMPHASH=3C2FC59273192A34F1AA4A59DF3B348E",3C2FC59273192A34F1AA4A59DF3B348E,"C:\Program Files\Splunk\bin\python3.exe","C:\Program Files\Splunk\bin\python3.exe",,,,0x8000000000000000,4,,,F91CD0A4D8BB0A99DB47476ADEB76107,"'Microsoft-Windows-Sysmon'",0,"python.exe",,,,,,,"{609d2670-a347-6598-ae59-000000000f00}","'3668'",6184,Python,,,,,457336,"30</Data><Data Name='UtcTime'>2024-01-06","Attack=T1059.006,Technique=Command and Scripting Interpreter: Python,Tactic=Execution,DS=Module: Module Load,Level=2,Desc=Python DLL Loaded,Risk=30",C20ED032E9F37A09295F43BE9D6C41252F8762A2,1152EEC3EDFC5135F5CE4891D13FDC82F692A5C0DD6624655312D06AF1909528,"S-1-5-18","Splunk Inc.",Valid,true,,,,,,"'2024-01-06T00:48:07.6457325Z'",Execution,,,7,"Command and Scripting Interpreter: Python",,"'5444'","2024-01-06T00:48:07.6457325Z","NT AUTHORITY\SYSTEM","'S-1-5-18'","2024-01-06 00:48:07.644",3,"<Event xmlns='http://schemas.microsoft.com/win/2004/08/events/event'><System><Provider Name='Microsoft-Windows-Sysmon' Guid='{5770385f-c22a-43e0-bf4c-06f5698ffbd9}'/><EventID>7</EventID><Version>3</Version><Level>4</Level><Task>7</Task><Opcode>0</Opcode><Keywords>0x8000000000000000</Keywords><TimeCreated SystemTime='2024-01-06T00:48:07.6457325Z'/><EventRecordID>457336</EventRecordID><Correlation/><Execution ProcessID='3668' ThreadID='5444'/><Channel>Microsoft-Windows-Sysmon/Operational</Channel><Computer>DESKTOP-4BQU2RH</Computer><Security UserID='S-1-5-18'/></System><EventData><Data Name='RuleName'>Attack=T1059.006,Technique=Command and Scripting Interpreter: Python,Tactic=Execution,DS=Module: Module Load,Level=2,Desc=Python DLL Loaded,Risk=30</Data><Data Name='UtcTime'>2024-01-06 00:48:07.644</Data><Data Name='ProcessGuid'>{609d2670-a347-6598-ae59-000000000f00}</Data><Data Name='ProcessId'>6184</Data><Data Name='Image'>C:\Program Files\Splunk\bin\python3.exe</Data><Data Name='ImageLoaded'>C:\Program Files\Splunk\bin\python3.exe</Data><Data Name='FileVersion'>3.7.17</Data><Data Name='Description'>Python</Data><Data Name='Product'>Python</Data><Data Name='Company'>Python Software Foundation</Data><Data Name='OriginalFileName'>python.exe</Data><Data Name='Hashes'>SHA1=C20ED032E9F37A09295F43BE9D6C41252F8762A2,MD5=F91CD0A4D8BB0A99DB47476ADEB76107,SHA256=1152EEC3EDFC5135F5CE4891D13FDC82F692A5C0DD6624655312D06AF1909528,IMPHASH=3C2FC59273192A34F1AA4A59DF3B348E</Data><Data Name='Signed'>true</Data><Data Name='Signature'>Splunk Inc.</Data><Data Name='SignatureStatus'>Valid</Data><Data Name='User'>NT AUTHORITY\SYSTEM</Data></EventData></Event>","2024-01-05T19:48:07.644-05:00",success,,,,,,0,6,48,january,7,saturday,2024,0,,"DESKTOP-4BQU2RH",,,,,"DESKTOP-4BQU2RH",,"ms-sysmon-process",,,,,,,,"DESKTOP-4BQU2RH",,,main,1,"python3.exe","C:\Program Files\Splunk\bin\python3.exe",,,,,"python.exe","Microsoft Windows",,,,,,,,,,"python3.exe","{609d2670-a347-6598-ae59-000000000f00}","SHA1=C20ED032E9F37A09295F43BE9D6C41252F8762A2,MD5=F91CD0A4D8BB0A99DB47476ADEB76107,SHA256=1152EEC3EDFC5135F5CE4891D13FDC82F692A5C0DD6624655312D06AF1909528,IMPHASH=3C2FC59273192A34F1AA4A59DF3B348E",6184,,"python3.exe","C:\Program Files\Splunk\bin\python3.exe",,,"<_='://../////'><><_='--'_='{----}'/><></><></><><",,,,,,,,,,,,,,true,true,,,,"Image loaded",7,"XmlWinEventLog:Microsoft-Windows-Sysmon/Operational",xmlwineventlog,"DESKTOP-4BQU2RH",,,,,,,,,,,"process
report
success",success,"process
report",,805,782,,,,,,,SYSTEM,,"Microsoft Sysmon","'http://schemas.microsoft.com/win/2004/08/events/event'"
,None,,,,"DESKTOP-4BQU2RH",,,,"Named Pipe: Named Pipe Metadata","Anonymous Named Pipe Detected</Data><Data Name='EventType'>CreatePipe</Data><Data Name='UtcTime'>2024-01-06 00:48:07.639</Data><Data Name='ProcessGuid'>{609d2670-5bfd-6598-5700-000000000f00}</Data><Data Name='ProcessId'>3716</Data><Data Name='PipeName'>",,,,,,,,,"Microsoft-Windows-Sysmon/Operational",17,"PipeEvent (Pipe Created)",17,CreatePipe,,,,"'{5770385f-c22a-43e0-bf4c-06f5698ffbd9}'",,,"C:\Program Files\Splunk\bin\splunkd.exe",,,,,0x8000000000000000,4,,,,"'Microsoft-Windows-Sysmon'",0,,,,,,,"&lt;Anonymous Pipe&gt;","{609d2670-5bfd-6598-5700-000000000f00}","'3668'",3716,,,,,,457335,,"Attack=None,Technique=None,Tactic=None,DS=Named Pipe: Named Pipe Metadata,Level=0,Desc=Anonymous Named Pipe Detected",,,"S-1-5-18",,,,,,,,,"'2024-01-06T00:48:07.6414441Z'",None,,,17,None,,"'5444'","2024-01-06T00:48:07.6414441Z","NT AUTHORITY\SYSTEM","'S-1-5-18'","2024-01-06 00:48:07.639",1,"<Event xmlns='http://schemas.microsoft.com/win/2004/08/events/event'><System><Provider Name='Microsoft-Windows-Sysmon' Guid='{5770385f-c22a-43e0-bf4c-06f5698ffbd9}'/><EventID>17</EventID><Version>1</Version><Level>4</Level><Task>17</Task><Opcode>0</Opcode><Keywords>0x8000000000000000</Keywords><TimeCreated SystemTime='2024-01-06T00:48:07.6414441Z'/><EventRecordID>457335</EventRecordID><Correlation/><Execution ProcessID='3668' ThreadID='5444'/><Channel>Microsoft-Windows-Sysmon/Operational</Channel><Computer>DESKTOP-4BQU2RH</Computer><Security UserID='S-1-5-18'/></System><EventData><Data Name='RuleName'>Attack=None,Technique=None,Tactic=None,DS=Named Pipe: Named Pipe Metadata,Level=0,Desc=Anonymous Named Pipe Detected</Data><Data Name='EventType'>CreatePipe</Data><Data Name='UtcTime'>2024-01-06 00:48:07.639</Data><Data Name='ProcessGuid'>{609d2670-5bfd-6598-5700-000000000f00}</Data><Data Name='ProcessId'>3716</Data><Data Name='PipeName'>&lt;Anonymous Pipe&gt;</Data><Data Name='Image'>C:\Program Files\Splunk\bin\splunkd.exe</Data><Data Name='User'>NT AUTHORITY\SYSTEM</Data></EventData></Event>","2024-01-05T19:48:07.639-05:00",allowed,,,,,,0,6,48,january,7,saturday,2024,0,,"DESKTOP-4BQU2RH",,,,,"DESKTOP-4BQU2RH",,"ms-sysmon-process",,,,,,,,"DESKTOP-4BQU2RH",,,main,1,,,,,,,,"Microsoft Windows",,,,,,,"&lt;Anonymous Pipe&gt;",,,"splunkd.exe","{609d2670-5bfd-6598-5700-000000000f00}",,3716,,"splunkd.exe","C:\Program Files\Splunk\bin\splunkd.exe",,,"<_='://../////'><><_='--'_='{----}'/><></><></><><",,,,,,,,,,,,,,,,,,,"PipeEvent (Pipe Created)",17,"XmlWinEventLog:Microsoft-Windows-Sysmon/Operational",xmlwineventlog,"DESKTOP-4BQU2RH",,,,,,,,,,,"process
report",,"process
report",,816,793,,,,,,,SYSTEM,,"Microsoft Sysmon","'http://schemas.microsoft.com/win/2004/08/events/event'"
,None,,,,"DESKTOP-4BQU2RH",,,,"Named Pipe: Named Pipe Metadata","Anonymous Named Pipe Detected</Data><Data Name='EventType'>CreatePipe</Data><Data Name='UtcTime'>2024-01-06 00:48:07.639</Data><Data Name='ProcessGuid'>{609d2670-5bfd-6598-5700-000000000f00}</Data><Data Name='ProcessId'>3716</Data><Data Name='PipeName'>",,,,,,,,,"Microsoft-Windows-Sysmon/Operational",17,"PipeEvent (Pipe Created)",17,CreatePipe,,,,"'{5770385f-c22a-43e0-bf4c-06f5698ffbd9}'",,,"C:\Program Files\Splunk\bin\splunkd.exe",,,,,0x8000000000000000,4,,,,"'Microsoft-Windows-Sysmon'",0,,,,,,,"&lt;Anonymous Pipe&gt;","{609d2670-5bfd-6598-5700-000000000f00}","'3668'",3716,,,,,,457334,,"Attack=None,Technique=None,Tactic=None,DS=Named Pipe: Named Pipe Metadata,Level=0,Desc=Anonymous Named Pipe Detected",,,"S-1-5-18",,,,,,,,,"'2024-01-06T00:48:07.6414051Z'",None,,,17,None,,"'5444'","2024-01-06T00:48:07.6414051Z","NT AUTHORITY\SYSTEM","'S-1-5-18'","2024-01-06 00:48:07.639",1,"<Event xmlns='http://schemas.microsoft.com/win/2004/08/events/event'><System><Provider Name='Microsoft-Windows-Sysmon' Guid='{5770385f-c22a-43e0-bf4c-06f5698ffbd9}'/><EventID>17</EventID><Version>1</Version><Level>4</Level><Task>17</Task><Opcode>0</Opcode><Keywords>0x8000000000000000</Keywords><TimeCreated SystemTime='2024-01-06T00:48:07.6414051Z'/><EventRecordID>457334</EventRecordID><Correlation/><Execution ProcessID='3668' ThreadID='5444'/><Channel>Microsoft-Windows-Sysmon/Operational</Channel><Computer>DESKTOP-4BQU2RH</Computer><Security UserID='S-1-5-18'/></System><EventData><Data Name='RuleName'>Attack=None,Technique=None,Tactic=None,DS=Named Pipe: Named Pipe Metadata,Level=0,Desc=Anonymous Named Pipe Detected</Data><Data Name='EventType'>CreatePipe</Data><Data Name='UtcTime'>2024-01-06 00:48:07.639</Data><Data Name='ProcessGuid'>{609d2670-5bfd-6598-5700-000000000f00}</Data><Data Name='ProcessId'>3716</Data><Data Name='PipeName'>&lt;Anonymous Pipe&gt;</Data><Data Name='Image'>C:\Program Files\Splunk\bin\splunkd.exe</Data><Data Name='User'>NT AUTHORITY\SYSTEM</Data></EventData></Event>","2024-01-05T19:48:07.639-05:00",allowed,,,,,,0,6,48,january,7,saturday,2024,0,,"DESKTOP-4BQU2RH",,,,,"DESKTOP-4BQU2RH",,"ms-sysmon-process",,,,,,,,"DESKTOP-4BQU2RH",,,main,1,,,,,,,,"Microsoft Windows",,,,,,,"&lt;Anonymous Pipe&gt;",,,"splunkd.exe","{609d2670-5bfd-6598-5700-000000000f00}",,3716,,"splunkd.exe","C:\Program Files\Splunk\bin\splunkd.exe",,,"<_='://../////'><><_='--'_='{----}'/><></><></><><",,,,,,,,,,,,,,,,,,,"PipeEvent (Pipe Created)",17,"XmlWinEventLog:Microsoft-Windows-Sysmon/Operational",xmlwineventlog,"DESKTOP-4BQU2RH",,,,,,,,,,,"process
report",,"process
report",,816,793,,,,,,,SYSTEM,,"Microsoft Sysmon","'http://schemas.microsoft.com/win/2004/08/events/event'"
,None,,,,"DESKTOP-4BQU2RH",,,,"Named Pipe: Named Pipe Metadata","Anonymous Named Pipe Detected</Data><Data Name='EventType'>CreatePipe</Data><Data Name='UtcTime'>2024-01-06 00:48:07.639</Data><Data Name='ProcessGuid'>{609d2670-5bfd-6598-5700-000000000f00}</Data><Data Name='ProcessId'>3716</Data><Data Name='PipeName'>",,,,,,,,,"Microsoft-Windows-Sysmon/Operational",17,"PipeEvent (Pipe Created)",17,CreatePipe,,,,"'{5770385f-c22a-43e0-bf4c-06f5698ffbd9}'",,,"C:\Program Files\Splunk\bin\splunkd.exe",,,,,0x8000000000000000,4,,,,"'Microsoft-Windows-Sysmon'",0,,,,,,,"&lt;Anonymous Pipe&gt;","{609d2670-5bfd-6598-5700-000000000f00}","'3668'",3716,,,,,,457333,,"Attack=None,Technique=None,Tactic=None,DS=Named Pipe: Named Pipe Metadata,Level=0,Desc=Anonymous Named Pipe Detected",,,"S-1-5-18",,,,,,,,,"'2024-01-06T00:48:07.6413465Z'",None,,,17,None,,"'5444'","2024-01-06T00:48:07.6413465Z","NT AUTHORITY\SYSTEM","'S-1-5-18'","2024-01-06 00:48:07.639",1,"<Event xmlns='http://schemas.microsoft.com/win/2004/08/events/event'><System><Provider Name='Microsoft-Windows-Sysmon' Guid='{5770385f-c22a-43e0-bf4c-06f5698ffbd9}'/><EventID>17</EventID><Version>1</Version><Level>4</Level><Task>17</Task><Opcode>0</Opcode><Keywords>0x8000000000000000</Keywords><TimeCreated SystemTime='2024-01-06T00:48:07.6413465Z'/><EventRecordID>457333</EventRecordID><Correlation/><Execution ProcessID='3668' ThreadID='5444'/><Channel>Microsoft-Windows-Sysmon/Operational</Channel><Computer>DESKTOP-4BQU2RH</Computer><Security UserID='S-1-5-18'/></System><EventData><Data Name='RuleName'>Attack=None,Technique=None,Tactic=None,DS=Named Pipe: Named Pipe Metadata,Level=0,Desc=Anonymous Named Pipe Detected</Data><Data Name='EventType'>CreatePipe</Data><Data Name='UtcTime'>2024-01-06 00:48:07.639</Data><Data Name='ProcessGuid'>{609d2670-5bfd-6598-5700-000000000f00}</Data><Data Name='ProcessId'>3716</Data><Data Name='PipeName'>&lt;Anonymous Pipe&gt;</Data><Data Name='Image'>C:\Program Files\Splunk\bin\splunkd.exe</Data><Data Name='User'>NT AUTHORITY\SYSTEM</Data></EventData></Event>","2024-01-05T19:48:07.639-05:00",allowed,,,,,,0,6,48,january,7,saturday,2024,0,,"DESKTOP-4BQU2RH",,,,,"DESKTOP-4BQU2RH",,"ms-sysmon-process",,,,,,,,"DESKTOP-4BQU2RH",,,main,1,,,,,,,,"Microsoft Windows",,,,,,,"&lt;Anonymous Pipe&gt;",,,"splunkd.exe","{609d2670-5bfd-6598-5700-000000000f00}",,3716,,"splunkd.exe","C:\Program Files\Splunk\bin\splunkd.exe",,,"<_='://../////'><><_='--'_='{----}'/><></><></><><",,,,,,,,,,,,,,,,,,,"PipeEvent (Pipe Created)",17,"XmlWinEventLog:Microsoft-Windows-Sysmon/Operational",xmlwineventlog,"DESKTOP-4BQU2RH",,,,,,,,,,,"process
report",,"process
report",,816,793,,,,,,,SYSTEM,,"Microsoft Sysmon","'http://schemas.microsoft.com/win/2004/08/events/event'"
,"T1059.006",,,"Python Software Foundation","DESKTOP-4BQU2RH",,,,"Module: Module Load","Python DLL Loaded","Python Core",,,,,,,,"Microsoft-Windows-Sysmon/Operational",7,"Image loaded",7,,"3.7.17",,,"'{5770385f-c22a-43e0-bf4c-06f5698ffbd9}'","SHA1=C3BB07C2CCFD2C0C47ABBD7EF44186D97494D720,MD5=BDC1E336C69D3D958F4271D3A20B3A56,SHA256=A37ED072F9FFAA303C828D28987F6A90FDA0CF3BF106D082F342BD209A6F56E0,IMPHASH=E18F15AFCBAA190174BF6FA2B6795039",E18F15AFCBAA190174BF6FA2B6795039,"C:\Program Files\Splunk\bin\python3.exe","C:\Program Files\Splunk\bin\python37.dll",,,,0x8000000000000000,4,,,BDC1E336C69D3D958F4271D3A20B3A56,"'Microsoft-Windows-Sysmon'",0,"python37.dll",,,,,,,"{609d2670-a347-6598-ad59-000000000f00}","'3668'",10056,Python,,,,,457332,"30</Data><Data Name='UtcTime'>2024-01-06","Attack=T1059.006,Technique=Command and Scripting Interpreter: Python,Tactic=Execution,DS=Module: Module Load,Level=2,Desc=Python DLL Loaded,Risk=30",C3BB07C2CCFD2C0C47ABBD7EF44186D97494D720,A37ED072F9FFAA303C828D28987F6A90FDA0CF3BF106D082F342BD209A6F56E0,"S-1-5-18","Splunk Inc.",Valid,true,,,,,,"'2024-01-06T00:48:07.5991722Z'",Execution,,,7,"Command and Scripting Interpreter: Python",,"'5444'","2024-01-06T00:48:07.5991722Z","NT AUTHORITY\SYSTEM","'S-1-5-18'","2024-01-06 00:48:07.596",3,"<Event xmlns='http://schemas.microsoft.com/win/2004/08/events/event'><System><Provider Name='Microsoft-Windows-Sysmon' Guid='{5770385f-c22a-43e0-bf4c-06f5698ffbd9}'/><EventID>7</EventID><Version>3</Version><Level>4</Level><Task>7</Task><Opcode>0</Opcode><Keywords>0x8000000000000000</Keywords><TimeCreated SystemTime='2024-01-06T00:48:07.5991722Z'/><EventRecordID>457332</EventRecordID><Correlation/><Execution ProcessID='3668' ThreadID='5444'/><Channel>Microsoft-Windows-Sysmon/Operational</Channel><Computer>DESKTOP-4BQU2RH</Computer><Security UserID='S-1-5-18'/></System><EventData><Data Name='RuleName'>Attack=T1059.006,Technique=Command and Scripting Interpreter: Python,Tactic=Execution,DS=Module: Module Load,Level=2,Desc=Python DLL Loaded,Risk=30</Data><Data Name='UtcTime'>2024-01-06 00:48:07.596</Data><Data Name='ProcessGuid'>{609d2670-a347-6598-ad59-000000000f00}</Data><Data Name='ProcessId'>10056</Data><Data Name='Image'>C:\Program Files\Splunk\bin\python3.exe</Data><Data Name='ImageLoaded'>C:\Program Files\Splunk\bin\python37.dll</Data><Data Name='FileVersion'>3.7.17</Data><Data Name='Description'>Python Core</Data><Data Name='Product'>Python</Data><Data Name='Company'>Python Software Foundation</Data><Data Name='OriginalFileName'>python37.dll</Data><Data Name='Hashes'>SHA1=C3BB07C2CCFD2C0C47ABBD7EF44186D97494D720,MD5=BDC1E336C69D3D958F4271D3A20B3A56,SHA256=A37ED072F9FFAA303C828D28987F6A90FDA0CF3BF106D082F342BD209A6F56E0,IMPHASH=E18F15AFCBAA190174BF6FA2B6795039</Data><Data Name='Signed'>true</Data><Data Name='Signature'>Splunk Inc.</Data><Data Name='SignatureStatus'>Valid</Data><Data Name='User'>NT AUTHORITY\SYSTEM</Data></EventData></Event>","2024-