01-05T19:48:37.048-05:00",allowed,,,,,,0,6,48,january,37,saturday,2024,0,,"DESKTOP-4BQU2RH",,,,,"DESKTOP-4BQU2RH",,"ms-sysmon-process",,,,,,,,"DESKTOP-4BQU2RH",,,main,1,,,,,,,,"Microsoft Windows",,,,,,,"&lt;Anonymous Pipe&gt;",,,"Python3.exe","{609d2670-a364-6598-e159-000000000f00}",,5304,,"Python3.exe","C:\Program Files\Splunk\bin\Python3.exe",,,"<_='://../////'><><_='--'_='{----}'/><></><></><><",,,,,,,,,,,,,,,,,,,"PipeEvent (Pipe Created)",17,"XmlWinEventLog:Microsoft-Windows-Sysmon/Operational",xmlwineventlog,"DESKTOP-4BQU2RH",,,,,,,,,,,"process
report",,"process
report",,816,793,,,,,,,SYSTEM,,"Microsoft Sysmon","'http://schemas.microsoft.com/win/2004/08/events/event'"
,"T1059.006",,,"Python Software Foundation","DESKTOP-4BQU2RH",,,,"Module: Module Load","Python DLL Loaded","Python Core",,,,,,,,"Microsoft-Windows-Sysmon/Operational",7,"Image loaded",7,,"3.7.17",,,"'{5770385f-c22a-43e0-bf4c-06f5698ffbd9}'","SHA1=C3BB07C2CCFD2C0C47ABBD7EF44186D97494D720,MD5=BDC1E336C69D3D958F4271D3A20B3A56,SHA256=A37ED072F9FFAA303C828D28987F6A90FDA0CF3BF106D082F342BD209A6F56E0,IMPHASH=E18F15AFCBAA190174BF6FA2B6795039",E18F15AFCBAA190174BF6FA2B6795039,"C:\Program Files\Splunk\bin\python3.exe","C:\Program Files\Splunk\bin\python37.dll",,,,0x8000000000000000,4,,,BDC1E336C69D3D958F4271D3A20B3A56,"'Microsoft-Windows-Sysmon'",0,"python37.dll",,,,,,,"{609d2670-a364-6598-e159-000000000f00}","'3668'",5304,Python,,,,,457468,"30</Data><Data Name='UtcTime'>2024-01-06","Attack=T1059.006,Technique=Command and Scripting Interpreter: Python,Tactic=Execution,DS=Module: Module Load,Level=2,Desc=Python DLL Loaded,Risk=30",C3BB07C2CCFD2C0C47ABBD7EF44186D97494D720,A37ED072F9FFAA303C828D28987F6A90FDA0CF3BF106D082F342BD209A6F56E0,"S-1-5-18","Splunk Inc.",Valid,true,,,,,,"'2024-01-06T00:48:36.6315171Z'",Execution,,,7,"Command and Scripting Interpreter: Python",,"'5444'","2024-01-06T00:48:36.6315171Z","NT AUTHORITY\SYSTEM","'S-1-5-18'","2024-01-06 00:48:36.630",3,"<Event xmlns='http://schemas.microsoft.com/win/2004/08/events/event'><System><Provider Name='Microsoft-Windows-Sysmon' Guid='{5770385f-c22a-43e0-bf4c-06f5698ffbd9}'/><EventID>7</EventID><Version>3</Version><Level>4</Level><Task>7</Task><Opcode>0</Opcode><Keywords>0x8000000000000000</Keywords><TimeCreated SystemTime='2024-01-06T00:48:36.6315171Z'/><EventRecordID>457468</EventRecordID><Correlation/><Execution ProcessID='3668' ThreadID='5444'/><Channel>Microsoft-Windows-Sysmon/Operational</Channel><Computer>DESKTOP-4BQU2RH</Computer><Security UserID='S-1-5-18'/></System><EventData><Data Name='RuleName'>Attack=T1059.006,Technique=Command and Scripting Interpreter: Python,Tactic=Execution,DS=Module: Module Load,Level=2,Desc=Python DLL Loaded,Risk=30</Data><Data Name='UtcTime'>2024-01-06 00:48:36.630</Data><Data Name='ProcessGuid'>{609d2670-a364-6598-e159-000000000f00}</Data><Data Name='ProcessId'>5304</Data><Data Name='Image'>C:\Program Files\Splunk\bin\python3.exe</Data><Data Name='ImageLoaded'>C:\Program Files\Splunk\bin\python37.dll</Data><Data Name='FileVersion'>3.7.17</Data><Data Name='Description'>Python Core</Data><Data Name='Product'>Python</Data><Data Name='Company'>Python Software Foundation</Data><Data Name='OriginalFileName'>python37.dll</Data><Data Name='Hashes'>SHA1=C3BB07C2CCFD2C0C47ABBD7EF44186D97494D720,MD5=BDC1E336C69D3D958F4271D3A20B3A56,SHA256=A37ED072F9FFAA303C828D28987F6A90FDA0CF3BF106D082F342BD209A6F56E0,IMPHASH=E18F15AFCBAA190174BF6FA2B6795039</Data><Data Name='Signed'>true</Data><Data Name='Signature'>Splunk Inc.</Data><Data Name='SignatureStatus'>Valid</Data><Data Name='User'>NT AUTHORITY\SYSTEM</Data></EventData></Event>","2024-01-05T19:48:36.630-05:00",success,,,,,,0,6,48,january,36,saturday,2024,0,,"DESKTOP-4BQU2RH",,,,,"DESKTOP-4BQU2RH",,"ms-sysmon-process",,,,,,,,"DESKTOP-4BQU2RH",,,main,1,"python37.dll","C:\Program Files\Splunk\bin\python37.dll",,,,,"python37.dll","Microsoft Windows",,,,,,,,,,"python3.exe","{609d2670-a364-6598-e159-000000000f00}","SHA1=C3BB07C2CCFD2C0C47ABBD7EF44186D97494D720,MD5=BDC1E336C69D3D958F4271D3A20B3A56,SHA256=A37ED072F9FFAA303C828D28987F6A90FDA0CF3BF106D082F342BD209A6F56E0,IMPHASH=E18F15AFCBAA190174BF6FA2B6795039",5304,,"python3.exe","C:\Program Files\Splunk\bin\python3.exe",,,"<_='://../////'><><_='--'_='{----}'/><></><></><><",,,,,,,,,,,,,,true,true,,,,"Image loaded",7,"XmlWinEventLog:Microsoft-Windows-Sysmon/Operational",xmlwineventlog,"DESKTOP-4BQU2RH",,,,,,,,,,,"process
report
success",success,"process
report",,805,782,,,,,,,SYSTEM,,"Microsoft Sysmon","'http://schemas.microsoft.com/win/2004/08/events/event'"
,"T1059.006",,,"Python Software Foundation","DESKTOP-4BQU2RH",,,,"Module: Module Load","Python DLL Loaded",Python,,,,,,,,"Microsoft-Windows-Sysmon/Operational",7,"Image loaded",7,,"3.7.17",,,"'{5770385f-c22a-43e0-bf4c-06f5698ffbd9}'","SHA1=C20ED032E9F37A09295F43BE9D6C41252F8762A2,MD5=F91CD0A4D8BB0A99DB47476ADEB76107,SHA256=1152EEC3EDFC5135F5CE4891D13FDC82F692A5C0DD6624655312D06AF1909528,IMPHASH=3C2FC59273192A34F1AA4A59DF3B348E",3C2FC59273192A34F1AA4A59DF3B348E,"C:\Program Files\Splunk\bin\python3.exe","C:\Program Files\Splunk\bin\python3.exe",,,,0x8000000000000000,4,,,F91CD0A4D8BB0A99DB47476ADEB76107,"'Microsoft-Windows-Sysmon'",0,"python.exe",,,,,,,"{609d2670-a364-6598-e159-000000000f00}","'3668'",5304,Python,,,,,457467,"30</Data><Data Name='UtcTime'>2024-01-06","Attack=T1059.006,Technique=Command and Scripting Interpreter: Python,Tactic=Execution,DS=Module: Module Load,Level=2,Desc=Python DLL Loaded,Risk=30",C20ED032E9F37A09295F43BE9D6C41252F8762A2,1152EEC3EDFC5135F5CE4891D13FDC82F692A5C0DD6624655312D06AF1909528,"S-1-5-18","Splunk Inc.",Valid,true,,,,,,"'2024-01-06T00:48:36.6305776Z'",Execution,,,7,"Command and Scripting Interpreter: Python",,"'5444'","2024-01-06T00:48:36.6305776Z","NT AUTHORITY\SYSTEM","'S-1-5-18'","2024-01-06 00:48:36.626",3,"<Event xmlns='http://schemas.microsoft.com/win/2004/08/events/event'><System><Provider Name='Microsoft-Windows-Sysmon' Guid='{5770385f-c22a-43e0-bf4c-06f5698ffbd9}'/><EventID>7</EventID><Version>3</Version><Level>4</Level><Task>7</Task><Opcode>0</Opcode><Keywords>0x8000000000000000</Keywords><TimeCreated SystemTime='2024-01-06T00:48:36.6305776Z'/><EventRecordID>457467</EventRecordID><Correlation/><Execution ProcessID='3668' ThreadID='5444'/><Channel>Microsoft-Windows-Sysmon/Operational</Channel><Computer>DESKTOP-4BQU2RH</Computer><Security UserID='S-1-5-18'/></System><EventData><Data Name='RuleName'>Attack=T1059.006,Technique=Command and Scripting Interpreter: Python,Tactic=Execution,DS=Module: Module Load,Level=2,Desc=Python DLL Loaded,Risk=30</Data><Data Name='UtcTime'>2024-01-06 00:48:36.626</Data><Data Name='ProcessGuid'>{609d2670-a364-6598-e159-000000000f00}</Data><Data Name='ProcessId'>5304</Data><Data Name='Image'>C:\Program Files\Splunk\bin\python3.exe</Data><Data Name='ImageLoaded'>C:\Program Files\Splunk\bin\python3.exe</Data><Data Name='FileVersion'>3.7.17</Data><Data Name='Description'>Python</Data><Data Name='Product'>Python</Data><Data Name='Company'>Python Software Foundation</Data><Data Name='OriginalFileName'>python.exe</Data><Data Name='Hashes'>SHA1=C20ED032E9F37A09295F43BE9D6C41252F8762A2,MD5=F91CD0A4D8BB0A99DB47476ADEB76107,SHA256=1152EEC3EDFC5135F5CE4891D13FDC82F692A5C0DD6624655312D06AF1909528,IMPHASH=3C2FC59273192A34F1AA4A59DF3B348E</Data><Data Name='Signed'>true</Data><Data Name='Signature'>Splunk Inc.</Data><Data Name='SignatureStatus'>Valid</Data><Data Name='User'>NT AUTHORITY\SYSTEM</Data></EventData></Event>","2024-01-05T19:48:36.626-05:00",success,,,,,,0,6,48,january,36,saturday,2024,0,,"DESKTOP-4BQU2RH",,,,,"DESKTOP-4BQU2RH",,"ms-sysmon-process",,,,,,,,"DESKTOP-4BQU2RH",,,main,1,"python3.exe","C:\Program Files\Splunk\bin\python3.exe",,,,,"python.exe","Microsoft Windows",,,,,,,,,,"python3.exe","{609d2670-a364-6598-e159-000000000f00}","SHA1=C20ED032E9F37A09295F43BE9D6C41252F8762A2,MD5=F91CD0A4D8BB0A99DB47476ADEB76107,SHA256=1152EEC3EDFC5135F5CE4891D13FDC82F692A5C0DD6624655312D06AF1909528,IMPHASH=3C2FC59273192A34F1AA4A59DF3B348E",5304,,"python3.exe","C:\Program Files\Splunk\bin\python3.exe",,,"<_='://../////'><><_='--'_='{----}'/><></><></><><",,,,,,,,,,,,,,true,true,,,,"Image loaded",7,"XmlWinEventLog:Microsoft-Windows-Sysmon/Operational",xmlwineventlog,"DESKTOP-4BQU2RH",,,,,,,,,,,"process
report
success",success,"process
report",,805,782,,,,,,,SYSTEM,,"Microsoft Sysmon","'http://schemas.microsoft.com/win/2004/08/events/event'"
,None,,,,"DESKTOP-4BQU2RH",,,,"Named Pipe: Named Pipe Metadata","Anonymous Named Pipe Detected</Data><Data Name='EventType'>CreatePipe</Data><Data Name='UtcTime'>2024-01-06 00:48:36.624</Data><Data Name='ProcessGuid'>{609d2670-5bfd-6598-5700-000000000f00}</Data><Data Name='ProcessId'>3716</Data><Data Name='PipeName'>",,,,,,,,,"Microsoft-Windows-Sysmon/Operational",17,"PipeEvent (Pipe Created)",17,CreatePipe,,,,"'{5770385f-c22a-43e0-bf4c-06f5698ffbd9}'",,,"C:\Program Files\Splunk\bin\splunkd.exe",,,,,0x8000000000000000,4,,,,"'Microsoft-Windows-Sysmon'",0,,,,,,,"&lt;Anonymous Pipe&gt;","{609d2670-5bfd-6598-5700-000000000f00}","'3668'",3716,,,,,,457466,,"Attack=None,Technique=None,Tactic=None,DS=Named Pipe: Named Pipe Metadata,Level=0,Desc=Anonymous Named Pipe Detected",,,"S-1-5-18",,,,,,,,,"'2024-01-06T00:48:36.6254386Z'",None,,,17,None,,"'5444'","2024-01-06T00:48:36.6254386Z","NT AUTHORITY\SYSTEM","'S-1-5-18'","2024-01-06 00:48:36.624",1,"<Event xmlns='http://schemas.microsoft.com/win/2004/08/events/event'><System><Provider Name='Microsoft-Windows-Sysmon' Guid='{5770385f-c22a-43e0-bf4c-06f5698ffbd9}'/><EventID>17</EventID><Version>1</Version><Level>4</Level><Task>17</Task><Opcode>0</Opcode><Keywords>0x8000000000000000</Keywords><TimeCreated SystemTime='2024-01-06T00:48:36.6254386Z'/><EventRecordID>457466</EventRecordID><Correlation/><Execution ProcessID='3668' ThreadID='5444'/><Channel>Microsoft-Windows-Sysmon/Operational</Channel><Computer>DESKTOP-4BQU2RH</Computer><Security UserID='S-1-5-18'/></System><EventData><Data Name='RuleName'>Attack=None,Technique=None,Tactic=None,DS=Named Pipe: Named Pipe Metadata,Level=0,Desc=Anonymous Named Pipe Detected</Data><Data Name='EventType'>CreatePipe</Data><Data Name='UtcTime'>2024-01-06 00:48:36.624</Data><Data Name='ProcessGuid'>{609d2670-5bfd-6598-5700-000000000f00}</Data><Data Name='ProcessId'>3716</Data><Data Name='PipeName'>&lt;Anonymous Pipe&gt;</Data><Data Name='Image'>C:\Program Files\Splunk\bin\splunkd.exe</Data><Data Name='User'>NT AUTHORITY\SYSTEM</Data></EventData></Event>","2024-01-05T19:48:36.624-05:00",allowed,,,,,,0,6,48,january,36,saturday,2024,0,,"DESKTOP-4BQU2RH",,,,,"DESKTOP-4BQU2RH",,"ms-sysmon-process",,,,,,,,"DESKTOP-4BQU2RH",,,main,1,,,,,,,,"Microsoft Windows",,,,,,,"&lt;Anonymous Pipe&gt;",,,"splunkd.exe","{609d2670-5bfd-6598-5700-000000000f00}",,3716,,"splunkd.exe","C:\Program Files\Splunk\bin\splunkd.exe",,,"<_='://../////'><><_='--'_='{----}'/><></><></><><",,,,,,,,,,,,,,,,,,,"PipeEvent (Pipe Created)",17,"XmlWinEventLog:Microsoft-Windows-Sysmon/Operational",xmlwineventlog,"DESKTOP-4BQU2RH",,,,,,,,,,,"process
report",,"process
report",,816,793,,,,,,,SYSTEM,,"Microsoft Sysmon","'http://schemas.microsoft.com/win/2004/08/events/event'"
,None,,,,"DESKTOP-4BQU2RH",,,,"Named Pipe: Named Pipe Metadata","Anonymous Named Pipe Detected</Data><Data Name='EventType'>CreatePipe</Data><Data Name='UtcTime'>2024-01-06 00:48:36.624</Data><Data Name='ProcessGuid'>{609d2670-5bfd-6598-5700-000000000f00}</Data><Data Name='ProcessId'>3716</Data><Data Name='PipeName'>",,,,,,,,,"Microsoft-Windows-Sysmon/Operational",17,"PipeEvent (Pipe Created)",17,CreatePipe,,,,"'{5770385f-c22a-43e0-bf4c-06f5698ffbd9}'",,,"C:\Program Files\Splunk\bin\splunkd.exe",,,,,0x8000000000000000,4,,,,"'Microsoft-Windows-Sysmon'",0,,,,,,,"&lt;Anonymous Pipe&gt;","{609d2670-5bfd-6598-5700-000000000f00}","'3668'",3716,,,,,,457465,,"Attack=None,Technique=None,Tactic=None,DS=Named Pipe: Named Pipe Metadata,Level=0,Desc=Anonymous Named Pipe Detected",,,"S-1-5-18",,,,,,,,,"'2024-01-06T00:48:36.6253737Z'",None,,,17,None,,"'5444'","2024-01-06T00:48:36.6253737Z","NT AUTHORITY\SYSTEM","'S-1-5-18'","2024-01-06 00:48:36.624",1,"<Event xmlns='http://schemas.microsoft.com/win/2004/08/events/event'><System><Provider Name='Microsoft-Windows-Sysmon' Guid='{5770385f-c22a-43e0-bf4c-06f5698ffbd9}'/><EventID>17</EventID><Version>1</Version><Level>4</Level><Task>17</Task><Opcode>0</Opcode><Keywords>0x8000000000000000</Keywords><TimeCreated SystemTime='2024-01-06T00:48:36.6253737Z'/><EventRecordID>457465</EventRecordID><Correlation/><Execution ProcessID='3668' ThreadID='5444'/><Channel>Microsoft-Windows-Sysmon/Operational</Channel><Computer>DESKTOP-4BQU2RH</Computer><Security UserID='S-1-5-18'/></System><EventData><Data Name='RuleName'>Attack=None,Technique=None,Tactic=None,DS=Named Pipe: Named Pipe Metadata,Level=0,Desc=Anonymous Named Pipe Detected</Data><Data Name='EventType'>CreatePipe</Data><Data Name='UtcTime'>2024-01-06 00:48:36.624</Data><Data Name='ProcessGuid'>{609d2670-5bfd-6598-5700-000000000f00}</Data><Data Name='ProcessId'>3716</Data><Data Name='PipeName'>&lt;Anonymous Pipe&gt;</Data><Data Name='Image'>C:\Program Files\Splunk\bin\splunkd.exe</Data><Data Name='User'>NT AUTHORITY\SYSTEM</Data></EventData></Event>","2024-01-05T19:48:36.624-05:00",allowed,,,,,,0,6,48,january,36,saturday,2024,0,,"DESKTOP-4BQU2RH",,,,,"DESKTOP-4BQU2RH",,"ms-sysmon-process",,,,,,,,"DESKTOP-4BQU2RH",,,main,1,,,,,,,,"Microsoft Windows",,,,,,,"&lt;Anonymous Pipe&gt;",,,"splunkd.exe","{609d2670-5bfd-6598-5700-000000000f00}",,3716,,"splunkd.exe","C:\Program Files\Splunk\bin\splunkd.exe",,,"<_='://../////'><><_='--'_='{----}'/><></><></><><",,,,,,,,,,,,,,,,,,,"PipeEvent (Pipe Created)",17,"XmlWinEventLog:Microsoft-Windows-Sysmon/Operational",xmlwineventlog,"DESKTOP-4BQU2RH",,,,,,,,,,,"process
report",,"process
report",,816,793,,,,,,,SYSTEM,,"Microsoft Sysmon","'http://schemas.microsoft.com/win/2004/08/events/event'"
,None,,,,"DESKTOP-4BQU2RH",,,,"Named Pipe: Named Pipe Metadata","Anonymous Named Pipe Detected</Data><Data Name='EventType'>CreatePipe</Data><Data Name='UtcTime'>2024-01-06 00:48:36.624</Data><Data Name='ProcessGuid'>{609d2670-5bfd-6598-5700-000000000f00}</Data><Data Name='ProcessId'>3716</Data><Data Name='PipeName'>",,,,,,,,,"Microsoft-Windows-Sysmon/Operational",17,"PipeEvent (Pipe Created)",17,CreatePipe,,,,"'{5770385f-c22a-43e0-bf4c-06f5698ffbd9}'",,,"C:\Program Files\Splunk\bin\splunkd.exe",,,,,0x8000000000000000,4,,,,"'Microsoft-Windows-Sysmon'",0,,,,,,,"&lt;Anonymous Pipe&gt;","{609d2670-5bfd-6598-5700-000000000f00}","'3668'",3716,,,,,,457464,,"Attack=None,Technique=None,Tactic=None,DS=Named Pipe: Named Pipe Metadata,Level=0,Desc=Anonymous Named Pipe Detected",,,"S-1-5-18",,,,,,,,,"'2024-01-06T00:48:36.6252884Z'",None,,,17,None,,"'5444'","2024-01-06T00:48:36.6252884Z","NT AUTHORITY\SYSTEM","'S-1-5-18'","2024-01-06 00:48:36.624",1,"<Event xmlns='http://schemas.microsoft.com/win/2004/08/events/event'><System><Provider Name='Microsoft-Windows-Sysmon' Guid='{5770385f-c22a-43e0-bf4c-06f5698ffbd9}'/><EventID>17</EventID><Version>1</Version><Level>4</Level><Task>17</Task><Opcode>0</Opcode><Keywords>0x8000000000000000</Keywords><TimeCreated SystemTime='2024-01-06T00:48:36.6252884Z'/><EventRecordID>457464</EventRecordID><Correlation/><Execution ProcessID='3668' ThreadID='5444'/><Channel>Microsoft-Windows-Sysmon/Operational</Channel><Computer>DESKTOP-4BQU2RH</Computer><Security UserID='S-1-5-18'/></System><EventData><Data Name='RuleName'>Attack=None,Technique=None,Tactic=None,DS=Named Pipe: Named Pipe Metadata,Level=0,Desc=Anonymous Named Pipe Detected</Data><Data Name='EventType'>CreatePipe</Data><Data Name='UtcTime'>2024-01-06 00:48:36.624</Data><Data Name='ProcessGuid'>{609d2670-5bfd-6598-5700-000000000f00}</Data><Data Name='ProcessId'>3716</Data><Data Name='PipeName'>&lt;Anonymous Pipe&gt;</Data><Data Name='Image'>C:\Program Files\Splunk\bin\splunkd.exe</Data><Data Name='User'>NT AUTHORITY\SYSTEM</Data></EventData></Event>","2024-01-05T19:48:36.624-05:00",allowed,,,,,,0,6,48,january,36,saturday,2024,0,,"DESKTOP-4BQU2RH",,,,,"DESKTOP-4BQU2RH",,"ms-sysmon-process",,,,,,,,"DESKTOP-4BQU2RH",,,main,1,,,,,,,,"Microsoft Windows",,,,,,,"&lt;Anonymous Pipe&gt;",,,"splunkd.exe","{609d2670-5bfd-6598-5700-000000000f00}",,3716,,"splunkd.exe","C:\Program Files\Splunk\bin\splunkd.exe",,,"<_='://../////'><><_='--'_='{----}'/><></><></><><",,,,,,,,,,,,,,,,,,,"PipeEvent (Pipe Created)",17,"XmlWinEventLog:Microsoft-Windows-Sysmon/Operational",xmlwineventlog,"DESKTOP-4BQU2RH",,,,,,,,,,,"process
report",,"process
report",,816,793,,,,,,,SYSTEM,,"Microsoft Sysmon","'http://schemas.microsoft.com/win/2004/08/events/event'"
,"T1059.001",,,,"DESKTOP-4BQU2RH",,"2024-01-06 00:48:36.451",,"File: File Creation","Powershell Creating Files",,,,,,,,,"Microsoft-Windows-Sysmon/Operational",11,FileCreate,11,,,,,"'{5770385f-c22a-43e0-bf4c-06f5698ffbd9}'",,,"C:\Windows\System32\WindowsPowerShell\v1.0\powershell_ise.exe",,,,,0x8000000000000000,4,,,,"'Microsoft-Windows-Sysmon'",0,,,,,,,,"{609d2670-a270-6598-df57-000000000f00}","'3668'",6668,,,,,,457463,"10</Data><Data Name='UtcTime'>2024-01-06","Attack=T1059.001,Technique=Command and Scripting Interpreter: PowerShell,Tactic=Execution,DS=File: File Creation,Level=2,Desc=Powershell Creating Files,Risk=10",,,"S-1-5-18",,,,,,,,,"'2024-01-06T00:48:36.4522806Z'",Execution,"C:\Users\MS1\AppData\Local\Microsoft_Corporation\powershell_ise.exe_StrongName_lw2v2vm3wmtzzpebq33gybmeoxukb04w\3.0.0.0\AutoSaveInformation\6668.xml~RF11710db.TMP",,11,"Command and Scripting Interpreter: PowerShell",,"'5444'","2024-01-06T00:48:36.4522806Z","DESKTOP-4BQU2RH\MS1","'S-1-5-18'","2024-01-06 00:48:36.451",2,"<Event xmlns='http://schemas.microsoft.com/win/2004/08/events/event'><System><Provider Name='Microsoft-Windows-Sysmon' Guid='{5770385f-c22a-43e0-bf4c-06f5698ffbd9}'/><EventID>11</EventID><Version>2</Version><Level>4</Level><Task>11</Task><Opcode>0</Opcode><Keywords>0x8000000000000000</Keywords><TimeCreated SystemTime='2024-01-06T00:48:36.4522806Z'/><EventRecordID>457463</EventRecordID><Correlation/><Execution ProcessID='3668' ThreadID='5444'/><Channel>Microsoft-Windows-Sysmon/Operational</Channel><Computer>DESKTOP-4BQU2RH</Computer><Security UserID='S-1-5-18'/></System><EventData><Data Name='RuleName'>Attack=T1059.001,Technique=Command and Scripting Interpreter: PowerShell,Tactic=Execution,DS=File: File Creation,Level=2,Desc=Powershell Creating Files,Risk=10</Data><Data Name='UtcTime'>2024-01-06 00:48:36.451</Data><Data Name='ProcessGuid'>{609d2670-a270-6598-df57-000000000f00}</Data><Data Name='ProcessId'>6668</Data><Data Name='Image'>C:\Windows\System32\WindowsPowerShell\v1.0\powershell_ise.exe</Data><Data Name='TargetFilename'>C:\Users\MS1\AppData\Local\Microsoft_Corporation\powershell_ise.exe_StrongName_lw2v2vm3wmtzzpebq33gybmeoxukb04w\3.0.0.0\AutoSaveInformation\6668.xml~RF11710db.TMP</Data><Data Name='CreationUtcTime'>2024-01-06 00:48:36.451</Data><Data Name='User'>DESKTOP-4BQU2RH\MS1</Data></EventData></Event>","2024-01-05T19:48:36.451-05:00",created,,,,,,0,6,48,january,36,saturday,2024,0,,"DESKTOP-4BQU2RH",,,,,"DESKTOP-4BQU2RH",,"ms-sysmon-filemod",,"2024-01-06 00:48:36.451",,,"6668.xml~RF11710db.TMP","C:\Users\MS1\AppData\Local\Microsoft_Corporation\powershell_ise.exe_StrongName_lw2v2vm3wmtzzpebq33gybmeoxukb04w\3.0.0.0\AutoSaveInformation\6668.xml~RF11710db.TMP",,"DESKTOP-4BQU2RH",,,main,1,,,,,file,,,,,,,,,,,,,"powershell_ise.exe","{609d2670-a270-6598-df57-000000000f00}",,6668,,"powershell_ise.exe","C:\Windows\System32\WindowsPowerShell\v1.0\powershell_ise.exe",,,"<_='://../////'><><_='--'_='{----}'/><></><></><><",,,,,,,,,,,,,,,,,,,FileCreate,11,"XmlWinEventLog:Microsoft-Windows-Sysmon/Operational",xmlwineventlog,"DESKTOP-4BQU2RH",,,,,,,,,,,"endpoint
filesystem",,"endpoint
filesystem",filesystem,819,796,,,,,,,MS1,,"Microsoft Sysmon","'http://schemas.microsoft.com/win/2004/08/events/event'"
,"T1059.001",,,,"DESKTOP-4BQU2RH",,"2024-01-06 00:48:36.448",,"File: File Creation","Powershell Creating Files",,,,,,,,,"Microsoft-Windows-Sysmon/Operational",11,FileCreate,11,,,,,"'{5770385f-c22a-43e0-bf4c-06f5698ffbd9}'",,,"C:\Windows\System32\WindowsPowerShell\v1.0\powershell_ise.exe",,,,,0x8000000000000000,4,,,,"'Microsoft-Windows-Sysmon'",0,,,,,,,,"{609d2670-a270-6598-df57-000000000f00}","'3668'",6668,,,,,,457462,"10</Data><Data Name='UtcTime'>2024-01-06","Attack=T1059.001,Technique=Command and Scripting Interpreter: PowerShell,Tactic=Execution,DS=File: File Creation,Level=2,Desc=Powershell Creating Files,Risk=10",,,"S-1-5-18",,,,,,,,,"'2024-01-06T00:48:36.4495757Z'",Execution,"C:\Users\MS1\AppData\Local\Microsoft_Corporation\powershell_ise.exe_StrongName_lw2v2vm3wmtzzpebq33gybmeoxukb04w\3.0.0.0\AutoSaveInformation\xb5tonrh.tmp",,11,"Command and Scripting Interpreter: PowerShell",,"'5444'","2024-01-06T00:48:36.4495757Z","DESKTOP-4BQU2RH\MS1","'S-1-5-18'","2024-01-06 00:48:36.448",2,"<Event xmlns='http://schemas.microsoft.com/win/2004/08/events/event'><System><Provider Name='Microsoft-Windows-Sysmon' Guid='{5770385f-c22a-43e0-bf4c-06f5698ffbd9}'/><EventID>11</EventID><Version>2</Version><Level>4</Level><Task>11</Task><Opcode>0</Opcode><Keywords>0x8000000000000000</Keywords><TimeCreated SystemTime='2024-01-06T00:48:36.4495757Z'/><EventRecordID>457462</EventRecordID><Correlation/><Execution ProcessID='3668' ThreadID='5444'/><Channel>Microsoft-Windows-Sysmon/Operational</Channel><Computer>DESKTOP-4BQU2RH</Computer><Security UserID='S-1-5-18'/></System><EventData><Data Name='RuleName'>Attack=T1059.001,Technique=Command and Scripting Interpreter: PowerShell,Tactic=Execution,DS=File: File Creation,Level=2,Desc=Powershell Creating Files,Risk=10</Data><Data Name='UtcTime'>2024-01-06 00:48:36.448</Data><Data Name='ProcessGuid'>{609d2670-a270-6598-df57-000000000f00}</Data><Data Name='ProcessId'>6668</Data><Data Name='Image'>C:\Windows\System32\WindowsPowerShell\v1.0\powershell_ise.exe</Data><Data Name='TargetFilename'>C:\Users\MS1\AppData\Local\Microsoft_Corporation\powershell_ise.exe_StrongName_lw2v2vm3wmtzzpebq33gybmeoxukb04w\3.0.0.0\AutoSaveInformation\xb5tonrh.tmp</Data><Data Name='CreationUtcTime'>2024-01-06 00:48:36.448</Data><Data Name='User'>DESKTOP-4BQU2RH\MS1</Data></EventData></Event>","2024-01-05T19:48:36.448-05:00",created,,,,,,0,6,48,january,36,saturday,2024,0,,"DESKTOP-4BQU2RH",,,,,"DESKTOP-4BQU2RH",,"ms-sysmon-filemod",,"2024-01-06 00:48:36.448",,,"xb5tonrh.tmp","C:\Users\MS1\AppData\Local\Microsoft_Corporation\powershell_ise.exe_StrongName_lw2v2vm3wmtzzpebq33gybmeoxukb04w\3.0.0.0\AutoSaveInformation\xb5tonrh.tmp",,"DESKTOP-4BQU2RH",,,main,1,,,,,file,,,,,,,,,,,,,"powershell_ise.exe","{609d2670-a270-6598-df57-000000000f00}",,6668,,"powershell_ise.exe","C:\Windows\System32\WindowsPowerShell\v1.0\powershell_ise.exe",,,"<_='://../////'><><_='--'_='{----}'/><></><></><><",,,,,,,,,,,,,,,,,,,FileCreate,11,"XmlWinEventLog:Microsoft-Windows-Sysmon/Operational",xmlwineventlog,"DESKTOP-4BQU2RH",,,,,,,,,,,"endpoint
filesystem",,"endpoint
filesystem",filesystem,819,796,,,,,,,MS1,,"Microsoft Sysmon","'http://schemas.microsoft.com/win/2004/08/events/event'"
,None,,,,"DESKTOP-4BQU2RH",,,,"Process: Process Termination",Process,,,,,,,,,"Microsoft-Windows-Sysmon/Operational",5,"Process terminated",5,,,,,"'{5770385f-c22a-43e0-bf4c-06f5698ffbd9}'",,,"C:\Windows\System32\conhost.exe",,,,,0x8000000000000000,4,,,,"'Microsoft-Windows-Sysmon'",0,,,,,,,,"{609d2670-a30a-6598-2b59-000000000f00}","'3668'",5000,,,,,,457461,,"Attack=None,Technique=None,Tactic=None,DS=Process: Process Termination,Level=0,Desc=Process Termination Events in System32",,,"S-1-5-18",,,,,,,,,"'2024-01-06T00:48:31.6512281Z'",None,,,5,None,,"'5444'","2024-01-06T00:48:31.6512281Z","DESKTOP-4BQU2RH\MS1","'S-1-5-18'","2024-01-06 00:48:31.650",3,"<Event xmlns='http://schemas.microsoft.com/win/2004/08/events/event'><System><Provider Name='Microsoft-Windows-Sysmon' Guid='{5770385f-c22a-43e0-bf4c-06f5698ffbd9}'/><EventID>5</EventID><Version>3</Version><Level>4</Level><Task>5</Task><Opcode>0</Opcode><Keywords>0x8000000000000000</Keywords><TimeCreated SystemTime='2024-01-06T00:48:31.6512281Z'/><EventRecordID>457461</EventRecordID><Correlation/><Execution ProcessID='3668' ThreadID='5444'/><Channel>Microsoft-Windows-Sysmon/Operational</Channel><Computer>DESKTOP-4BQU2RH</Computer><Security UserID='S-1-5-18'/></System><EventData><Data Name='RuleName'>Attack=None,Technique=None,Tactic=None,DS=Process: Process Termination,Level=0,Desc=Process Termination Events in System32</Data><Data Name='UtcTime'>2024-01-06 00:48:31.650</Data><Data Name='ProcessGuid'>{609d2670-a30a-6598-2b59-000000000f00}</Data><Data Name='ProcessId'>5000</Data><Data Name='Image'>C:\Windows\System32\conhost.exe</Data><Data Name='User'>DESKTOP-4BQU2RH\MS1</Data></EventData></Event>","2024-01-05T19:48:31.650-05:00",blocked,,,,,,0,6,48,january,31,saturday,2024,0,,"DESKTOP-4BQU2RH",,,,,"DESKTOP-4BQU2RH",,"ms-sysmon-process",,,,,,,,"DESKTOP-4BQU2RH",,,main,1,,,,,,,,"Microsoft Windows",,,,,,,,"C:\Windows\System32\conhost.exe",,"conhost.exe","{609d2670-a30a-6598-2b59-000000000f00}",,5000,,"conhost.exe","C:\Windows\System32\conhost.exe",,,"<_='://../////'><><_='--'_='{----}'/><></><></><><",,,,,,,,,,,,,,,,,,,"Process terminated",5,"XmlWinEventLog:Microsoft-Windows-Sysmon/Operational",xmlwineventlog,"DESKTOP-4BQU2RH",,,,,,,,,,,"process
report",,"process
report",,780,757,,,,,,,MS1,,"Microsoft Sysmon","'http://schemas.microsoft.com/win/2004/08/events/event'"
,None,,,,"DESKTOP-4BQU2RH",,,,"Process: Process Termination",Process,,,,,,,,,"Microsoft-Windows-Sysmon/Operational",5,"Process terminated",5,,,,,"'{5770385f-c22a-43e0-bf4c-06f5698ffbd9}'",,,"C:\Program Files\Wireshark\dumpcap.exe",,,,,0x8000000000000000,4,,,,"'Microsoft-Windows-Sysmon'",0,,,,,,,,"{609d2670-a30a-6598-2a59-000000000f00}","'3668'",5344,,,,,,457460,,"Attack=None,Technique=None,Tactic=None,DS=Process: Process Termination,Level=0,Desc=Process Termination Events in Program Files Directories",,,"S-1-5-18",,,,,,,,,"'2024-01-06T00:48:31.6480996Z'",None,,,5,None,,"'5444'","2024-01-06T00:48:31.6480996Z","DESKTOP-4BQU2RH\MS1","'S-1-5-18'","2024-01-06 00:48:31.647",3,"<Event xmlns='http://schemas.microsoft.com/win/2004/08/events/event'><System><Provider Name='Microsoft-Windows-Sysmon' Guid='{5770385f-c22a-43e0-bf4c-06f5698ffbd9}'/><EventID>5</EventID><Version>3</Version><Level>4</Level><Task>5</Task><Opcode>0</Opcode><Keywords>0x8000000000000000</Keywords><TimeCreated SystemTime='2024-01-06T00:48:31.6480996Z'/><EventRecordID>457460</EventRecordID><Correlation/><Execution ProcessID='3668' ThreadID='5444'/><Channel>Microsoft-Windows-Sysmon/Operational</Channel><Computer>DESKTOP-4BQU2RH</Computer><Security UserID='S-1-5-18'/></System><EventData><Data Name='RuleName'>Attack=None,Technique=None,Tactic=None,DS=Process: Process Termination,Level=0,Desc=Process Termination Events in Program Files Directories</Data><Data Name='UtcTime'>2024-01-06 00:48:31.647</Data><Data Name='ProcessGuid'>{609d2670-a30a-6598-2a59-000000000f00}</Data><Data Name='ProcessId'>5344</Data><Data Name='Image'>C:\Program Files\Wireshark\dumpcap.exe</Data><Data Name='User'>DESKTOP-4BQU2RH\MS1</Data></EventData></Event>","2024-01-05T19:48:31.647-05:00",blocked,,,,,,0,6,48,january,31,saturday,2024,0,,"DESKTOP-4BQU2RH",,,,,"DESKTOP-4BQU2RH",,"ms-sysmon-process",,,,,,,,"DESKTOP-4BQU2RH",,,main,1,,,,,,,,"Microsoft Windows",,,,,,,,"C:\Program Files\Wireshark\dumpcap.exe",,"dumpcap.exe","{609d2670-a30a-6598-2a59-000000000f00}",,5344,,"dumpcap.exe","C:\Program Files\Wireshark\dumpcap.exe",,,"<_='://../////'><><_='--'_='{----}'/><></><></><><",,,,,,,,,,,,,,,,,,,"Process terminated",5,"XmlWinEventLog:Microsoft-Windows-Sysmon/Operational",xmlwineventlog,"DESKTOP-4BQU2RH",,,,,,,,,,,"process
report",,"process
report",,797,774,,,,,,,MS1,,"Microsoft Sysmon","'http://schemas.microsoft.com/win/2004/08/events/event'"
,None,,,,"DESKTOP-4BQU2RH",,,,None,,,,,,,,,,"Microsoft-Windows-Sysmon/Operational",22,"DNSEvent (DNS query)",22,,,,,"'{5770385f-c22a-43e0-bf4c-06f5698ffbd9}'",,,"&lt;unknown process&gt;",,"Uncategorized Events</Data><Data Name='UtcTime'>2024-01-06 00:48:31.305</Data><Data Name='ProcessGuid'>{00000000-0000-0000-0000-000000000000}</Data><Data Name='ProcessId'>10580</Data><Data Name='QueryName'>beam.scs.splunk.com</Data><Data Name='QueryStatus'>0</Data><Data Name='QueryResults'>::ffff:13.249.39.54;::ffff:13.249.39.118;::ffff:13.249.39.104;::ffff:13.249.39.37;</Data><Data Name='Image'>",,,0x8000000000000000,4,,,,"'Microsoft-Windows-Sysmon'",0,,,,,,,,"{00000000-0000-0000-0000-000000000000}","'3668'",10580,,,"beam.scs.splunk.com","::ffff:13.249.39.54;::ffff:13.249.39.118;::ffff:13.249.39.104;::ffff:13.249.39.37;",0,457309,,"Attack=None,Technique=None,Tactic=None,DS=None,Information=Uncategorized Events",,,"S-1-5-18",,,,,,,,,"'2024-01-06T00:47:56.6061151Z'",None,,,22,None,,"'5468'","2024-01-06T00:47:56.6061151Z","NT AUTHORITY\SYSTEM","'S-1-5-18'","2024-01-06 00:48:31.305",5,"<Event xmlns='http://schemas.microsoft.com/win/2004/08/events/event'><System><Provider Name='Microsoft-Windows-Sysmon' Guid='{5770385f-c22a-43e0-bf4c-06f5698ffbd9}'/><EventID>22</EventID><Version>5</Version><Level>4</Level><Task>22</Task><Opcode>0</Opcode><Keywords>0x8000000000000000</Keywords><TimeCreated SystemTime='2024-01-06T00:47:56.6061151Z'/><EventRecordID>457309</EventRecordID><Correlation/><Execution ProcessID='3668' ThreadID='5468'/><Channel>Microsoft-Windows-Sysmon/Operational</Channel><Computer>DESKTOP-4BQU2RH</Computer><Security UserID='S-1-5-18'/></System><EventData><Data Name='RuleName'>Attack=None,Technique=None,Tactic=None,DS=None,Information=Uncategorized Events</Data><Data Name='UtcTime'>2024-01-06 00:48:31.305</Data><Data Name='ProcessGuid'>{00000000-0000-0000-0000-000000000000}</Data><Data Name='ProcessId'>10580</Data><Data Name='QueryName'>beam.scs.splunk.com</Data><Data Name='QueryStatus'>0</Data><Data Name='QueryResults'>::ffff:13.249.39.54;::ffff:13.249.39.118;::ffff:13.249.39.104;::ffff:13.249.39.37;</Data><Data Name='Image'>&lt;unknown process&gt;</Data><Data Name='User'>NT AUTHORITY\SYSTEM</Data></EventData></Event>","2024-01-05T19:48:31.305-05:00",,"::ffff:13.249.39.54
::ffff:13.249.39.118
::ffff:13.249.39.104
::ffff:13.249.39.37",4,,,,0,6,48,january,31,saturday,2024,0,,,,,,,"DESKTOP-4BQU2RH",,"ms-sysmon-dns",,,,,,,,"DESKTOP-4BQU2RH",,,main,1,,,,,,,,,,,,,,,,,,"&lt;unknown process&gt;","{00000000-0000-0000-0000-000000000000}",,,,"&lt;unknown process&gt;",,,,"<_='://../////'><><_='--'_='{----}'/><></><></><><","beam.scs.splunk.com",1,,,,,,,,0,,,,,,,,,"DNSEvent (DNS query)",22,"XmlWinEventLog:Microsoft-Windows-Sysmon/Operational",xmlwineventlog,"DESKTOP-4BQU2RH",,"DESKTOP-4BQU2RH",,,,,,,,,"dns
network
resolution",,"dns
network
resolution",,739,716,,,,,,,SYSTEM,,"Microsoft Sysmon","'http://schemas.microsoft.com/win/2004/08/events/event'"
,None,,,,"DESKTOP-4BQU2RH",,,,"Process: Process Termination",Process,,,,,,,,,"Microsoft-Windows-Sysmon/Operational",5,"Process terminated",5,,,,,"'{5770385f-c22a-43e0-bf4c-06f5698ffbd9}'",,,"C:\Program Files\Splunk\bin\python3.exe",,,,,0x8000000000000000,4,,,,"'Microsoft-Windows-Sysmon'",0,,,,,,,,"{609d2670-a356-6598-c959-000000000f00}","'3668'",7504,,,,,,457457,,"Attack=None,Technique=None,Tactic=None,DS=Process: Process Termination,Level=0,Desc=Process Termination Events in Program Files Directories",,,"S-1-5-18",,,,,,,,,"'2024-01-06T00:48:24.8476289Z'",None,,,5,None,,"'5444'","2024-01-06T00:48:24.8476289Z","NT AUTHORITY\SYSTEM","'S-1-5-18'","2024-01-06 00:48:24.846",3,"<Event xmlns='http://schemas.microsoft.com/win/2004/08/events/event'><System><Provider Name='Microsoft-Windows-Sysmon' Guid='{5770385f-c22a-43e0-bf4c-06f5698ffbd9}'/><EventID>5</EventID><Version>3</Version><Level>4</Level><Task>5</Task><Opcode>0</Opcode><Keywords>0x8000000000000000</Keywords><TimeCreated SystemTime='2024-01-06T00:48:24.8476289Z'/><EventRecordID>457457</EventRecordID><Correlation/><Execution ProcessID='3668' ThreadID='5444'/><Channel>Microsoft-Windows-Sysmon/Operational</Channel><Computer>DESKTOP-4BQU2RH</Computer><Security UserID='S-1-5-18'/></System><EventData><Data Name='RuleName'>Attack=None,Technique=None,Tactic=None,DS=Process: Process Termination,Level=0,Desc=Process Termination Events in Program Files Directories</Data><Data Name='UtcTime'>2024-01-06 00:48:24.846</Data><Data Name='ProcessGuid'>{609d2670-a356-6598-c959-000000000f00}</Data><Data Name='ProcessId'>7504</Data><Data Name='Image'>C:\Program Files\Splunk\bin\python3.exe</Data><Data Name='User'>NT AUTHORITY\SYSTEM</Data></EventData></Event>","2024-01-05T19:48:24.846-05:00",blocked,,,,,,0,6,48,january,24,saturday,2024,0,,"DESKTOP-4BQU2RH",,,,,"DESKTOP-4BQU2RH",,"ms-sysmon-process",,,,,,,,"DESKTOP-4BQU2RH",,,main,1,,,,,,,,"Microsoft Windows",,,,,,,,"C:\Program Files\Splunk\bin\python3.exe",,"python3.exe","{609d2670-a356-6598-c959-000000000f00}",,7504,,"python3.exe","C:\Program Files\Splunk\bin\python3.exe",,,"<_='://../////'><><_='--'_='{----}'/><></><></><><",,,,,,,,,,,,,,,,,,,"Process terminated",5,"XmlWinEventLog:Microsoft-Windows-Sysmon/Operational",xmlwineventlog,"DESKTOP-4BQU2RH",,,,,,,,,,,"process
report",,"process
report",,797,774,,,,,,,SYSTEM,,"Microsoft Sysmon","'http://schemas.microsoft.com/win/2004/08/events/event'"
,None,,,,"DESKTOP-4BQU2RH",,,,"Process: Process Termination",Process,,,,,,,,,"Microsoft-Windows-Sysmon/Operational",5,"Process terminated",5,,,,,"'{5770385f-c22a-43e0-bf4c-06f5698ffbd9}'",,,"C:\Program Files\Splunk\bin\btool.exe",,,,,0x8000000000000000,4,,,,"'Microsoft-Windows-Sysmon'",0,,,,,,,,"{609d2670-a358-6598-df59-000000000f00}","'3668'",6048,,,,,,457456,,"Attack=None,Technique=None,Tactic=None,DS=Process: Process Termination,Level=0,Desc=Process Termination Events in Program Files Directories",,,"S-1-5-18",,,,,,,,,"'2024-01-06T00:48:24.5948264Z'",None,,,5,None,,"'5444'","2024-01-06T00:48:24.5948264Z","NT AUTHORITY\SYSTEM","'S-1-5-18'","2024-01-06 00:48:24.594",3,"<Event xmlns='http://schemas.microsoft.com/win/2004/08/events/event'><System><Provider Name='Microsoft-Windows-Sysmon' Guid='{5770385f-c22a-43e0-bf4c-06f5698ffbd9}'/><EventID>5</EventID><Version>3</Version><Level>4</Level><Task>5</Task><Opcode>0</Opcode><Keywords>0x8000000000000000</Keywords><TimeCreated SystemTime='2024-01-06T00:48:24.5948264Z'/><EventRecordID>457456</EventRecordID><Correlation/><Execution ProcessID='3668' ThreadID='5444'/><Channel>Microsoft-Windows-Sysmon/Operational</Channel><Computer>DESKTOP-4BQU2RH</Computer><Security UserID='S-1-5-18'/></System><EventData><Data Name='RuleName'>Attack=None,Technique=None,Tactic=None,DS=Process: Process Termination,Level=0,Desc=Process Termination Events in Program Files Directories</Data><Data Name='UtcTime'>2024-01-06 00:48:24.594</Data><Data Name='ProcessGuid'>{609d2670-a358-6598-df59-000000000f00}</Data><Data Name='ProcessId'>6048</Data><Data Name='Image'>C:\Program Files\Splunk\bin\btool.exe</Data><Data Name='User'>NT AUTHORITY\SYSTEM</Data></EventData></Event>","2024-01-05T19:48:24.594-05:00",blocked,,,,,,0,6,48,january,24,saturday,2024,0,,"DESKTOP-4BQU2RH",,,,,"DESKTOP-4BQU2RH",,"ms-sysmon-process",,,,,,,,"DESKTOP-4BQU2RH",,,main,1,,,,,,,,"Microsoft Windows",,,,,,,,"C:\Program Files\Splunk\bin\btool.exe",,"btool.exe","{609d2670-a358-6598-df59-000000000f00}",,6048,,"btool.exe","C:\Program Files\Splunk\bin\btool.exe",,,"<_='://../////'><><_='--'_='{----}'/><></><></><><",,,,,,,,,,,,,,,,,,,"Process terminated",5,"XmlWinEventLog:Microsoft-Windows-Sysmon/Operational",xmlwineventlog,"DESKTOP-4BQU2RH",,,,,,,,,,,"process
report",,"process
report",,797,774,,,,,,,SYSTEM,,"Microsoft Sysmon","'http://schemas.microsoft.com/win/2004/08/events/event'"
,None,,,,"DESKTOP-4BQU2RH",,,,"Process: Process Termination",Process,,,,,,,,,"Microsoft-Windows-Sysmon/Operational",5,"Process terminated",5,,,,,"'{5770385f-c22a-43e0-bf4c-06f5698ffbd9}'",,,"C:\Program Files\Splunk\bin\splunkd.exe",,,,,0x8000000000000000,4,,,,"'Microsoft-Windows-Sysmon'",0,,,,,,,,"{609d2670-a358-6598-e059-000000000f00}","'3668'",10292,,,,,,457455,,"Attack=None,Technique=None,Tactic=None,DS=Process: Process Termination,Level=0,Desc=Process Termination Events in Program Files Directories",,,"S-1-5-18",,,,,,,,,"'2024-01-06T00:48:24.5917001Z'",None,,,5,None,,"'5444'","2024-01-06T00:48:24.5917001Z","NT AUTHORITY\SYSTEM","'S-1-5-18'","2024-01-06 00:48:24.590",3,"<Event xmlns='http://schemas.microsoft.com/win/2004/08/events/event'><System><Provider Name='Microsoft-Windows-Sysmon' Guid='{5770385f-c22a-43e0-bf4c-06f5698ffbd9}'/><EventID>5</EventID><Version>3</Version><Level>4</Level><Task>5</Task><Opcode>0</Opcode><Keywords>0x8000000000000000</Keywords><TimeCreated SystemTime='2024-01-06T00:48:24.5917001Z'/><EventRecordID>457455</EventRecordID><Correlation/><Execution ProcessID='3668' ThreadID='5444'/><Channel>Microsoft-Windows-Sysmon/Operational</Channel><Computer>DESKTOP-4BQU2RH</Computer><Security UserID='S-1-5-18'/></System><EventData><Data Name='RuleName'>Attack=None,Technique=None,Tactic=None,DS=Process: Process Termination,Level=0,Desc=Process Termination Events in Program Files Directories</Data><Data Name='UtcTime'>2024-01-06 00:48:24.590</Data><Data Name='ProcessGuid'>{609d2670-a358-6598-e059-000000000f00}</Data><Data Name='ProcessId'>10292</Data><Data Name='Image'>C:\Program Files\Splunk\bin\splunkd.exe</Data><Data Name='User'>NT AUTHORITY\SYSTEM</Data></EventData></Event>","2024-01-05T19:48:24.590-05:00",blocked,,,,,,0,6,48,january,24,saturday,2024,0,,"DESKTOP-4BQU2RH",,,,,"DESKTOP-4BQU2RH",,"ms-sysmon-process",,,,,,,,"DESKTOP-4BQU2RH",,,main,1,,,,,,,,"Microsoft Windows",,,,,,,,"C:\Program Files\Splunk\bin\splunkd.exe",,"splunkd.exe","{609d2670-a358-6598-e059-000000000f00}",,10292,,"splunkd.exe","C:\Program Files\Splunk\bin\splunkd.exe",,,"<_='://../////'><><_='--'_='{----}'/><></><></><><",,,,,,,,,,,,,,,,,,,"Process terminated",5,"XmlWinEventLog:Microsoft-Windows-Sysmon/Operational",xmlwineventlog,"DESKTOP-4BQU2RH",,,,,,,,,,,"process
report",,"process
report",,797,774,,,,,,,SYSTEM,,"Microsoft Sysmon","'http://schemas.microsoft.com/win/2004/08/events/event'"
,None,,,,"DESKTOP-4BQU2RH",,,,"Network Traffic: Network Connection Creation","Non-Browsers",,,"server-13-249-39-54.iad89.r.cloudfront.net","13.249.39.54",false,443,https,,"Microsoft-Windows-Sysmon/Operational",3,"Network connection",3,,,,,"'{5770385f-c22a-43e0-bf4c-06f5698ffbd9}'",,,"C:\Program Files\Splunk\bin\python3.exe",,,true,,0x8000000000000000,4,,,,"'Microsoft-Windows-Sysmon'",0,,,,,,,,"{609d2670-a356-6598-c959-000000000f00}","'3668'",7504,,tcp,,,,457458,,"Attack=None,Technique=None,Tactic=None,DS=Network Traffic: Network Connection Creation,Level=0,Desc=Non-Browsers Accessing HTTPS",,,"S-1-5-18",,,,"DESKTOP-4BQU2RH.lan","192.168.8.195",false,62782,"-","'2024-01-06T00:48:26.5880769Z'",None,,,3,None,,"'4776'","2024-01-06T00:48:26.5880769Z","NT AUTHORITY\SYSTEM","'S-1-5-18'","2024-01-06 00:48:24.510",5,"<Event xmlns='http://schemas.microsoft.com/win/2004/08/events/event'><System><Provider Name='Microsoft-Windows-Sysmon' Guid='{5770385f-c22a-43e0-bf4c-06f5698ffbd9}'/><EventID>3</EventID><Version>5</Version><Level>4</Level><Task>3</Task><Opcode>0</Opcode><Keywords>0x8000000000000000</Keywords><TimeCreated SystemTime='2024-01-06T00:48:26.5880769Z'/><EventRecordID>457458</EventRecordID><Correlation/><Execution ProcessID='3668' ThreadID='4776'/><Channel>Microsoft-Windows-Sysmon/Operational</Channel><Computer>DESKTOP-4BQU2RH</Computer><Security UserID='S-1-5-18'/></System><EventData><Data Name='RuleName'>Attack=None,Technique=None,Tactic=None,DS=Network Traffic: Network Connection Creation,Level=0,Desc=Non-Browsers Accessing HTTPS</Data><Data Name='UtcTime'>2024-01-06 00:48:24.510</Data><Data Name='ProcessGuid'>{609d2670-a356-6598-c959-000000000f00}</Data><Data Name='ProcessId'>7504</Data><Data Name='Image'>C:\Program Files\Splunk\bin\python3.exe</Data><Data Name='User'>NT AUTHORITY\SYSTEM</Data><Data Name='Protocol'>tcp</Data><Data Name='Initiated'>true</Data><Data Name='SourceIsIpv6'>false</Data><Data Name='SourceIp'>192.168.8.195</Data><Data Name='SourceHostname'>DESKTOP-4BQU2RH.lan</Data><Data Name='SourcePort'>62782</Data><Data Name='SourcePortName'>-</Data><Data Name='DestinationIsIpv6'>false</Data><Data Name='DestinationIp'>13.249.39.54</Data><Data Name='DestinationHostname'>server-13-249-39-54.iad89.r.cloudfront.net</Data><Data Name='DestinationPort'>443</Data><Data Name='DestinationPortName'>https</Data></EventData></Event>","2024-01-05T19:48:24.510-05:00",allowed,,,"C:\Program Files\Splunk\bin\python3.exe",,"2024-01-06 00:48:24.510",0,6,48,january,24,saturday,2024,0,,"server-13-249-39-54.iad89.r.cloudfront.net","server-13-249-39-54.iad89.r.cloudfront.net","13.249.39.54",443,outbound,"DESKTOP-4BQU2RH","192.168.8.195","ms-sysmon-network",,,,,,,,"DESKTOP-4BQU2RH",,,main,1,,,,,,,,,,,,,,,,,,"python3.exe","{609d2670-a356-6598-c959-000000000f00}",,7504,,"python3.exe",,ip,ipv4,"<_='://../////'><><_='--'_='{----}'/><></><></><><",,,,,,,,,,,,"Attack=None,Technique=None,Tactic=None,DS=Network Traffic: Network Connection Creation,Level=0,Desc=Non-Browsers Accessing HTTPS",,,,,,,"Network connection",3,"XmlWinEventLog:Microsoft-Windows-Sysmon/Operational",xmlwineventlog,"DESKTOP-4BQU2RH",,"DESKTOP-4BQU2RH.lan",,,"DESKTOP-4BQU2RH.lan","192.168.8.195",,62782,established,,"communicate
network",,"communicate
network",,786,763,tcp,"tcp/443",,,,,SYSTEM,,"Microsoft Sysmon","'http://schemas.microsoft.com/win/2004/08/events/event'"
,None,,,,"DESKTOP-4BQU2RH",,,,"Named Pipe: Named Pipe Metadata","Anonymous Named Pipe Detected</Data><Data Name='EventType'>CreatePipe</Data><Data Name='UtcTime'>2024-01-06 00:48:24.452</Data><Data Name='ProcessGuid'>{609d2670-a356-6598-c959-000000000f00}</Data><Data Name='ProcessId'>7504</Data><Data Name='PipeName'>",,,,,,,,,"Microsoft-Windows-Sysmon/Operational",17,"PipeEvent (Pipe Created)",17,CreatePipe,,,,"'{5770385f-c22a-43e0-bf4c-06f5698ffbd9}'",,,"C:\Program Files\Splunk\bin\Python3.exe",,,,,0x8000000000000000,4,,,,"'Microsoft-Windows-Sysmon'",0,,,,,,,"&lt;Anonymous Pipe&gt;","{609d2670-a356-6598-c959-000000000f00}","'3668'",7504,,,,,,457454,,"Attack=None,Technique=None,Tactic=None,DS=Named Pipe: Named Pipe Metadata,Level=0,Desc=Anonymous Named Pipe Detected",,,"S-1-5-18",,,,,,,,,"'2024-01-06T00:48:24.4537032Z'",None,,,17,None,,"'5444'","2024-01-06T00:48:24.4537032Z","NT AUTHORITY\SYSTEM","'S-1-5-18'","2024-01-06 00:48:24.452",1,"<Event xmlns='http://schemas.microsoft.com/win/2004/08/events/event'><System><Provider Name='Microsoft-Windows-Sysmon' Guid='{5770385f-c22a-43e0-bf4c-06f5698ffbd9}'/><EventID>17</EventID><Version>1</Version><Level>4</Level><Task>17</Task><Opcode>0</Opcode><Keywords>0x8000000000000000</Keywords><TimeCreated SystemTime='2024-01-06T00:48:24.4537032Z'/><EventRecordID>457454</EventRecordID><Correlation/><Execution ProcessID='3668' ThreadID='5444'/><Channel>Microsoft-Windows-Sysmon/Operational</Channel><Computer>DESKTOP-4BQU2RH</Computer><Security UserID='S-1-5-18'/></System><EventData><Data Name='RuleName'>Attack=None,Technique=None,Tactic=None,DS=Named Pipe: Named Pipe Metadata,Level=0,Desc=Anonymous Named Pipe Detected</Data><Data Name='EventType'>CreatePipe</Data><Data Name='UtcTime'>2024-01-06 00:48:24.452</Data><Data Name='ProcessGuid'>{609d2670-a356-6598-c959-000000000f00}</Data><Data Name='ProcessId'>7504</Data><Data Name='PipeName'>&lt;Anonymous Pipe&gt;</Data><Data Name='Image'>C:\Program Files\Splunk\bin\Python3.exe</Data><Data Name='User'>NT AUTHORITY\SYSTEM</Data></EventData></Event>","2024-01-05T19:48:24.452-05:00",allowed,,,,,,0,6,48,january,24,saturday,2024,0,,"DESKTOP-4BQU2RH",,,,,"DESKTOP-4BQU2RH",,"ms-sysmon-process",,,,,,,,"DESKTOP-4BQU2RH",,,main,1,,,,,,,,"Microsoft Windows",,,,,,,"&lt;Anonymous Pipe&gt;",,,"Python3.exe","{609d2670-a356-6598-c959-000000000f00}",,7504,,"Python3.exe","C:\Program Files\Splunk\bin\Python3.exe",,,"<_='://../////'><><_='--'_='{----}'/><></><></><><",,,,,,,,,,,,,,,,,,,"PipeEvent (Pipe Created)",17,"XmlWinEventLog:Microsoft-Windows-Sysmon/Operational",xmlwineventlog,"DESKTOP-4BQU2RH",,,,,,,,,,,"process
report",,"process
report",,816,793,,,,,,,SYSTEM,,"Microsoft Sysmon","'http://schemas.microsoft.com/win/2004/08/events/event'"
,None,,,,"DESKTOP-4BQU2RH",,,,"Named Pipe: Named Pipe Metadata","Anonymous Named Pipe Detected</Data><Data Name='EventType'>CreatePipe</Data><Data Name='UtcTime'>2024-01-06 00:48:24.452</Data><Data Name='ProcessGuid'>{609d2670-a356-6598-c959-000000000f00}</Data><Data Name='ProcessId'>7504</Data><Data Name='PipeName'>",,,,,,,,,"Microsoft-Windows-Sysmon/Operational",17,"PipeEvent (Pipe Created)",17,CreatePipe,,,,"'{5770385f-c22a-43e0-bf4c-06f5698ffbd9}'",,,"C:\Program Files\Splunk\bin\Python3.exe",,,,,0x8000000000000000,4,,,,"'Microsoft-Windows-Sysmon'",0,,,,,,,"&lt;Anonymous Pipe&gt;","{609d2670-a356-6598-c959-000000000f00}","'3668'",7504,,,,,,457453,,"Attack=None,Technique=None,Tactic=None,DS=Named Pipe: Named Pipe Metadata,Level=0,Desc=Anonymous Named Pipe Detected",,,"S-1-5-18",,,,,,,,,"'2024-01-06T00:48:24.4536435Z'",None,,,17,None,,"'5444'","2024-01-06T00:48:24.4536435Z","NT AUTHORITY\SYSTEM","'S-1-5-18'","2024-01-06 00:48:24.452",1,"<Event xmlns='http://schemas.microsoft.com/win/2004/08/events/event'><System><Provider Name='Microsoft-Windows-Sysmon' Guid='{5770385f-c22a-43e0-bf4c-06f5698ffbd9}'/><EventID>17</EventID><Version>1</Version><Level>4</Level><Task>17</Task><Opcode>0</Opcode><Keywords>0x8000000000000000</Keywords><TimeCreated SystemTime='2024-01-06T00:48:24.4536435Z'/><EventRecordID>457453</EventRecordID><Correlation/><Execution ProcessID='3668' ThreadID='5444'/><Channel>Microsoft-Windows-Sysmon/Operational</Channel><Computer>DESKTOP-4BQU2RH</Computer><Security UserID='S-1-5-18'/></System><EventData><Data Name='RuleName'>Attack=None,Technique=None,Tactic=None,DS=Named Pipe: Named Pipe Metadata,Level=0,Desc=Anonymous Named Pipe Detected</Data><Data Name='EventType'>CreatePipe</Data><Data Name='UtcTime'>2024-01-06 00:48:24.452</Data><Data Name='ProcessGuid'>{609d2670-a356-6598-c959-000000000f00}</Data><Data Name='ProcessId'>7504</Data><Data Name='PipeName'>&lt;Anonymous Pipe&gt;</Data><Data Name='Image'>C:\Program Files\Splunk\bin\Python3.exe</Data><Data Name='User'>NT AUTHORITY\SYSTEM</Data></EventData></Event>","2024-01-05T19:48:24.452-05:00",allowed,,,,,,0,6,48,january,24,saturday,2024,0,,"DESKTOP-4BQU2RH",,,,,"DESKTOP-4BQU2RH",,"ms-sysmon-process",,,,,,,,"DESKTOP-4BQU2RH",,,main,1,,,,,,,,"Microsoft Windows",,,,,,,"&lt;Anonymous Pipe&gt;",,,"Python3.exe","{609d2670-a356-6598-c959-000000000f00}",,7504,,"Python3.exe","C:\Program Files\Splunk\bin\Python3.exe",,,"<_='://../////'><><_='--'_='{----}'/><></><></><><",,,,,,,,,,,,,,,,,,,"PipeEvent (Pipe Created)",17,"XmlWinEventLog:Microsoft-Windows-Sysmon/Operational",xmlwineventlog,"DESKTOP-4BQU2RH",,,,,,,,,,,"process
report",,"process
report",,816,793,,,,,,,SYSTEM,,"Microsoft Sysmon","'http://schemas.microsoft.com/win/2004/08/events/event'"
,None,,,,"DESKTOP-4BQU2RH",,,,"Process: Process Termination",Process,,,,,,,,,"Microsoft-Windows-Sysmon/Operational",5,"Process terminated",5,,,,,"'{5770385f-c22a-43e0-bf4c-06f5698ffbd9}'",,,"C:\Program Files\Splunk\bin\btool.exe",,,,,0x8000000000000000,4,,,,"'Microsoft-Windows-Sysmon'",0,,,,,,,,"{609d2670-a358-6598-dd59-000000000f00}","'3668'",4964,,,,,,457452,,"Attack=None,Technique=None,Tactic=None,DS=Process: Process Termination,Level=0,Desc=Process Termination Events in Program Files Directories",,,"S-1-5-18",,,,,,,,,"'2024-01-06T00:48:24.4523569Z'",None,,,5,None,,"'5444'","2024-01-06T00:48:24.4523569Z","NT AUTHORITY\SYSTEM","'S-1-5-18'","2024-01-06 00:48:24.451",3,"<Event xmlns='http://schemas.microsoft.com/win/2004/08/events/event'><System><Provider Name='Microsoft-Windows-Sysmon' Guid='{5770385f-c22a-43e0-bf4c-06f5698ffbd9}'/><EventID>5</EventID><Version>3</Version><Level>4</Level><Task>5</Task><Opcode>0</Opcode><Keywords>0x8000000000000000</Keywords><TimeCreated SystemTime='2024-01-06T00:48:24.4523569Z'/><EventRecordID>457452</EventRecordID><Correlation/><Execution ProcessID='3668' ThreadID='5444'/><Channel>Microsoft-Windows-Sysmon/Operational</Channel><Computer>DESKTOP-4BQU2RH</Computer><Security UserID='S-1-5-18'/></System><EventData><Data Name='RuleName'>Attack=None,Technique=None,Tactic=None,DS=Process: Process Termination,Level=0,Desc=Process Termination Events in Program Files Directories</Data><Data Name='UtcTime'>2024-01-06 00:48:24.451</Data><Data Name='ProcessGuid'>{609d2670-a358-6598-dd59-000000000f00}</Data><Data Name='ProcessId'>4964</Data><Data Name='Image'>C:\Program Files\Splunk\bin\btool.exe</Data><Data Name='User'>NT AUTHORITY\SYSTEM</Data></EventData></Event>","2024-01-05T19:48:24.451-05:00",blocked,,,,,,0,6,48,january,24,saturday,2024,0,,"DESKTOP-4BQU2RH",,,,,"DESKTOP-4BQU2RH",,"ms-sysmon-process",,,,,,,,"DESKTOP-4BQU2RH",,,main,1,,,,,,,,"Microsoft Windows",,,,,,,,"C:\Program Files\Splunk\bin\btool.exe",,"btool.exe","{609d2670-a358-6598-dd59-000000000f00}",,4964,,"btool.exe","C:\Program Files\Splunk\bin\btool.exe",,,"<_='://../////'><><_='--'_='{----}'/><></><></><><",,,,,,,,,,,,,,,,,,,"Process terminated",5,"XmlWinEventLog:Microsoft-Windows-Sysmon/Operational",xmlwineventlog,"DESKTOP-4BQU2RH",,,,,,,,,,,"process
report",,"process
report",,797,774,,,,,,,SYSTEM,,"Microsoft Sysmon","'http://schemas.microsoft.com/win/2004/08/events/event'"
