,None,,,,"DESKTOP-4BQU2RH",,,,"Named Pipe: Named Pipe Metadata","Anonymous Named Pipe Detected</Data><Data Name='EventType'>CreatePipe</Data><Data Name='UtcTime'>2024-01-06 00:49:23.653</Data><Data Name='ProcessGuid'>{609d2670-a392-6598-3f5a-000000000f00}</Data><Data Name='ProcessId'>9060</Data><Data Name='PipeName'>",,,,,,,,,"Microsoft-Windows-Sysmon/Operational",17,"PipeEvent (Pipe Created)",17,CreatePipe,,,,"'{5770385f-c22a-43e0-bf4c-06f5698ffbd9}'",,,"C:\Program Files\Splunk\bin\Python3.exe",,,,,0x8000000000000000,4,,,,"'Microsoft-Windows-Sysmon'",0,,,,,,,"&lt;Anonymous Pipe&gt;","{609d2670-a392-6598-3f5a-000000000f00}","'3668'",9060,,,,,,457744,,"Attack=None,Technique=None,Tactic=None,DS=Named Pipe: Named Pipe Metadata,Level=0,Desc=Anonymous Named Pipe Detected",,,"S-1-5-18",,,,,,,,,"'2024-01-06T00:49:23.6581152Z'",None,,,17,None,,"'5444'","2024-01-06T00:49:23.6581152Z","NT AUTHORITY\SYSTEM","'S-1-5-18'","2024-01-06 00:49:23.653",1,"<Event xmlns='http://schemas.microsoft.com/win/2004/08/events/event'><System><Provider Name='Microsoft-Windows-Sysmon' Guid='{5770385f-c22a-43e0-bf4c-06f5698ffbd9}'/><EventID>17</EventID><Version>1</Version><Level>4</Level><Task>17</Task><Opcode>0</Opcode><Keywords>0x8000000000000000</Keywords><TimeCreated SystemTime='2024-01-06T00:49:23.6581152Z'/><EventRecordID>457744</EventRecordID><Correlation/><Execution ProcessID='3668' ThreadID='5444'/><Channel>Microsoft-Windows-Sysmon/Operational</Channel><Computer>DESKTOP-4BQU2RH</Computer><Security UserID='S-1-5-18'/></System><EventData><Data Name='RuleName'>Attack=None,Technique=None,Tactic=None,DS=Named Pipe: Named Pipe Metadata,Level=0,Desc=Anonymous Named Pipe Detected</Data><Data Name='EventType'>CreatePipe</Data><Data Name='UtcTime'>2024-01-06 00:49:23.653</Data><Data Name='ProcessGuid'>{609d2670-a392-6598-3f5a-000000000f00}</Data><Data Name='ProcessId'>9060</Data><Data Name='PipeName'>&lt;Anonymous Pipe&gt;</Data><Data Name='Image'>C:\Program Files\Splunk\bin\Python3.exe</Data><Data Name='User'>NT AUTHORITY\SYSTEM</Data></EventData></Event>","2024-01-05T19:49:23.653-05:00",allowed,,,,,,0,6,49,january,23,saturday,2024,0,,"DESKTOP-4BQU2RH",,,,,"DESKTOP-4BQU2RH",,"ms-sysmon-process",,,,,,,,"DESKTOP-4BQU2RH",,,main,1,,,,,,,,"Microsoft Windows",,,,,,,"&lt;Anonymous Pipe&gt;",,,"Python3.exe","{609d2670-a392-6598-3f5a-000000000f00}",,9060,,"Python3.exe","C:\Program Files\Splunk\bin\Python3.exe",,,"<_='://../////'><><_='--'_='{----}'/><></><></><><",,,,,,,,,,,,,,,,,,,"PipeEvent (Pipe Created)",17,"XmlWinEventLog:Microsoft-Windows-Sysmon/Operational",xmlwineventlog,"DESKTOP-4BQU2RH",,,,,,,,,,,"process
report",,"process
report",,816,793,,,,,,,SYSTEM,,"Microsoft Sysmon","'http://schemas.microsoft.com/win/2004/08/events/event'"
,None,,,,"DESKTOP-4BQU2RH",,,,"Process: Process Termination",Process,,,,,,,,,"Microsoft-Windows-Sysmon/Operational",5,"Process terminated",5,,,,,"'{5770385f-c22a-43e0-bf4c-06f5698ffbd9}'",,,"C:\Program Files\Splunk\bin\splunkd.exe",,,,,0x8000000000000000,4,,,,"'Microsoft-Windows-Sysmon'",0,,,,,,,,"{609d2670-a393-6598-485a-000000000f00}","'3668'",6492,,,,,,457743,,"Attack=None,Technique=None,Tactic=None,DS=Process: Process Termination,Level=0,Desc=Process Termination Events in Program Files Directories",,,"S-1-5-18",,,,,,,,,"'2024-01-06T00:49:23.6233976Z'",None,,,5,None,,"'5444'","2024-01-06T00:49:23.6233976Z","NT AUTHORITY\SYSTEM","'S-1-5-18'","2024-01-06 00:49:23.622",3,"<Event xmlns='http://schemas.microsoft.com/win/2004/08/events/event'><System><Provider Name='Microsoft-Windows-Sysmon' Guid='{5770385f-c22a-43e0-bf4c-06f5698ffbd9}'/><EventID>5</EventID><Version>3</Version><Level>4</Level><Task>5</Task><Opcode>0</Opcode><Keywords>0x8000000000000000</Keywords><TimeCreated SystemTime='2024-01-06T00:49:23.6233976Z'/><EventRecordID>457743</EventRecordID><Correlation/><Execution ProcessID='3668' ThreadID='5444'/><Channel>Microsoft-Windows-Sysmon/Operational</Channel><Computer>DESKTOP-4BQU2RH</Computer><Security UserID='S-1-5-18'/></System><EventData><Data Name='RuleName'>Attack=None,Technique=None,Tactic=None,DS=Process: Process Termination,Level=0,Desc=Process Termination Events in Program Files Directories</Data><Data Name='UtcTime'>2024-01-06 00:49:23.622</Data><Data Name='ProcessGuid'>{609d2670-a393-6598-485a-000000000f00}</Data><Data Name='ProcessId'>6492</Data><Data Name='Image'>C:\Program Files\Splunk\bin\splunkd.exe</Data><Data Name='User'>NT AUTHORITY\SYSTEM</Data></EventData></Event>","2024-01-05T19:49:23.622-05:00",blocked,,,,,,0,6,49,january,23,saturday,2024,0,,"DESKTOP-4BQU2RH",,,,,"DESKTOP-4BQU2RH",,"ms-sysmon-process",,,,,,,,"DESKTOP-4BQU2RH",,,main,1,,,,,,,,"Microsoft Windows",,,,,,,,"C:\Program Files\Splunk\bin\splunkd.exe",,"splunkd.exe","{609d2670-a393-6598-485a-000000000f00}",,6492,,"splunkd.exe","C:\Program Files\Splunk\bin\splunkd.exe",,,"<_='://../////'><><_='--'_='{----}'/><></><></><><",,,,,,,,,,,,,,,,,,,"Process terminated",5,"XmlWinEventLog:Microsoft-Windows-Sysmon/Operational",xmlwineventlog,"DESKTOP-4BQU2RH",,,,,,,,,,,"process
report",,"process
report",,797,774,,,,,,,SYSTEM,,"Microsoft Sysmon","'http://schemas.microsoft.com/win/2004/08/events/event'"
,None,,,,"DESKTOP-4BQU2RH",,,,"Process: Process Termination",Process,,,,,,,,,"Microsoft-Windows-Sysmon/Operational",5,"Process terminated",5,,,,,"'{5770385f-c22a-43e0-bf4c-06f5698ffbd9}'",,,"C:\Program Files\Splunk\bin\btool.exe",,,,,0x8000000000000000,4,,,,"'Microsoft-Windows-Sysmon'",0,,,,,,,,"{609d2670-a393-6598-455a-000000000f00}","'3668'",7556,,,,,,457742,,"Attack=None,Technique=None,Tactic=None,DS=Process: Process Termination,Level=0,Desc=Process Termination Events in Program Files Directories",,,"S-1-5-18",,,,,,,,,"'2024-01-06T00:49:23.6143461Z'",None,,,5,None,,"'5444'","2024-01-06T00:49:23.6143461Z","NT AUTHORITY\SYSTEM","'S-1-5-18'","2024-01-06 00:49:23.613",3,"<Event xmlns='http://schemas.microsoft.com/win/2004/08/events/event'><System><Provider Name='Microsoft-Windows-Sysmon' Guid='{5770385f-c22a-43e0-bf4c-06f5698ffbd9}'/><EventID>5</EventID><Version>3</Version><Level>4</Level><Task>5</Task><Opcode>0</Opcode><Keywords>0x8000000000000000</Keywords><TimeCreated SystemTime='2024-01-06T00:49:23.6143461Z'/><EventRecordID>457742</EventRecordID><Correlation/><Execution ProcessID='3668' ThreadID='5444'/><Channel>Microsoft-Windows-Sysmon/Operational</Channel><Computer>DESKTOP-4BQU2RH</Computer><Security UserID='S-1-5-18'/></System><EventData><Data Name='RuleName'>Attack=None,Technique=None,Tactic=None,DS=Process: Process Termination,Level=0,Desc=Process Termination Events in Program Files Directories</Data><Data Name='UtcTime'>2024-01-06 00:49:23.613</Data><Data Name='ProcessGuid'>{609d2670-a393-6598-455a-000000000f00}</Data><Data Name='ProcessId'>7556</Data><Data Name='Image'>C:\Program Files\Splunk\bin\btool.exe</Data><Data Name='User'>NT AUTHORITY\SYSTEM</Data></EventData></Event>","2024-01-05T19:49:23.613-05:00",blocked,,,,,,0,6,49,january,23,saturday,2024,0,,"DESKTOP-4BQU2RH",,,,,"DESKTOP-4BQU2RH",,"ms-sysmon-process",,,,,,,,"DESKTOP-4BQU2RH",,,main,1,,,,,,,,"Microsoft Windows",,,,,,,,"C:\Program Files\Splunk\bin\btool.exe",,"btool.exe","{609d2670-a393-6598-455a-000000000f00}",,7556,,"btool.exe","C:\Program Files\Splunk\bin\btool.exe",,,"<_='://../////'><><_='--'_='{----}'/><></><></><><",,,,,,,,,,,,,,,,,,,"Process terminated",5,"XmlWinEventLog:Microsoft-Windows-Sysmon/Operational",xmlwineventlog,"DESKTOP-4BQU2RH",,,,,,,,,,,"process
report",,"process
report",,797,774,,,,,,,SYSTEM,,"Microsoft Sysmon","'http://schemas.microsoft.com/win/2004/08/events/event'"
,None,,,,"DESKTOP-4BQU2RH",,,,"Process: Process Termination",Process,,,,,,,,,"Microsoft-Windows-Sysmon/Operational",5,"Process terminated",5,,,,,"'{5770385f-c22a-43e0-bf4c-06f5698ffbd9}'",,,"C:\Program Files\Splunk\bin\splunkd.exe",,,,,0x8000000000000000,4,,,,"'Microsoft-Windows-Sysmon'",0,,,,,,,,"{609d2670-a393-6598-465a-000000000f00}","'3668'",9484,,,,,,457741,,"Attack=None,Technique=None,Tactic=None,DS=Process: Process Termination,Level=0,Desc=Process Termination Events in Program Files Directories",,,"S-1-5-18",,,,,,,,,"'2024-01-06T00:49:23.6133679Z'",None,,,5,None,,"'5444'","2024-01-06T00:49:23.6133679Z","NT AUTHORITY\SYSTEM","'S-1-5-18'","2024-01-06 00:49:23.609",3,"<Event xmlns='http://schemas.microsoft.com/win/2004/08/events/event'><System><Provider Name='Microsoft-Windows-Sysmon' Guid='{5770385f-c22a-43e0-bf4c-06f5698ffbd9}'/><EventID>5</EventID><Version>3</Version><Level>4</Level><Task>5</Task><Opcode>0</Opcode><Keywords>0x8000000000000000</Keywords><TimeCreated SystemTime='2024-01-06T00:49:23.6133679Z'/><EventRecordID>457741</EventRecordID><Correlation/><Execution ProcessID='3668' ThreadID='5444'/><Channel>Microsoft-Windows-Sysmon/Operational</Channel><Computer>DESKTOP-4BQU2RH</Computer><Security UserID='S-1-5-18'/></System><EventData><Data Name='RuleName'>Attack=None,Technique=None,Tactic=None,DS=Process: Process Termination,Level=0,Desc=Process Termination Events in Program Files Directories</Data><Data Name='UtcTime'>2024-01-06 00:49:23.609</Data><Data Name='ProcessGuid'>{609d2670-a393-6598-465a-000000000f00}</Data><Data Name='ProcessId'>9484</Data><Data Name='Image'>C:\Program Files\Splunk\bin\splunkd.exe</Data><Data Name='User'>NT AUTHORITY\SYSTEM</Data></EventData></Event>","2024-01-05T19:49:23.609-05:00",blocked,,,,,,0,6,49,january,23,saturday,2024,0,,"DESKTOP-4BQU2RH",,,,,"DESKTOP-4BQU2RH",,"ms-sysmon-process",,,,,,,,"DESKTOP-4BQU2RH",,,main,1,,,,,,,,"Microsoft Windows",,,,,,,,"C:\Program Files\Splunk\bin\splunkd.exe",,"splunkd.exe","{609d2670-a393-6598-465a-000000000f00}",,9484,,"splunkd.exe","C:\Program Files\Splunk\bin\splunkd.exe",,,"<_='://../////'><><_='--'_='{----}'/><></><></><><",,,,,,,,,,,,,,,,,,,"Process terminated",5,"XmlWinEventLog:Microsoft-Windows-Sysmon/Operational",xmlwineventlog,"DESKTOP-4BQU2RH",,,,,,,,,,,"process
report",,"process
report",,797,774,,,,,,,SYSTEM,,"Microsoft Sysmon","'http://schemas.microsoft.com/win/2004/08/events/event'"
,None,,,,"DESKTOP-4BQU2RH",,,,"Named Pipe: Named Pipe Metadata","Anonymous Named Pipe Detected</Data><Data Name='EventType'>CreatePipe</Data><Data Name='UtcTime'>2024-01-06 00:49:23.501</Data><Data Name='ProcessGuid'>{609d2670-a392-6598-415a-000000000f00}</Data><Data Name='ProcessId'>6392</Data><Data Name='PipeName'>",,,,,,,,,"Microsoft-Windows-Sysmon/Operational",17,"PipeEvent (Pipe Created)",17,CreatePipe,,,,"'{5770385f-c22a-43e0-bf4c-06f5698ffbd9}'",,,"C:\Program Files\Splunk\bin\Python3.exe",,,,,0x8000000000000000,4,,,,"'Microsoft-Windows-Sysmon'",0,,,,,,,"&lt;Anonymous Pipe&gt;","{609d2670-a392-6598-415a-000000000f00}","'3668'",6392,,,,,,457740,,"Attack=None,Technique=None,Tactic=None,DS=Named Pipe: Named Pipe Metadata,Level=0,Desc=Anonymous Named Pipe Detected",,,"S-1-5-18",,,,,,,,,"'2024-01-06T00:49:23.5048057Z'",None,,,17,None,,"'5444'","2024-01-06T00:49:23.5048057Z","NT AUTHORITY\SYSTEM","'S-1-5-18'","2024-01-06 00:49:23.501",1,"<Event xmlns='http://schemas.microsoft.com/win/2004/08/events/event'><System><Provider Name='Microsoft-Windows-Sysmon' Guid='{5770385f-c22a-43e0-bf4c-06f5698ffbd9}'/><EventID>17</EventID><Version>1</Version><Level>4</Level><Task>17</Task><Opcode>0</Opcode><Keywords>0x8000000000000000</Keywords><TimeCreated SystemTime='2024-01-06T00:49:23.5048057Z'/><EventRecordID>457740</EventRecordID><Correlation/><Execution ProcessID='3668' ThreadID='5444'/><Channel>Microsoft-Windows-Sysmon/Operational</Channel><Computer>DESKTOP-4BQU2RH</Computer><Security UserID='S-1-5-18'/></System><EventData><Data Name='RuleName'>Attack=None,Technique=None,Tactic=None,DS=Named Pipe: Named Pipe Metadata,Level=0,Desc=Anonymous Named Pipe Detected</Data><Data Name='EventType'>CreatePipe</Data><Data Name='UtcTime'>2024-01-06 00:49:23.501</Data><Data Name='ProcessGuid'>{609d2670-a392-6598-415a-000000000f00}</Data><Data Name='ProcessId'>6392</Data><Data Name='PipeName'>&lt;Anonymous Pipe&gt;</Data><Data Name='Image'>C:\Program Files\Splunk\bin\Python3.exe</Data><Data Name='User'>NT AUTHORITY\SYSTEM</Data></EventData></Event>","2024-01-05T19:49:23.501-05:00",allowed,,,,,,0,6,49,january,23,saturday,2024,0,,"DESKTOP-4BQU2RH",,,,,"DESKTOP-4BQU2RH",,"ms-sysmon-process",,,,,,,,"DESKTOP-4BQU2RH",,,main,1,,,,,,,,"Microsoft Windows",,,,,,,"&lt;Anonymous Pipe&gt;",,,"Python3.exe","{609d2670-a392-6598-415a-000000000f00}",,6392,,"Python3.exe","C:\Program Files\Splunk\bin\Python3.exe",,,"<_='://../////'><><_='--'_='{----}'/><></><></><><",,,,,,,,,,,,,,,,,,,"PipeEvent (Pipe Created)",17,"XmlWinEventLog:Microsoft-Windows-Sysmon/Operational",xmlwineventlog,"DESKTOP-4BQU2RH",,,,,,,,,,,"process
report",,"process
report",,816,793,,,,,,,SYSTEM,,"Microsoft Sysmon","'http://schemas.microsoft.com/win/2004/08/events/event'"
,None,,,,"DESKTOP-4BQU2RH",,,,"Named Pipe: Named Pipe Metadata","Anonymous Named Pipe Detected</Data><Data Name='EventType'>CreatePipe</Data><Data Name='UtcTime'>2024-01-06 00:49:23.501</Data><Data Name='ProcessGuid'>{609d2670-a392-6598-415a-000000000f00}</Data><Data Name='ProcessId'>6392</Data><Data Name='PipeName'>",,,,,,,,,"Microsoft-Windows-Sysmon/Operational",17,"PipeEvent (Pipe Created)",17,CreatePipe,,,,"'{5770385f-c22a-43e0-bf4c-06f5698ffbd9}'",,,"C:\Program Files\Splunk\bin\Python3.exe",,,,,0x8000000000000000,4,,,,"'Microsoft-Windows-Sysmon'",0,,,,,,,"&lt;Anonymous Pipe&gt;","{609d2670-a392-6598-415a-000000000f00}","'3668'",6392,,,,,,457739,,"Attack=None,Technique=None,Tactic=None,DS=Named Pipe: Named Pipe Metadata,Level=0,Desc=Anonymous Named Pipe Detected",,,"S-1-5-18",,,,,,,,,"'2024-01-06T00:49:23.5047599Z'",None,,,17,None,,"'5444'","2024-01-06T00:49:23.5047599Z","NT AUTHORITY\SYSTEM","'S-1-5-18'","2024-01-06 00:49:23.501",1,"<Event xmlns='http://schemas.microsoft.com/win/2004/08/events/event'><System><Provider Name='Microsoft-Windows-Sysmon' Guid='{5770385f-c22a-43e0-bf4c-06f5698ffbd9}'/><EventID>17</EventID><Version>1</Version><Level>4</Level><Task>17</Task><Opcode>0</Opcode><Keywords>0x8000000000000000</Keywords><TimeCreated SystemTime='2024-01-06T00:49:23.5047599Z'/><EventRecordID>457739</EventRecordID><Correlation/><Execution ProcessID='3668' ThreadID='5444'/><Channel>Microsoft-Windows-Sysmon/Operational</Channel><Computer>DESKTOP-4BQU2RH</Computer><Security UserID='S-1-5-18'/></System><EventData><Data Name='RuleName'>Attack=None,Technique=None,Tactic=None,DS=Named Pipe: Named Pipe Metadata,Level=0,Desc=Anonymous Named Pipe Detected</Data><Data Name='EventType'>CreatePipe</Data><Data Name='UtcTime'>2024-01-06 00:49:23.501</Data><Data Name='ProcessGuid'>{609d2670-a392-6598-415a-000000000f00}</Data><Data Name='ProcessId'>6392</Data><Data Name='PipeName'>&lt;Anonymous Pipe&gt;</Data><Data Name='Image'>C:\Program Files\Splunk\bin\Python3.exe</Data><Data Name='User'>NT AUTHORITY\SYSTEM</Data></EventData></Event>","2024-01-05T19:49:23.501-05:00",allowed,,,,,,0,6,49,january,23,saturday,2024,0,,"DESKTOP-4BQU2RH",,,,,"DESKTOP-4BQU2RH",,"ms-sysmon-process",,,,,,,,"DESKTOP-4BQU2RH",,,main,1,,,,,,,,"Microsoft Windows",,,,,,,"&lt;Anonymous Pipe&gt;",,,"Python3.exe","{609d2670-a392-6598-415a-000000000f00}",,6392,,"Python3.exe","C:\Program Files\Splunk\bin\Python3.exe",,,"<_='://../////'><><_='--'_='{----}'/><></><></><><",,,,,,,,,,,,,,,,,,,"PipeEvent (Pipe Created)",17,"XmlWinEventLog:Microsoft-Windows-Sysmon/Operational",xmlwineventlog,"DESKTOP-4BQU2RH",,,,,,,,,,,"process
report",,"process
report",,816,793,,,,,,,SYSTEM,,"Microsoft Sysmon","'http://schemas.microsoft.com/win/2004/08/events/event'"
,None,,,,"DESKTOP-4BQU2RH",,,,"Process: Process Termination",Process,,,,,,,,,"Microsoft-Windows-Sysmon/Operational",5,"Process terminated",5,,,,,"'{5770385f-c22a-43e0-bf4c-06f5698ffbd9}'",,,"C:\Program Files\Splunk\bin\splunkd.exe",,,,,0x8000000000000000,4,,,,"'Microsoft-Windows-Sysmon'",0,,,,,,,,"{609d2670-a393-6598-445a-000000000f00}","'3668'",5216,,,,,,457738,,"Attack=None,Technique=None,Tactic=None,DS=Process: Process Termination,Level=0,Desc=Process Termination Events in Program Files Directories",,,"S-1-5-18",,,,,,,,,"'2024-01-06T00:49:23.4742522Z'",None,,,5,None,,"'5444'","2024-01-06T00:49:23.4742522Z","NT AUTHORITY\SYSTEM","'S-1-5-18'","2024-01-06 00:49:23.473",3,"<Event xmlns='http://schemas.microsoft.com/win/2004/08/events/event'><System><Provider Name='Microsoft-Windows-Sysmon' Guid='{5770385f-c22a-43e0-bf4c-06f5698ffbd9}'/><EventID>5</EventID><Version>3</Version><Level>4</Level><Task>5</Task><Opcode>0</Opcode><Keywords>0x8000000000000000</Keywords><TimeCreated SystemTime='2024-01-06T00:49:23.4742522Z'/><EventRecordID>457738</EventRecordID><Correlation/><Execution ProcessID='3668' ThreadID='5444'/><Channel>Microsoft-Windows-Sysmon/Operational</Channel><Computer>DESKTOP-4BQU2RH</Computer><Security UserID='S-1-5-18'/></System><EventData><Data Name='RuleName'>Attack=None,Technique=None,Tactic=None,DS=Process: Process Termination,Level=0,Desc=Process Termination Events in Program Files Directories</Data><Data Name='UtcTime'>2024-01-06 00:49:23.473</Data><Data Name='ProcessGuid'>{609d2670-a393-6598-445a-000000000f00}</Data><Data Name='ProcessId'>5216</Data><Data Name='Image'>C:\Program Files\Splunk\bin\splunkd.exe</Data><Data Name='User'>NT AUTHORITY\SYSTEM</Data></EventData></Event>","2024-01-05T19:49:23.473-05:00",blocked,,,,,,0,6,49,january,23,saturday,2024,0,,"DESKTOP-4BQU2RH",,,,,"DESKTOP-4BQU2RH",,"ms-sysmon-process",,,,,,,,"DESKTOP-4BQU2RH",,,main,1,,,,,,,,"Microsoft Windows",,,,,,,,"C:\Program Files\Splunk\bin\splunkd.exe",,"splunkd.exe","{609d2670-a393-6598-445a-000000000f00}",,5216,,"splunkd.exe","C:\Program Files\Splunk\bin\splunkd.exe",,,"<_='://../////'><><_='--'_='{----}'/><></><></><><",,,,,,,,,,,,,,,,,,,"Process terminated",5,"XmlWinEventLog:Microsoft-Windows-Sysmon/Operational",xmlwineventlog,"DESKTOP-4BQU2RH",,,,,,,,,,,"process
report",,"process
report",,797,774,,,,,,,SYSTEM,,"Microsoft Sysmon","'http://schemas.microsoft.com/win/2004/08/events/event'"
,None,,,,"DESKTOP-4BQU2RH",,,,"Named Pipe: Named Pipe Metadata","Anonymous Named Pipe Detected</Data><Data Name='EventType'>CreatePipe</Data><Data Name='UtcTime'>2024-01-06 00:49:23.390</Data><Data Name='ProcessGuid'>{609d2670-a392-6598-405a-000000000f00}</Data><Data Name='ProcessId'>4168</Data><Data Name='PipeName'>",,,,,,,,,"Microsoft-Windows-Sysmon/Operational",17,"PipeEvent (Pipe Created)",17,CreatePipe,,,,"'{5770385f-c22a-43e0-bf4c-06f5698ffbd9}'",,,"C:\Program Files\Splunk\bin\Python3.exe",,,,,0x8000000000000000,4,,,,"'Microsoft-Windows-Sysmon'",0,,,,,,,"&lt;Anonymous Pipe&gt;","{609d2670-a392-6598-405a-000000000f00}","'3668'",4168,,,,,,457737,,"Attack=None,Technique=None,Tactic=None,DS=Named Pipe: Named Pipe Metadata,Level=0,Desc=Anonymous Named Pipe Detected",,,"S-1-5-18",,,,,,,,,"'2024-01-06T00:49:23.3923202Z'",None,,,17,None,,"'5444'","2024-01-06T00:49:23.3923202Z","NT AUTHORITY\SYSTEM","'S-1-5-18'","2024-01-06 00:49:23.390",1,"<Event xmlns='http://schemas.microsoft.com/win/2004/08/events/event'><System><Provider Name='Microsoft-Windows-Sysmon' Guid='{5770385f-c22a-43e0-bf4c-06f5698ffbd9}'/><EventID>17</EventID><Version>1</Version><Level>4</Level><Task>17</Task><Opcode>0</Opcode><Keywords>0x8000000000000000</Keywords><TimeCreated SystemTime='2024-01-06T00:49:23.3923202Z'/><EventRecordID>457737</EventRecordID><Correlation/><Execution ProcessID='3668' ThreadID='5444'/><Channel>Microsoft-Windows-Sysmon/Operational</Channel><Computer>DESKTOP-4BQU2RH</Computer><Security UserID='S-1-5-18'/></System><EventData><Data Name='RuleName'>Attack=None,Technique=None,Tactic=None,DS=Named Pipe: Named Pipe Metadata,Level=0,Desc=Anonymous Named Pipe Detected</Data><Data Name='EventType'>CreatePipe</Data><Data Name='UtcTime'>2024-01-06 00:49:23.390</Data><Data Name='ProcessGuid'>{609d2670-a392-6598-405a-000000000f00}</Data><Data Name='ProcessId'>4168</Data><Data Name='PipeName'>&lt;Anonymous Pipe&gt;</Data><Data Name='Image'>C:\Program Files\Splunk\bin\Python3.exe</Data><Data Name='User'>NT AUTHORITY\SYSTEM</Data></EventData></Event>","2024-01-05T19:49:23.390-05:00",allowed,,,,,,0,6,49,january,23,saturday,2024,0,,"DESKTOP-4BQU2RH",,,,,"DESKTOP-4BQU2RH",,"ms-sysmon-process",,,,,,,,"DESKTOP-4BQU2RH",,,main,1,,,,,,,,"Microsoft Windows",,,,,,,"&lt;Anonymous Pipe&gt;",,,"Python3.exe","{609d2670-a392-6598-405a-000000000f00}",,4168,,"Python3.exe","C:\Program Files\Splunk\bin\Python3.exe",,,"<_='://../////'><><_='--'_='{----}'/><></><></><><",,,,,,,,,,,,,,,,,,,"PipeEvent (Pipe Created)",17,"XmlWinEventLog:Microsoft-Windows-Sysmon/Operational",xmlwineventlog,"DESKTOP-4BQU2RH",,,,,,,,,,,"process
report",,"process
report",,816,793,,,,,,,SYSTEM,,"Microsoft Sysmon","'http://schemas.microsoft.com/win/2004/08/events/event'"
,None,,,,"DESKTOP-4BQU2RH",,,,"Named Pipe: Named Pipe Metadata","Anonymous Named Pipe Detected</Data><Data Name='EventType'>CreatePipe</Data><Data Name='UtcTime'>2024-01-06 00:49:23.390</Data><Data Name='ProcessGuid'>{609d2670-a392-6598-405a-000000000f00}</Data><Data Name='ProcessId'>4168</Data><Data Name='PipeName'>",,,,,,,,,"Microsoft-Windows-Sysmon/Operational",17,"PipeEvent (Pipe Created)",17,CreatePipe,,,,"'{5770385f-c22a-43e0-bf4c-06f5698ffbd9}'",,,"C:\Program Files\Splunk\bin\Python3.exe",,,,,0x8000000000000000,4,,,,"'Microsoft-Windows-Sysmon'",0,,,,,,,"&lt;Anonymous Pipe&gt;","{609d2670-a392-6598-405a-000000000f00}","'3668'",4168,,,,,,457736,,"Attack=None,Technique=None,Tactic=None,DS=Named Pipe: Named Pipe Metadata,Level=0,Desc=Anonymous Named Pipe Detected",,,"S-1-5-18",,,,,,,,,"'2024-01-06T00:49:23.3922706Z'",None,,,17,None,,"'5444'","2024-01-06T00:49:23.3922706Z","NT AUTHORITY\SYSTEM","'S-1-5-18'","2024-01-06 00:49:23.390",1,"<Event xmlns='http://schemas.microsoft.com/win/2004/08/events/event'><System><Provider Name='Microsoft-Windows-Sysmon' Guid='{5770385f-c22a-43e0-bf4c-06f5698ffbd9}'/><EventID>17</EventID><Version>1</Version><Level>4</Level><Task>17</Task><Opcode>0</Opcode><Keywords>0x8000000000000000</Keywords><TimeCreated SystemTime='2024-01-06T00:49:23.3922706Z'/><EventRecordID>457736</EventRecordID><Correlation/><Execution ProcessID='3668' ThreadID='5444'/><Channel>Microsoft-Windows-Sysmon/Operational</Channel><Computer>DESKTOP-4BQU2RH</Computer><Security UserID='S-1-5-18'/></System><EventData><Data Name='RuleName'>Attack=None,Technique=None,Tactic=None,DS=Named Pipe: Named Pipe Metadata,Level=0,Desc=Anonymous Named Pipe Detected</Data><Data Name='EventType'>CreatePipe</Data><Data Name='UtcTime'>2024-01-06 00:49:23.390</Data><Data Name='ProcessGuid'>{609d2670-a392-6598-405a-000000000f00}</Data><Data Name='ProcessId'>4168</Data><Data Name='PipeName'>&lt;Anonymous Pipe&gt;</Data><Data Name='Image'>C:\Program Files\Splunk\bin\Python3.exe</Data><Data Name='User'>NT AUTHORITY\SYSTEM</Data></EventData></Event>","2024-01-05T19:49:23.390-05:00",allowed,,,,,,0,6,49,january,23,saturday,2024,0,,"DESKTOP-4BQU2RH",,,,,"DESKTOP-4BQU2RH",,"ms-sysmon-process",,,,,,,,"DESKTOP-4BQU2RH",,,main,1,,,,,,,,"Microsoft Windows",,,,,,,"&lt;Anonymous Pipe&gt;",,,"Python3.exe","{609d2670-a392-6598-405a-000000000f00}",,4168,,"Python3.exe","C:\Program Files\Splunk\bin\Python3.exe",,,"<_='://../////'><><_='--'_='{----}'/><></><></><><",,,,,,,,,,,,,,,,,,,"PipeEvent (Pipe Created)",17,"XmlWinEventLog:Microsoft-Windows-Sysmon/Operational",xmlwineventlog,"DESKTOP-4BQU2RH",,,,,,,,,,,"process
report",,"process
report",,816,793,,,,,,,SYSTEM,,"Microsoft Sysmon","'http://schemas.microsoft.com/win/2004/08/events/event'"
,None,,,,"DESKTOP-4BQU2RH",,,,"Named Pipe: Named Pipe Metadata","Anonymous Named Pipe Detected</Data><Data Name='EventType'>CreatePipe</Data><Data Name='UtcTime'>2024-01-06 00:49:23.358</Data><Data Name='ProcessGuid'>{609d2670-a392-6598-3f5a-000000000f00}</Data><Data Name='ProcessId'>9060</Data><Data Name='PipeName'>",,,,,,,,,"Microsoft-Windows-Sysmon/Operational",17,"PipeEvent (Pipe Created)",17,CreatePipe,,,,"'{5770385f-c22a-43e0-bf4c-06f5698ffbd9}'",,,"C:\Program Files\Splunk\bin\Python3.exe",,,,,0x8000000000000000,4,,,,"'Microsoft-Windows-Sysmon'",0,,,,,,,"&lt;Anonymous Pipe&gt;","{609d2670-a392-6598-3f5a-000000000f00}","'3668'",9060,,,,,,457735,,"Attack=None,Technique=None,Tactic=None,DS=Named Pipe: Named Pipe Metadata,Level=0,Desc=Anonymous Named Pipe Detected",,,"S-1-5-18",,,,,,,,,"'2024-01-06T00:49:23.3589658Z'",None,,,17,None,,"'5444'","2024-01-06T00:49:23.3589658Z","NT AUTHORITY\SYSTEM","'S-1-5-18'","2024-01-06 00:49:23.358",1,"<Event xmlns='http://schemas.microsoft.com/win/2004/08/events/event'><System><Provider Name='Microsoft-Windows-Sysmon' Guid='{5770385f-c22a-43e0-bf4c-06f5698ffbd9}'/><EventID>17</EventID><Version>1</Version><Level>4</Level><Task>17</Task><Opcode>0</Opcode><Keywords>0x8000000000000000</Keywords><TimeCreated SystemTime='2024-01-06T00:49:23.3589658Z'/><EventRecordID>457735</EventRecordID><Correlation/><Execution ProcessID='3668' ThreadID='5444'/><Channel>Microsoft-Windows-Sysmon/Operational</Channel><Computer>DESKTOP-4BQU2RH</Computer><Security UserID='S-1-5-18'/></System><EventData><Data Name='RuleName'>Attack=None,Technique=None,Tactic=None,DS=Named Pipe: Named Pipe Metadata,Level=0,Desc=Anonymous Named Pipe Detected</Data><Data Name='EventType'>CreatePipe</Data><Data Name='UtcTime'>2024-01-06 00:49:23.358</Data><Data Name='ProcessGuid'>{609d2670-a392-6598-3f5a-000000000f00}</Data><Data Name='ProcessId'>9060</Data><Data Name='PipeName'>&lt;Anonymous Pipe&gt;</Data><Data Name='Image'>C:\Program Files\Splunk\bin\Python3.exe</Data><Data Name='User'>NT AUTHORITY\SYSTEM</Data></EventData></Event>","2024-01-05T19:49:23.358-05:00",allowed,,,,,,0,6,49,january,23,saturday,2024,0,,"DESKTOP-4BQU2RH",,,,,"DESKTOP-4BQU2RH",,"ms-sysmon-process",,,,,,,,"DESKTOP-4BQU2RH",,,main,1,,,,,,,,"Microsoft Windows",,,,,,,"&lt;Anonymous Pipe&gt;",,,"Python3.exe","{609d2670-a392-6598-3f5a-000000000f00}",,9060,,"Python3.exe","C:\Program Files\Splunk\bin\Python3.exe",,,"<_='://../////'><><_='--'_='{----}'/><></><></><><",,,,,,,,,,,,,,,,,,,"PipeEvent (Pipe Created)",17,"XmlWinEventLog:Microsoft-Windows-Sysmon/Operational",xmlwineventlog,"DESKTOP-4BQU2RH",,,,,,,,,,,"process
report",,"process
report",,816,793,,,,,,,SYSTEM,,"Microsoft Sysmon","'http://schemas.microsoft.com/win/2004/08/events/event'"
,None,,,,"DESKTOP-4BQU2RH",,,,"Named Pipe: Named Pipe Metadata","Anonymous Named Pipe Detected</Data><Data Name='EventType'>CreatePipe</Data><Data Name='UtcTime'>2024-01-06 00:49:23.358</Data><Data Name='ProcessGuid'>{609d2670-a392-6598-3f5a-000000000f00}</Data><Data Name='ProcessId'>9060</Data><Data Name='PipeName'>",,,,,,,,,"Microsoft-Windows-Sysmon/Operational",17,"PipeEvent (Pipe Created)",17,CreatePipe,,,,"'{5770385f-c22a-43e0-bf4c-06f5698ffbd9}'",,,"C:\Program Files\Splunk\bin\Python3.exe",,,,,0x8000000000000000,4,,,,"'Microsoft-Windows-Sysmon'",0,,,,,,,"&lt;Anonymous Pipe&gt;","{609d2670-a392-6598-3f5a-000000000f00}","'3668'",9060,,,,,,457734,,"Attack=None,Technique=None,Tactic=None,DS=Named Pipe: Named Pipe Metadata,Level=0,Desc=Anonymous Named Pipe Detected",,,"S-1-5-18",,,,,,,,,"'2024-01-06T00:49:23.3588286Z'",None,,,17,None,,"'5444'","2024-01-06T00:49:23.3588286Z","NT AUTHORITY\SYSTEM","'S-1-5-18'","2024-01-06 00:49:23.358",1,"<Event xmlns='http://schemas.microsoft.com/win/2004/08/events/event'><System><Provider Name='Microsoft-Windows-Sysmon' Guid='{5770385f-c22a-43e0-bf4c-06f5698ffbd9}'/><EventID>17</EventID><Version>1</Version><Level>4</Level><Task>17</Task><Opcode>0</Opcode><Keywords>0x8000000000000000</Keywords><TimeCreated SystemTime='2024-01-06T00:49:23.3588286Z'/><EventRecordID>457734</EventRecordID><Correlation/><Execution ProcessID='3668' ThreadID='5444'/><Channel>Microsoft-Windows-Sysmon/Operational</Channel><Computer>DESKTOP-4BQU2RH</Computer><Security UserID='S-1-5-18'/></System><EventData><Data Name='RuleName'>Attack=None,Technique=None,Tactic=None,DS=Named Pipe: Named Pipe Metadata,Level=0,Desc=Anonymous Named Pipe Detected</Data><Data Name='EventType'>CreatePipe</Data><Data Name='UtcTime'>2024-01-06 00:49:23.358</Data><Data Name='ProcessGuid'>{609d2670-a392-6598-3f5a-000000000f00}</Data><Data Name='ProcessId'>9060</Data><Data Name='PipeName'>&lt;Anonymous Pipe&gt;</Data><Data Name='Image'>C:\Program Files\Splunk\bin\Python3.exe</Data><Data Name='User'>NT AUTHORITY\SYSTEM</Data></EventData></Event>","2024-01-05T19:49:23.358-05:00",allowed,,,,,,0,6,49,january,23,saturday,2024,0,,"DESKTOP-4BQU2RH",,,,,"DESKTOP-4BQU2RH",,"ms-sysmon-process",,,,,,,,"DESKTOP-4BQU2RH",,,main,1,,,,,,,,"Microsoft Windows",,,,,,,"&lt;Anonymous Pipe&gt;",,,"Python3.exe","{609d2670-a392-6598-3f5a-000000000f00}",,9060,,"Python3.exe","C:\Program Files\Splunk\bin\Python3.exe",,,"<_='://../////'><><_='--'_='{----}'/><></><></><><",,,,,,,,,,,,,,,,,,,"PipeEvent (Pipe Created)",17,"XmlWinEventLog:Microsoft-Windows-Sysmon/Operational",xmlwineventlog,"DESKTOP-4BQU2RH",,,,,,,,,,,"process
report",,"process
report",,816,793,,,,,,,SYSTEM,,"Microsoft Sysmon","'http://schemas.microsoft.com/win/2004/08/events/event'"
,None,,,,"DESKTOP-4BQU2RH",,,,"Process: Process Termination",Process,,,,,,,,,"Microsoft-Windows-Sysmon/Operational",5,"Process terminated",5,,,,,"'{5770385f-c22a-43e0-bf4c-06f5698ffbd9}'",,,"C:\Program Files\Splunk\bin\splunkd.exe",,,,,0x8000000000000000,4,,,,"'Microsoft-Windows-Sysmon'",0,,,,,,,,"{609d2670-a393-6598-435a-000000000f00}","'3668'",5020,,,,,,457733,,"Attack=None,Technique=None,Tactic=None,DS=Process: Process Termination,Level=0,Desc=Process Termination Events in Program Files Directories",,,"S-1-5-18",,,,,,,,,"'2024-01-06T00:49:23.3446288Z'",None,,,5,None,,"'5444'","2024-01-06T00:49:23.3446288Z","NT AUTHORITY\SYSTEM","'S-1-5-18'","2024-01-06 00:49:23.343",3,"<Event xmlns='http://schemas.microsoft.com/win/2004/08/events/event'><System><Provider Name='Microsoft-Windows-Sysmon' Guid='{5770385f-c22a-43e0-bf4c-06f5698ffbd9}'/><EventID>5</EventID><Version>3</Version><Level>4</Level><Task>5</Task><Opcode>0</Opcode><Keywords>0x8000000000000000</Keywords><TimeCreated SystemTime='2024-01-06T00:49:23.3446288Z'/><EventRecordID>457733</EventRecordID><Correlation/><Execution ProcessID='3668' ThreadID='5444'/><Channel>Microsoft-Windows-Sysmon/Operational</Channel><Computer>DESKTOP-4BQU2RH</Computer><Security UserID='S-1-5-18'/></System><EventData><Data Name='RuleName'>Attack=None,Technique=None,Tactic=None,DS=Process: Process Termination,Level=0,Desc=Process Termination Events in Program Files Directories</Data><Data Name='UtcTime'>2024-01-06 00:49:23.343</Data><Data Name='ProcessGuid'>{609d2670-a393-6598-435a-000000000f00}</Data><Data Name='ProcessId'>5020</Data><Data Name='Image'>C:\Program Files\Splunk\bin\splunkd.exe</Data><Data Name='User'>NT AUTHORITY\SYSTEM</Data></EventData></Event>","2024-01-05T19:49:23.343-05:00",blocked,,,,,,0,6,49,january,23,saturday,2024,0,,"DESKTOP-4BQU2RH",,,,,"DESKTOP-4BQU2RH",,"ms-sysmon-process",,,,,,,,"DESKTOP-4BQU2RH",,,main,1,,,,,,,,"Microsoft Windows",,,,,,,,"C:\Program Files\Splunk\bin\splunkd.exe",,"splunkd.exe","{609d2670-a393-6598-435a-000000000f00}",,5020,,"splunkd.exe","C:\Program Files\Splunk\bin\splunkd.exe",,,"<_='://../////'><><_='--'_='{----}'/><></><></><><",,,,,,,,,,,,,,,,,,,"Process terminated",5,"XmlWinEventLog:Microsoft-Windows-Sysmon/Operational",xmlwineventlog,"DESKTOP-4BQU2RH",,,,,,,,,,,"process
report",,"process
report",,797,774,,,,,,,SYSTEM,,"Microsoft Sysmon","'http://schemas.microsoft.com/win/2004/08/events/event'"
,None,,,,"DESKTOP-4BQU2RH",,,,"Named Pipe: Named Pipe Metadata","Anonymous Named Pipe Detected</Data><Data Name='EventType'>CreatePipe</Data><Data Name='UtcTime'>2024-01-06 00:49:23.265</Data><Data Name='ProcessGuid'>{609d2670-a392-6598-415a-000000000f00}</Data><Data Name='ProcessId'>6392</Data><Data Name='PipeName'>",,,,,,,,,"Microsoft-Windows-Sysmon/Operational",17,"PipeEvent (Pipe Created)",17,CreatePipe,,,,"'{5770385f-c22a-43e0-bf4c-06f5698ffbd9}'",,,"C:\Program Files\Splunk\bin\Python3.exe",,,,,0x8000000000000000,4,,,,"'Microsoft-Windows-Sysmon'",0,,,,,,,"&lt;Anonymous Pipe&gt;","{609d2670-a392-6598-415a-000000000f00}","'3668'",6392,,,,,,457732,,"Attack=None,Technique=None,Tactic=None,DS=Named Pipe: Named Pipe Metadata,Level=0,Desc=Anonymous Named Pipe Detected",,,"S-1-5-18",,,,,,,,,"'2024-01-06T00:49:23.2683585Z'",None,,,17,None,,"'5444'","2024-01-06T00:49:23.2683585Z","NT AUTHORITY\SYSTEM","'S-1-5-18'","2024-01-06 00:49:23.265",1,"<Event xmlns='http://schemas.microsoft.com/win/2004/08/events/event'><System><Provider Name='Microsoft-Windows-Sysmon' Guid='{5770385f-c22a-43e0-bf4c-06f5698ffbd9}'/><EventID>17</EventID><Version>1</Version><Level>4</Level><Task>17</Task><Opcode>0</Opcode><Keywords>0x8000000000000000</Keywords><TimeCreated SystemTime='2024-01-06T00:49:23.2683585Z'/><EventRecordID>457732</EventRecordID><Correlation/><Execution ProcessID='3668' ThreadID='5444'/><Channel>Microsoft-Windows-Sysmon/Operational</Channel><Computer>DESKTOP-4BQU2RH</Computer><Security UserID='S-1-5-18'/></System><EventData><Data Name='RuleName'>Attack=None,Technique=None,Tactic=None,DS=Named Pipe: Named Pipe Metadata,Level=0,Desc=Anonymous Named Pipe Detected</Data><Data Name='EventType'>CreatePipe</Data><Data Name='UtcTime'>2024-01-06 00:49:23.265</Data><Data Name='ProcessGuid'>{609d2670-a392-6598-415a-000000000f00}</Data><Data Name='ProcessId'>6392</Data><Data Name='PipeName'>&lt;Anonymous Pipe&gt;</Data><Data Name='Image'>C:\Program Files\Splunk\bin\Python3.exe</Data><Data Name='User'>NT AUTHORITY\SYSTEM</Data></EventData></Event>","2024-01-05T19:49:23.265-05:00",allowed,,,,,,0,6,49,january,23,saturday,2024,0,,"DESKTOP-4BQU2RH",,,,,"DESKTOP-4BQU2RH",,"ms-sysmon-process",,,,,,,,"DESKTOP-4BQU2RH",,,main,1,,,,,,,,"Microsoft Windows",,,,,,,"&lt;Anonymous Pipe&gt;",,,"Python3.exe","{609d2670-a392-6598-415a-000000000f00}",,6392,,"Python3.exe","C:\Program Files\Splunk\bin\Python3.exe",,,"<_='://../////'><><_='--'_='{----}'/><></><></><><",,,,,,,,,,,,,,,,,,,"PipeEvent (Pipe Created)",17,"XmlWinEventLog:Microsoft-Windows-Sysmon/Operational",xmlwineventlog,"DESKTOP-4BQU2RH",,,,,,,,,,,"process
report",,"process
report",,816,793,,,,,,,SYSTEM,,"Microsoft Sysmon","'http://schemas.microsoft.com/win/2004/08/events/event'"
,None,,,,"DESKTOP-4BQU2RH",,,,"Process: Process Termination",Process,,,,,,,,,"Microsoft-Windows-Sysmon/Operational",5,"Process terminated",5,,,,,"'{5770385f-c22a-43e0-bf4c-06f5698ffbd9}'",,,"C:\Program Files\Splunk\bin\splunkd.exe",,,,,0x8000000000000000,4,,,,"'Microsoft-Windows-Sysmon'",0,,,,,,,,"{609d2670-a392-6598-425a-000000000f00}","'3668'",4496,,,,,,457731,,"Attack=None,Technique=None,Tactic=None,DS=Process: Process Termination,Level=0,Desc=Process Termination Events in Program Files Directories",,,"S-1-5-18",,,,,,,,,"'2024-01-06T00:49:23.2683180Z'",None,,,5,None,,"'5444'","2024-01-06T00:49:23.2683180Z","NT AUTHORITY\SYSTEM","'S-1-5-18'","2024-01-06 00:49:23.253",3,"<Event xmlns='http://schemas.microsoft.com/win/2004/08/events/event'><System><Provider Name='Microsoft-Windows-Sysmon' Guid='{5770385f-c22a-43e0-bf4c-06f5698ffbd9}'/><EventID>5</EventID><Version>3</Version><Level>4</Level><Task>5</Task><Opcode>0</Opcode><Keywords>0x8000000000000000</Keywords><TimeCreated SystemTime='2024-01-06T00:49:23.2683180Z'/><EventRecordID>457731</EventRecordID><Correlation/><Execution ProcessID='3668' ThreadID='5444'/><Channel>Microsoft-Windows-Sysmon/Operational</Channel><Computer>DESKTOP-4BQU2RH</Computer><Security UserID='S-1-5-18'/></System><EventData><Data Name='RuleName'>Attack=None,Technique=None,Tactic=None,DS=Process: Process Termination,Level=0,Desc=Process Termination Events in Program Files Directories</Data><Data Name='UtcTime'>2024-01-06 00:49:23.253</Data><Data Name='ProcessGuid'>{609d2670-a392-6598-425a-000000000f00}</Data><Data Name='ProcessId'>4496</Data><Data Name='Image'>C:\Program Files\Splunk\bin\splunkd.exe</Data><Data Name='User'>NT AUTHORITY\SYSTEM</Data></EventData></Event>","2024-01-05T19:49:23.253-05:00",blocked,,,,,,0,6,49,january,23,saturday,2024,0,,"DESKTOP-4BQU2RH",,,,,"DESKTOP-4BQU2RH",,"ms-sysmon-process",,,,,,,,"DESKTOP-4BQU2RH",,,main,1,,,,,,,,"Microsoft Windows",,,,,,,,"C:\Program Files\Splunk\bin\splunkd.exe",,"splunkd.exe","{609d2670-a392-6598-425a-000000000f00}",,4496,,"splunkd.exe","C:\Program Files\Splunk\bin\splunkd.exe",,,"<_='://../////'><><_='--'_='{----}'/><></><></><><",,,,,,,,,,,,,,,,,,,"Process terminated",5,"XmlWinEventLog:Microsoft-Windows-Sysmon/Operational",xmlwineventlog,"DESKTOP-4BQU2RH",,,,,,,,,,,"process
report",,"process
report",,797,774,,,,,,,SYSTEM,,"Microsoft Sysmon","'http://schemas.microsoft.com/win/2004/08/events/event'"
,None,,,,"DESKTOP-4BQU2RH",,,,"Named Pipe: Named Pipe Metadata","Anonymous Named Pipe Detected</Data><Data Name='EventType'>CreatePipe</Data><Data Name='UtcTime'>2024-01-06 00:49:23.046</Data><Data Name='ProcessGuid'>{609d2670-a392-6598-405a-000000000f00}</Data><Data Name='ProcessId'>4168</Data><Data Name='PipeName'>",,,,,,,,,"Microsoft-Windows-Sysmon/Operational",17,"PipeEvent (Pipe Created)",17,CreatePipe,,,,"'{5770385f-c22a-43e0-bf4c-06f5698ffbd9}'",,,"C:\Program Files\Splunk\bin\Python3.exe",,,,,0x8000000000000000,4,,,,"'Microsoft-Windows-Sysmon'",0,,,,,,,"&lt;Anonymous Pipe&gt;","{609d2670-a392-6598-405a-000000000f00}","'3668'",4168,,,,,,457730,,"Attack=None,Technique=None,Tactic=None,DS=Named Pipe: Named Pipe Metadata,Level=0,Desc=Anonymous Named Pipe Detected",,,"S-1-5-18",,,,,,,,,"'2024-01-06T00:49:23.0932257Z'",None,,,17,None,,"'5444'","2024-01-06T00:49:23.0932257Z","NT AUTHORITY\SYSTEM","'S-1-5-18'","2024-01-06 00:49:23.046",1,"<Event xmlns='http://schemas.microsoft.com/win/2004/08/events/event'><System><Provider Name='Microsoft-Windows-Sysmon' Guid='{5770385f-c22a-43e0-bf4c-06f5698ffbd9}'/><EventID>17</EventID><Version>1</Version><Level>4</Level><Task>17</Task><Opcode>0</Opcode><Keywords>0x8000000000000000</Keywords><TimeCreated SystemTime='2024-01-06T00:49:23.0932257Z'/><EventRecordID>457730</EventRecordID><Correlation/><Execution ProcessID='3668' ThreadID='5444'/><Channel>Microsoft-Windows-Sysmon/Operational</Channel><Computer>DESKTOP-4BQU2RH</Computer><Security UserID='S-1-5-18'/></System><EventData><Data Name='RuleName'>Attack=None,Technique=None,Tactic=None,DS=Named Pipe: Named Pipe Metadata,Level=0,Desc=Anonymous Named Pipe Detected</Data><Data Name='EventType'>CreatePipe</Data><Data Name='UtcTime'>2024-01-06 00:49:23.046</Data><Data Name='ProcessGuid'>{609d2670-a392-6598-405a-000000000f00}</Data><Data Name='ProcessId'>4168</Data><Data Name='PipeName'>&lt;Anonymous Pipe&gt;</Data><Data Name='Image'>C:\Program Files\Splunk\bin\Python3.exe</Data><Data Name='User'>NT AUTHORITY\SYSTEM</Data></EventData></Event>","2024-01-05T19:49:23.046-05:00",allowed,,,,,,0,6,49,january,23,saturday,2024,0,,"DESKTOP-4BQU2RH",,,,,"DESKTOP-4BQU2RH",,"ms-sysmon-process",,,,,,,,"DESKTOP-4BQU2RH",,,main,1,,,,,,,,"Microsoft Windows",,,,,,,"&lt;Anonymous Pipe&gt;",,,"Python3.exe","{609d2670-a392-6598-405a-000000000f00}",,4168,,"Python3.exe","C:\Program Files\Splunk\bin\Python3.exe",,,"<_='://../////'><><_='--'_='{----}'/><></><></><><",,,,,,,,,,,,,,,,,,,"PipeEvent (Pipe Created)",17,"XmlWinEventLog:Microsoft-Windows-Sysmon/Operational",xmlwineventlog,"DESKTOP-4BQU2RH",,,,,,,,,,,"process
report",,"process
report",,816,793,,,,,,,SYSTEM,,"Microsoft Sysmon","'http://schemas.microsoft.com/win/2004/08/events/event'"
,None,,,,"DESKTOP-4BQU2RH",,,,"Named Pipe: Named Pipe Metadata","Anonymous Named Pipe Detected</Data><Data Name='EventType'>CreatePipe</Data><Data Name='UtcTime'>2024-01-06 00:49:22.944</Data><Data Name='ProcessGuid'>{609d2670-a392-6598-3f5a-000000000f00}</Data><Data Name='ProcessId'>9060</Data><Data Name='PipeName'>",,,,,,,,,"Microsoft-Windows-Sysmon/Operational",17,"PipeEvent (Pipe Created)",17,CreatePipe,,,,"'{5770385f-c22a-43e0-bf4c-06f5698ffbd9}'",,,"C:\Program Files\Splunk\bin\Python3.exe",,,,,0x8000000000000000,4,,,,"'Microsoft-Windows-Sysmon'",0,,,,,,,"&lt;Anonymous Pipe&gt;","{609d2670-a392-6598-3f5a-000000000f00}","'3668'",9060,,,,,,457729,,"Attack=None,Technique=None,Tactic=None,DS=Named Pipe: Named Pipe Metadata,Level=0,Desc=Anonymous Named Pipe Detected",,,"S-1-5-18",,,,,,,,,"'2024-01-06T00:49:22.9476605Z'",None,,,17,None,,"'5444'","2024-01-06T00:49:22.9476605Z","NT AUTHORITY\SYSTEM","'S-1-5-18'","2024-01-06 00:49:22.944",1,"<Event xmlns='http://schemas.microsoft.com/win/2004/08/events/event'><System><Provider Name='Microsoft-Windows-Sysmon' Guid='{5770385f-c22a-43e0-bf4c-06f5698ffbd9}'/><EventID>17</EventID><Version>1</Version><Level>4</Level><Task>17</Task><Opcode>0</Opcode><Keywords>0x8000000000000000</Keywords><TimeCreated SystemTime='2024-01-06T00:49:22.9476605Z'/><EventRecordID>457729</EventRecordID><Correlation/><Execution ProcessID='3668' ThreadID='5444'/><Channel>Microsoft-Windows-Sysmon/Operational</Channel><Computer>DESKTOP-4BQU2RH</Computer><Security UserID='S-1-5-18'/></System><EventData><Data Name='RuleName'>Attack=None,Technique=None,Tactic=None,DS=Named Pipe: Named Pipe Metadata,Level=0,Desc=Anonymous Named Pipe Detected</Data><Data Name='EventType'>CreatePipe</Data><Data Name='UtcTime'>2024-01-06 00:49:22.944</Data><Data Name='ProcessGuid'>{609d2670-a392-6598-3f5a-000000000f00}</Data><Data Name='ProcessId'>9060</Data><Data Name='PipeName'>&lt;Anonymous Pipe&gt;</Data><Data Name='Image'>C:\Program Files\Splunk\bin\Python3.exe</Data><Data Name='User'>NT AUTHORITY\SYSTEM</Data></EventData></Event>","2024-01-05T19:49:22.944-05:00",allowed,,,,,,0,6,49,january,22,saturday,2024,0,,"DESKTOP-4BQU2RH",,,,,"DESKTOP-4BQU2RH",,"ms-sysmon-process",,,,,,,,"DESKTOP-4BQU2RH",,,main,1,,,,,,,,"Microsoft Windows",,,,,,,"&lt;Anonymous Pipe&gt;",,,"Python3.exe","{609d2670-a392-6598-3f5a-000000000f00}",,9060,,"Python3.exe","C:\Program Files\Splunk\bin\Python3.exe",,,"<_='://../////'><><_='--'_='{----}'/><></><></><><",,,,,,,,,,,,,,,,,,,"PipeEvent (Pipe Created)",17,"XmlWinEventLog:Microsoft-Windows-Sysmon/Operational",xmlwineventlog,"DESKTOP-4BQU2RH",,,,,,,,,,,"process
report",,"process
report",,816,793,,,,,,,SYSTEM,,"Microsoft Sysmon","'http://schemas.microsoft.com/win/2004/08/events/event'"
,"T1059.006",,,"Python Software Foundation","DESKTOP-4BQU2RH",,,,"Module: Module Load","Python DLL Loaded","Python Core",,,,,,,,"Microsoft-Windows-Sysmon/Operational",7,"Image loaded",7,,"3.7.17",,,"'{5770385f-c22a-43e0-bf4c-06f5698ffbd9}'","SHA1=C3BB07C2CCFD2C0C47ABBD7EF44186D97494D720,MD5=BDC1E336C69D3D958F4271D3A20B3A56,SHA256=A37ED072F9FFAA303C828D28987F6A90FDA0CF3BF106D082F342BD209A6F56E0,IMPHASH=E18F15AFCBAA190174BF6FA2B6795039",E18F15AFCBAA190174BF6FA2B6795039,"C:\Program Files\Splunk\bin\python3.exe","C:\Program Files\Splunk\bin\python37.dll",,,,0x8000000000000000,4,,,BDC1E336C69D3D958F4271D3A20B3A56,"'Microsoft-Windows-Sysmon'",0,"python37.dll",,,,,,,"{609d2670-a392-6598-415a-000000000f00}","'3668'",6392,Python,,,,,457728,"30</Data><Data Name='UtcTime'>2024-01-06","Attack=T1059.006,Technique=Command and Scripting Interpreter: Python,Tactic=Execution,DS=Module: Module Load,Level=2,Desc=Python DLL Loaded,Risk=30",C3BB07C2CCFD2C0C47ABBD7EF44186D97494D720,A37ED072F9FFAA303C828D28987F6A90FDA0CF3BF106D082F342BD209A6F56E0,"S-1-5-18","Splunk Inc.",Valid,true,,,,,,"'2024-01-06T00:49:22.7661560Z'",Execution,,,7,"Command and Scripting Interpreter: Python",,"'5444'","2024-01-06T00:49:22.7661560Z","NT AUTHORITY\SYSTEM","'S-1-5-18'","2024-01-06 00:49:22.757",3,"<Event xmlns='http://schemas.microsoft.com/win/2004/08/events/event'><System><Provider Name='Microsoft-Windows-Sysmon' Guid='{5770385f-c22a-43e0-bf4c-06f5698ffbd9}'/><EventID>7</EventID><Version>3</Version><Level>4</Level><Task>7</Task><Opcode>0</Opcode><Keywords>0x8000000000000000</Keywords><TimeCreated SystemTime='2024-01-06T00:49:22.7661560Z'/><EventRecordID>457728</EventRecordID><Correlation/><Execution ProcessID='3668' ThreadID='5444'/><Channel>Microsoft-Windows-Sysmon/Operational</Channel><Computer>DESKTOP-4BQU2RH</Computer><Security UserID='S-1-5-18'/></System><EventData><Data Name='RuleName'>Attack=T1059.006,Technique=Command and Scripting Interpreter: Python,Tactic=Execution,DS=Module: Module Load,Level=2,Desc=Python DLL Loaded,Risk=30</Data><Data Name='UtcTime'>2024-01-06 00:49:22.757</Data><Data Name='ProcessGuid'>{609d2670-a392-6598-415a-000000000f00}</Data><Data Name='ProcessId'>6392</Data><Data Name='Image'>C:\Program Files\Splunk\bin\python3.exe</Data><Data Name='ImageLoaded'>C:\Program Files\Splunk\bin\python37.dll</Data><Data Name='FileVersion'>3.7.17</Data><Data Name='Description'>Python Core</Data><Data Name='Product'>Python</Data><Data Name='Company'>Python Software Foundation</Data><Data Name='OriginalFileName'>python37.dll</Data><Data Name='Hashes'>SHA1=C3BB07C2CCFD2C0C47ABBD7EF44186D97494D720,MD5=BDC1E336C69D3D958F4271D3A20B3A56,SHA256=A37ED072F9FFAA303C828D28987F6A90FDA0CF3BF106D082F342BD209A6F56E0,IMPHASH=E18F15AFCBAA190174BF6FA2B6795039</Data><Data Name='Signed'>true</Data><Data Name='Signature'>Splunk Inc.</Data><Data Name='SignatureStatus'>Valid</Data><Data Name='User'>NT AUTHORITY\SYSTEM</Data></EventData></Event>","2024-